****************************************
Report : Averaged Power
	-cell_power
	-sort_by cell_internal_power
	-nosplit
	-area
Design : Rocket/bpu (BreakpointUnit)
Version: T-2022.03-SP3
Date   : Tue May 20 12:22:44 2025
****************************************



  Attributes
  ----------
      a  -  Annotated internal | leakage | switching power 
      b  -  Black-box (unresolved) cell
      c  -  Clock pin internal power only
      d  -  Does not include clock pin internal power
      h  -  Hierarchical cell

                        Lib Cell                      Internal  Switching Leakage   Total
Cell                    Name                          Power     Power     Power     Power    (     %)      Area   Attrs
------------------------------------------------------------------------------------------------------------------------
_1040_                  XOR2_X1                       1.123e-06 2.062e-07 2.479e-08 1.354e-06 ( 0.90%)     1.5960 
_1048_                  XOR2_X1                       8.603e-07 1.579e-07 2.489e-08 1.043e-06 ( 0.69%)     1.5960 
_1054_                  XOR2_X1                       8.355e-07 1.531e-07 2.485e-08 1.014e-06 ( 0.67%)     1.5960 
_1041_                  AND2_X1                       6.792e-07 3.228e-07 2.484e-08 1.027e-06 ( 0.68%)     1.0640 
_0898_                  AND2_X1                       6.458e-07 3.228e-07 2.957e-08 9.981e-07 ( 0.66%)     1.0640 
_1046_                  AND2_X1                       5.502e-07 2.598e-07 2.668e-08 8.366e-07 ( 0.56%)     1.0640 
_1044_                  AND2_X1                       5.291e-07 2.598e-07 2.502e-08 8.139e-07 ( 0.54%)     1.0640 
_1049_                  AND2_X1                       5.201e-07 2.472e-07 2.458e-08 7.918e-07 ( 0.53%)     1.0640 
_1001_                  AND2_X1                       5.111e-07 2.426e-07 2.455e-08 7.782e-07 ( 0.52%)     1.0640 
_0854_                  AND2_X1                       5.080e-07 1.581e-07 2.447e-08 6.906e-07 ( 0.46%)     1.0640 
_0974_                  AND2_X1                       5.066e-07 2.399e-07 2.451e-08 7.710e-07 ( 0.51%)     1.0640 
_0777_                  AND2_X1                       5.066e-07 3.943e-07 2.503e-08 9.259e-07 ( 0.62%)     1.0640 
_1007_                  AND2_X1                       5.055e-07 2.393e-07 2.447e-08 7.693e-07 ( 0.51%)     1.0640 
_1055_                  AND2_X1                       5.042e-07 2.396e-07 2.468e-08 7.685e-07 ( 0.51%)     1.0640 
_0790_                  AND2_X1                       5.002e-07 3.895e-07 2.499e-08 9.147e-07 ( 0.61%)     1.0640 
_0882_                  AND2_X1                       4.985e-07 3.944e-07 2.505e-08 9.180e-07 ( 0.61%)     1.0640 
_0875_                  AND2_X1                       4.982e-07 3.033e-07 2.510e-08 8.266e-07 ( 0.55%)     1.0640 
_0955_                  AND2_X1                       4.971e-07 3.927e-07 2.494e-08 9.147e-07 ( 0.61%)     1.0640 
_0848_                  AND2_X1                       4.969e-07 4.071e-07 2.966e-08 9.336e-07 ( 0.62%)     1.0640 
_0931_                  AND2_X1                       4.954e-07 3.068e-07 2.514e-08 8.273e-07 ( 0.55%)     1.0640 
_0911_                  AND2_X1                       4.946e-07 2.472e-07 2.965e-08 7.714e-07 ( 0.51%)     1.0640 
_0775_                  AND2_X1                       4.934e-07 2.492e-07 2.965e-08 7.723e-07 ( 0.51%)     1.0640 
_1043_                  AND2_X1                       4.929e-07 1.534e-07 2.448e-08 6.708e-07 ( 0.45%)     1.0640 
_0806_                  AND2_X1                       4.922e-07 3.835e-07 2.509e-08 9.008e-07 ( 0.60%)     1.0640 
_0945_                  AND2_X1                       4.916e-07 2.998e-07 2.509e-08 8.165e-07 ( 0.54%)     1.0640 
_0874_                  AND2_X1                       4.915e-07 1.533e-07 2.458e-08 6.694e-07 ( 0.45%)     1.0640 
_0817_                  AND2_X1                       4.902e-07 1.527e-07 2.258e-08 6.655e-07 ( 0.44%)     1.0640 
_0865_                  AND2_X1                       4.901e-07 2.469e-07 2.967e-08 7.666e-07 ( 0.51%)     1.0640 
_0850_                  AND2_X1                       4.900e-07 2.475e-07 2.964e-08 7.671e-07 ( 0.51%)     1.0640 
_0989_                  AND2_X1                       4.897e-07 2.456e-07 2.963e-08 7.649e-07 ( 0.51%)     1.0640 
_0953_                  AND2_X1                       4.884e-07 2.467e-07 2.963e-08 7.647e-07 ( 0.51%)     1.0640 
_0961_                  AND2_X1                       4.865e-07 2.458e-07 2.966e-08 7.619e-07 ( 0.51%)     1.0640 
_0929_                  AND2_X1                       4.860e-07 2.448e-07 2.968e-08 7.605e-07 ( 0.51%)     1.0640 
_1057_                  AND2_X1                       4.857e-07 1.512e-07 2.443e-08 6.613e-07 ( 0.44%)     1.0640 
_1009_                  AND2_X1                       4.857e-07 1.562e-07 2.509e-08 6.669e-07 ( 0.44%)     1.0640 
_0838_                  AND2_X1                       4.844e-07 2.440e-07 2.967e-08 7.580e-07 ( 0.50%)     1.0640 
_0878_                  AND2_X1                       4.843e-07 2.439e-07 2.965e-08 7.579e-07 ( 0.50%)     1.0640 
_0773_                  AND2_X1                       4.842e-07 2.445e-07 2.966e-08 7.584e-07 ( 0.50%)     1.0640 
_0845_                  AND2_X1                       4.840e-07 2.953e-07 2.515e-08 8.045e-07 ( 0.54%)     1.0640 
_0801_                  AND2_X1                       4.839e-07 2.944e-07 2.502e-08 8.034e-07 ( 0.53%)     1.0640 
_0824_                  AND2_X1                       4.837e-07 2.443e-07 2.969e-08 7.577e-07 ( 0.50%)     1.0640 
_0786_                  AND2_X1                       4.829e-07 2.439e-07 2.968e-08 7.565e-07 ( 0.50%)     1.0640 
_0998_                  AND2_X1                       4.825e-07 2.432e-07 3.009e-08 7.559e-07 ( 0.50%)     1.0640 
_0965_                  AND2_X1                       4.819e-07 2.282e-07 2.208e-08 7.321e-07 ( 0.49%)     1.0640 
_0802_                  AND2_X1                       4.803e-07 2.426e-07 2.965e-08 7.525e-07 ( 0.50%)     1.0640 
_0957_                  AND2_X1                       4.797e-07 1.495e-07 2.257e-08 6.517e-07 ( 0.43%)     1.0640 
_0835_                  AND2_X1                       4.796e-07 2.416e-07 2.966e-08 7.509e-07 ( 0.50%)     1.0640 
_0837_                  AND2_X1                       4.795e-07 2.909e-07 2.505e-08 7.955e-07 ( 0.53%)     1.0640 
_0991_                  AND2_X1                       4.795e-07 2.423e-07 2.966e-08 7.515e-07 ( 0.50%)     1.0640 
_0816_                  AND2_X1                       4.793e-07 3.081e-07 3.025e-08 8.177e-07 ( 0.54%)     1.0640 
_0976_                  AND2_X1                       4.783e-07 1.537e-07 2.510e-08 6.570e-07 ( 0.44%)     1.0640 
_0984_                  AND2_X1                       4.780e-07 1.485e-07 2.651e-08 6.529e-07 ( 0.43%)     1.0640 
_0820_                  AND2_X1                       4.767e-07 2.407e-07 2.966e-08 7.471e-07 ( 0.50%)     1.0640 
_0909_                  AND2_X1                       4.766e-07 2.401e-07 2.964e-08 7.463e-07 ( 0.50%)     1.0640 
_0938_                  AND2_X1                       4.763e-07 2.405e-07 2.964e-08 7.464e-07 ( 0.50%)     1.0640 
_0880_                  AND2_X1                       4.750e-07 2.399e-07 2.965e-08 7.445e-07 ( 0.50%)     1.0640 
_0804_                  AND2_X1                       4.749e-07 2.392e-07 2.966e-08 7.438e-07 ( 0.49%)     1.0640 
_0795_                  AND2_X1                       4.748e-07 2.392e-07 2.965e-08 7.437e-07 ( 0.49%)     1.0640 
_0940_                  AND2_X1                       4.746e-07 1.502e-07 2.966e-08 6.544e-07 ( 0.44%)     1.0640 
_0833_                  AND2_X1                       4.735e-07 2.391e-07 2.967e-08 7.423e-07 ( 0.49%)     1.0640 
_0982_                  AND2_X1                       4.735e-07 2.389e-07 2.906e-08 7.415e-07 ( 0.49%)     1.0640 
_0813_                  AND2_X1                       4.735e-07 3.043e-07 3.026e-08 8.080e-07 ( 0.54%)     1.0640 
_1003_                  AND2_X1                       4.734e-07 2.312e-07 2.507e-08 7.296e-07 ( 0.49%)     1.0640 
_0927_                  AND2_X1                       4.730e-07 2.382e-07 2.967e-08 7.409e-07 ( 0.49%)     1.0640 
_0872_                  AND2_X1                       4.729e-07 1.508e-07 2.965e-08 6.533e-07 ( 0.43%)     1.0640 
_0951_                  AND2_X1                       4.723e-07 2.385e-07 2.968e-08 7.404e-07 ( 0.49%)     1.0640 
_0963_                  AND2_X1                       4.719e-07 1.452e-07 2.509e-08 6.422e-07 ( 0.43%)     1.0640 
_0788_                  AND2_X1                       4.718e-07 2.382e-07 2.964e-08 7.397e-07 ( 0.49%)     1.0640 
_0893_                  AND2_X1                       4.714e-07 2.375e-07 2.966e-08 7.385e-07 ( 0.49%)     1.0640 
_0886_                  AND2_X1                       4.684e-07 2.366e-07 2.962e-08 7.346e-07 ( 0.49%)     1.0640 
_0794_                  AND2_X1                       4.678e-07 1.480e-07 2.966e-08 6.455e-07 ( 0.43%)     1.0640 
_0996_                  AND2_X1                       4.677e-07 2.360e-07 2.906e-08 7.328e-07 ( 0.49%)     1.0640 
_0842_                  AND2_X1                       4.674e-07 1.491e-07 2.965e-08 6.461e-07 ( 0.43%)     1.0640 
_0860_                  AND2_X1                       4.662e-07 1.550e-07 2.966e-08 6.509e-07 ( 0.43%)     1.0640 
_0855_                  AND2_X1                       4.661e-07 1.437e-07 2.517e-08 6.349e-07 ( 0.42%)     1.0640 
_0972_                  AND2_X1                       4.657e-07 2.315e-07 2.780e-08 7.250e-07 ( 0.48%)     1.0640 
_0993_                  AND2_X1                       4.645e-07 1.492e-07 2.509e-08 6.388e-07 ( 0.43%)     1.0640 
_1005_                  AND2_X1                       4.636e-07 2.303e-07 2.783e-08 7.217e-07 ( 0.48%)     1.0640 
_0869_                  AND2_X1                       4.628e-07 1.533e-07 2.967e-08 6.458e-07 ( 0.43%)     1.0640 
_0843_                  AND2_X1                       4.618e-07 1.529e-07 2.968e-08 6.444e-07 ( 0.43%)     1.0640 
_0943_                  AND2_X1                       4.608e-07 1.469e-07 2.968e-08 6.374e-07 ( 0.42%)     1.0640 
_0985_                  AND2_X1                       4.604e-07 2.290e-07 2.780e-08 7.172e-07 ( 0.48%)     1.0640 
_0800_                  AND2_X1                       4.594e-07 1.528e-07 2.967e-08 6.419e-07 ( 0.43%)     1.0640 
_0913_                  AND2_X1                       4.591e-07 1.474e-07 2.504e-08 6.315e-07 ( 0.42%)     1.0640 
_1053_                  AND2_X1                       4.558e-07 1.454e-07 3.024e-08 6.314e-07 ( 0.42%)     1.0640 
_1058_                  AND2_X1                       4.526e-07 1.454e-07 2.493e-08 6.229e-07 ( 0.41%)     1.0640 
_0964_                  AND2_X1                       4.457e-07 1.458e-07 2.781e-08 6.193e-07 ( 0.41%)     1.0640 
_1010_                  AND2_X1                       3.584e-07 1.139e-07 2.284e-08 4.952e-07 ( 0.33%)     1.0640 
_0859_                  AND2_X1                       3.536e-07 1.054e-07 2.162e-08 4.806e-07 ( 0.32%)     1.0640 
_1051_                  AND2_X1                       3.504e-07 1.092e-07 2.531e-08 4.849e-07 ( 0.32%)     1.0640 
_0861_                  AND2_X1                       3.399e-07 1.104e-07 2.531e-08 4.757e-07 ( 0.32%)     1.0640 
_0858_                  AND2_X1                       3.395e-07 1.103e-07 2.523e-08 4.750e-07 ( 0.32%)     1.0640 
_1345_                  XOR2_X1                       3.354e-07 6.166e-08 2.489e-08 4.220e-07 ( 0.28%)     1.5960 
_1059_                  AND2_X1                       3.260e-07 1.037e-07 2.273e-08 4.525e-07 ( 0.30%)     1.0640 
_1331_                  XOR2_X1                       3.142e-07 5.780e-08 2.502e-08 3.970e-07 ( 0.26%)     1.5960 
_0944_                  XOR2_X1                       2.976e-07 1.571e-07 4.741e-08 5.021e-07 ( 0.33%)     1.5960 
_0799_                  XOR2_X1                       2.933e-07 1.480e-07 4.741e-08 4.887e-07 ( 0.33%)     1.5960 
_0873_                  XOR2_X1                       2.885e-07 1.533e-07 4.739e-08 4.892e-07 ( 0.33%)     1.5960 
_0844_                  XOR2_X1                       2.879e-07 1.529e-07 4.734e-08 4.881e-07 ( 0.32%)     1.5960 
_1337_                  XOR2_X1                       2.746e-07 5.043e-08 2.527e-08 3.503e-07 ( 0.23%)     1.5960 
_0713_                  INV_X1                        2.607e-07 1.972e-07 1.468e-08 4.726e-07 ( 0.31%)     0.5320 
_0899_                  INV_X1                        2.420e-07 2.062e-07 1.468e-08 4.629e-07 ( 0.31%)     0.5320 
_1042_                  INV_X1                        2.418e-07 1.972e-07 1.468e-08 4.537e-07 ( 0.30%)     0.5320 
_0959_                  AND2_X1                       2.357e-07 1.118e-07 2.111e-08 3.686e-07 ( 0.25%)     1.0640 
_0885_                  AND2_X1                       2.343e-07 1.381e-07 2.110e-08 3.935e-07 ( 0.26%)     1.0640 
_0958_                  AND2_X1                       2.319e-07 1.441e-07 2.285e-08 3.988e-07 ( 0.27%)     1.0640 
_0987_                  AND2_X1                       2.294e-07 1.139e-07 2.841e-08 3.716e-07 ( 0.25%)     1.0640 
_0818_                  AND2_X1                       2.256e-07 7.253e-08 2.286e-08 3.210e-07 ( 0.21%)     1.0640 
_0814_                  AND2_X1                       2.224e-07 6.856e-08 2.285e-08 3.138e-07 ( 0.21%)     1.0640 
_0977_                  AND2_X1                       2.217e-07 6.997e-08 2.266e-08 3.143e-07 ( 0.21%)     1.0640 
_0967_                  AND2_X1                       2.182e-07 7.143e-08 2.843e-08 3.180e-07 ( 0.21%)     1.0640 
_0884_                  AND2_X1                       2.173e-07 6.997e-08 2.285e-08 3.102e-07 ( 0.21%)     1.0640 
_0970_                  AND2_X1                       2.165e-07 1.095e-07 3.071e-08 3.567e-07 ( 0.24%)     1.0640 
_1346_                  AND2_X1                       2.031e-07 9.649e-08 2.458e-08 3.241e-07 ( 0.22%)     1.0640 
_0715_                  INV_X1                        1.995e-07 1.510e-07 1.439e-08 3.649e-07 ( 0.24%)     0.5320 
_1045_                  INV_X1                        1.948e-07 1.660e-07 1.204e-08 3.728e-07 ( 0.25%)     0.5320 
_1047_                  INV_X1                        1.946e-07 1.587e-07 1.666e-08 3.700e-07 ( 0.25%)     0.5320 
_1221_                  AND2_X1                       1.939e-07 9.649e-08 2.965e-08 3.201e-07 ( 0.21%)     1.0640 
_0725_                  INV_X1                        1.915e-07 1.508e-07 1.432e-08 3.566e-07 ( 0.24%)     0.5320 
_0735_                  INV_X1                        1.909e-07 1.522e-07 1.439e-08 3.576e-07 ( 0.24%)     0.5320 
_1332_                  AND2_X1                       1.903e-07 9.045e-08 2.423e-08 3.050e-07 ( 0.20%)     1.0640 
_0717_                  INV_X1                        1.899e-07 1.496e-07 1.428e-08 3.538e-07 ( 0.24%)     0.5320 
_0727_                  INV_X1                        1.896e-07 1.512e-07 1.443e-08 3.552e-07 ( 0.24%)     0.5320 
_0728_                  INV_X1                        1.893e-07 1.491e-07 1.432e-08 3.526e-07 ( 0.23%)     0.5320 
_0724_                  INV_X1                        1.892e-07 1.490e-07 1.438e-08 3.526e-07 ( 0.23%)     0.5320 
_0720_                  INV_X1                        1.890e-07 1.507e-07 1.446e-08 3.541e-07 ( 0.24%)     0.5320 
_0851_                  INV_X1                        1.878e-07 3.191e-07 1.443e-08 5.213e-07 ( 0.35%)     0.5320 
_0731_                  INV_X1                        1.874e-07 1.476e-07 1.437e-08 3.494e-07 ( 0.23%)     0.5320 
_0736_                  INV_X1                        1.874e-07 1.494e-07 1.435e-08 3.511e-07 ( 0.23%)     0.5320 
_0866_                  INV_X1                        1.873e-07 3.114e-07 1.432e-08 5.130e-07 ( 0.34%)     0.5320 
_0729_                  INV_X1                        1.872e-07 1.492e-07 1.426e-08 3.507e-07 ( 0.23%)     0.5320 
_0739_                  INV_X1                        1.869e-07 1.490e-07 1.428e-08 3.502e-07 ( 0.23%)     0.5320 
_0776_                  INV_X1                        1.868e-07 1.592e-07 1.439e-08 3.605e-07 ( 0.24%)     0.5320 
_0714_                  INV_X1                        1.862e-07 1.467e-07 1.443e-08 3.473e-07 ( 0.23%)     0.5320 
_0726_                  INV_X1                        1.859e-07 1.482e-07 1.436e-08 3.484e-07 ( 0.23%)     0.5320 
_0734_                  INV_X1                        1.859e-07 1.482e-07 1.439e-08 3.484e-07 ( 0.23%)     0.5320 
_0712_                  INV_X1                        1.857e-07 1.464e-07 1.450e-08 3.466e-07 ( 0.23%)     0.5320 
_0733_                  INV_X1                        1.856e-07 1.461e-07 1.433e-08 3.461e-07 ( 0.23%)     0.5320 
_0737_                  INV_X1                        1.855e-07 1.461e-07 1.439e-08 3.460e-07 ( 0.23%)     0.5320 
_0825_                  INV_X1                        1.854e-07 3.150e-07 1.426e-08 5.147e-07 ( 0.34%)     0.5320 
_1050_                  INV_X1                        1.853e-07 1.579e-07 1.439e-08 3.576e-07 ( 0.24%)     0.5320 
_0912_                  INV_X1                        1.853e-07 1.579e-07 1.439e-08 3.576e-07 ( 0.24%)     0.5320 
_0839_                  INV_X1                        1.852e-07 3.146e-07 1.432e-08 5.141e-07 ( 0.34%)     0.5320 
_0954_                  INV_X1                        1.849e-07 1.576e-07 1.446e-08 3.570e-07 ( 0.24%)     0.5320 
_0718_                  INV_X1                        1.848e-07 1.455e-07 1.432e-08 3.447e-07 ( 0.23%)     0.5320 
_1348_                  AND2_X1                       1.847e-07 5.748e-08 2.501e-08 2.672e-07 ( 0.18%)     1.0640 
_0730_                  INV_X1                        1.845e-07 1.471e-07 1.434e-08 3.459e-07 ( 0.23%)     0.5320 
_0962_                  INV_X1                        1.843e-07 1.571e-07 1.433e-08 3.557e-07 ( 0.24%)     0.5320 
_0722_                  INV_X1                        1.843e-07 1.469e-07 1.441e-08 3.457e-07 ( 0.23%)     0.5320 
_0716_                  INV_X1                        1.842e-07 1.451e-07 1.433e-08 3.436e-07 ( 0.23%)     0.5320 
_0990_                  INV_X1                        1.840e-07 1.500e-07 1.208e-08 3.461e-07 ( 0.23%)     0.5320 
_0723_                  INV_X1                        1.838e-07 1.465e-07 1.437e-08 3.447e-07 ( 0.23%)     0.5320 
_0930_                  INV_X1                        1.836e-07 1.564e-07 1.428e-08 3.543e-07 ( 0.24%)     0.5320 
_0732_                  INV_X1                        1.832e-07 1.461e-07 1.430e-08 3.436e-07 ( 0.23%)     0.5320 
_0774_                  INV_X1                        1.832e-07 1.494e-07 1.435e-08 3.469e-07 ( 0.23%)     0.5320 
_1233_                  AND2_X1                       1.828e-07 9.045e-08 2.975e-08 3.030e-07 ( 0.20%)     1.0640 
_0721_                  INV_X1                        1.828e-07 1.457e-07 1.428e-08 3.427e-07 ( 0.23%)     0.5320 
_0879_                  INV_X1                        1.827e-07 1.490e-07 1.438e-08 3.462e-07 ( 0.23%)     0.5320 
_0849_                  INV_X1                        1.827e-07 1.482e-07 1.436e-08 3.453e-07 ( 0.23%)     0.5320 
_0787_                  INV_X1                        1.827e-07 1.490e-07 1.428e-08 3.460e-07 ( 0.23%)     0.5320 
_0821_                  INV_X1                        1.827e-07 3.036e-07 1.434e-08 5.006e-07 ( 0.33%)     0.5320 
_0738_                  INV_X1                        1.826e-07 1.455e-07 1.441e-08 3.425e-07 ( 0.23%)     0.5320 
_0939_                  INV_X1                        1.825e-07 3.034e-07 1.441e-08 5.003e-07 ( 0.33%)     0.5320 
_0999_                  INV_X1                        1.824e-07 1.554e-07 1.217e-08 3.500e-07 ( 0.23%)     0.5320 
_0910_                  INV_X1                        1.822e-07 3.096e-07 1.443e-08 5.062e-07 ( 0.34%)     0.5320 
_1002_                  INV_X1                        1.819e-07 1.550e-07 1.436e-08 3.512e-07 ( 0.23%)     0.5320 
_0803_                  INV_X1                        1.817e-07 1.482e-07 1.439e-08 3.443e-07 ( 0.23%)     0.5320 
_0992_                  INV_X1                        1.817e-07 1.548e-07 1.434e-08 3.508e-07 ( 0.23%)     0.5320 
_0796_                  INV_X1                        1.815e-07 3.017e-07 1.439e-08 4.976e-07 ( 0.33%)     0.5320 
_0719_                  INV_X1                        1.813e-07 1.445e-07 1.448e-08 3.403e-07 ( 0.23%)     0.5320 
_0836_                  INV_X1                        1.812e-07 1.544e-07 1.437e-08 3.499e-07 ( 0.23%)     0.5320 
_1341_                  AND2_X1                       1.809e-07 5.628e-08 2.504e-08 2.622e-07 ( 0.17%)     1.0640 
_0894_                  INV_X1                        1.802e-07 2.995e-07 1.433e-08 4.940e-07 ( 0.33%)     0.5320 
_1235_                  AND2_X1                       1.801e-07 8.996e-08 2.980e-08 2.999e-07 ( 0.20%)     1.0640 
_0778_                  INV_X1                        1.800e-07 1.460e-07 1.223e-08 3.382e-07 ( 0.23%)     0.5320 
_0881_                  INV_X1                        1.799e-07 1.533e-07 1.437e-08 3.475e-07 ( 0.23%)     0.5320 
_0975_                  INV_X1                        1.799e-07 1.533e-07 1.431e-08 3.475e-07 ( 0.23%)     0.5320 
_0887_                  INV_X1                        1.796e-07 3.050e-07 1.448e-08 4.991e-07 ( 0.33%)     0.5320 
_1056_                  INV_X1                        1.795e-07 1.464e-07 1.450e-08 3.404e-07 ( 0.23%)     0.5320 
_0805_                  INV_X1                        1.794e-07 1.529e-07 1.433e-08 3.466e-07 ( 0.23%)     0.5320 
_1008_                  INV_X1                        1.793e-07 1.462e-07 1.427e-08 3.398e-07 ( 0.23%)     0.5320 
_0834_                  INV_X1                        1.792e-07 1.461e-07 1.430e-08 3.395e-07 ( 0.23%)     0.5320 
_0983_                  INV_X1                        1.790e-07 1.460e-07 1.648e-08 3.414e-07 ( 0.23%)     0.5320 
_0952_                  INV_X1                        1.787e-07 1.457e-07 1.428e-08 3.386e-07 ( 0.23%)     0.5320 
_0789_                  INV_X1                        1.786e-07 1.522e-07 1.441e-08 3.453e-07 ( 0.23%)     0.5320 
_0928_                  INV_X1                        1.785e-07 1.455e-07 1.432e-08 3.384e-07 ( 0.23%)     0.5320 
_0791_                  INV_X1                        1.778e-07 1.442e-07 1.221e-08 3.342e-07 ( 0.22%)     0.5320 
_0883_                  INV_X1                        1.772e-07 1.502e-07 1.222e-08 3.395e-07 ( 0.23%)     0.5320 
_0997_                  INV_X1                        1.768e-07 1.442e-07 1.649e-08 3.375e-07 ( 0.22%)     0.5320 
_0956_                  INV_X1                        1.764e-07 1.495e-07 1.222e-08 3.381e-07 ( 0.22%)     0.5320 
_1259_                  AND2_X1                       1.757e-07 8.337e-08 2.396e-08 2.830e-07 ( 0.19%)     1.0640 
_1217_                  AND2_X1                       1.756e-07 8.808e-08 2.981e-08 2.935e-07 ( 0.20%)     1.0640 
_0807_                  INV_X1                        1.752e-07 1.485e-07 1.222e-08 3.359e-07 ( 0.22%)     0.5320 
_1214_                  AND2_X1                       1.744e-07 8.709e-08 2.981e-08 2.913e-07 ( 0.19%)     1.0640 
_0973_                  INV_X1                        1.734e-07 1.414e-07 1.172e-08 3.266e-07 ( 0.22%)     0.5320 
_1004_                  INV_X1                        1.734e-07 1.478e-07 1.218e-08 3.333e-07 ( 0.22%)     0.5320 
_1006_                  INV_X1                        1.725e-07 1.407e-07 1.177e-08 3.250e-07 ( 0.22%)     0.5320 
_1199_                  AND2_X1                       1.720e-07 1.399e-07 2.984e-08 3.418e-07 ( 0.23%)     1.0640 
_0986_                  INV_X1                        1.717e-07 1.463e-07 1.169e-08 3.297e-07 ( 0.22%)     0.5320 
_1201_                  AND2_X1                       1.715e-07 5.328e-08 2.513e-08 2.499e-07 ( 0.17%)     1.0640 
_1202_                  AND2_X1                       1.712e-07 5.328e-08 2.513e-08 2.497e-07 ( 0.17%)     1.0640 
_0966_                  INV_X1                        1.711e-07 1.458e-07 1.168e-08 3.285e-07 ( 0.22%)     0.5320 
_1335_                  AND2_X1                       1.708e-07 5.315e-08 2.523e-08 2.492e-07 ( 0.17%)     1.0640 
_1334_                  AND2_X1                       1.708e-07 5.315e-08 2.523e-08 2.491e-07 ( 0.17%)     1.0640 
_1212_                  AND2_X1                       1.698e-07 8.481e-08 2.990e-08 2.845e-07 ( 0.19%)     1.0640 
_1170_                  AND2_X1                       1.692e-07 5.268e-08 2.505e-08 2.470e-07 ( 0.16%)     1.0640 
_1340_                  AND2_X1                       1.692e-07 5.628e-08 2.951e-08 2.549e-07 ( 0.17%)     1.0640 
_1171_                  AND2_X1                       1.689e-07 5.036e-08 2.505e-08 2.443e-07 ( 0.16%)     1.0640 
_1205_                  AND2_X1                       1.666e-07 8.318e-08 2.987e-08 2.796e-07 ( 0.19%)     1.0640 
_1338_                  AND2_X1                       1.661e-07 7.892e-08 2.357e-08 2.685e-07 ( 0.18%)     1.0640 
_1265_                  AND2_X1                       1.654e-07 7.833e-08 2.391e-08 2.676e-07 ( 0.18%)     1.0640 
_1168_                  AND2_X1                       1.651e-07 8.243e-08 2.981e-08 2.773e-07 ( 0.18%)     1.0640 
_1351_                  AND2_X1                       1.633e-07 7.709e-08 2.606e-08 2.664e-07 ( 0.18%)     1.0640 
_1177_                  AND2_X1                       1.615e-07 8.065e-08 2.966e-08 2.718e-07 ( 0.18%)     1.0640 
_1216_                  AND2_X1                       1.604e-07 9.723e-08 2.554e-08 2.832e-07 ( 0.19%)     1.0640 
_1261_                  AND2_X1                       1.603e-07 7.828e-08 2.568e-08 2.643e-07 ( 0.18%)     1.0640 
_1291_                  AND2_X1                       1.592e-07 7.541e-08 2.329e-08 2.579e-07 ( 0.17%)     1.0640 
_1285_                  AND2_X1                       1.578e-07 7.491e-08 2.321e-08 2.560e-07 ( 0.17%)     1.0640 
_1119_                  AND2_X1                       1.575e-07 9.549e-08 2.629e-08 2.792e-07 ( 0.19%)     1.0640 
_1349_                  AND2_X1                       1.574e-07 7.709e-08 2.561e-08 2.601e-07 ( 0.17%)     1.0640 
_1172_                  AND2_X1                       1.571e-07 7.843e-08 2.987e-08 2.654e-07 ( 0.18%)     1.0640 
_1135_                  AND2_X1                       1.569e-07 1.242e-07 2.627e-08 3.073e-07 ( 0.20%)     1.0640 
_1342_                  AND2_X1                       1.568e-07 5.021e-08 2.550e-08 2.325e-07 ( 0.15%)     1.0640 
_1092_                  AND2_X1                       1.555e-07 4.838e-08 2.479e-08 2.287e-07 ( 0.15%)     1.0640 
_1184_                  AND2_X1                       1.554e-07 7.759e-08 2.988e-08 2.628e-07 ( 0.17%)     1.0640 
_1174_                  AND2_X1                       1.552e-07 7.749e-08 2.989e-08 2.625e-07 ( 0.17%)     1.0640 
_1179_                  AND2_X1                       1.549e-07 7.734e-08 2.982e-08 2.620e-07 ( 0.17%)     1.0640 
_1104_                  AND2_X1                       1.548e-07 1.257e-07 3.006e-08 3.106e-07 ( 0.21%)     1.0640 
_1111_                  AND2_X1                       1.546e-07 4.812e-08 2.595e-08 2.287e-07 ( 0.15%)     1.0640 
_1101_                  AND2_X1                       1.544e-07 9.411e-08 2.630e-08 2.748e-07 ( 0.18%)     1.0640 
_1106_                  AND2_X1                       1.537e-07 4.576e-08 2.588e-08 2.253e-07 ( 0.15%)     1.0640 
_1308_                  AND2_X1                       1.534e-07 4.776e-08 2.806e-08 2.292e-07 ( 0.15%)     1.0640 
_1075_                  AND2_X1                       1.533e-07 4.573e-08 2.591e-08 2.250e-07 ( 0.15%)     1.0640 
_1189_                  AND2_X1                       1.531e-07 5.005e-08 2.985e-08 2.331e-07 ( 0.16%)     1.0640 
_1131_                  AND2_X1                       1.529e-07 7.635e-08 3.002e-08 2.593e-07 ( 0.17%)     1.0640 
_1176_                  AND2_X1                       1.527e-07 9.274e-08 2.584e-08 2.713e-07 ( 0.18%)     1.0640 
_1293_                  AND2_X1                       1.522e-07 4.882e-08 2.627e-08 2.273e-07 ( 0.15%)     1.0640 
_1237_                  AND2_X1                       1.511e-07 4.860e-08 2.556e-08 2.253e-07 ( 0.15%)     1.0640 
_1109_                  AND2_X1                       1.508e-07 7.531e-08 3.008e-08 2.562e-07 ( 0.17%)     1.0640 
_1091_                  AND2_X1                       1.505e-07 4.838e-08 2.645e-08 2.253e-07 ( 0.15%)     1.0640 
_1073_                  AND2_X1                       1.499e-07 7.486e-08 3.007e-08 2.549e-07 ( 0.17%)     1.0640 
_1112_                  AND2_X1                       1.496e-07 4.812e-08 2.645e-08 2.242e-07 ( 0.15%)     1.0640 
_1287_                  AND2_X1                       1.496e-07 7.303e-08 2.636e-08 2.490e-07 ( 0.17%)     1.0640 
_1133_                  AND2_X1                       1.496e-07 7.472e-08 3.003e-08 2.544e-07 ( 0.17%)     1.0640 
_1146_                  AND2_X1                       1.495e-07 9.124e-08 2.654e-08 2.673e-07 ( 0.18%)     1.0640 
_1117_                  AND2_X1                       1.491e-07 7.447e-08 3.005e-08 2.536e-07 ( 0.17%)     1.0640 
_1188_                  AND2_X1                       1.486e-07 4.740e-08 2.943e-08 2.255e-07 ( 0.15%)     1.0640 
_1191_                  AND2_X1                       1.477e-07 9.006e-08 2.569e-08 2.635e-07 ( 0.18%)     1.0640 
_1094_                  AND2_X1                       1.476e-07 7.373e-08 3.004e-08 2.514e-07 ( 0.17%)     1.0640 
_1089_                  AND2_X1                       1.475e-07 7.368e-08 3.009e-08 2.513e-07 ( 0.17%)     1.0640 
_1099_                  AND2_X1                       1.474e-07 4.819e-08 3.004e-08 2.257e-07 ( 0.15%)     1.0640 
_1126_                  AND2_X1                       1.468e-07 7.328e-08 3.003e-08 2.501e-07 ( 0.17%)     1.0640 
_1128_                  AND2_X1                       1.456e-07 7.269e-08 3.008e-08 2.483e-07 ( 0.17%)     1.0640 
_1130_                  AND2_X1                       1.455e-07 4.489e-08 2.647e-08 2.169e-07 ( 0.14%)     1.0640 
_1311_                  AND2_X1                       1.454e-07 4.673e-08 2.652e-08 2.187e-07 ( 0.15%)     1.0640 
_1115_                  AND2_X1                       1.454e-07 7.259e-08 3.010e-08 2.480e-07 ( 0.17%)     1.0640 
_1125_                  AND2_X1                       1.450e-07 4.625e-08 2.962e-08 2.209e-07 ( 0.15%)     1.0640 
_1139_                  AND2_X1                       1.448e-07 7.229e-08 3.006e-08 2.471e-07 ( 0.16%)     1.0640 
_1081_                  AND2_X1                       1.446e-07 4.459e-08 2.627e-08 2.155e-07 ( 0.14%)     1.0640 
_1013_                  AND2_X1                       1.441e-07 6.804e-08 2.822e-08 2.404e-07 ( 0.16%)     1.0640 
_1087_                  AND2_X1                       1.432e-07 7.150e-08 3.008e-08 2.448e-07 ( 0.16%)     1.0640 
_1181_                  AND2_X1                       1.426e-07 8.862e-08 2.568e-08 2.569e-07 ( 0.17%)     1.0640 
_1076_                  AND2_X1                       1.426e-07 7.120e-08 3.004e-08 2.438e-07 ( 0.16%)     1.0640 
_1305_                  AND2_X1                       1.422e-07 4.727e-08 2.963e-08 2.191e-07 ( 0.15%)     1.0640 
_1267_                  AND2_X1                       1.422e-07 4.562e-08 2.569e-08 2.135e-07 ( 0.14%)     1.0640 
_1011_                  AND2_X1                       1.421e-07 6.804e-08 2.171e-08 2.319e-07 ( 0.15%)     1.0640 
_1098_                  AND2_X1                       1.412e-07 4.504e-08 2.927e-08 2.155e-07 ( 0.14%)     1.0640 
_1309_                  AND2_X1                       1.398e-07 7.066e-08 3.011e-08 2.406e-07 ( 0.16%)     1.0640 
_1158_                  AND2_X1                       1.389e-07 4.623e-08 2.961e-08 2.147e-07 ( 0.14%)     1.0640 
_1144_                  AND2_X1                       1.385e-07 4.416e-08 2.926e-08 2.119e-07 ( 0.14%)     1.0640 
_1300_                  AND2_X1                       1.385e-07 4.452e-08 2.646e-08 2.095e-07 ( 0.14%)     1.0640 
_1141_                  AND2_X1                       1.379e-07 4.316e-08 3.011e-08 2.111e-07 ( 0.14%)     1.0640 
_1080_                  AND2_X1                       1.367e-07 4.550e-08 2.928e-08 2.115e-07 ( 0.14%)     1.0640 
_1294_                  AND2_X1                       1.304e-07 4.174e-08 2.502e-08 1.972e-07 ( 0.13%)     1.0640 
_1060_                  AND2_X1                       1.283e-07 4.101e-08 2.157e-08 1.909e-07 ( 0.13%)     1.0640 
_1203_                  AND2_X1                       1.196e-07 3.864e-08 2.590e-08 1.842e-07 ( 0.12%)     1.0640 
_1093_                  AND2_X1                       1.128e-07 3.476e-08 2.534e-08 1.729e-07 ( 0.12%)     1.0640 
_1113_                  AND2_X1                       1.097e-07 3.529e-08 2.517e-08 1.702e-07 ( 0.11%)     1.0640 
_1336_                  AND2_X1                       1.096e-07 3.401e-08 2.605e-08 1.697e-07 ( 0.11%)     1.0640 
_1137_                  AND2_X1                       1.070e-07 3.443e-08 2.497e-08 1.664e-07 ( 0.11%)     1.0640 
_1263_                  AND2_X1                       1.039e-07 5.111e-08 2.652e-08 1.816e-07 ( 0.12%)     1.0640 
_1314_                  AND2_X1                       1.026e-07 4.844e-08 2.556e-08 1.766e-07 ( 0.12%)     1.0640 
_1295_                  AND2_X1                       1.019e-07 4.899e-08 2.417e-08 1.750e-07 ( 0.12%)     1.0640 
_1312_                  AND2_X1                       9.898e-08 4.844e-08 2.531e-08 1.727e-07 ( 0.11%)     1.0640 
_1270_                  AND2_X1                       9.788e-08 4.621e-08 2.675e-08 1.708e-07 ( 0.11%)     1.0640 
_1298_                  AND2_X1                       9.720e-08 4.899e-08 2.936e-08 1.755e-07 ( 0.12%)     1.0640 
_1190_                  XOR2_X1                       9.695e-08 5.005e-08 4.670e-08 1.937e-07 ( 0.13%)     1.5960 
_1268_                  AND2_X1                       9.615e-08 4.621e-08 2.375e-08 1.661e-07 ( 0.11%)     1.0640 
_1306_                  AND2_X1                       9.467e-08 4.626e-08 2.514e-08 1.661e-07 ( 0.11%)     1.0640 
_1100_                  XOR2_X1                       9.333e-08 4.819e-08 4.600e-08 1.875e-07 ( 0.12%)     1.5960 
_1318_                  AND2_X1                       9.295e-08 4.389e-08 2.566e-08 1.625e-07 ( 0.11%)     1.0640 
_1303_                  AND2_X1                       9.107e-08 4.300e-08 2.566e-08 1.597e-07 ( 0.11%)     1.0640 
_1316_                  AND2_X1                       9.015e-08 4.389e-08 2.377e-08 1.578e-07 ( 0.10%)     1.0640 
_0994_                  AND2_X1                       8.993e-08 4.325e-08 2.267e-08 1.558e-07 ( 0.10%)     1.0640 
_1289_                  AND2_X1                       8.952e-08 4.369e-08 2.489e-08 1.581e-07 ( 0.11%)     1.0640 
_1138_                  AND2_X1                       8.829e-08 2.723e-08 2.404e-08 1.396e-07 ( 0.09%)     1.0640 
_1301_                  AND2_X1                       8.814e-08 4.300e-08 2.526e-08 1.564e-07 ( 0.10%)     1.0640 
_1145_                  XOR2_X1                       8.745e-08 4.515e-08 4.574e-08 1.783e-07 ( 0.12%)     1.5960 
_1114_                  AND2_X1                       8.675e-08 5.280e-08 2.411e-08 1.637e-07 ( 0.11%)     1.0640 
_0862_                  AND2_X1                       8.672e-08 2.789e-08 2.166e-08 1.363e-07 ( 0.09%)     1.0640 
_0988_                  INV_X1                        8.537e-08 7.275e-08 1.064e-08 1.688e-07 ( 0.11%)     0.5320 
_0960_                  INV_X1                        8.374e-08 6.828e-08 1.063e-08 1.626e-07 ( 0.11%)     0.5320 
_1325_                  AND2_X1                       8.348e-08 2.675e-08 2.365e-08 1.339e-07 ( 0.09%)     1.0640 
_1320_                  AND2_X1                       8.273e-08 4.052e-08 2.375e-08 1.470e-07 ( 0.10%)     1.0640 
_0971_                  INV_X1                        8.203e-08 6.689e-08 1.062e-08 1.595e-07 ( 0.11%)     0.5320 
_1160_                  AND2_X1                       8.128e-08 4.949e-08 2.377e-08 1.545e-07 ( 0.10%)     1.0640 
_1159_                  AND2_X1                       8.067e-08 2.590e-08 2.543e-08 1.320e-07 ( 0.09%)     1.0640 
_0684_                  INV_X1                        8.046e-08 5.894e-08 1.439e-08 1.538e-07 ( 0.10%)     0.5320 
_1326_                  AND2_X1                       8.043e-08 2.507e-08 2.340e-08 1.289e-07 ( 0.09%)     1.0640 
_1322_                  AND2_X1                       8.038e-08 2.675e-08 3.001e-08 1.371e-07 ( 0.09%)     1.0640 
_1017_                  AND2_X1                       7.943e-08 3.751e-08 2.835e-08 1.453e-07 ( 0.10%)     1.0640 
_1015_                  AND2_X1                       7.850e-08 3.751e-08 2.076e-08 1.368e-07 ( 0.09%)     1.0640 
_1283_                  AND2_X1                       7.759e-08 3.924e-08 3.002e-08 1.469e-07 ( 0.10%)     1.0640 
_0686_                  INV_X1                        7.714e-08 5.526e-08 1.401e-08 1.464e-07 ( 0.10%)     0.5320 
_1182_                  AND2_X1                       7.709e-08 2.476e-08 2.349e-08 1.253e-07 ( 0.08%)     1.0640 
_0685_                  INV_X1                        7.368e-08 5.495e-08 1.385e-08 1.425e-07 ( 0.09%)     0.5320 
_1347_                  INV_X1                        7.229e-08 5.894e-08 1.439e-08 1.456e-07 ( 0.10%)     0.5320 
_1222_                  INV_X1                        7.229e-08 5.894e-08 1.439e-08 1.456e-07 ( 0.10%)     0.5320 
_0688_                  INV_X1                        7.133e-08 5.320e-08 1.380e-08 1.383e-07 ( 0.09%)     0.5320 
_0687_                  INV_X1                        7.057e-08 5.380e-08 1.382e-08 1.382e-07 ( 0.09%)     0.5320 
_0689_                  INV_X1                        6.946e-08 5.181e-08 1.349e-08 1.348e-07 ( 0.09%)     0.5320 
_1236_                  INV_X1                        6.830e-08 1.185e-07 1.385e-08 2.007e-07 ( 0.13%)     0.5320 
_0690_                  INV_X1                        6.813e-08 5.081e-08 1.361e-08 1.325e-07 ( 0.09%)     0.5320 
_1333_                  INV_X1                        6.776e-08 5.526e-08 1.401e-08 1.370e-07 ( 0.09%)     0.5320 
_1234_                  INV_X1                        6.776e-08 5.526e-08 1.401e-08 1.370e-07 ( 0.09%)     0.5320 
_0691_                  INV_X1                        6.758e-08 5.093e-08 1.372e-08 1.322e-07 ( 0.09%)     0.5320 
_0692_                  INV_X1                        6.752e-08 5.036e-08 1.381e-08 1.317e-07 ( 0.09%)     0.5320 
_1183_                  AND2_X1                       6.730e-08 2.065e-08 2.231e-08 1.103e-07 ( 0.07%)     1.0640 
_1218_                  INV_X1                        6.684e-08 1.111e-07 1.382e-08 1.917e-07 ( 0.13%)     0.5320 
_0695_                  INV_X1                        6.606e-08 4.927e-08 1.436e-08 1.297e-07 ( 0.09%)     0.5320 
_1272_                  AND2_X1                       6.605e-08 3.226e-08 2.254e-08 1.208e-07 ( 0.08%)     1.0640 
_1215_                  INV_X1                        6.530e-08 5.565e-08 1.380e-08 1.347e-07 ( 0.09%)     0.5320 
_0683_                  INV_X1                        6.440e-08 4.821e-08 1.330e-08 1.259e-07 ( 0.08%)     0.5320 
_0697_                  INV_X1                        6.423e-08 4.791e-08 1.361e-08 1.258e-07 ( 0.08%)     0.5320 
_1275_                  AND2_X1                       6.401e-08 3.226e-08 2.886e-08 1.251e-07 ( 0.08%)     1.0640 
_0693_                  INV_X1                        6.355e-08 4.740e-08 1.355e-08 1.245e-07 ( 0.08%)     0.5320 
_1213_                  INV_X1                        6.354e-08 5.181e-08 1.349e-08 1.288e-07 ( 0.09%)     0.5320 
_0696_                  INV_X1                        6.346e-08 4.734e-08 1.353e-08 1.243e-07 ( 0.08%)     0.5320 
_0694_                  INV_X1                        6.334e-08 4.725e-08 1.379e-08 1.244e-07 ( 0.08%)     0.5320 
_1206_                  INV_X1                        6.314e-08 1.072e-07 1.361e-08 1.840e-07 ( 0.12%)     0.5320 
_1200_                  INV_X1                        6.286e-08 5.328e-08 1.371e-08 1.299e-07 ( 0.09%)     0.5320 
_1169_                  INV_X1                        6.258e-08 1.063e-07 1.381e-08 1.827e-07 ( 0.12%)     0.5320 
_0699_                  INV_X1                        6.253e-08 4.664e-08 1.308e-08 1.223e-07 ( 0.08%)     0.5320 
_1260_                  INV_X1                        6.251e-08 5.328e-08 1.371e-08 1.295e-07 ( 0.09%)     0.5320 
_0709_                  INV_X1                        6.168e-08 4.601e-08 1.284e-08 1.205e-07 ( 0.08%)     0.5320 
_0705_                  INV_X1                        6.136e-08 4.576e-08 1.291e-08 1.200e-07 ( 0.08%)     0.5320 
_0706_                  INV_X1                        6.132e-08 4.573e-08 1.287e-08 1.199e-07 ( 0.08%)     0.5320 
_0698_                  INV_X1                        6.120e-08 4.564e-08 1.304e-08 1.199e-07 ( 0.08%)     0.5320 
_1354_                  AND2_X1                       6.105e-08 1.935e-08 2.337e-08 1.038e-07 ( 0.07%)     1.0640 
_0703_                  INV_X1                        6.099e-08 4.549e-08 1.296e-08 1.194e-07 ( 0.08%)     0.5320 
_1178_                  INV_X1                        6.042e-08 4.927e-08 1.436e-08 1.241e-07 ( 0.08%)     0.5320 
_0707_                  INV_X1                        6.038e-08 4.504e-08 1.298e-08 1.184e-07 ( 0.08%)     0.5320 
_0708_                  INV_X1                        6.034e-08 4.501e-08 1.282e-08 1.182e-07 ( 0.08%)     0.5320 
_0702_                  INV_X1                        6.002e-08 4.477e-08 1.302e-08 1.178e-07 ( 0.08%)     0.5320 
_0701_                  INV_X1                        5.953e-08 4.440e-08 1.283e-08 1.168e-07 ( 0.08%)     0.5320 
_0704_                  INV_X1                        5.945e-08 4.434e-08 1.279e-08 1.166e-07 ( 0.08%)     0.5320 
_1279_                  AND2_X1                       5.942e-08 2.806e-08 2.722e-08 1.147e-07 ( 0.08%)     1.0640 
_0700_                  INV_X1                        5.921e-08 4.416e-08 1.293e-08 1.163e-07 ( 0.08%)     0.5320 
_1339_                  INV_X1                        5.913e-08 4.821e-08 1.330e-08 1.206e-07 ( 0.08%)     0.5320 
_1185_                  INV_X1                        5.888e-08 9.786e-08 1.355e-08 1.703e-07 ( 0.11%)     0.5320 
_1173_                  INV_X1                        5.875e-08 4.791e-08 1.361e-08 1.203e-07 ( 0.08%)     0.5320 
_1266_                  INV_X1                        5.873e-08 5.005e-08 1.366e-08 1.224e-07 ( 0.08%)     0.5320 
_1262_                  INV_X1                        5.869e-08 5.002e-08 1.316e-08 1.219e-07 ( 0.08%)     0.5320 
_0711_                  INV_X1                        5.856e-08 4.368e-08 1.286e-08 1.151e-07 ( 0.08%)     0.5320 
_0710_                  INV_X1                        5.832e-08 4.350e-08 1.300e-08 1.148e-07 ( 0.08%)     0.5320 
_1204_                  AND2_X1                       5.826e-08 3.539e-08 2.324e-08 1.169e-07 ( 0.08%)     1.0640 
_1175_                  INV_X1                        5.810e-08 4.951e-08 1.353e-08 1.211e-07 ( 0.08%)     0.5320 
_1180_                  INV_X1                        5.799e-08 4.942e-08 1.379e-08 1.212e-07 ( 0.08%)     0.5320 
_1350_                  INV_X1                        5.780e-08 4.926e-08 1.271e-08 1.198e-07 ( 0.08%)     0.5320 
_1352_                  INV_X1                        5.780e-08 4.926e-08 1.600e-08 1.231e-07 ( 0.08%)     0.5320 
_1277_                  AND2_X1                       5.747e-08 2.806e-08 2.202e-08 1.075e-07 ( 0.07%)     1.0640 
_1343_                  AND2_X1                       5.721e-08 1.840e-08 2.407e-08 9.968e-08 ( 0.07%)     1.0640 
_1132_                  INV_X1                        5.720e-08 4.664e-08 1.308e-08 1.169e-07 ( 0.08%)     0.5320 
_1110_                  INV_X1                        5.718e-08 9.922e-08 1.284e-08 1.692e-07 ( 0.11%)     0.5320 
_1074_                  INV_X1                        5.683e-08 9.653e-08 1.287e-08 1.662e-07 ( 0.11%)     0.5320 
_1292_                  INV_X1                        5.654e-08 4.819e-08 1.299e-08 1.177e-07 ( 0.08%)     0.5320 
_1105_                  INV_X1                        5.648e-08 4.787e-08 1.291e-08 1.173e-07 ( 0.08%)     0.5320 
_1286_                  INV_X1                        5.617e-08 4.787e-08 1.291e-08 1.169e-07 ( 0.08%)     0.5320 
_1134_                  INV_X1                        5.602e-08 4.774e-08 1.304e-08 1.168e-07 ( 0.08%)     0.5320 
_1095_                  INV_X1                        5.595e-08 9.299e-08 1.298e-08 1.619e-07 ( 0.11%)     0.5320 
_1090_                  INV_X1                        5.593e-08 9.500e-08 1.282e-08 1.637e-07 ( 0.11%)     0.5320 
_1118_                  INV_X1                        5.584e-08 4.759e-08 1.296e-08 1.164e-07 ( 0.08%)     0.5320 
_1136_                  INV_X1                        5.573e-08 4.519e-08 1.427e-08 1.152e-07 ( 0.08%)     0.5320 
_1127_                  INV_X1                        5.561e-08 9.243e-08 1.302e-08 1.611e-07 ( 0.11%)     0.5320 
_1257_                  AND2_X1                       5.548e-08 2.806e-08 3.047e-08 1.140e-07 ( 0.08%)     1.0640 
_1129_                  INV_X1                        5.518e-08 9.372e-08 1.283e-08 1.617e-07 ( 0.11%)     0.5320 
_1140_                  INV_X1                        5.486e-08 9.118e-08 1.293e-08 1.590e-07 ( 0.11%)     0.5320 
_1288_                  INV_X1                        5.476e-08 4.667e-08 1.450e-08 1.159e-07 ( 0.08%)     0.5320 
_1116_                  INV_X1                        5.438e-08 4.434e-08 1.279e-08 1.115e-07 ( 0.07%)     0.5320 
_1088_                  INV_X1                        5.426e-08 9.018e-08 1.286e-08 1.573e-07 ( 0.10%)     0.5320 
_1077_                  INV_X1                        5.404e-08 8.981e-08 1.300e-08 1.568e-07 ( 0.10%)     0.5320 
_1310_                  INV_X1                        5.298e-08 4.515e-08 1.275e-08 1.109e-07 ( 0.07%)     0.5320 
_1012_                  INV_X1                        5.101e-08 4.347e-08 1.037e-08 1.049e-07 ( 0.07%)     0.5320 
_1014_                  INV_X1                        5.101e-08 4.347e-08 1.834e-08 1.128e-07 ( 0.08%)     0.5320 
_1344_                  AND2_X1                       4.456e-08 1.429e-08 2.190e-08 8.075e-08 ( 0.05%)     1.0640 
_0682_                  INV_X1                        4.342e-08 1.049e-07 1.107e-08 1.594e-07 ( 0.11%)     0.5320 
_1264_                  INV_X1                        3.829e-08 3.122e-08 1.149e-08 8.101e-08 ( 0.05%)     0.5320 
_1296_                  INV_X1                        3.670e-08 2.993e-08 1.330e-08 7.992e-08 ( 0.05%)     0.5320 
_1299_                  INV_X1                        3.670e-08 2.993e-08 1.541e-08 8.203e-08 ( 0.05%)     0.5320 
_1313_                  INV_X1                        3.632e-08 3.095e-08 1.325e-08 8.053e-08 ( 0.05%)     0.5320 
_1315_                  INV_X1                        3.632e-08 3.095e-08 1.545e-08 8.273e-08 ( 0.06%)     0.5320 
_1307_                  INV_X1                        3.469e-08 2.956e-08 1.127e-08 7.552e-08 ( 0.05%)     0.5320 
_1269_                  INV_X1                        3.465e-08 2.953e-08 1.197e-08 7.615e-08 ( 0.05%)     0.5320 
_1271_                  INV_X1                        3.465e-08 2.953e-08 1.674e-08 8.092e-08 ( 0.05%)     0.5320 
_1317_                  INV_X1                        3.291e-08 2.805e-08 1.314e-08 7.410e-08 ( 0.05%)     0.5320 
_1319_                  INV_X1                        3.291e-08 2.805e-08 1.556e-08 7.652e-08 ( 0.05%)     0.5320 
_1290_                  INV_X1                        3.273e-08 2.669e-08 1.111e-08 7.054e-08 ( 0.05%)     0.5320 
_0995_                  INV_X1                        3.243e-08 2.763e-08 1.024e-08 7.030e-08 ( 0.05%)     0.5320 
_1302_                  INV_X1                        3.224e-08 2.748e-08 1.315e-08 7.286e-08 ( 0.05%)     0.5320 
_1304_                  INV_X1                        3.224e-08 2.748e-08 1.556e-08 7.527e-08 ( 0.05%)     0.5320 
_1353_                  AND2_X1                       3.083e-08 9.522e-09 2.182e-08 6.218e-08 ( 0.04%)     1.0640 
_1321_                  INV_X1                        3.036e-08 2.476e-08 1.307e-08 6.818e-08 ( 0.05%)     0.5320 
_1022_                  AND2_X1                       3.030e-08 1.435e-08 2.066e-08 6.531e-08 ( 0.04%)     1.0640 
_0819_                  AND2_X1                       2.995e-08 1.822e-08 2.101e-08 6.918e-08 ( 0.05%)     1.0640 
_1284_                  INV_X1                        2.939e-08 2.397e-08 1.306e-08 6.642e-08 ( 0.04%)     0.5320 
_1019_                  AND2_X1                       2.852e-08 1.371e-08 2.054e-08 6.277e-08 ( 0.04%)     1.0640 
_1357_                  AND2_X1                       2.850e-08 1.346e-08 2.768e-08 6.964e-08 ( 0.05%)     1.0640 
_1000_                  AND2_X1                       2.823e-08 8.826e-09 2.786e-08 6.491e-08 ( 0.04%)     1.0640 
_1016_                  INV_X1                        2.812e-08 2.397e-08 1.023e-08 6.232e-08 ( 0.04%)     0.5320 
_1018_                  INV_X1                        2.812e-08 2.397e-08 1.848e-08 7.057e-08 ( 0.05%)     0.5320 
_1021_                  AND2_X1                       2.774e-08 9.232e-09 3.084e-08 6.781e-08 ( 0.05%)     1.0640 
_1355_                  AND2_X1                       2.761e-08 1.346e-08 2.206e-08 6.313e-08 ( 0.04%)     1.0640 
_1276_                  INV_X1                        2.419e-08 2.061e-08 1.719e-08 6.199e-08 ( 0.04%)     0.5320 
_1273_                  INV_X1                        2.417e-08 1.971e-08 1.152e-08 5.540e-08 ( 0.04%)     0.5320 
_1280_                  INV_X1                        2.104e-08 1.793e-08 1.726e-08 5.622e-08 ( 0.04%)     0.5320 
_1278_                  INV_X1                        2.104e-08 1.793e-08 1.145e-08 5.041e-08 ( 0.03%)     0.5320 
_1258_                  INV_X1                        2.102e-08 1.714e-08 1.145e-08 4.961e-08 ( 0.03%)     0.5320 
_1061_                  AND2_X1                       1.567e-08 5.027e-09 2.066e-08 4.136e-08 ( 0.03%)     1.0640 
_1023_                  INV_X1                        1.076e-08 9.169e-09 1.014e-08 3.007e-08 ( 0.02%)     0.5320 
_1020_                  INV_X1                        1.027e-08 8.373e-09 1.014e-08 2.878e-08 ( 0.02%)     0.5320 
_1358_                  INV_X1                        1.021e-08 1.698e-08 1.775e-08 4.494e-08 ( 0.03%)     0.5320 
_1356_                  INV_X1                        1.009e-08 8.600e-09 1.095e-08 2.965e-08 ( 0.02%)     0.5320 
_1323_                  AND2_X1                       7.879e-09 3.810e-09 2.362e-08 3.531e-08 ( 0.02%)     1.0640 
_1324_                  INV_X1                        2.854e-09 2.328e-09 1.015e-08 1.534e-08 ( 0.01%)     0.5320 
_1062_                  AND2_X1                       2.580e-09 8.221e-10 2.037e-08 2.377e-08 ( 0.02%)     1.0640 
_0863_                  AND2_X1                       1.766e-09 5.691e-10 2.050e-08 2.284e-08 ( 0.02%)     1.0640 
_1066_                  AND2_X1                       1.677e-09 7.917e-10 2.847e-08 3.093e-08 ( 0.02%)     1.0640 
_0864_                  AND2_X1                       1.675e-09 9.985e-10 2.040e-08 2.308e-08 ( 0.02%)     1.0640 
_1064_                  AND2_X1                       1.666e-09 7.917e-10 2.036e-08 2.281e-08 ( 0.02%)     1.0640 
_1063_                  AND2_X1                       1.566e-09 5.059e-10 2.033e-08 2.240e-08 ( 0.01%)     1.0640 
_0980_                  AND2_X1                       1.566e-09 7.917e-10 3.085e-08 3.321e-08 ( 0.02%)     1.0640 
_1024_                  AND2_X1                       1.521e-09 5.059e-10 3.079e-08 3.282e-08 ( 0.02%)     1.0640 
_1065_                  INV_X1                        5.936e-10 5.059e-10 1.010e-08 1.120e-08 ( 0.01%)     0.5320 
_1067_                  INV_X1                        5.931e-10 4.836e-10 1.860e-08 1.968e-08 ( 0.01%)     0.5320 
_0981_                  INV_X1                        5.931e-10 4.836e-10 1.010e-08 1.118e-08 ( 0.01%)     0.5320 
_0681_                  INV_X1                           0.0000    0.0000 1.010e-08 1.010e-08 ( 0.01%)     0.5320 
_0740_                  INV_X1                           0.0000    0.0000 1.010e-08 1.010e-08 ( 0.01%)     0.5320 
_0741_                  INV_X1                           0.0000    0.0000 1.010e-08 1.010e-08 ( 0.01%)     0.5320 
_0742_                  INV_X1                           0.0000    0.0000 1.010e-08 1.010e-08 ( 0.01%)     0.5320 
_0743_                  INV_X1                           0.0000    0.0000 1.010e-08 1.010e-08 ( 0.01%)     0.5320 
_0744_                  INV_X1                           0.0000    0.0000 1.010e-08 1.010e-08 ( 0.01%)     0.5320 
_0745_                  INV_X1                           0.0000    0.0000 1.010e-08 1.010e-08 ( 0.01%)     0.5320 
_0746_                  INV_X1                           0.0000    0.0000 1.010e-08 1.010e-08 ( 0.01%)     0.5320 
_0747_                  INV_X1                           0.0000    0.0000 1.010e-08 1.010e-08 ( 0.01%)     0.5320 
_0748_                  INV_X1                           0.0000    0.0000 1.010e-08 1.010e-08 ( 0.01%)     0.5320 
_0749_                  INV_X1                           0.0000    0.0000 1.010e-08 1.010e-08 ( 0.01%)     0.5320 
_0750_                  INV_X1                           0.0000    0.0000 1.010e-08 1.010e-08 ( 0.01%)     0.5320 
_0751_                  INV_X1                           0.0000    0.0000 1.010e-08 1.010e-08 ( 0.01%)     0.5320 
_0752_                  INV_X1                           0.0000    0.0000 1.010e-08 1.010e-08 ( 0.01%)     0.5320 
_0753_                  INV_X1                           0.0000    0.0000 1.010e-08 1.010e-08 ( 0.01%)     0.5320 
_0754_                  INV_X1                           0.0000    0.0000 1.010e-08 1.010e-08 ( 0.01%)     0.5320 
_0755_                  INV_X1                           0.0000    0.0000 1.010e-08 1.010e-08 ( 0.01%)     0.5320 
_0756_                  INV_X1                           0.0000    0.0000 1.010e-08 1.010e-08 ( 0.01%)     0.5320 
_0757_                  INV_X1                           0.0000    0.0000 1.010e-08 1.010e-08 ( 0.01%)     0.5320 
_0758_                  INV_X1                           0.0000    0.0000 1.010e-08 1.010e-08 ( 0.01%)     0.5320 
_0759_                  INV_X1                           0.0000    0.0000 1.010e-08 1.010e-08 ( 0.01%)     0.5320 
_0760_                  INV_X1                           0.0000    0.0000 1.010e-08 1.010e-08 ( 0.01%)     0.5320 
_0761_                  INV_X1                           0.0000    0.0000 1.010e-08 1.010e-08 ( 0.01%)     0.5320 
_0762_                  INV_X1                           0.0000    0.0000 1.010e-08 1.010e-08 ( 0.01%)     0.5320 
_0763_                  INV_X1                           0.0000    0.0000 1.010e-08 1.010e-08 ( 0.01%)     0.5320 
_0764_                  INV_X1                           0.0000    0.0000 1.010e-08 1.010e-08 ( 0.01%)     0.5320 
_0765_                  INV_X1                           0.0000    0.0000 1.010e-08 1.010e-08 ( 0.01%)     0.5320 
_0766_                  INV_X1                           0.0000    0.0000 1.010e-08 1.010e-08 ( 0.01%)     0.5320 
_0767_                  INV_X1                           0.0000    0.0000 1.010e-08 1.010e-08 ( 0.01%)     0.5320 
_0768_                  INV_X1                           0.0000    0.0000 1.010e-08 1.010e-08 ( 0.01%)     0.5320 
_0769_                  INV_X1                           0.0000    0.0000 1.010e-08 1.010e-08 ( 0.01%)     0.5320 
_0770_                  INV_X1                           0.0000    0.0000 1.010e-08 1.010e-08 ( 0.01%)     0.5320 
_0771_                  INV_X1                           0.0000    0.0000 1.010e-08 1.010e-08 ( 0.01%)     0.5320 
_0772_                  INV_X1                           0.0000    0.0000 1.010e-08 1.010e-08 ( 0.01%)     0.5320 
_0779_                  AND2_X1                          0.0000    0.0000 2.047e-08 2.047e-08 ( 0.01%)     1.0640 
_0780_                  INV_X1                           0.0000    0.0000 1.010e-08 1.010e-08 ( 0.01%)     0.5320 
_0781_                  AND2_X1                          0.0000    0.0000 2.047e-08 2.047e-08 ( 0.01%)     1.0640 
_0782_                  INV_X1                           0.0000    0.0000 1.010e-08 1.010e-08 ( 0.01%)     0.5320 
_0783_                  AND2_X1                          0.0000    0.0000 2.047e-08 2.047e-08 ( 0.01%)     1.0640 
_0784_                  INV_X1                           0.0000    0.0000 1.010e-08 1.010e-08 ( 0.01%)     0.5320 
_0785_                  AND2_X1                          0.0000    0.0000 2.847e-08 2.847e-08 ( 0.02%)     1.0640 
_0792_                  AND2_X1                          0.0000    0.0000 2.047e-08 2.047e-08 ( 0.01%)     1.0640 
_0793_                  INV_X1                           0.0000    0.0000 1.010e-08 1.010e-08 ( 0.01%)     0.5320 
_0797_                  AND2_X1                          0.0000    0.0000 2.047e-08 2.047e-08 ( 0.01%)     1.0640 
_0798_                  INV_X1                           0.0000    0.0000 1.010e-08 1.010e-08 ( 0.01%)     0.5320 
_0808_                  AND2_X1                          0.0000    0.0000 2.047e-08 2.047e-08 ( 0.01%)     1.0640 
_0809_                  INV_X1                           0.0000    0.0000 1.010e-08 1.010e-08 ( 0.01%)     0.5320 
_0810_                  AND2_X1                          0.0000    0.0000 2.048e-08 2.048e-08 ( 0.01%)     1.0640 
_0811_                  INV_X1                           0.0000    0.0000 1.010e-08 1.010e-08 ( 0.01%)     0.5320 
_0812_                  AND2_X1                          0.0000    0.0000 2.847e-08 2.847e-08 ( 0.02%)     1.0640 
_0815_                  AND2_X1                          0.0000    0.0000 2.847e-08 2.847e-08 ( 0.02%)     1.0640 
_0822_                  AND2_X1                          0.0000    0.0000 2.047e-08 2.047e-08 ( 0.01%)     1.0640 
_0823_                  INV_X1                           0.0000    0.0000 1.010e-08 1.010e-08 ( 0.01%)     0.5320 
_0826_                  AND2_X1                          0.0000    0.0000 2.047e-08 2.047e-08 ( 0.01%)     1.0640 
_0827_                  INV_X1                           0.0000    0.0000 1.010e-08 1.010e-08 ( 0.01%)     0.5320 
_0828_                  AND2_X1                          0.0000    0.0000 2.047e-08 2.047e-08 ( 0.01%)     1.0640 
_0829_                  INV_X1                           0.0000    0.0000 1.010e-08 1.010e-08 ( 0.01%)     0.5320 
_0830_                  AND2_X1                          0.0000    0.0000 2.047e-08 2.047e-08 ( 0.01%)     1.0640 
_0831_                  INV_X1                           0.0000    0.0000 1.010e-08 1.010e-08 ( 0.01%)     0.5320 
_0832_                  AND2_X1                          0.0000    0.0000 2.847e-08 2.847e-08 ( 0.02%)     1.0640 
_0840_                  AND2_X1                          0.0000    0.0000 2.047e-08 2.047e-08 ( 0.01%)     1.0640 
_0841_                  INV_X1                           0.0000    0.0000 1.010e-08 1.010e-08 ( 0.01%)     0.5320 
_0846_                  AND2_X1                          0.0000    0.0000 2.048e-08 2.048e-08 ( 0.01%)     1.0640 
_0847_                  INV_X1                           0.0000    0.0000 1.010e-08 1.010e-08 ( 0.01%)     0.5320 
_0852_                  AND2_X1                          0.0000    0.0000 2.048e-08 2.048e-08 ( 0.01%)     1.0640 
_0853_                  INV_X1                           0.0000    0.0000 1.010e-08 1.010e-08 ( 0.01%)     0.5320 
_0856_                  AND2_X1                          0.0000    0.0000 2.847e-08 2.847e-08 ( 0.02%)     1.0640 
_0857_                  AND2_X1                          0.0000    0.0000 2.847e-08 2.847e-08 ( 0.02%)     1.0640 
_0867_                  AND2_X1                          0.0000    0.0000 2.047e-08 2.047e-08 ( 0.01%)     1.0640 
_0868_                  INV_X1                           0.0000    0.0000 1.010e-08 1.010e-08 ( 0.01%)     0.5320 
_0870_                  AND2_X1                          0.0000    0.0000 2.047e-08 2.047e-08 ( 0.01%)     1.0640 
_0871_                  INV_X1                           0.0000    0.0000 1.010e-08 1.010e-08 ( 0.01%)     0.5320 
_0876_                  AND2_X1                          0.0000    0.0000 2.047e-08 2.047e-08 ( 0.01%)     1.0640 
_0877_                  INV_X1                           0.0000    0.0000 1.010e-08 1.010e-08 ( 0.01%)     0.5320 
_0888_                  AND2_X1                          0.0000    0.0000 2.047e-08 2.047e-08 ( 0.01%)     1.0640 
_0889_                  INV_X1                           0.0000    0.0000 1.010e-08 1.010e-08 ( 0.01%)     0.5320 
_0890_                  AND2_X1                          0.0000    0.0000 2.047e-08 2.047e-08 ( 0.01%)     1.0640 
_0891_                  INV_X1                           0.0000    0.0000 1.010e-08 1.010e-08 ( 0.01%)     0.5320 
_0892_                  AND2_X1                          0.0000    0.0000 2.847e-08 2.847e-08 ( 0.02%)     1.0640 
_0895_                  AND2_X1                          0.0000    0.0000 2.047e-08 2.047e-08 ( 0.01%)     1.0640 
_0896_                  INV_X1                           0.0000    0.0000 1.010e-08 1.010e-08 ( 0.01%)     0.5320 
_0897_                  AND2_X1                          0.0000    0.0000 2.047e-08 2.047e-08 ( 0.01%)     1.0640 
_0900_                  AND2_X1                          0.0000    0.0000 2.518e-08 2.518e-08 ( 0.02%)     1.0640 
_0901_                  INV_X1                           0.0000    0.0000 1.010e-08 1.010e-08 ( 0.01%)     0.5320 
_0902_                  AND2_X1                          0.0000    0.0000 2.046e-08 2.046e-08 ( 0.01%)     1.0640 
_0903_                  INV_X1                           0.0000    0.0000 1.010e-08 1.010e-08 ( 0.01%)     0.5320 
_0904_                  AND2_X1                          0.0000    0.0000 2.047e-08 2.047e-08 ( 0.01%)     1.0640 
_0905_                  INV_X1                           0.0000    0.0000 1.010e-08 1.010e-08 ( 0.01%)     0.5320 
_0906_                  AND2_X1                          0.0000    0.0000 2.847e-08 2.847e-08 ( 0.02%)     1.0640 
_0907_                  AND2_X1                          0.0000    0.0000 2.847e-08 2.847e-08 ( 0.02%)     1.0640 
_0908_                  INV_X1                           0.0000    0.0000 1.860e-08 1.860e-08 ( 0.01%)     0.5320 
_0914_                  AND2_X1                          0.0000    0.0000 2.282e-08 2.282e-08 ( 0.02%)     1.0640 
_0915_                  INV_X1                           0.0000    0.0000 1.010e-08 1.010e-08 ( 0.01%)     0.5320 
_0916_                  AND2_X1                          0.0000    0.0000 2.847e-08 2.847e-08 ( 0.02%)     1.0640 
_0917_                  INV_X1                           0.0000    0.0000 1.860e-08 1.860e-08 ( 0.01%)     0.5320 
_0918_                  AND2_X1                          0.0000    0.0000 2.047e-08 2.047e-08 ( 0.01%)     1.0640 
_0919_                  INV_X1                           0.0000    0.0000 1.010e-08 1.010e-08 ( 0.01%)     0.5320 
_0920_                  AND2_X1                          0.0000    0.0000 2.048e-08 2.048e-08 ( 0.01%)     1.0640 
_0921_                  INV_X1                           0.0000    0.0000 1.010e-08 1.010e-08 ( 0.01%)     0.5320 
_0922_                  AND2_X1                          0.0000    0.0000 2.047e-08 2.047e-08 ( 0.01%)     1.0640 
_0923_                  INV_X1                           0.0000    0.0000 1.010e-08 1.010e-08 ( 0.01%)     0.5320 
_0924_                  AND2_X1                          0.0000    0.0000 2.847e-08 2.847e-08 ( 0.02%)     1.0640 
_0925_                  AND2_X1                          0.0000    0.0000 2.847e-08 2.847e-08 ( 0.02%)     1.0640 
_0926_                  INV_X1                           0.0000    0.0000 1.860e-08 1.860e-08 ( 0.01%)     0.5320 
_0932_                  AND2_X1                          0.0000    0.0000 2.302e-08 2.302e-08 ( 0.02%)     1.0640 
_0933_                  INV_X1                           0.0000    0.0000 1.010e-08 1.010e-08 ( 0.01%)     0.5320 
_0934_                  AND2_X1                          0.0000    0.0000 2.847e-08 2.847e-08 ( 0.02%)     1.0640 
_0935_                  INV_X1                           0.0000    0.0000 1.860e-08 1.860e-08 ( 0.01%)     0.5320 
_0936_                  AND2_X1                          0.0000    0.0000 2.047e-08 2.047e-08 ( 0.01%)     1.0640 
_0937_                  INV_X1                           0.0000    0.0000 1.010e-08 1.010e-08 ( 0.01%)     0.5320 
_0941_                  AND2_X1                          0.0000    0.0000 2.047e-08 2.047e-08 ( 0.01%)     1.0640 
_0942_                  INV_X1                           0.0000    0.0000 1.010e-08 1.010e-08 ( 0.01%)     0.5320 
_0946_                  AND2_X1                          0.0000    0.0000 2.048e-08 2.048e-08 ( 0.01%)     1.0640 
_0947_                  INV_X1                           0.0000    0.0000 1.010e-08 1.010e-08 ( 0.01%)     0.5320 
_0948_                  AND2_X1                          0.0000    0.0000 2.047e-08 2.047e-08 ( 0.01%)     1.0640 
_0949_                  INV_X1                           0.0000    0.0000 1.010e-08 1.010e-08 ( 0.01%)     0.5320 
_0950_                  AND2_X1                          0.0000    0.0000 2.847e-08 2.847e-08 ( 0.02%)     1.0640 
_0968_                  AND2_X1                          0.0000    0.0000 2.110e-08 2.110e-08 ( 0.01%)     1.0640 
_0969_                  INV_X1                           0.0000    0.0000 1.010e-08 1.010e-08 ( 0.01%)     0.5320 
_0978_                  AND2_X1                          0.0000    0.0000 2.109e-08 2.109e-08 ( 0.01%)     1.0640 
_0979_                  INV_X1                           0.0000    0.0000 1.010e-08 1.010e-08 ( 0.01%)     0.5320 
_1025_                  AND2_X1                          0.0000    0.0000 2.062e-08 2.062e-08 ( 0.01%)     1.0640 
_1026_                  INV_X1                           0.0000    0.0000 1.010e-08 1.010e-08 ( 0.01%)     0.5320 
_1027_                  AND2_X1                          0.0000    0.0000 3.085e-08 3.085e-08 ( 0.02%)     1.0640 
_1028_                  INV_X1                           0.0000    0.0000 1.010e-08 1.010e-08 ( 0.01%)     0.5320 
_1029_                  AND2_X1                          0.0000    0.0000 2.062e-08 2.062e-08 ( 0.01%)     1.0640 
_1030_                  INV_X1                           0.0000    0.0000 1.010e-08 1.010e-08 ( 0.01%)     0.5320 
_1031_                  AND2_X1                          0.0000    0.0000 3.085e-08 3.085e-08 ( 0.02%)     1.0640 
_1032_                  AND2_X1                          0.0000    0.0000 2.062e-08 2.062e-08 ( 0.01%)     1.0640 
_1033_                  INV_X1                           0.0000    0.0000 1.010e-08 1.010e-08 ( 0.01%)     0.5320 
_1034_                  AND2_X1                          0.0000    0.0000 2.032e-08 2.032e-08 ( 0.01%)     1.0640 
_1035_                  INV_X1                           0.0000    0.0000 1.010e-08 1.010e-08 ( 0.01%)     0.5320 
_1036_                  AND2_X1                          0.0000    0.0000 2.032e-08 2.032e-08 ( 0.01%)     1.0640 
_1037_                  INV_X1                           0.0000    0.0000 1.010e-08 1.010e-08 ( 0.01%)     0.5320 
_1038_                  AND2_X1                          0.0000    0.0000 2.032e-08 2.032e-08 ( 0.01%)     1.0640 
_1039_                  INV_X1                           0.0000    0.0000 1.010e-08 1.010e-08 ( 0.01%)     0.5320 
_1052_                  AND2_X1                          0.0000    0.0000 2.847e-08 2.847e-08 ( 0.02%)     1.0640 
_1068_                  AND2_X1                          0.0000    0.0000 2.059e-08 2.059e-08 ( 0.01%)     1.0640 
_1069_                  AND2_X1                          0.0000    0.0000 2.032e-08 2.032e-08 ( 0.01%)     1.0640 
_1070_                  AND2_X1                          0.0000    0.0000 2.062e-08 2.062e-08 ( 0.01%)     1.0640 
_1071_                  AND2_X1                          0.0000    0.0000 2.052e-08 2.052e-08 ( 0.01%)     1.0640 
_1072_                  INV_X1                           0.0000    0.0000 1.010e-08 1.010e-08 ( 0.01%)     0.5320 
_1078_                  AND2_X1                          0.0000    0.0000 2.053e-08 2.053e-08 ( 0.01%)     1.0640 
_1079_                  INV_X1                           0.0000    0.0000 1.010e-08 1.010e-08 ( 0.01%)     0.5320 
_1082_                  AND2_X1                          0.0000    0.0000 2.053e-08 2.053e-08 ( 0.01%)     1.0640 
_1083_                  INV_X1                           0.0000    0.0000 1.010e-08 1.010e-08 ( 0.01%)     0.5320 
_1084_                  AND2_X1                          0.0000    0.0000 2.052e-08 2.052e-08 ( 0.01%)     1.0640 
_1085_                  INV_X1                           0.0000    0.0000 1.010e-08 1.010e-08 ( 0.01%)     0.5320 
_1086_                  AND2_X1                          0.0000    0.0000 2.847e-08 2.847e-08 ( 0.02%)     1.0640 
_1096_                  AND2_X1                          0.0000    0.0000 2.052e-08 2.052e-08 ( 0.01%)     1.0640 
_1097_                  INV_X1                           0.0000    0.0000 1.010e-08 1.010e-08 ( 0.01%)     0.5320 
_1102_                  AND2_X1                          0.0000    0.0000 2.053e-08 2.053e-08 ( 0.01%)     1.0640 
_1103_                  INV_X1                           0.0000    0.0000 1.010e-08 1.010e-08 ( 0.01%)     0.5320 
_1107_                  AND2_X1                          0.0000    0.0000 2.053e-08 2.053e-08 ( 0.01%)     1.0640 
_1108_                  INV_X1                           0.0000    0.0000 1.010e-08 1.010e-08 ( 0.01%)     0.5320 
_1120_                  AND2_X1                          0.0000    0.0000 2.052e-08 2.052e-08 ( 0.01%)     1.0640 
_1121_                  INV_X1                           0.0000    0.0000 1.010e-08 1.010e-08 ( 0.01%)     0.5320 
_1122_                  AND2_X1                          0.0000    0.0000 2.052e-08 2.052e-08 ( 0.01%)     1.0640 
_1123_                  INV_X1                           0.0000    0.0000 1.010e-08 1.010e-08 ( 0.01%)     0.5320 
_1124_                  AND2_X1                          0.0000    0.0000 2.847e-08 2.847e-08 ( 0.02%)     1.0640 
_1142_                  AND2_X1                          0.0000    0.0000 2.052e-08 2.052e-08 ( 0.01%)     1.0640 
_1143_                  INV_X1                           0.0000    0.0000 1.010e-08 1.010e-08 ( 0.01%)     0.5320 
_1147_                  AND2_X1                          0.0000    0.0000 2.053e-08 2.053e-08 ( 0.01%)     1.0640 
_1148_                  INV_X1                           0.0000    0.0000 1.010e-08 1.010e-08 ( 0.01%)     0.5320 
_1149_                  AND2_X1                          0.0000    0.0000 2.052e-08 2.052e-08 ( 0.01%)     1.0640 
_1150_                  INV_X1                           0.0000    0.0000 1.010e-08 1.010e-08 ( 0.01%)     0.5320 
_1151_                  AND2_X1                          0.0000    0.0000 2.847e-08 2.847e-08 ( 0.02%)     1.0640 
_1152_                  AND2_X1                          0.0000    0.0000 2.053e-08 2.053e-08 ( 0.01%)     1.0640 
_1153_                  INV_X1                           0.0000    0.0000 1.010e-08 1.010e-08 ( 0.01%)     0.5320 
_1154_                  AND2_X1                          0.0000    0.0000 2.052e-08 2.052e-08 ( 0.01%)     1.0640 
_1155_                  INV_X1                           0.0000    0.0000 1.010e-08 1.010e-08 ( 0.01%)     0.5320 
_1156_                  AND2_X1                          0.0000    0.0000 2.847e-08 2.847e-08 ( 0.02%)     1.0640 
_1157_                  AND2_X1                          0.0000    0.0000 2.847e-08 2.847e-08 ( 0.02%)     1.0640 
_1161_                  AND2_X1                          0.0000    0.0000 2.047e-08 2.047e-08 ( 0.01%)     1.0640 
_1162_                  INV_X1                           0.0000    0.0000 1.010e-08 1.010e-08 ( 0.01%)     0.5320 
_1163_                  AND2_X1                          0.0000    0.0000 2.050e-08 2.050e-08 ( 0.01%)     1.0640 
_1164_                  INV_X1                           0.0000    0.0000 1.010e-08 1.010e-08 ( 0.01%)     0.5320 
_1165_                  AND2_X1                          0.0000    0.0000 2.847e-08 2.847e-08 ( 0.02%)     1.0640 
_1166_                  AND2_X1                          0.0000    0.0000 2.050e-08 2.050e-08 ( 0.01%)     1.0640 
_1167_                  INV_X1                           0.0000    0.0000 1.010e-08 1.010e-08 ( 0.01%)     0.5320 
_1186_                  AND2_X1                          0.0000    0.0000 2.050e-08 2.050e-08 ( 0.01%)     1.0640 
_1187_                  INV_X1                           0.0000    0.0000 1.010e-08 1.010e-08 ( 0.01%)     0.5320 
_1192_                  AND2_X1                          0.0000    0.0000 2.049e-08 2.049e-08 ( 0.01%)     1.0640 
_1193_                  INV_X1                           0.0000    0.0000 1.010e-08 1.010e-08 ( 0.01%)     0.5320 
_1194_                  AND2_X1                          0.0000    0.0000 2.049e-08 2.049e-08 ( 0.01%)     1.0640 
_1195_                  INV_X1                           0.0000    0.0000 1.010e-08 1.010e-08 ( 0.01%)     0.5320 
_1196_                  AND2_X1                          0.0000    0.0000 2.847e-08 2.847e-08 ( 0.02%)     1.0640 
_1197_                  AND2_X1                          0.0000    0.0000 2.050e-08 2.050e-08 ( 0.01%)     1.0640 
_1198_                  INV_X1                           0.0000    0.0000 1.010e-08 1.010e-08 ( 0.01%)     0.5320 
_1207_                  AND2_X1                          0.0000    0.0000 2.050e-08 2.050e-08 ( 0.01%)     1.0640 
_1208_                  INV_X1                           0.0000    0.0000 1.010e-08 1.010e-08 ( 0.01%)     0.5320 
_1209_                  AND2_X1                          0.0000    0.0000 2.050e-08 2.050e-08 ( 0.01%)     1.0640 
_1210_                  INV_X1                           0.0000    0.0000 1.010e-08 1.010e-08 ( 0.01%)     0.5320 
_1211_                  AND2_X1                          0.0000    0.0000 2.847e-08 2.847e-08 ( 0.02%)     1.0640 
_1219_                  AND2_X1                          0.0000    0.0000 2.049e-08 2.049e-08 ( 0.01%)     1.0640 
_1220_                  INV_X1                           0.0000    0.0000 1.010e-08 1.010e-08 ( 0.01%)     0.5320 
_1223_                  AND2_X1                          0.0000    0.0000 2.051e-08 2.051e-08 ( 0.01%)     1.0640 
_1224_                  AND2_X1                          0.0000    0.0000 2.047e-08 2.047e-08 ( 0.01%)     1.0640 
_1225_                  INV_X1                           0.0000    0.0000 1.010e-08 1.010e-08 ( 0.01%)     0.5320 
_1226_                  AND2_X1                          0.0000    0.0000 2.049e-08 2.049e-08 ( 0.01%)     1.0640 
_1227_                  INV_X1                           0.0000    0.0000 1.010e-08 1.010e-08 ( 0.01%)     0.5320 
_1228_                  AND2_X1                          0.0000    0.0000 2.047e-08 2.047e-08 ( 0.01%)     1.0640 
_1229_                  INV_X1                           0.0000    0.0000 1.010e-08 1.010e-08 ( 0.01%)     0.5320 
_1230_                  AND2_X1                          0.0000    0.0000 2.847e-08 2.847e-08 ( 0.02%)     1.0640 
_1231_                  AND2_X1                          0.0000    0.0000 2.847e-08 2.847e-08 ( 0.02%)     1.0640 
_1232_                  INV_X1                           0.0000    0.0000 1.860e-08 1.860e-08 ( 0.01%)     0.5320 
_1238_                  AND2_X1                          0.0000    0.0000 2.382e-08 2.382e-08 ( 0.02%)     1.0640 
_1239_                  INV_X1                           0.0000    0.0000 1.010e-08 1.010e-08 ( 0.01%)     0.5320 
_1240_                  AND2_X1                          0.0000    0.0000 2.847e-08 2.847e-08 ( 0.02%)     1.0640 
_1241_                  INV_X1                           0.0000    0.0000 1.860e-08 1.860e-08 ( 0.01%)     0.5320 
_1242_                  AND2_X1                          0.0000    0.0000 2.049e-08 2.049e-08 ( 0.01%)     1.0640 
_1243_                  INV_X1                           0.0000    0.0000 1.010e-08 1.010e-08 ( 0.01%)     0.5320 
_1244_                  AND2_X1                          0.0000    0.0000 2.049e-08 2.049e-08 ( 0.01%)     1.0640 
_1245_                  INV_X1                           0.0000    0.0000 1.010e-08 1.010e-08 ( 0.01%)     0.5320 
_1246_                  AND2_X1                          0.0000    0.0000 2.049e-08 2.049e-08 ( 0.01%)     1.0640 
_1247_                  INV_X1                           0.0000    0.0000 1.010e-08 1.010e-08 ( 0.01%)     0.5320 
_1248_                  AND2_X1                          0.0000    0.0000 2.847e-08 2.847e-08 ( 0.02%)     1.0640 
_1249_                  AND2_X1                          0.0000    0.0000 2.847e-08 2.847e-08 ( 0.02%)     1.0640 
_1250_                  INV_X1                           0.0000    0.0000 1.860e-08 1.860e-08 ( 0.01%)     0.5320 
_1251_                  AND2_X1                          0.0000    0.0000 2.043e-08 2.043e-08 ( 0.01%)     1.0640 
_1252_                  INV_X1                           0.0000    0.0000 1.010e-08 1.010e-08 ( 0.01%)     0.5320 
_1253_                  AND2_X1                          0.0000    0.0000 2.847e-08 2.847e-08 ( 0.02%)     1.0640 
_1254_                  INV_X1                           0.0000    0.0000 1.860e-08 1.860e-08 ( 0.01%)     0.5320 
_1255_                  AND2_X1                          0.0000    0.0000 2.050e-08 2.050e-08 ( 0.01%)     1.0640 
_1256_                  INV_X1                           0.0000    0.0000 1.010e-08 1.010e-08 ( 0.01%)     0.5320 
_1274_                  AND2_X1                          0.0000    0.0000 2.847e-08 2.847e-08 ( 0.02%)     1.0640 
_1281_                  AND2_X1                          0.0000    0.0000 2.189e-08 2.189e-08 ( 0.01%)     1.0640 
_1282_                  INV_X1                           0.0000    0.0000 1.010e-08 1.010e-08 ( 0.01%)     0.5320 
_1297_                  AND2_X1                          0.0000    0.0000 2.847e-08 2.847e-08 ( 0.02%)     1.0640 
_1327_                  AND2_X1                          0.0000    0.0000 2.357e-08 2.357e-08 ( 0.02%)     1.0640 
_1328_                  XOR2_X1                          0.0000    0.0000 2.341e-08 2.341e-08 ( 0.02%)     1.5960 
_1329_                  AND2_X1                          0.0000    0.0000 3.085e-08 3.085e-08 ( 0.02%)     1.0640 
_1330_                  INV_X1                           0.0000    0.0000 1.010e-08 1.010e-08 ( 0.01%)     0.5320 
_1359_                  AND2_X1                          0.0000    0.0000 2.059e-08 2.059e-08 ( 0.01%)     1.0640 
_1360_                  AND2_X1                          0.0000    0.0000 2.035e-08 2.035e-08 ( 0.01%)     1.0640 
_1361_                  AND2_X1                          0.0000    0.0000 2.062e-08 2.062e-08 ( 0.01%)     1.0640 
_1362_                  AND2_X1                          0.0000    0.0000 2.059e-08 2.059e-08 ( 0.01%)     1.0640 
_1363_                  AND2_X1                          0.0000    0.0000 2.035e-08 2.035e-08 ( 0.01%)     1.0640 
_1364_                  AND2_X1                          0.0000    0.0000 2.062e-08 2.062e-08 ( 0.01%)     1.0640 
_1365_                  AND2_X1                          0.0000    0.0000 2.032e-08 2.032e-08 ( 0.01%)     1.0640 
_1366_                  AND2_X1                          0.0000    0.0000 2.032e-08 2.032e-08 ( 0.01%)     1.0640 
_1367_                  AND2_X1                          0.0000    0.0000 2.032e-08 2.032e-08 ( 0.01%)     1.0640 
------------------------------------------------------------------------------------------------------------------------
Totals (687 cells)                                    8.774e-05 4.890e-05 1.365e-05 1.503e-04 (100.0%)   576.6902
1
