****************************************
Report : Averaged Power
	-net_power
	-sort_by net_switching_power
	-nosplit
Design : Rocket/bpu (BreakpointUnit)
Version: T-2022.03-SP3
Date   : Tue May 20 12:22:44 2025
****************************************



  Attributes
  ----------
      a  -  Switching activity information / Switching power information annotated on net
      p  -  Propagated switching activity information on net
      d  -  Default switching activity used on net
      u  -  Net switching activity uninitialized
      m  -  Net is driven by multiple pins
      b  -  Net is a primary input (boundary net)

		Toggle rates reported with respect to time unit 1ns
--------------------------------------------------------------------------------
                                  Total      Static   Toggle   Switching
Net                         Vdd   Net Load   Prob.    Rate     Power      Attrs
--------------------------------------------------------------------------------
io_pc[1]                    1.10    0.011    0.538    0.2654   1.769e-06  p
io_pc[3]                    1.10    0.011    0.504    0.2032   1.355e-06  p
io_pc[10]                   1.10    0.009    0.498    0.2021   1.076e-06  p
io_pc[28]                   1.10    0.009    0.498    0.1993   1.061e-06  p
io_pc[15]                   1.10    0.008    0.496    0.2030   1.015e-06  p
io_pc[5]                    1.10    0.008    0.491    0.2013   1.007e-06  p
io_pc[19]                   1.10    0.008    0.497    0.2006   1.004e-06  p
io_pc[13]                   1.10    0.008    0.503    0.2006   1.003e-06  p
io_pc[22]                   1.10    0.008    0.501    0.1987   9.939e-07  p
io_pc[2]                    1.10    0.008    0.509    0.1974   9.876e-07  p
io_pc[24]                   1.10    0.008    0.498    0.1967   9.841e-07  p
io_pc[29]                   1.10    0.008    0.504    0.1967   9.839e-07  p
io_pc[6]                    1.10    0.008    0.497    0.1959   9.800e-07  p
io_pc[4]                    1.10    0.008    0.498    0.1953   9.768e-07  p
io_pc[0]                    1.10    0.008    0.518    0.1971   9.760e-07  p
io_pc[14]                   1.10    0.008    0.495    0.1973   9.472e-07  p
io_pc[18]                   1.10    0.008    0.491    0.1968   9.450e-07  p
io_pc[26]                   1.10    0.007    0.504    0.2049   9.179e-07  p
io_pc[17]                   1.10    0.007    0.509    0.2035   9.116e-07  p
io_pc[8]                    1.10    0.007    0.512    0.2028   9.086e-07  p
io_pc[27]                   1.10    0.007    0.500    0.2011   9.008e-07  p
io_pc[20]                   1.10    0.007    0.489    0.2009   8.999e-07  p
io_pc[31]                   1.10    0.007    0.491    0.2006   8.984e-07  p
io_pc[25]                   1.10    0.007    0.504    0.1995   8.935e-07  p
io_pc[16]                   1.10    0.007    0.501    0.1995   8.935e-07  p
io_pc[21]                   1.10    0.007    0.498    0.1980   8.868e-07  p
io_pc[11]                   1.10    0.007    0.507    0.1978   8.860e-07  p
io_pc[12]                   1.10    0.007    0.503    0.1973   8.837e-07  p
io_pc[23]                   1.10    0.007    0.494    0.1967   8.809e-07  p
io_pc[9]                    1.10    0.007    0.491    0.1961   8.786e-07  p
io_pc[30]                   1.10    0.007    0.507    0.1959   8.777e-07  p
io_pc[7]                    1.10    0.007    0.514    0.1945   8.715e-07  p
io_ea[3]                    1.10    0.014    0.460    0.0744   6.414e-07  p
io_ea[1]                    1.10    0.013    0.504    0.0794   6.055e-07  p
io_ea[2]                    1.10    0.011    0.441    0.0740   5.057e-07  p
io_ea[5]                    1.10    0.011    0.435    0.0717   4.899e-07  p
io_ea[6]                    1.10    0.011    0.399    0.0698   4.768e-07  p
io_ea[7]                    1.10    0.011    0.412    0.0685   4.679e-07  p
io_ea[9]                    1.10    0.011    0.436    0.0678   4.632e-07  p
io_ea[10]                   1.10    0.012    0.419    0.0645   4.611e-07  p
io_ea[13]                   1.10    0.011    0.501    0.0663   4.532e-07  p
io_ea[26]                   1.10    0.012    0.340    0.0621   4.442e-07  p
io_ea[15]                   1.10    0.011    0.412    0.0645   4.407e-07  p
io_ea[11]                   1.10    0.011    0.406    0.0639   4.365e-07  p
io_ea[8]                    1.10    0.011    0.425    0.0686   4.363e-07  p
io_ea[14]                   1.10    0.011    0.403    0.0638   4.359e-07  p
io_ea[12]                   1.10    0.011    0.434    0.0636   4.348e-07  p
io_ea[0]                    1.10    0.011    0.376    0.0649   4.329e-07  p
io_ea[17]                   1.10    0.011    0.350    0.0629   4.298e-07  p
io_status_debug             1.10    0.016    0.114    0.0445   4.267e-07  p
io_ea[4]                    1.10    0.010    0.437    0.0724   4.253e-07  p
io_ea[29]                   1.10    0.011    0.322    0.0620   4.237e-07  p
io_ea[24]                   1.10    0.011    0.330    0.0616   4.209e-07  p
io_ea[25]                   1.10    0.011    0.325    0.0616   4.206e-07  p
io_ea[16]                   1.10    0.011    0.346    0.0615   4.201e-07  p
io_ea[22]                   1.10    0.011    0.337    0.0613   4.187e-07  p
io_ea[18]                   1.10    0.012    0.312    0.0581   4.157e-07  p
io_ea[27]                   1.10    0.011    0.338    0.0608   4.151e-07  p
io_ea[28]                   1.10    0.011    0.320    0.0606   4.142e-07  p
io_ea[21]                   1.10    0.011    0.343    0.0603   4.120e-07  p
io_ea[20]                   1.10    0.011    0.321    0.0599   4.090e-07  p
io_ea[23]                   1.10    0.011    0.316    0.0597   4.081e-07  p
_0167_                      1.10    0.003    0.501    0.1995   4.071e-07  p
io_ea[19]                   1.10    0.011    0.333    0.0595   4.067e-07  p
io_ea[31]                   1.10    0.011    0.324    0.0589   4.023e-07  p
io_ea[30]                   1.10    0.011    0.341    0.0586   4.001e-07  p
_0201_                      1.10    0.003    0.249    0.1932   3.944e-07  p
_0096_                      1.10    0.003    0.250    0.1965   3.943e-07  p
_0274_                      1.10    0.003    0.249    0.1924   3.927e-07  p
_0109_                      1.10    0.003    0.248    0.1941   3.895e-07  p
_0125_                      1.10    0.003    0.250    0.1911   3.835e-07  p
_0217_                      1.10    0.002    0.538    0.2654   3.228e-07  p
_0360_                      1.10    0.002    0.538    0.2654   3.228e-07  p
_0170_                      1.10    0.003    0.491    0.2035   3.191e-07  p
_0144_                      1.10    0.003    0.511    0.2009   3.150e-07  p
_0158_                      1.10    0.003    0.503    0.2006   3.146e-07  p
_0185_                      1.10    0.003    0.504    0.2030   3.114e-07  p
_0229_                      1.10    0.003    0.491    0.1974   3.096e-07  p
_0135_                      1.10    0.003    0.250    0.1965   3.081e-07  p
_0250_                      1.10    0.003    0.256    0.1957   3.068e-07  p
_0206_                      1.10    0.003    0.486    0.1945   3.050e-07  p
_0132_                      1.10    0.003    0.248    0.1941   3.043e-07  p
_0140_                      1.10    0.003    0.502    0.1980   3.036e-07  p
_0258_                      1.10    0.003    0.493    0.1978   3.034e-07  p
_0194_                      1.10    0.003    0.251    0.1978   3.033e-07  p
_0115_                      1.10    0.003    0.496    0.1967   3.017e-07  p
_0264_                      1.10    0.003    0.248    0.1955   2.998e-07  p
_0213_                      1.10    0.003    0.502    0.1953   2.995e-07  p
_0164_                      1.10    0.003    0.259    0.1925   2.953e-07  p
_0120_                      1.10    0.003    0.250    0.1920   2.944e-07  p
_0156_                      1.10    0.003    0.252    0.1897   2.909e-07  p
_0363_                      1.10    0.002    0.228    0.2136   2.598e-07  p
_0365_                      1.10    0.002    0.772    0.2136   2.598e-07  p
_0094_                      1.10    0.002    0.504    0.2049   2.492e-07  p
_0169_                      1.10    0.002    0.509    0.2035   2.475e-07  p
_0230_                      1.10    0.002    0.504    0.2032   2.472e-07  p
_0368_                      1.10    0.002    0.504    0.2032   2.472e-07  p
_0184_                      1.10    0.002    0.496    0.2030   2.469e-07  p
_0272_                      1.10    0.002    0.512    0.2028   2.467e-07  p
_0280_                      1.10    0.002    0.498    0.2021   2.458e-07  p
_0308_                      1.10    0.002    0.233    0.2020   2.456e-07  p
_0248_                      1.10    0.002    0.491    0.2013   2.448e-07  p
_0092_                      1.10    0.002    0.500    0.2011   2.445e-07  p
_0143_                      1.10    0.002    0.489    0.2009   2.443e-07  p
_0157_                      1.10    0.002    0.497    0.2006   2.440e-07  p
_0197_                      1.10    0.002    0.503    0.2006   2.439e-07  p
_0105_                      1.10    0.002    0.491    0.2006   2.439e-07  p
_0317_                      1.10    0.002    0.244    0.2000   2.432e-07  p
_0121_                      1.10    0.002    0.504    0.1995   2.426e-07  p
_0320_                      1.10    0.002    0.501    0.1995   2.426e-07  p
_0310_                      1.10    0.002    0.498    0.1993   2.423e-07  p
_0154_                      1.10    0.002    0.501    0.1987   2.416e-07  p
_0139_                      1.10    0.002    0.498    0.1980   2.407e-07  p
_0257_                      1.10    0.002    0.507    0.1978   2.405e-07  p
_0228_                      1.10    0.002    0.509    0.1974   2.401e-07  p
_0199_                      1.10    0.002    0.503    0.1973   2.399e-07  p
_0293_                      1.10    0.002    0.495    0.1973   2.399e-07  p
_0374_                      1.10    0.002    0.518    0.1971   2.396e-07  p
_0326_                      1.10    0.002    0.491    0.1968   2.393e-07  p
_0123_                      1.10    0.002    0.498    0.1967   2.392e-07  p
_0114_                      1.10    0.002    0.504    0.1967   2.392e-07  p
_0152_                      1.10    0.002    0.494    0.1967   2.391e-07  p
_0301_                      1.10    0.002    0.750    0.1965   2.389e-07  p
_0270_                      1.10    0.002    0.491    0.1961   2.385e-07  p
_0107_                      1.10    0.002    0.507    0.1959   2.382e-07  p
_0246_                      1.10    0.002    0.497    0.1959   2.382e-07  p
_0212_                      1.10    0.002    0.498    0.1953   2.375e-07  p
_0205_                      1.10    0.002    0.514    0.1945   2.366e-07  p
_0315_                      1.10    0.002    0.752    0.1941   2.360e-07  p
_0291_                      1.10    0.002    0.190    0.1904   2.315e-07  p
_0322_                      1.10    0.002    0.244    0.1901   2.312e-07  p
_0324_                      1.10    0.002    0.196    0.1894   2.303e-07  p
_0304_                      1.10    0.002    0.187    0.1883   2.290e-07  p
_0284_                      1.10    0.002    0.186    0.1876   2.282e-07  p
_0218_                      1.10    0.001    0.462    0.2654   2.062e-07  p
_0359_                      1.10    0.001    0.538    0.2654   2.062e-07  p
_0032_                      1.10    0.001    0.462    0.2654   1.972e-07  p
_0361_                      1.10    0.001    0.462    0.2654   1.972e-07  p
_0364_                      1.10    0.001    0.772    0.2136   1.660e-07  p
_0095_                      1.10    0.001    0.496    0.2049   1.592e-07  p
_0366_                      1.10    0.001    0.228    0.2136   1.587e-07  p
_0173_                      1.10    0.001    0.491    0.2035   1.581e-07  p
_0231_                      1.10    0.001    0.496    0.2032   1.579e-07  p
_0367_                      1.10    0.001    0.504    0.2032   1.579e-07  p
_0369_                      1.10    0.001    0.496    0.2032   1.579e-07  p
_0273_                      1.10    0.001    0.488    0.2028   1.576e-07  p
_0263_                      1.10    0.001    0.502    0.2021   1.571e-07  p
_0281_                      1.10    0.001    0.502    0.2021   1.571e-07  p
_0249_                      1.10    0.001    0.509    0.2013   1.564e-07  p
_0328_                      1.10    0.001    0.258    0.2010   1.562e-07  p
_0318_                      1.10    0.001    0.756    0.2000   1.554e-07  p
_0179_                      1.10    0.001    0.499    0.1995   1.550e-07  p
_0321_                      1.10    0.001    0.499    0.1995   1.550e-07  p
_0311_                      1.10    0.001    0.502    0.1993   1.548e-07  p
_0155_                      1.10    0.001    0.499    0.1987   1.544e-07  p
_0295_                      1.10    0.001    0.251    0.1978   1.537e-07  p
_0362_                      1.10    0.001    0.491    0.1974   1.534e-07  p
_0188_                      1.10    0.001    0.495    0.1973   1.533e-07  p
_0192_                      1.10    0.001    0.505    0.1973   1.533e-07  p
_0193_                      1.10    0.001    0.505    0.1973   1.533e-07  p
_0200_                      1.10    0.001    0.497    0.1973   1.533e-07  p
_0294_                      1.10    0.001    0.505    0.1973   1.533e-07  p
_0373_                      1.10    0.001    0.518    0.1971   1.531e-07  p
_0162_                      1.10    0.001    0.491    0.1968   1.529e-07  p
_0163_                      1.10    0.001    0.509    0.1968   1.529e-07  p
_0124_                      1.10    0.001    0.502    0.1967   1.529e-07  p
_0119_                      1.10    0.001    0.496    0.1967   1.528e-07  p
_0136_                      1.10    0.001    0.250    0.1965   1.527e-07  p
_0108_                      1.10    0.001    0.493    0.1959   1.522e-07  p
_0054_                      1.10    0.001    0.496    0.2049   1.522e-07  p
_0046_                      1.10    0.001    0.491    0.2035   1.512e-07  p
_0376_                      1.10    0.001    0.486    0.1945   1.512e-07  p
_0034_                      1.10    0.001    0.496    0.2032   1.510e-07  p
_0044_                      1.10    0.001    0.504    0.2030   1.508e-07  p
_0191_                      1.10    0.001    0.504    0.2030   1.508e-07  p
_0039_                      1.10    0.001    0.488    0.2028   1.507e-07  p
_0259_                      1.10    0.001    0.498    0.2021   1.502e-07  p
_0202_                      1.10    0.001    0.751    0.1932   1.502e-07  p
_0309_                      1.10    0.001    0.767    0.2020   1.500e-07  p
_0036_                      1.10    0.001    0.509    0.2013   1.496e-07  p
_0275_                      1.10    0.001    0.751    0.1924   1.495e-07  p
_0276_                      1.10    0.001    0.249    0.1924   1.495e-07  p
_0055_                      1.10    0.001    0.500    0.2011   1.494e-07  p
_0093_                      1.10    0.001    0.500    0.2011   1.494e-07  p
_0048_                      1.10    0.001    0.511    0.2009   1.492e-07  p
_0312_                      1.10    0.001    0.250    0.1920   1.492e-07  p
_0047_                      1.10    0.001    0.503    0.2006   1.491e-07  p
_0161_                      1.10    0.001    0.503    0.2006   1.491e-07  p
_0043_                      1.10    0.001    0.497    0.2006   1.490e-07  p
_0198_                      1.10    0.001    0.497    0.2006   1.490e-07  p
_0058_                      1.10    0.001    0.509    0.2006   1.490e-07  p
_0106_                      1.10    0.001    0.509    0.2006   1.490e-07  p
_0126_                      1.10    0.001    0.750    0.1911   1.485e-07  p
_0303_                      1.10    0.001    0.750    0.1911   1.485e-07  p
_0045_                      1.10    0.001    0.499    0.1995   1.482e-07  p
_0053_                      1.10    0.001    0.496    0.1995   1.482e-07  p
_0122_                      1.10    0.001    0.496    0.1995   1.482e-07  p
_0168_                      1.10    0.001    0.499    0.1995   1.482e-07  p
_0113_                      1.10    0.001    0.498    0.1993   1.480e-07  p
_0118_                      1.10    0.001    0.502    0.1993   1.480e-07  p
_0323_                      1.10    0.001    0.756    0.1901   1.478e-07  p
_0050_                      1.10    0.001    0.499    0.1987   1.476e-07  p
_0232_                      1.10    0.001    0.237    0.1897   1.474e-07  p
_0049_                      1.10    0.001    0.502    0.1980   1.471e-07  p
_0041_                      1.10    0.001    0.493    0.1978   1.469e-07  p
_0262_                      1.10    0.001    0.493    0.1978   1.469e-07  p
_0033_                      1.10    0.001    0.491    0.1974   1.467e-07  p
_0042_                      1.10    0.001    0.497    0.1973   1.465e-07  p
_0031_                      1.10    0.001    0.482    0.1971   1.464e-07  p
_0375_                      1.10    0.001    0.482    0.1971   1.464e-07  p
_0305_                      1.10    0.001    0.813    0.1883   1.463e-07  p
_0327_                      1.10    0.001    0.509    0.1968   1.462e-07  p
_0052_                      1.10    0.001    0.502    0.1967   1.461e-07  p
_0056_                      1.10    0.001    0.496    0.1967   1.461e-07  p
_0051_                      1.10    0.001    0.506    0.1967   1.461e-07  p
_0153_                      1.10    0.001    0.506    0.1967   1.461e-07  p
_0097_                      1.10    0.001    0.750    0.1965   1.460e-07  p
_0302_                      1.10    0.001    0.250    0.1965   1.460e-07  p
_0283_                      1.10    0.001    0.186    0.1876   1.458e-07  p
_0285_                      1.10    0.001    0.814    0.1876   1.458e-07  p
_0040_                      1.10    0.001    0.509    0.1961   1.457e-07  p
_0271_                      1.10    0.001    0.509    0.1961   1.457e-07  p
_0037_                      1.10    0.001    0.503    0.1959   1.455e-07  p
_0057_                      1.10    0.001    0.493    0.1959   1.455e-07  p
_0247_                      1.10    0.001    0.503    0.1959   1.455e-07  p
_0377_                      1.10    0.001    0.245    0.1872   1.454e-07  p
_0372_                      1.10    0.001    0.256    0.1957   1.454e-07  p
_0282_                      1.10    0.001    0.248    0.1955   1.452e-07  p
_0035_                      1.10    0.001    0.502    0.1953   1.451e-07  p
_0038_                      1.10    0.001    0.486    0.1945   1.445e-07  p
_0110_                      1.10    0.001    0.752    0.1941   1.442e-07  p
_0316_                      1.10    0.001    0.248    0.1941   1.442e-07  p
_0277_                      1.10    0.003    0.062    0.0919   1.441e-07  p
_0174_                      1.10    0.001    0.254    0.1934   1.437e-07  p
_0292_                      1.10    0.001    0.810    0.1904   1.414e-07  p
_0325_                      1.10    0.001    0.804    0.1894   1.407e-07  p
_0517_                      1.10    0.003    0.425    0.0686   1.399e-07  p
_0204_                      1.10    0.003    0.061    0.0900   1.381e-07  p
_0422_                      1.10    0.003    0.330    0.0616   1.257e-07  p
_0453_                      1.10    0.003    0.490    0.0608   1.242e-07  p
_0554_                      1.10    0.003    0.559    0.0740   1.185e-07  p
_0329_                      1.10    0.001    0.136    0.1466   1.139e-07  p
_0306_                      1.10    0.002    0.063    0.0936   1.139e-07  p
_0278_                      1.10    0.002    0.062    0.0919   1.118e-07  p
_0536_                      1.10    0.003    0.563    0.0724   1.111e-07  p
_0180_                      1.10    0.001    0.127    0.1421   1.104e-07  p
_0177_                      1.10    0.001    0.127    0.1419   1.103e-07  p
_0289_                      1.10    0.002    0.061    0.0900   1.095e-07  p
_0370_                      1.10    0.001    0.109    0.1470   1.092e-07  p
_0524_                      1.10    0.003    0.588    0.0684   1.072e-07  p
_0487_                      1.10    0.003    0.564    0.0678   1.063e-07  p
_0178_                      1.10    0.001    0.127    0.1419   1.054e-07  p
_0001_                      1.10    0.004    0.886    0.0444   1.049e-07  p
_0378_                      1.10    0.001    0.119    0.1335   1.037e-07  p
_0428_                      1.10    0.003    0.679    0.0619   9.922e-08  p
_0503_                      1.10    0.003    0.595    0.0638   9.786e-08  p
_0534_                      1.10    0.003    0.365    0.0634   9.723e-08  p
_0392_                      1.10    0.003    0.675    0.0616   9.653e-08  p
_0539_                      1.10    0.002    0.504    0.0793   9.649e-08  p
_0664_                      1.10    0.002    0.504    0.0793   9.649e-08  p
_0437_                      1.10    0.003    0.515    0.0623   9.549e-08  p
_0408_                      1.10    0.003    0.680    0.0606   9.500e-08  p
_0419_                      1.10    0.003    0.509    0.0614   9.411e-08  p
_0447_                      1.10    0.003    0.679    0.0598   9.372e-08  p
_0413_                      1.10    0.003    0.662    0.0606   9.299e-08  p
_0494_                      1.10    0.003    0.388    0.0605   9.274e-08  p
_0445_                      1.10    0.003    0.657    0.0603   9.243e-08  p
_0464_                      1.10    0.003    0.522    0.0595   9.124e-08  p
_0458_                      1.10    0.003    0.668    0.0594   9.118e-08  p
_0551_                      1.10    0.002    0.460    0.0744   9.045e-08  p
_0650_                      1.10    0.002    0.460    0.0744   9.045e-08  p
_0406_                      1.10    0.003    0.676    0.0588   9.018e-08  p
_0509_                      1.10    0.003    0.383    0.0587   9.006e-08  p
_0553_                      1.10    0.002    0.441    0.0740   8.996e-08  p
_0395_                      1.10    0.003    0.659    0.0586   8.981e-08  p
_0499_                      1.10    0.003    0.322    0.0565   8.862e-08  p
_0535_                      1.10    0.002    0.437    0.0724   8.808e-08  p
_0532_                      1.10    0.002    0.435    0.0716   8.709e-08  p
_0530_                      1.10    0.002    0.399    0.0697   8.481e-08  p
_0577_                      1.10    0.002    0.425    0.0686   8.337e-08  p
_0523_                      1.10    0.002    0.412    0.0684   8.318e-08  p
_0486_                      1.10    0.002    0.436    0.0678   8.243e-08  p
_0495_                      1.10    0.002    0.501    0.0663   8.065e-08  p
_0656_                      1.10    0.002    0.376    0.0649   7.892e-08  p
_0490_                      1.10    0.002    0.412    0.0645   7.843e-08  p
_0583_                      1.10    0.002    0.419    0.0644   7.833e-08  p
_0579_                      1.10    0.002    0.360    0.0644   7.828e-08  p
_0502_                      1.10    0.002    0.405    0.0638   7.759e-08  p
_0492_                      1.10    0.002    0.403    0.0637   7.749e-08  p
_0497_                      1.10    0.002    0.434    0.0636   7.734e-08  p
_0667_                      1.10    0.002    0.306    0.0634   7.709e-08  p
_0669_                      1.10    0.002    0.694    0.0634   7.709e-08  p
_0449_                      1.10    0.002    0.350    0.0628   7.635e-08  p
_0609_                      1.10    0.002    0.340    0.0620   7.541e-08  p
_0427_                      1.10    0.002    0.321    0.0619   7.531e-08  p
_0603_                      1.10    0.002    0.330    0.0616   7.491e-08  p
_0391_                      1.10    0.002    0.325    0.0616   7.486e-08  p
_0451_                      1.10    0.002    0.345    0.0614   7.472e-08  p
_0435_                      1.10    0.002    0.337    0.0612   7.447e-08  p
_0412_                      1.10    0.002    0.338    0.0606   7.373e-08  p
_0407_                      1.10    0.002    0.320    0.0606   7.368e-08  p
_0444_                      1.10    0.002    0.343    0.0603   7.328e-08  p
_0605_                      1.10    0.002    0.518    0.0601   7.303e-08  p
_0307_                      1.10    0.001    0.937    0.0936   7.275e-08  p
_0446_                      1.10    0.002    0.321    0.0598   7.269e-08  p
_0433_                      1.10    0.002    0.316    0.0597   7.259e-08  p
_0137_                      1.10    0.001    0.064    0.0933   7.253e-08  p
_0457_                      1.10    0.002    0.332    0.0594   7.229e-08  p
_0405_                      1.10    0.002    0.324    0.0588   7.150e-08  p
_0286_                      1.10    0.001    0.062    0.0919   7.143e-08  p
_0394_                      1.10    0.002    0.341    0.0586   7.120e-08  p
_0627_                      1.10    0.002    0.311    0.0581   7.066e-08  p
_0203_                      1.10    0.001    0.061    0.0900   6.997e-08  p
_0296_                      1.10    0.001    0.061    0.0900   6.997e-08  p
_0133_                      1.10    0.001    0.063    0.0923   6.856e-08  p
_0279_                      1.10    0.001    0.938    0.0919   6.828e-08  p
_0330_                      1.10    0.002    0.031    0.0559   6.804e-08  p
_0332_                      1.10    0.002    0.969    0.0559   6.804e-08  p
_0290_                      1.10    0.001    0.939    0.0900   6.689e-08  p
_0663_                      1.10    0.001    0.504    0.0793   6.166e-08  p
_0003_                      1.10    0.001    0.496    0.0793   5.894e-08  p
_0540_                      1.10    0.001    0.496    0.0793   5.894e-08  p
_0665_                      1.10    0.001    0.496    0.0793   5.894e-08  p
_0649_                      1.10    0.001    0.460    0.0744   5.780e-08  p
_0666_                      1.10    0.001    0.559    0.0740   5.748e-08  p
_0658_                      1.10    0.001    0.563    0.0724   5.628e-08  p
_0659_                      1.10    0.001    0.563    0.0724   5.628e-08  p
_0533_                      1.10    0.001    0.565    0.0716   5.565e-08  p
_0005_                      1.10    0.001    0.540    0.0744   5.526e-08  p
_0552_                      1.10    0.001    0.540    0.0744   5.526e-08  p
_0651_                      1.10    0.001    0.540    0.0744   5.526e-08  p
_0004_                      1.10    0.001    0.559    0.0740   5.495e-08  p
_0006_                      1.10    0.001    0.563    0.0724   5.380e-08  p
_0518_                      1.10    0.001    0.575    0.0686   5.328e-08  p
_0519_                      1.10    0.001    0.575    0.0686   5.328e-08  p
_0520_                      1.10    0.001    0.575    0.0686   5.328e-08  p
_0578_                      1.10    0.001    0.575    0.0686   5.328e-08  p
_0007_                      1.10    0.001    0.565    0.0716   5.320e-08  p
_0652_                      1.10    0.001    0.588    0.0684   5.315e-08  p
_0653_                      1.10    0.001    0.588    0.0684   5.315e-08  p
_0432_                      1.10    0.003    0.354    0.0344   5.280e-08  p
_0488_                      1.10    0.001    0.564    0.0678   5.268e-08  p
_0008_                      1.10    0.001    0.601    0.0697   5.181e-08  p
_0531_                      1.10    0.001    0.601    0.0697   5.181e-08  p
_0581_                      1.10    0.002    0.164    0.0420   5.111e-08  p
_0010_                      1.10    0.001    0.575    0.0686   5.093e-08  p
_0009_                      1.10    0.001    0.588    0.0684   5.081e-08  p
_0655_                      1.10    0.001    0.376    0.0649   5.043e-08  p
_0011_                      1.10    0.001    0.564    0.0678   5.036e-08  p
_0489_                      1.10    0.001    0.564    0.0678   5.036e-08  p
_0660_                      1.10    0.001    0.373    0.0646   5.021e-08  p
_0507_                      1.10    0.001    0.419    0.0644   5.005e-08  p
_0508_                      1.10    0.001    0.581    0.0644   5.005e-08  p
_0584_                      1.10    0.001    0.581    0.0644   5.005e-08  p
_0580_                      1.10    0.001    0.640    0.0644   5.002e-08  p
_0493_                      1.10    0.001    0.597    0.0637   4.951e-08  p
_0478_                      1.10    0.003    0.348    0.0323   4.949e-08  p
_0498_                      1.10    0.001    0.566    0.0636   4.942e-08  p
_0014_                      1.10    0.001    0.499    0.0663   4.927e-08  p
_0496_                      1.10    0.001    0.499    0.0663   4.927e-08  p
_0668_                      1.10    0.001    0.694    0.0634   4.926e-08  p
_0670_                      1.10    0.001    0.306    0.0634   4.926e-08  p
_0613_                      1.10    0.002    0.376    0.0403   4.899e-08  p
_0616_                      1.10    0.002    0.624    0.0403   4.899e-08  p
_0611_                      1.10    0.001    0.514    0.0628   4.882e-08  p
_0555_                      1.10    0.001    0.332    0.0625   4.860e-08  p
_0630_                      1.10    0.002    0.370    0.0398   4.844e-08  p
_0632_                      1.10    0.002    0.630    0.0398   4.844e-08  p
_0409_                      1.10    0.001    0.532    0.0623   4.838e-08  p
_0410_                      1.10    0.001    0.532    0.0623   4.838e-08  p
_0002_                      1.10    0.001    0.624    0.0649   4.821e-08  p
_0657_                      1.10    0.001    0.624    0.0649   4.821e-08  p
_0417_                      1.10    0.001    0.340    0.0620   4.819e-08  p
_0418_                      1.10    0.001    0.660    0.0620   4.819e-08  p
_0610_                      1.10    0.001    0.660    0.0620   4.819e-08  p
_0429_                      1.10    0.001    0.679    0.0619   4.812e-08  p
_0430_                      1.10    0.001    0.512    0.0619   4.812e-08  p
_0016_                      1.10    0.001    0.588    0.0645   4.791e-08  p
_0491_                      1.10    0.001    0.588    0.0645   4.791e-08  p
_0423_                      1.10    0.001    0.670    0.0616   4.787e-08  p
_0604_                      1.10    0.001    0.670    0.0616   4.787e-08  p
_0626_                      1.10    0.001    0.530    0.0643   4.776e-08  p
_0452_                      1.10    0.001    0.655    0.0614   4.774e-08  p
_0436_                      1.10    0.001    0.663    0.0612   4.759e-08  p
_0012_                      1.10    0.001    0.595    0.0638   4.740e-08  p
_0506_                      1.10    0.001    0.595    0.0638   4.740e-08  p
_0015_                      1.10    0.001    0.597    0.0637   4.734e-08  p
_0623_                      1.10    0.001    0.510    0.0608   4.727e-08  p
_0013_                      1.10    0.001    0.566    0.0636   4.725e-08  p
_0629_                      1.10    0.001    0.531    0.0601   4.673e-08  p
_0606_                      1.10    0.001    0.482    0.0601   4.667e-08  p
_0018_                      1.10    0.001    0.650    0.0628   4.664e-08  p
_0450_                      1.10    0.001    0.650    0.0628   4.664e-08  p
_0624_                      1.10    0.002    0.137    0.0380   4.626e-08  p
_0443_                      1.10    0.001    0.515    0.0623   4.625e-08  p
_0476_                      1.10    0.001    0.522    0.0595   4.623e-08  p
_0586_                      1.10    0.002    0.219    0.0380   4.621e-08  p
_0588_                      1.10    0.002    0.781    0.0380   4.621e-08  p
_0028_                      1.10    0.001    0.679    0.0619   4.601e-08  p
_0024_                      1.10    0.001    0.670    0.0616   4.576e-08  p
_0424_                      1.10    0.001    0.670    0.0616   4.576e-08  p
_0025_                      1.10    0.001    0.675    0.0616   4.573e-08  p
_0393_                      1.10    0.001    0.675    0.0616   4.573e-08  p
_0017_                      1.10    0.001    0.655    0.0614   4.564e-08  p
_0585_                      1.10    0.001    0.383    0.0587   4.562e-08  p
_0398_                      1.10    0.001    0.659    0.0586   4.550e-08  p
_0022_                      1.10    0.001    0.663    0.0612   4.549e-08  p
_0454_                      1.10    0.001    0.510    0.0608   4.519e-08  p
_0463_                      1.10    0.001    0.689    0.0581   4.515e-08  p
_0628_                      1.10    0.001    0.689    0.0581   4.515e-08  p
_0026_                      1.10    0.001    0.662    0.0606   4.504e-08  p
_0416_                      1.10    0.001    0.662    0.0606   4.504e-08  p
_0027_                      1.10    0.001    0.680    0.0606   4.501e-08  p
_0448_                      1.10    0.001    0.506    0.0604   4.489e-08  p
_0021_                      1.10    0.001    0.657    0.0603   4.477e-08  p
_0399_                      1.10    0.001    0.519    0.0600   4.459e-08  p
_0618_                      1.10    0.001    0.507    0.0573   4.452e-08  p
_0020_                      1.10    0.001    0.679    0.0598   4.440e-08  p
_0023_                      1.10    0.001    0.684    0.0597   4.434e-08  p
_0434_                      1.10    0.001    0.684    0.0597   4.434e-08  p
_0019_                      1.10    0.001    0.668    0.0594   4.416e-08  p
_0462_                      1.10    0.001    0.668    0.0594   4.416e-08  p
_0634_                      1.10    0.002    0.358    0.0361   4.389e-08  p
_0636_                      1.10    0.002    0.642    0.0361   4.389e-08  p
_0607_                      1.10    0.002    0.119    0.0359   4.369e-08  p
_0030_                      1.10    0.001    0.676    0.0588   4.368e-08  p
_0029_                      1.10    0.001    0.659    0.0586   4.350e-08  p
_0331_                      1.10    0.001    0.969    0.0559   4.347e-08  p
_0333_                      1.10    0.001    0.031    0.0559   4.347e-08  p
_0313_                      1.10    0.002    0.017    0.0356   4.325e-08  p
_0459_                      1.10    0.001    0.311    0.0581   4.316e-08  p
_0619_                      1.10    0.002    0.358    0.0354   4.300e-08  p
_0621_                      1.10    0.002    0.642    0.0354   4.300e-08  p
_0612_                      1.10    0.001    0.439    0.0537   4.174e-08  p
_0379_                      1.10    0.001    0.030    0.0528   4.101e-08  p
_0638_                      1.10    0.002    0.349    0.0333   4.052e-08  p
_0601_                      1.10    0.002    0.348    0.0323   3.924e-08  p
_0521_                      1.10    0.001    0.285    0.0497   3.864e-08  p
_0334_                      1.10    0.002    0.015    0.0308   3.751e-08  p
_0336_                      1.10    0.002    0.985    0.0308   3.751e-08  p
_0522_                      1.10    0.003    0.159    0.0231   3.539e-08  p
_0431_                      1.10    0.001    0.388    0.0454   3.529e-08  p
_0411_                      1.10    0.001    0.394    0.0468   3.476e-08  p
_0455_                      1.10    0.001    0.389    0.0443   3.443e-08  p
_0654_                      1.10    0.001    0.261    0.0458   3.401e-08  p
_0590_                      1.10    0.002    0.167    0.0265   3.226e-08  p
_0593_                      1.10    0.002    0.833    0.0265   3.226e-08  p
_0582_                      1.10    0.001    0.836    0.0420   3.122e-08  p
_0631_                      1.10    0.001    0.630    0.0398   3.095e-08  p
_0633_                      1.10    0.001    0.370    0.0398   3.095e-08  p
_0614_                      1.10    0.001    0.624    0.0403   2.993e-08  p
_0617_                      1.10    0.001    0.376    0.0403   2.993e-08  p
_0625_                      1.10    0.001    0.863    0.0380   2.956e-08  p
_0587_                      1.10    0.001    0.781    0.0380   2.953e-08  p
_0589_                      1.10    0.001    0.219    0.0380   2.953e-08  p
_0575_                      1.10    0.002    0.159    0.0231   2.806e-08  p
_0595_                      1.10    0.002    0.159    0.0231   2.806e-08  p
_0597_                      1.10    0.002    0.841    0.0231   2.806e-08  p
_0635_                      1.10    0.001    0.642    0.0361   2.805e-08  p
_0637_                      1.10    0.001    0.358    0.0361   2.805e-08  p
_0181_                      1.10    0.001    0.017    0.0359   2.789e-08  p
_0314_                      1.10    0.001    0.983    0.0356   2.763e-08  p
_0620_                      1.10    0.001    0.642    0.0354   2.748e-08  p
_0622_                      1.10    0.001    0.358    0.0354   2.748e-08  p
_0456_                      1.10    0.001    0.356    0.0367   2.723e-08  p
_0640_                      1.10    0.001    0.354    0.0344   2.675e-08  p
_0643_                      1.10    0.001    0.354    0.0344   2.675e-08  p
_0608_                      1.10    0.001    0.881    0.0359   2.669e-08  p
_0477_                      1.10    0.001    0.349    0.0333   2.590e-08  p
_0644_                      1.10    0.001    0.348    0.0323   2.507e-08  p
_0500_                      1.10    0.001    0.202    0.0319   2.476e-08  p
_0639_                      1.10    0.001    0.651    0.0333   2.476e-08  p
_0602_                      1.10    0.001    0.652    0.0323   2.397e-08  p
_0335_                      1.10    0.001    0.985    0.0308   2.397e-08  p
_0337_                      1.10    0.001    0.015    0.0308   2.397e-08  p
_0501_                      1.10    0.001    0.178    0.0278   2.065e-08  p
_0594_                      1.10    0.001    0.167    0.0265   2.061e-08  p
_0591_                      1.10    0.001    0.833    0.0265   1.971e-08  p
_0672_                      1.10    0.001    0.166    0.0249   1.935e-08  p
_0661_                      1.10    0.001    0.156    0.0237   1.840e-08  p
_0138_                      1.10    0.003    0.005    0.0119   1.822e-08  p
_0596_                      1.10    0.001    0.841    0.0231   1.793e-08  p
_0598_                      1.10    0.001    0.159    0.0231   1.793e-08  p
_0576_                      1.10    0.001    0.841    0.0231   1.714e-08  p
_0676_                      1.10    0.003    0.100    0.0111   1.698e-08  p
_0341_                      1.10    0.002    0.005    0.0118   1.435e-08  p
_0662_                      1.10    0.001    0.144    0.0184   1.429e-08  p
_0338_                      1.10    0.002    0.004    0.0113   1.371e-08  p
_0673_                      1.10    0.002    0.100    0.0111   1.346e-08  p
_0675_                      1.10    0.002    0.900    0.0111   1.346e-08  p
_0671_                      1.10    0.001    0.103    0.0128   9.522e-09  p
_0340_                      1.10    0.001    0.005    0.0119   9.232e-09  p
_0342_                      1.10    0.001    0.995    0.0118   9.169e-09  p
_0319_                      1.10    0.001    0.005    0.0119   8.826e-09  p
_0674_                      1.10    0.001    0.900    0.0111   8.600e-09  p
_0339_                      1.10    0.001    0.996    0.0113   8.373e-09  p
_0380_                      1.10    0.001    0.002    0.0065   5.027e-09  p
_0641_                      1.10    0.002    0.006    0.0031   3.810e-09  p
_0642_                      1.10    0.001    0.994    0.0031   2.328e-09  p
_0183_                      1.10    0.003    0.000    0.0007   9.985e-10  p
_0381_                      1.10    0.001    0.000    0.0011   8.221e-10  p
_0299_                      1.10    0.002    0.000    0.0007   7.917e-10  p
_0383_                      1.10    0.002    0.000    0.0007   7.917e-10  p
_0385_                      1.10    0.002    1.000    0.0007   7.917e-10  p
_0182_                      1.10    0.001    0.000    0.0007   5.691e-10  p
_0343_                      1.10    0.001    0.000    0.0007   5.059e-10  p
_0382_                      1.10    0.001    0.000    0.0007   5.059e-10  p
_0384_                      1.10    0.001    1.000    0.0007   5.059e-10  p
_0300_                      1.10    0.001    1.000    0.0007   4.836e-10  p
_0386_                      1.10    0.001    0.000    0.0007   4.836e-10  p
_0000_                      1.10    0.003    1.000    0.0000      0.0000  p
_0059_                      1.10    0.004    1.000    0.0000      0.0000  p
_0060_                      1.10    0.003    1.000    0.0000      0.0000  p
_0061_                      1.10    0.003    1.000    0.0000      0.0000  p
_0062_                      1.10    0.003    1.000    0.0000      0.0000  p
_0063_                      1.10    0.003    1.000    0.0000      0.0000  p
_0064_                      1.10    0.003    1.000    0.0000      0.0000  p
_0065_                      1.10    0.003    1.000    0.0000      0.0000  p
_0066_                      1.10    0.003    1.000    0.0000      0.0000  p
_0067_                      1.10    0.003    1.000    0.0000      0.0000  p
_0068_                      1.10    0.003    1.000    0.0000      0.0000  p
_0069_                      1.10    0.008    1.000    0.0000      0.0000  p
_0070_                      1.10    0.003    1.000    0.0000      0.0000  p
_0071_                      1.10    0.003    1.000    0.0000      0.0000  p
_0072_                      1.10    0.003    1.000    0.0000      0.0000  p
_0073_                      1.10    0.005    1.000    0.0000      0.0000  p
_0074_                      1.10    0.003    1.000    0.0000      0.0000  p
_0075_                      1.10    0.003    1.000    0.0000      0.0000  p
_0076_                      1.10    0.003    1.000    0.0000      0.0000  p
_0077_                      1.10    0.008    1.000    0.0000      0.0000  p
_0078_                      1.10    0.003    1.000    0.0000      0.0000  p
_0079_                      1.10    0.003    1.000    0.0000      0.0000  p
_0080_                      1.10    0.003    1.000    0.0000      0.0000  p
_0081_                      1.10    0.003    1.000    0.0000      0.0000  p
_0082_                      1.10    0.003    1.000    0.0000      0.0000  p
_0083_                      1.10    0.003    1.000    0.0000      0.0000  p
_0084_                      1.10    0.003    1.000    0.0000      0.0000  p
_0085_                      1.10    0.005    1.000    0.0000      0.0000  p
_0086_                      1.10    0.003    1.000    0.0000      0.0000  p
_0087_                      1.10    0.005    1.000    0.0000      0.0000  p
_0088_                      1.10    0.003    1.000    0.0000      0.0000  p
_0089_                      1.10    0.003    1.000    0.0000      0.0000  p
_0090_                      1.10    0.003    1.000    0.0000      0.0000  p
_0091_                      1.10    0.007    1.000    0.0000      0.0000  p
_0098_                      1.10    0.002    0.000    0.0000      0.0000  p
_0099_                      1.10    0.003    1.000    0.0000      0.0000  p
_0100_                      1.10    0.002    0.000    0.0000      0.0000  p
_0101_                      1.10    0.003    1.000    0.0000      0.0000  p
_0102_                      1.10    0.002    0.000    0.0000      0.0000  p
_0103_                      1.10    0.001    1.000    0.0000      0.0000  p
_0104_                      1.10    0.001    1.000    0.0000      0.0000  p
_0111_                      1.10    0.002    0.000    0.0000      0.0000  p
_0112_                      1.10    0.001    1.000    0.0000      0.0000  p
_0116_                      1.10    0.002    0.000    0.0000      0.0000  p
_0117_                      1.10    0.003    1.000    0.0000      0.0000  p
_0127_                      1.10    0.002    0.000    0.0000      0.0000  p
_0128_                      1.10    0.001    1.000    0.0000      0.0000  p
_0129_                      1.10    0.002    0.000    0.0000      0.0000  p
_0130_                      1.10    0.003    1.000    0.0000      0.0000  p
_0131_                      1.10    0.001    1.000    0.0000      0.0000  p
_0134_                      1.10    0.001    1.000    0.0000      0.0000  p
_0141_                      1.10    0.002    0.000    0.0000      0.0000  p
_0142_                      1.10    0.001    1.000    0.0000      0.0000  p
_0145_                      1.10    0.002    0.000    0.0000      0.0000  p
_0146_                      1.10    0.003    1.000    0.0000      0.0000  p
_0147_                      1.10    0.002    0.000    0.0000      0.0000  p
_0148_                      1.10    0.001    1.000    0.0000      0.0000  p
_0149_                      1.10    0.002    0.000    0.0000      0.0000  p
_0150_                      1.10    0.001    1.000    0.0000      0.0000  p
_0151_                      1.10    0.003    1.000    0.0000      0.0000  p
_0159_                      1.10    0.002    0.000    0.0000      0.0000  p
_0160_                      1.10    0.003    1.000    0.0000      0.0000  p
_0165_                      1.10    0.002    0.000    0.0000      0.0000  p
_0166_                      1.10    0.003    1.000    0.0000      0.0000  p
_0171_                      1.10    0.002    0.000    0.0000      0.0000  p
_0172_                      1.10    0.003    1.000    0.0000      0.0000  p
_0175_                      1.10    0.001    1.000    0.0000      0.0000  p
_0176_                      1.10    0.001    1.000    0.0000      0.0000  p
_0186_                      1.10    0.002    0.000    0.0000      0.0000  p
_0187_                      1.10    0.003    1.000    0.0000      0.0000  p
_0189_                      1.10    0.002    0.000    0.0000      0.0000  p
_0190_                      1.10    0.001    1.000    0.0000      0.0000  p
_0195_                      1.10    0.002    0.000    0.0000      0.0000  p
_0196_                      1.10    0.001    1.000    0.0000      0.0000  p
_0207_                      1.10    0.002    0.000    0.0000      0.0000  p
_0208_                      1.10    0.001    1.000    0.0000      0.0000  p
_0209_                      1.10    0.002    0.000    0.0000      0.0000  p
_0210_                      1.10    0.001    1.000    0.0000      0.0000  p
_0211_                      1.10    0.003    1.000    0.0000      0.0000  p
_0214_                      1.10    0.002    0.000    0.0000      0.0000  p
_0215_                      1.10    0.001    1.000    0.0000      0.0000  p
_0216_                      1.10    0.001    0.000    0.0000      0.0000  p
_0219_                      1.10    0.002    0.000    0.0000      0.0000  p
_0220_                      1.10    0.001    1.000    0.0000      0.0000  p
_0221_                      1.10    0.002    0.000    0.0000      0.0000  p
_0222_                      1.10    0.001    1.000    0.0000      0.0000  p
_0223_                      1.10    0.002    0.000    0.0000      0.0000  p
_0224_                      1.10    0.003    1.000    0.0000      0.0000  p
_0225_                      1.10    0.001    1.000    0.0000      0.0000  p
_0226_                      1.10    0.002    1.000    0.0000      0.0000  p
_0227_                      1.10    0.001    0.000    0.0000      0.0000  p
_0233_                      1.10    0.002    0.000    0.0000      0.0000  p
_0234_                      1.10    0.001    1.000    0.0000      0.0000  p
_0235_                      1.10    0.002    1.000    0.0000      0.0000  p
_0236_                      1.10    0.001    0.000    0.0000      0.0000  p
_0237_                      1.10    0.002    0.000    0.0000      0.0000  p
_0238_                      1.10    0.001    1.000    0.0000      0.0000  p
_0239_                      1.10    0.002    0.000    0.0000      0.0000  p
_0240_                      1.10    0.001    1.000    0.0000      0.0000  p
_0241_                      1.10    0.002    0.000    0.0000      0.0000  p
_0242_                      1.10    0.001    1.000    0.0000      0.0000  p
_0243_                      1.10    0.003    1.000    0.0000      0.0000  p
_0244_                      1.10    0.002    1.000    0.0000      0.0000  p
_0245_                      1.10    0.001    0.000    0.0000      0.0000  p
_0251_                      1.10    0.002    0.000    0.0000      0.0000  p
_0252_                      1.10    0.001    1.000    0.0000      0.0000  p
_0253_                      1.10    0.002    1.000    0.0000      0.0000  p
_0254_                      1.10    0.001    0.000    0.0000      0.0000  p
_0255_                      1.10    0.002    0.000    0.0000      0.0000  p
_0256_                      1.10    0.001    1.000    0.0000      0.0000  p
_0260_                      1.10    0.002    0.000    0.0000      0.0000  p
_0261_                      1.10    0.003    1.000    0.0000      0.0000  p
_0265_                      1.10    0.002    0.000    0.0000      0.0000  p
_0266_                      1.10    0.003    1.000    0.0000      0.0000  p
_0267_                      1.10    0.002    0.000    0.0000      0.0000  p
_0268_                      1.10    0.001    1.000    0.0000      0.0000  p
_0269_                      1.10    0.001    1.000    0.0000      0.0000  p
_0287_                      1.10    0.002    0.000    0.0000      0.0000  p
_0288_                      1.10    0.001    1.000    0.0000      0.0000  p
_0297_                      1.10    0.002    0.000    0.0000      0.0000  p
_0298_                      1.10    0.001    1.000    0.0000      0.0000  p
_0344_                      1.10    0.003    0.000    0.0000      0.0000  p
_0345_                      1.10    0.001    1.000    0.0000      0.0000  p
_0346_                      1.10    0.002    0.000    0.0000      0.0000  p
_0347_                      1.10    0.001    1.000    0.0000      0.0000  p
_0348_                      1.10    0.002    0.000    0.0000      0.0000  p
_0349_                      1.10    0.001    1.000    0.0000      0.0000  p
_0350_                      1.10    0.001    0.000    0.0000      0.0000  p
_0351_                      1.10    0.002    0.000    0.0000      0.0000  p
_0352_                      1.10    0.001    1.000    0.0000      0.0000  p
_0353_                      1.10    0.003    0.000    0.0000      0.0000  p
_0354_                      1.10    0.003    1.000    0.0000      0.0000  p
_0355_                      1.10    0.003    0.000    0.0000      0.0000  p
_0356_                      1.10    0.003    1.000    0.0000      0.0000  p
_0357_                      1.10    0.002    0.000    0.0000      0.0000  p
_0358_                      1.10    0.003    1.000    0.0000      0.0000  p
_0371_                      1.10    0.001    1.000    0.0000      0.0000  p
_0387_                      1.10    0.001    0.000    0.0000      0.0000  p
_0388_                      1.10    0.003    0.000    0.0000      0.0000  p
_0389_                      1.10    0.002    0.000    0.0000      0.0000  p
_0390_                      1.10    0.001    1.000    0.0000      0.0000  p
_0396_                      1.10    0.002    0.000    0.0000      0.0000  p
_0397_                      1.10    0.003    1.000    0.0000      0.0000  p
_0400_                      1.10    0.002    0.000    0.0000      0.0000  p
_0401_                      1.10    0.001    1.000    0.0000      0.0000  p
_0402_                      1.10    0.002    0.000    0.0000      0.0000  p
_0403_                      1.10    0.001    1.000    0.0000      0.0000  p
_0404_                      1.10    0.003    1.000    0.0000      0.0000  p
_0414_                      1.10    0.002    0.000    0.0000      0.0000  p
_0415_                      1.10    0.003    1.000    0.0000      0.0000  p
_0420_                      1.10    0.002    0.000    0.0000      0.0000  p
_0421_                      1.10    0.003    1.000    0.0000      0.0000  p
_0425_                      1.10    0.002    0.000    0.0000      0.0000  p
_0426_                      1.10    0.003    1.000    0.0000      0.0000  p
_0438_                      1.10    0.002    0.000    0.0000      0.0000  p
_0439_                      1.10    0.001    1.000    0.0000      0.0000  p
_0440_                      1.10    0.002    0.000    0.0000      0.0000  p
_0441_                      1.10    0.001    1.000    0.0000      0.0000  p
_0442_                      1.10    0.003    1.000    0.0000      0.0000  p
_0460_                      1.10    0.002    0.000    0.0000      0.0000  p
_0461_                      1.10    0.003    1.000    0.0000      0.0000  p
_0465_                      1.10    0.002    0.000    0.0000      0.0000  p
_0466_                      1.10    0.003    1.000    0.0000      0.0000  p
_0467_                      1.10    0.002    0.000    0.0000      0.0000  p
_0468_                      1.10    0.001    1.000    0.0000      0.0000  p
_0469_                      1.10    0.001    1.000    0.0000      0.0000  p
_0470_                      1.10    0.002    0.000    0.0000      0.0000  p
_0471_                      1.10    0.003    1.000    0.0000      0.0000  p
_0472_                      1.10    0.002    0.000    0.0000      0.0000  p
_0473_                      1.10    0.003    1.000    0.0000      0.0000  p
_0474_                      1.10    0.001    1.000    0.0000      0.0000  p
_0475_                      1.10    0.001    1.000    0.0000      0.0000  p
_0479_                      1.10    0.002    0.000    0.0000      0.0000  p
_0480_                      1.10    0.003    1.000    0.0000      0.0000  p
_0481_                      1.10    0.002    0.000    0.0000      0.0000  p
_0482_                      1.10    0.001    1.000    0.0000      0.0000  p
_0483_                      1.10    0.001    1.000    0.0000      0.0000  p
_0484_                      1.10    0.002    0.000    0.0000      0.0000  p
_0485_                      1.10    0.003    1.000    0.0000      0.0000  p
_0504_                      1.10    0.002    0.000    0.0000      0.0000  p
_0505_                      1.10    0.003    1.000    0.0000      0.0000  p
_0510_                      1.10    0.002    0.000    0.0000      0.0000  p
_0511_                      1.10    0.003    1.000    0.0000      0.0000  p
_0512_                      1.10    0.002    0.000    0.0000      0.0000  p
_0513_                      1.10    0.003    1.000    0.0000      0.0000  p
_0514_                      1.10    0.001    1.000    0.0000      0.0000  p
_0515_                      1.10    0.002    0.000    0.0000      0.0000  p
_0516_                      1.10    0.003    1.000    0.0000      0.0000  p
_0525_                      1.10    0.002    0.000    0.0000      0.0000  p
_0526_                      1.10    0.001    1.000    0.0000      0.0000  p
_0527_                      1.10    0.002    0.000    0.0000      0.0000  p
_0528_                      1.10    0.001    1.000    0.0000      0.0000  p
_0529_                      1.10    0.003    1.000    0.0000      0.0000  p
_0537_                      1.10    0.002    0.000    0.0000      0.0000  p
_0538_                      1.10    0.001    1.000    0.0000      0.0000  p
_0541_                      1.10    0.001    0.000    0.0000      0.0000  p
_0542_                      1.10    0.002    0.000    0.0000      0.0000  p
_0543_                      1.10    0.001    1.000    0.0000      0.0000  p
_0544_                      1.10    0.002    0.000    0.0000      0.0000  p
_0545_                      1.10    0.003    1.000    0.0000      0.0000  p
_0546_                      1.10    0.002    0.000    0.0000      0.0000  p
_0547_                      1.10    0.001    1.000    0.0000      0.0000  p
_0548_                      1.10    0.001    1.000    0.0000      0.0000  p
_0549_                      1.10    0.002    1.000    0.0000      0.0000  p
_0550_                      1.10    0.001    0.000    0.0000      0.0000  p
_0556_                      1.10    0.002    0.000    0.0000      0.0000  p
_0557_                      1.10    0.001    1.000    0.0000      0.0000  p
_0558_                      1.10    0.002    1.000    0.0000      0.0000  p
_0559_                      1.10    0.001    0.000    0.0000      0.0000  p
_0560_                      1.10    0.002    0.000    0.0000      0.0000  p
_0561_                      1.10    0.001    1.000    0.0000      0.0000  p
_0562_                      1.10    0.002    0.000    0.0000      0.0000  p
_0563_                      1.10    0.003    1.000    0.0000      0.0000  p
_0564_                      1.10    0.002    0.000    0.0000      0.0000  p
_0565_                      1.10    0.003    1.000    0.0000      0.0000  p
_0566_                      1.10    0.001    1.000    0.0000      0.0000  p
_0567_                      1.10    0.002    1.000    0.0000      0.0000  p
_0568_                      1.10    0.001    0.000    0.0000      0.0000  p
_0569_                      1.10    0.002    0.000    0.0000      0.0000  p
_0570_                      1.10    0.001    1.000    0.0000      0.0000  p
_0571_                      1.10    0.002    1.000    0.0000      0.0000  p
_0572_                      1.10    0.001    0.000    0.0000      0.0000  p
_0573_                      1.10    0.002    0.000    0.0000      0.0000  p
_0574_                      1.10    0.001    1.000    0.0000      0.0000  p
_0592_                      1.10    0.001    1.000    0.0000      0.0000  p
_0599_                      1.10    0.002    0.000    0.0000      0.0000  p
_0600_                      1.10    0.001    1.000    0.0000      0.0000  p
_0615_                      1.10    0.001    1.000    0.0000      0.0000  p
_0645_                      1.10    0.003    0.000    0.0000      0.0000  p
_0646_                      1.10    0.001    1.000    0.0000      0.0000  p
_0647_                      1.10    0.002    0.000    0.0000      0.0000  p
_0648_                      1.10    0.001    1.000    0.0000      0.0000  p
_0677_                      1.10    0.001    0.000    0.0000      0.0000  p
_0678_                      1.10    0.003    0.000    0.0000      0.0000  p
_0679_                      1.10    0.001    0.000    0.0000      0.0000  p
_0680_                      1.10    0.003    0.000    0.0000      0.0000  p
io_bp_0_address[0]          1.10    0.014    0.000    0.0000      0.0000  p
io_bp_0_address[1]          1.10    0.016    0.000    0.0000      0.0000  p
io_bp_0_address[2]          1.10    0.010    0.000    0.0000      0.0000  p
io_bp_0_address[3]          1.10    0.014    0.000    0.0000      0.0000  p
io_bp_0_address[4]          1.10    0.008    0.000    0.0000      0.0000  p
io_bp_0_address[5]          1.10    0.008    0.000    0.0000      0.0000  p
io_bp_0_address[6]          1.10    0.008    0.000    0.0000      0.0000  p
io_bp_0_address[7]          1.10    0.008    0.000    0.0000      0.0000  p
io_bp_0_address[8]          1.10    0.008    0.000    0.0000      0.0000  p
io_bp_0_address[9]          1.10    0.008    0.000    0.0000      0.0000  p
io_bp_0_address[10]         1.10    0.005    0.000    0.0000      0.0000  p
io_bp_0_address[11]         1.10    0.008    0.000    0.0000      0.0000  p
io_bp_0_address[12]         1.10    0.008    0.000    0.0000      0.0000  p
io_bp_0_address[13]         1.10    0.008    0.000    0.0000      0.0000  p
io_bp_0_address[14]         1.10    0.007    0.000    0.0000      0.0000  p
io_bp_0_address[15]         1.10    0.008    0.000    0.0000      0.0000  p
io_bp_0_address[16]         1.10    0.008    0.000    0.0000      0.0000  p
io_bp_0_address[17]         1.10    0.008    0.000    0.0000      0.0000  p
io_bp_0_address[18]         1.10    0.005    0.000    0.0000      0.0000  p
io_bp_0_address[19]         1.10    0.008    0.000    0.0000      0.0000  p
io_bp_0_address[20]         1.10    0.008    0.000    0.0000      0.0000  p
io_bp_0_address[21]         1.10    0.008    0.000    0.0000      0.0000  p
io_bp_0_address[22]         1.10    0.008    0.000    0.0000      0.0000  p
io_bp_0_address[23]         1.10    0.008    0.000    0.0000      0.0000  p
io_bp_0_address[24]         1.10    0.008    0.000    0.0000      0.0000  p
io_bp_0_address[25]         1.10    0.008    0.000    0.0000      0.0000  p
io_bp_0_address[26]         1.10    0.007    0.000    0.0000      0.0000  p
io_bp_0_address[27]         1.10    0.008    0.000    0.0000      0.0000  p
io_bp_0_address[28]         1.10    0.007    0.000    0.0000      0.0000  p
io_bp_0_address[29]         1.10    0.008    0.000    0.0000      0.0000  p
io_bp_0_address[30]         1.10    0.008    0.000    0.0000      0.0000  p
io_bp_0_address[31]         1.10    0.008    0.000    0.0000      0.0000  p
io_bp_0_control_action      1.10    0.011    0.000    0.0000      0.0000  p
io_bp_0_control_r           1.10    0.005    0.000    0.0000      0.0000  p
io_bp_0_control_tmatch[0]   1.10    0.008    0.000    0.0000      0.0000  p
io_bp_0_control_tmatch[1]   1.10    0.008    0.000    0.0000      0.0000  p
io_bp_0_control_w           1.10    0.005    0.000    0.0000      0.0000  p
io_bp_0_control_x           1.10    0.005    0.000    0.0000      0.0000  p
io_debug_if                 1.10    0.002    0.000    0.0000      0.0000  p
io_debug_ld                 1.10    0.001    0.000    0.0000      0.0000  p
io_debug_st                 1.10    0.001    0.000    0.0000      0.0000  p
io_xcpt_if                  1.10    0.002    0.000    0.0000      0.0000  p
io_xcpt_ld                  1.10    0.001    0.000    0.0000      0.0000  p
io_xcpt_st                  1.10    0.001    0.000    0.0000      0.0000  p
--------------------------------------------------------------------------------
Total (790 nets)                                               9.505e-05 Watt

1
