****************************************
Report : Averaged Power
	-cell_power
	-sort_by cell_internal_power
	-nosplit
	-area
Design : Rocket/bpu (BreakpointUnit_0)
Version: T-2022.03-SP3
Date   : Thu May 29 16:13:26 2025
****************************************



  Attributes
  ----------
      a  -  Annotated internal | leakage | switching power 
      b  -  Black-box (unresolved) cell
      c  -  Clock pin internal power only
      d  -  Does not include clock pin internal power
      h  -  Hierarchical cell

                        Lib Cell                      Internal  Switching Leakage   Total
Cell                    Name                          Power     Power     Power     Power    (     %)      Area   Attrs
------------------------------------------------------------------------------------------------------------------------
FE_RC_2556_0            NOR3_X4                       7.126e-06 3.311e-06 9.900e-08 1.054e-05 ( 0.64%)     3.7240 
FE_RC_8629_0            AND4_X4                       6.441e-06 1.158e-06 1.088e-07 7.708e-06 ( 0.47%)     3.4580 
FE_RC_10147_0           NOR2_X4                       5.834e-06 2.703e-06 8.057e-08 8.618e-06 ( 0.52%)     2.3940 
FE_RC_2507_0            NOR2_X4                       5.472e-06 4.652e-06 7.909e-08 1.020e-05 ( 0.62%)     2.3940 
U251                    AOI22_X2                      5.162e-06 2.650e-06 5.948e-08 7.871e-06 ( 0.48%)     2.3940 
FE_RC_2520_0            AND2_X2                       5.068e-06 1.286e-06 5.039e-08 6.404e-06 ( 0.39%)     1.3300 
FE_RC_8115_0            NAND3_X2                      4.979e-06 2.766e-06 5.386e-08 7.799e-06 ( 0.47%)     1.8620 
FE_RC_5524_0            NAND3_X2                      4.858e-06 3.031e-06 7.023e-08 7.959e-06 ( 0.48%)     1.8620 
FE_RC_2252_0            AOI22_X2                      4.704e-06 2.424e-06 6.328e-08 7.192e-06 ( 0.44%)     2.3940 
FE_RC_2575_0            OAI21_X2                      4.667e-06 4.892e-06 5.371e-08 9.612e-06 ( 0.58%)     1.8620 
U264                    AOI21_X2                      4.532e-06 2.734e-06 5.306e-08 7.319e-06 ( 0.44%)     1.8620 
U2                      AOI21_X2                      4.466e-06 2.254e-06 5.281e-08 6.772e-06 ( 0.41%)     1.8620 
U190                    AOI22_X2                      4.447e-06 2.290e-06 6.319e-08 6.800e-06 ( 0.41%)     2.3940 
U307                    XOR2_X1                       4.237e-06 1.646e-06 3.617e-08 5.919e-06 ( 0.36%)     1.5960 
FE_RC_2282_0            AND2_X2                       4.218e-06 3.526e-06 4.824e-08 7.792e-06 ( 0.47%)     1.3300 
U338                    XOR2_X1                       4.209e-06 1.649e-06 3.616e-08 5.894e-06 ( 0.36%)     1.5960 
U302                    XNOR2_X1                      4.173e-06 1.602e-06 3.644e-08 5.811e-06 ( 0.35%)     1.5960 
U334                    XNOR2_X1                      4.171e-06 1.612e-06 3.644e-08 5.819e-06 ( 0.35%)     1.5960 
U336                    XNOR2_X1                      4.167e-06 1.710e-06 3.643e-08 5.914e-06 ( 0.36%)     1.5960 
U322                    XNOR2_X1                      4.147e-06 1.078e-06 3.642e-08 5.261e-06 ( 0.32%)     1.5960 
U316                    XNOR2_X1                      4.146e-06 1.069e-06 3.645e-08 5.252e-06 ( 0.32%)     1.5960 
U298                    XNOR2_X1                      4.145e-06 1.661e-06 3.652e-08 5.842e-06 ( 0.35%)     1.5960 
U326                    XNOR2_X1                      4.144e-06 1.063e-06 3.649e-08 5.244e-06 ( 0.32%)     1.5960 
U300                    XNOR2_X1                      4.144e-06 1.726e-06 3.642e-08 5.906e-06 ( 0.36%)     1.5960 
U299                    XNOR2_X1                      4.142e-06 1.689e-06 3.648e-08 5.868e-06 ( 0.36%)     1.5960 
U335                    XNOR2_X1                      4.142e-06 1.658e-06 3.648e-08 5.837e-06 ( 0.35%)     1.5960 
U317                    XNOR2_X1                      4.140e-06 1.080e-06 3.645e-08 5.256e-06 ( 0.32%)     1.5960 
U305                    XNOR2_X1                      4.138e-06 1.725e-06 3.643e-08 5.900e-06 ( 0.36%)     1.5960 
U320                    XNOR2_X1                      4.138e-06 1.045e-06 3.641e-08 5.219e-06 ( 0.32%)     1.5960 
U332                    XNOR2_X1                      4.137e-06 1.079e-06 3.643e-08 5.252e-06 ( 0.32%)     1.5960 
U329                    XNOR2_X1                      4.137e-06 1.008e-06 3.640e-08 5.181e-06 ( 0.31%)     1.5960 
U314                    XNOR2_X1                      4.137e-06 1.010e-06 3.646e-08 5.183e-06 ( 0.31%)     1.5960 
U304                    XNOR2_X1                      4.135e-06 1.690e-06 3.648e-08 5.861e-06 ( 0.36%)     1.5960 
U324                    XNOR2_X1                      4.129e-06 1.009e-06 3.644e-08 5.174e-06 ( 0.31%)     1.5960 
U311                    XNOR2_X1                      4.128e-06 1.696e-06 3.643e-08 5.860e-06 ( 0.36%)     1.5960 
U303                    XNOR2_X1                      4.127e-06 1.638e-06 3.644e-08 5.801e-06 ( 0.35%)     1.5960 
U327                    XNOR2_X1                      4.127e-06 1.084e-06 3.644e-08 5.247e-06 ( 0.32%)     1.5960 
U319                    XNOR2_X1                      4.116e-06 1.005e-06 3.646e-08 5.158e-06 ( 0.31%)     1.5960 
U310                    XNOR2_X1                      4.113e-06 1.644e-06 3.637e-08 5.792e-06 ( 0.35%)     1.5960 
U325                    XNOR2_X1                      4.110e-06 1.043e-06 3.642e-08 5.190e-06 ( 0.32%)     1.5960 
U331                    XNOR2_X1                      4.109e-06 1.059e-06 3.643e-08 5.204e-06 ( 0.32%)     1.5960 
U297                    XNOR2_X1                      4.107e-06 1.594e-06 3.646e-08 5.738e-06 ( 0.35%)     1.5960 
U321                    XNOR2_X1                      4.104e-06 1.061e-06 3.644e-08 5.201e-06 ( 0.32%)     1.5960 
U315                    XNOR2_X1                      4.078e-06 1.040e-06 3.649e-08 5.155e-06 ( 0.31%)     1.5960 
U330                    XNOR2_X1                      4.064e-06 1.034e-06 3.646e-08 5.134e-06 ( 0.31%)     1.5960 
U309                    XNOR2_X1                      4.034e-06 1.396e-06 3.567e-08 5.466e-06 ( 0.33%)     1.5960 
U110                    OAI21_X2                      3.905e-06 5.443e-06 6.141e-08 9.410e-06 ( 0.57%)     1.8620 
FE_RC_2267_0            AOI21_X2                      3.865e-06 2.100e-06 6.211e-08 6.027e-06 ( 0.37%)     1.8620 
U78                     XOR2_X1                       3.826e-06 2.665e-06 3.616e-08 6.526e-06 ( 0.40%)     1.5960 
FE_RC_3428_0            OR2_X2                        3.814e-06 9.577e-07 4.567e-08 4.817e-06 ( 0.29%)     1.3300 
U86                     XOR2_X1                       3.798e-06 1.481e-06 3.616e-08 5.316e-06 ( 0.32%)     1.5960 
FE_RC_3400_0            OR2_X2                        3.797e-06 9.545e-07 4.565e-08 4.797e-06 ( 0.29%)     1.3300 
U90                     XOR2_X1                       3.794e-06 1.476e-06 3.616e-08 5.306e-06 ( 0.32%)     1.5960 
FE_OFC263_csr_io_bp_0_address_21 BUF_X2               3.792e-06 6.760e-06 4.306e-08 1.060e-05 ( 0.64%)     1.0640 
U80                     XNOR2_X1                      3.779e-06 1.419e-06 3.644e-08 5.235e-06 ( 0.32%)     1.5960 
U89                     XNOR2_X1                      3.773e-06 2.940e-06 3.644e-08 6.750e-06 ( 0.41%)     1.5960 
U69                     XNOR2_X1                      3.769e-06 1.501e-06 3.644e-08 5.306e-06 ( 0.32%)     1.5960 
U82                     XNOR2_X1                      3.765e-06 1.524e-06 3.644e-08 5.325e-06 ( 0.32%)     1.5960 
U75                     XNOR2_X1                      3.761e-06 1.518e-06 3.644e-08 5.315e-06 ( 0.32%)     1.5960 
U64                     XNOR2_X1                      3.754e-06 1.584e-06 3.644e-08 5.374e-06 ( 0.33%)     1.5960 
U52                     XNOR2_X1                      3.752e-06 1.570e-06 3.644e-08 5.359e-06 ( 0.33%)     1.5960 
U101                    XNOR2_X1                      3.748e-06 1.485e-06 3.644e-08 5.269e-06 ( 0.32%)     1.5960 
U104                    XNOR2_X1                      3.748e-06 1.550e-06 3.644e-08 5.335e-06 ( 0.32%)     1.5960 
U81                     XNOR2_X1                      3.748e-06 1.482e-06 3.644e-08 5.266e-06 ( 0.32%)     1.5960 
U100                    XNOR2_X1                      3.746e-06 1.434e-06 3.644e-08 5.217e-06 ( 0.32%)     1.5960 
U53                     XNOR2_X1                      3.743e-06 1.517e-06 3.644e-08 5.297e-06 ( 0.32%)     1.5960 
U95                     XNOR2_X1                      3.743e-06 1.484e-06 3.644e-08 5.263e-06 ( 0.32%)     1.5960 
U58                     XNOR2_X1                      3.740e-06 1.478e-06 3.644e-08 5.255e-06 ( 0.32%)     1.5960 
U70                     XNOR2_X1                      3.738e-06 1.524e-06 3.644e-08 5.298e-06 ( 0.32%)     1.5960 
U97                     XNOR2_X1                      3.738e-06 1.518e-06 3.644e-08 5.293e-06 ( 0.32%)     1.5960 
U66                     XNOR2_X1                      3.737e-06 1.447e-06 3.644e-08 5.221e-06 ( 0.32%)     1.5960 
U102                    XNOR2_X1                      3.736e-06 1.519e-06 3.644e-08 5.292e-06 ( 0.32%)     1.5960 
U72                     XNOR2_X1                      3.735e-06 1.423e-06 3.644e-08 5.194e-06 ( 0.32%)     1.5960 
U98                     XNOR2_X1                      3.734e-06 1.546e-06 3.644e-08 5.317e-06 ( 0.32%)     1.5960 
U76                     XNOR2_X1                      3.734e-06 1.519e-06 3.644e-08 5.290e-06 ( 0.32%)     1.5960 
U59                     XNOR2_X1                      3.734e-06 1.532e-06 3.644e-08 5.302e-06 ( 0.32%)     1.5960 
U62                     XNOR2_X1                      3.733e-06 1.518e-06 3.644e-08 5.287e-06 ( 0.32%)     1.5960 
U88                     XNOR2_X1                      3.728e-06 3.140e-06 3.644e-08 6.905e-06 ( 0.42%)     1.5960 
U94                     XNOR2_X1                      3.725e-06 1.432e-06 3.644e-08 5.193e-06 ( 0.32%)     1.5960 
U55                     XNOR2_X1                      3.723e-06 1.475e-06 3.644e-08 5.234e-06 ( 0.32%)     1.5960 
U56                     XNOR2_X1                      3.719e-06 1.527e-06 3.644e-08 5.282e-06 ( 0.32%)     1.5960 
U83                     XNOR2_X1                      3.714e-06 1.518e-06 3.644e-08 5.269e-06 ( 0.32%)     1.5960 
FE_OFC1168_csr_io_bp_0_address_30 BUF_X2              3.713e-06 4.736e-06 4.306e-08 8.491e-06 ( 0.52%)     1.0640 
FE_OFC962_csr_io_bp_0_address_20 BUF_X2               3.712e-06 4.736e-06 4.306e-08 8.491e-06 ( 0.52%)     1.0640 
U74                     XNOR2_X1                      3.703e-06 1.467e-06 3.644e-08 5.207e-06 ( 0.32%)     1.5960 
FE_RC_9989_0            AOI21_X2                      3.702e-06 2.201e-06 5.170e-08 5.955e-06 ( 0.36%)     1.8620 
FE_RC_2508_0            AND2_X2                       3.700e-06 3.069e-06 5.035e-08 6.820e-06 ( 0.41%)     1.3300 
FE_RC_5131_0            OAI21_X2                      3.586e-06 1.108e-06 6.243e-08 4.757e-06 ( 0.29%)     1.8620 
FE_RC_9173_0            NOR2_X2                       3.556e-06 2.427e-06 3.835e-08 6.022e-06 ( 0.37%)     1.3300 
FE_RC_2580_0            AND2_X2                       3.450e-06 8.575e-07 5.035e-08 4.358e-06 ( 0.26%)     1.3300 
FE_RC_5106_0            AND2_X2                       3.382e-06 8.426e-07 5.035e-08 4.275e-06 ( 0.26%)     1.3300 
FE_RC_9064_0            NOR2_X2                       3.149e-06 1.414e-06 4.006e-08 4.602e-06 ( 0.28%)     1.3300 
FE_RC_5626_0            NOR2_X2                       3.068e-06 2.690e-06 4.136e-08 5.799e-06 ( 0.35%)     1.3300 
U233                    OAI221_X1                     3.015e-06 1.443e-06 4.106e-08 4.498e-06 ( 0.27%)     1.5960 
FE_OFC1561_csr_io_bp_0_address_12 INV_X4              2.955e-06 6.631e-06 5.741e-08 9.643e-06 ( 0.59%)     1.3300 
FE_RC_3064_0            OAI21_X1                      2.936e-06 1.804e-06 3.064e-08 4.770e-06 ( 0.29%)     1.0640 
FE_RC_2540_0            NAND2_X2                      2.898e-06 2.426e-06 5.827e-08 5.382e-06 ( 0.33%)     1.3300 
FE_RC_5573_0            AND2_X2                       2.897e-06 1.463e-06 5.581e-08 4.415e-06 ( 0.27%)     1.3300 
FE_RC_1980_0            OAI21_X1                      2.835e-06 1.733e-06 3.032e-08 4.598e-06 ( 0.28%)     1.0640 
FE_RC_3118_0            NAND2_X2                      2.818e-06 6.640e-06 3.836e-08 9.497e-06 ( 0.58%)     1.3300 
FE_RC_3828_0            NAND2_X2                      2.788e-06 3.474e-06 5.305e-08 6.315e-06 ( 0.38%)     1.3300 
FE_RC_10034_0           NAND2_X2                      2.778e-06 3.494e-06 5.297e-08 6.325e-06 ( 0.38%)     1.3300 
FE_RC_2531_0            NAND2_X2                      2.764e-06 2.256e-06 5.285e-08 5.073e-06 ( 0.31%)     1.3300 
FE_RC_5588_0            NOR2_X2                       2.728e-06 2.326e-06 3.954e-08 5.093e-06 ( 0.31%)     1.3300 
FE_RC_5587_0            NAND2_X2                      2.718e-06 1.240e-06 3.904e-08 3.996e-06 ( 0.24%)     1.3300 
FE_RC_5583_0            NOR2_X2                       2.705e-06 1.221e-06 3.954e-08 3.966e-06 ( 0.24%)     1.3300 
FE_RC_2530_0            NOR2_X2                       2.678e-06 2.288e-06 4.140e-08 5.007e-06 ( 0.30%)     1.3300 
FE_RC_9991_0            OAI211_X1                     2.634e-06 1.317e-06 3.895e-08 3.990e-06 ( 0.24%)     1.3300 
U282                    OAI22_X1                      2.614e-06 1.355e-06 3.463e-08 4.003e-06 ( 0.24%)     1.3300 
U286                    OAI22_X1                      2.603e-06 1.287e-06 3.445e-08 3.924e-06 ( 0.24%)     1.3300 
U293                    OAI22_X1                      2.590e-06 1.354e-06 3.442e-08 3.978e-06 ( 0.24%)     1.3300 
U257                    OAI22_X1                      2.585e-06 1.345e-06 3.432e-08 3.964e-06 ( 0.24%)     1.3300 
U274                    OAI22_X1                      2.575e-06 1.283e-06 3.445e-08 3.893e-06 ( 0.24%)     1.3300 
U249                    OAI22_X1                      2.555e-06 8.220e-07 3.454e-08 3.412e-06 ( 0.21%)     1.3300 
U278                    AOI22_X1                      2.472e-06 1.256e-06 2.963e-08 3.758e-06 ( 0.23%)     1.3300 
U288                    AOI22_X1                      2.466e-06 2.612e-06 2.954e-08 5.108e-06 ( 0.31%)     1.3300 
U276                    AOI22_X1                      2.466e-06 2.575e-06 2.963e-08 5.071e-06 ( 0.31%)     1.3300 
U290                    AOI22_X1                      2.466e-06 1.273e-06 2.967e-08 3.768e-06 ( 0.23%)     1.3300 
U337                    OAI211_X1                     2.428e-06 1.190e-06 2.200e-08 3.640e-06 ( 0.22%)     1.3300 
U224                    AOI22_X1                      2.404e-06 1.296e-06 3.165e-08 3.731e-06 ( 0.23%)     1.3300 
FE_RC_8488_0            OAI21_X1                      2.400e-06 2.590e-06 2.617e-08 5.016e-06 ( 0.30%)     1.0640 
FE_RC_5847_0            AOI22_X1                      2.397e-06 1.239e-06 3.164e-08 3.668e-06 ( 0.22%)     1.3300 
FE_RC_7040_0            AOI21_X1                      2.390e-06 1.458e-06 2.835e-08 3.877e-06 ( 0.24%)     1.0640 
FE_RC_5046_0            NAND3_X1                      2.362e-06 1.526e-06 2.984e-08 3.918e-06 ( 0.24%)     1.0640 
U160                    OAI22_X1                      2.356e-06 1.242e-06 3.446e-08 3.632e-06 ( 0.22%)     1.3300 
U185                    OAI22_X1                      2.354e-06 2.219e-06 3.445e-08 4.608e-06 ( 0.28%)     1.3300 
U195                    OAI22_X1                      2.350e-06 1.246e-06 3.447e-08 3.631e-06 ( 0.22%)     1.3300 
U6                      AND2_X4                       2.339e-06 1.078e-06 1.023e-07 3.520e-06 ( 0.21%)     2.3940 
U301                    AND4_X2                       2.335e-06 4.712e-07 5.436e-08 2.860e-06 ( 0.17%)     1.8620 
U188                    OAI22_X1                      2.329e-06 1.252e-06 3.446e-08 3.616e-06 ( 0.22%)     1.3300 
U152                    OAI22_X1                      2.317e-06 1.236e-06 3.447e-08 3.587e-06 ( 0.22%)     1.3300 
U99                     AND4_X2                       2.315e-06 9.187e-07 5.430e-08 3.288e-06 ( 0.20%)     1.8620 
U306                    AND4_X2                       2.304e-06 4.778e-07 5.431e-08 2.836e-06 ( 0.17%)     1.8620 
U177                    OAI22_X1                      2.299e-06 7.557e-07 3.445e-08 3.090e-06 ( 0.19%)     1.3300 
U230                    NAND2_X2                      2.283e-06 1.966e-06 3.483e-08 4.284e-06 ( 0.26%)     1.3300 
U226                    AOI21_X1                      2.264e-06 1.320e-06 2.643e-08 3.610e-06 ( 0.22%)     1.0640 
U179                    AOI22_X1                      2.259e-06 2.289e-06 2.974e-08 4.578e-06 ( 0.28%)     1.3300 
U181                    AOI22_X1                      2.239e-06 1.159e-06 2.961e-08 3.428e-06 ( 0.21%)     1.3300 
U44                     AND4_X2                       2.239e-06 9.658e-07 5.425e-08 3.259e-06 ( 0.20%)     1.8620 
U213                    NOR2_X2                       2.238e-06 1.962e-06 4.241e-08 4.242e-06 ( 0.26%)     1.3300 
U214                    AOI21_X1                      2.237e-06 1.387e-06 2.644e-08 3.651e-06 ( 0.22%)     1.0640 
U245                    AOI21_X1                      2.221e-06 1.382e-06 2.644e-08 3.629e-06 ( 0.22%)     1.0640 
FE_RC_281_0             AND2_X1                       2.219e-06 1.086e-06 2.582e-08 3.330e-06 ( 0.20%)     1.0640 
U270                    AOI21_X1                      2.210e-06 1.377e-06 2.645e-08 3.613e-06 ( 0.22%)     1.0640 
U208                    OAI21_X1                      2.189e-06 3.914e-06 3.073e-08 6.133e-06 ( 0.37%)     1.0640 
U269                    NOR2_X2                       2.180e-06 1.984e-06 4.234e-08 4.206e-06 ( 0.26%)     1.3300 
U312                    OAI211_X1                     2.178e-06 1.034e-06 2.181e-08 3.234e-06 ( 0.20%)     1.3300 
U222                    NOR2_X2                       2.175e-06 1.993e-06 4.245e-08 4.210e-06 ( 0.26%)     1.3300 
FE_RC_2308_0            AND2_X1                       2.171e-06 1.859e-06 2.574e-08 4.056e-06 ( 0.25%)     1.0640 
U192                    AOI22_X1                      2.167e-06 1.156e-06 3.162e-08 3.355e-06 ( 0.20%)     1.3300 
U221                    OAI21_X1                      2.162e-06 1.340e-06 3.075e-08 3.533e-06 ( 0.21%)     1.0640 
U255                    OAI21_X1                      2.157e-06 1.244e-06 2.263e-08 3.423e-06 ( 0.21%)     1.0640 
U259                    NOR2_X2                       2.156e-06 1.942e-06 4.243e-08 4.141e-06 ( 0.25%)     1.3300 
U211                    NOR2_X2                       2.152e-06 1.978e-06 4.242e-08 4.172e-06 ( 0.25%)     1.3300 
U231                    OAI21_X1                      2.141e-06 1.286e-06 3.061e-08 3.458e-06 ( 0.21%)     1.0640 
U284                    OAI21_X1                      2.139e-06 1.235e-06 2.257e-08 3.397e-06 ( 0.21%)     1.0640 
U280                    OAI21_X1                      2.138e-06 1.236e-06 2.246e-08 3.396e-06 ( 0.21%)     1.0640 
U237                    NOR2_X2                       2.136e-06 1.690e-06 4.248e-08 3.869e-06 ( 0.23%)     1.3300 
U248                    OAI21_X1                      2.130e-06 1.230e-06 2.264e-08 3.382e-06 ( 0.21%)     1.0640 
U244                    NOR2_X2                       2.124e-06 1.961e-06 4.241e-08 4.127e-06 ( 0.25%)     1.3300 
FE_RC_3537_0            AOI21_X1                      2.118e-06 1.320e-06 3.108e-08 3.469e-06 ( 0.21%)     1.0640 
U292                    OAI21_X1                      2.112e-06 1.229e-06 2.262e-08 3.364e-06 ( 0.20%)     1.0640 
U242                    NOR2_X2                       2.110e-06 1.966e-06 4.242e-08 4.118e-06 ( 0.25%)     1.3300 
U273                    OAI21_X1                      2.103e-06 1.223e-06 2.251e-08 3.348e-06 ( 0.20%)     1.0640 
U220                    OAI21_X1                      2.101e-06 1.329e-06 3.273e-08 3.464e-06 ( 0.21%)     1.0640 
U71                     OAI211_X1                     2.062e-06 9.599e-07 2.167e-08 3.044e-06 ( 0.18%)     1.3300 
FE_RC_5831_0            AND2_X1                       2.044e-06 9.834e-07 2.506e-08 3.052e-06 ( 0.19%)     1.0640 
U127                    AOI21_X1                      2.038e-06 1.220e-06 2.642e-08 3.285e-06 ( 0.20%)     1.0640 
FE_OFC381_csr_io_bp_0_control_action BUF_X1           2.000e-06 6.750e-06 2.144e-08 8.771e-06 ( 0.53%)     0.7980 
U112                    NOR2_X2                       1.993e-06 1.770e-06 4.240e-08 3.806e-06 ( 0.23%)     1.3300 
U172                    NOR2_X2                       1.984e-06 1.726e-06 4.240e-08 3.752e-06 ( 0.23%)     1.3300 
U173                    AOI21_X1                      1.967e-06 1.220e-06 2.641e-08 3.214e-06 ( 0.20%)     1.0640 
FE_RC_3399_0            NAND3_X1                      1.967e-06 2.754e-06 3.173e-08 4.752e-06 ( 0.29%)     1.0640 
U114                    NOR2_X2                       1.965e-06 1.763e-06 4.240e-08 3.771e-06 ( 0.23%)     1.3300 
FE_OFC1157_csr_io_bp_0_control_tmatch_0 BUF_X1        1.964e-06 4.978e-06 2.144e-08 6.964e-06 ( 0.42%)     0.7980 
U145                    NOR2_X2                       1.955e-06 1.787e-06 4.240e-08 3.784e-06 ( 0.23%)     1.3300 
FE_OFC163_csr_io_bp_0_control_tmatch_1 BUF_X1         1.948e-06 4.030e-06 2.144e-08 5.999e-06 ( 0.36%)     0.7980 
U133                    OAI21_X1                      1.948e-06 1.153e-06 3.075e-08 3.131e-06 ( 0.19%)     1.0640 
FE_OCPC3898_n135        CLKBUF_X1                     1.947e-06 1.197e-06 1.064e-08 3.154e-06 ( 0.19%)     0.7980 
FE_RC_3427_0            NAND3_X1                      1.946e-06 2.767e-06 3.165e-08 4.745e-06 ( 0.29%)     1.0640 
U139                    NOR2_X2                       1.932e-06 3.089e-06 4.240e-08 5.063e-06 ( 0.31%)     1.3300 
FE_OCPC2157_csr_io_bp_0_address_1 BUF_X1              1.930e-06 2.500e-06 2.144e-08 4.451e-06 ( 0.27%)     0.7980 
FE_RC_2557_0            AND2_X1                       1.920e-06 2.776e-06 2.507e-08 4.721e-06 ( 0.29%)     1.0640 
FE_OCPC2391_csr_io_bp_0_address_3 BUF_X1              1.918e-06 2.563e-06 2.144e-08 4.502e-06 ( 0.27%)     0.7980 
FE_OCPC3872_bpu_io_ea_11 BUF_X1                       1.917e-06 3.030e-06 2.144e-08 4.969e-06 ( 0.30%)     0.7980 
FE_RC_5105_0            AOI21_X1                      1.894e-06 1.147e-06 2.585e-08 3.067e-06 ( 0.19%)     1.0640 
FE_RC_3438_0            NOR2_X1                       1.887e-06 2.750e-06 1.915e-08 4.656e-06 ( 0.28%)     0.7980 
FE_OCPC3899_bpu_io_ea_20 BUF_X1                       1.884e-06 1.396e-06 2.144e-08 3.301e-06 ( 0.20%)     0.7980 
FE_OCPC3895_bpu_io_ea_27 BUF_X1                       1.877e-06 1.396e-06 2.144e-08 3.294e-06 ( 0.20%)     0.7980 
FE_RC_10103_0           OAI21_X1                      1.877e-06 2.158e-06 3.272e-08 4.068e-06 ( 0.25%)     1.0640 
U45                     AND2_X1                       1.876e-06 2.268e-06 2.507e-08 4.168e-06 ( 0.25%)     1.0640 
U291                    AOI221_X1                     1.876e-06 8.777e-07 4.768e-08 2.801e-06 ( 0.17%)     1.5960 
U229                    OAI22_X1                      1.872e-06 1.028e-06 4.023e-08 2.940e-06 ( 0.18%)     1.3300 
FE_RC_5582_0            INV_X2                        1.841e-06 1.181e-06 2.766e-08 3.050e-06 ( 0.19%)     0.7980 
FE_RC_9990_0            AND2_X1                       1.839e-06 1.484e-06 2.507e-08 3.348e-06 ( 0.20%)     1.0640 
FE_RC_4161_0            NOR2_X1                       1.831e-06 1.524e-06 1.918e-08 3.375e-06 ( 0.20%)     0.7980 
FE_RC_2610_0            AND2_X1                       1.801e-06 8.782e-07 2.507e-08 2.704e-06 ( 0.16%)     1.0640 
FE_RC_2612_0            OR2_X1                        1.789e-06 8.674e-07 2.269e-08 2.679e-06 ( 0.16%)     1.0640 
U187                    OAI21_X1                      1.773e-06 1.027e-06 2.262e-08 2.823e-06 ( 0.17%)     1.0640 
U176                    OAI21_X1                      1.771e-06 1.020e-06 2.262e-08 2.814e-06 ( 0.17%)     1.0640 
U158                    OAI21_X1                      1.769e-06 1.022e-06 2.262e-08 2.814e-06 ( 0.17%)     1.0640 
FE_RC_5586_0            NAND3_X1                      1.769e-06 2.244e-06 3.181e-08 4.045e-06 ( 0.25%)     1.0640 
U339                    NAND2_X1                      1.763e-06 1.714e-06 2.937e-08 3.507e-06 ( 0.21%)     0.7980 
U151                    OAI21_X1                      1.762e-06 1.011e-06 2.262e-08 2.796e-06 ( 0.17%)     1.0640 
FE_RC_2248_0            OAI21_X1                      1.761e-06 1.820e-06 2.262e-08 3.603e-06 ( 0.22%)     1.0640 
FE_RC_5125_0            NOR2_X2                       1.760e-06 1.555e-06 4.394e-08 3.359e-06 ( 0.20%)     1.3300 
FE_RC_2543_0            NAND3_X1                      1.758e-06 1.940e-06 3.176e-08 3.730e-06 ( 0.23%)     1.0640 
U183                    OAI21_X1                      1.753e-06 1.007e-06 2.262e-08 2.783e-06 ( 0.17%)     1.0640 
U194                    OAI21_X1                      1.752e-06 1.012e-06 2.262e-08 2.786e-06 ( 0.17%)     1.0640 
U308                    NAND2_X1                      1.741e-06 1.660e-06 2.765e-08 3.429e-06 ( 0.21%)     0.7980 
FE_RC_3439_0            NAND2_X1                      1.726e-06 1.487e-06 2.307e-08 3.236e-06 ( 0.20%)     0.7980 
U17                     AND2_X4                       1.721e-06 7.091e-07 1.024e-07 2.532e-06 ( 0.15%)     2.3940 
U12                     AND2_X4                       1.718e-06 7.079e-07 1.024e-07 2.528e-06 ( 0.15%)     2.3940 
FE_RC_4162_0            NAND2_X1                      1.704e-06 1.470e-06 2.319e-08 3.197e-06 ( 0.19%)     0.7980 
U16                     AND2_X2                       1.683e-06 1.161e-06 5.110e-08 2.895e-06 ( 0.18%)     1.3300 
FE_RC_4130_0            NAND2_X1                      1.671e-06 1.397e-06 2.188e-08 3.089e-06 ( 0.19%)     0.7980 
U49                     AND2_X2                       1.659e-06 1.001e-06 5.110e-08 2.711e-06 ( 0.16%)     1.3300 
FE_RC_3585_0            NAND2_X1                      1.656e-06 1.400e-06 2.176e-08 3.078e-06 ( 0.19%)     0.7980 
FE_RC_3584_0            NAND2_X1                      1.652e-06 1.523e-06 2.173e-08 3.197e-06 ( 0.19%)     0.7980 
FE_RC_3135_0            NAND2_X1                      1.634e-06 1.447e-06 2.246e-08 3.103e-06 ( 0.19%)     0.7980 
U87                     NAND2_X1                      1.615e-06 2.783e-06 2.771e-08 4.425e-06 ( 0.27%)     0.7980 
FE_OCPC4460_csr_io_bp_0_address_11 CLKBUF_X1          1.595e-06 1.814e-06 1.121e-08 3.420e-06 ( 0.21%)     0.7980 
FE_OCPC4464_csr_io_bp_0_address_11 CLKBUF_X1          1.595e-06 1.814e-06 1.121e-08 3.420e-06 ( 0.21%)     0.7980 
FE_OCPC3905_bpu_io_ea_27 CLKBUF_X1                    1.588e-06 1.596e-06 1.121e-08 3.195e-06 ( 0.19%)     0.7980 
U228                    OAI21_X1                      1.586e-06 9.785e-07 2.206e-08 2.587e-06 ( 0.16%)     1.0640 
U234                    NAND2_X1                      1.586e-06 1.356e-06 1.949e-08 2.962e-06 ( 0.18%)     0.7980 
FE_RC_4129_0            NAND2_X1                      1.576e-06 1.455e-06 2.157e-08 3.053e-06 ( 0.19%)     0.7980 
FE_OCPC3403_n68         CLKBUF_X1                     1.549e-06 9.543e-07 1.121e-08 2.514e-06 ( 0.15%)     0.7980 
FE_OFC264_bpu_io_ea_26  INV_X2                        1.540e-06 1.967e-06 2.871e-08 3.535e-06 ( 0.21%)     0.7980 
FE_RC_5627_0            NAND2_X1                      1.539e-06 2.514e-06 2.654e-08 4.080e-06 ( 0.25%)     0.7980 
FE_RC_3225_0            NOR2_X1                       1.536e-06 1.392e-06 2.018e-08 2.948e-06 ( 0.18%)     0.7980 
FE_RC_3586_0            NAND2_X1                      1.536e-06 1.325e-06 1.634e-08 2.877e-06 ( 0.17%)     0.7980 
FE_RC_2565_0            NAND2_X1                      1.530e-06 4.136e-06 2.099e-08 5.688e-06 ( 0.35%)     0.7980 
FE_RC_2255_0            NAND2_X1                      1.529e-06 1.260e-06 2.181e-08 2.811e-06 ( 0.17%)     0.7980 
FE_RC_4981_0            NAND2_X1                      1.523e-06 1.352e-06 2.654e-08 2.902e-06 ( 0.18%)     0.7980 
FE_RC_4980_0            NOR2_X1                       1.516e-06 1.336e-06 2.069e-08 2.872e-06 ( 0.17%)     0.7980 
FE_RC_2209_0            NAND2_X1                      1.513e-06 2.291e-06 2.113e-08 3.825e-06 ( 0.23%)     0.7980 
FE_RC_4131_0            NAND2_X1                      1.513e-06 1.283e-06 1.648e-08 2.812e-06 ( 0.17%)     0.7980 
FE_RC_2211_0            NAND2_X1                      1.513e-06 1.319e-06 2.187e-08 2.853e-06 ( 0.17%)     0.7980 
FE_RC_2093_0            NAND2_X1                      1.490e-06 1.340e-06 2.161e-08 2.851e-06 ( 0.17%)     0.7980 
FE_OFC1501_csr_io_bp_0_address_23 INV_X2              1.474e-06 3.912e-06 2.871e-08 5.415e-06 ( 0.33%)     0.7980 
FE_OFC258_bpu_io_ea_4   INV_X2                        1.472e-06 2.395e-06 2.871e-08 3.896e-06 ( 0.24%)     0.7980 
FE_OFC1335_bpu_io_ea_10 INV_X2                        1.470e-06 9.554e-07 2.871e-08 2.454e-06 ( 0.15%)     0.7980 
FE_OFC596_csr_io_bp_0_address_17 INV_X2               1.463e-06 7.168e-06 2.871e-08 8.659e-06 ( 0.53%)     0.7980 
U54                     NOR2_X1                       1.459e-06 1.249e-06 2.121e-08 2.730e-06 ( 0.17%)     0.7980 
U60                     NAND2_X1                      1.446e-06 1.282e-06 1.744e-08 2.746e-06 ( 0.17%)     0.7980 
U136                    NAND2_X1                      1.445e-06 2.235e-06 1.959e-08 3.700e-06 ( 0.22%)     0.7980 
FE_RC_2254_0            NAND2_X1                      1.437e-06 1.328e-06 2.172e-08 2.786e-06 ( 0.17%)     0.7980 
U57                     NAND2_X1                      1.433e-06 1.314e-06 1.740e-08 2.765e-06 ( 0.17%)     0.7980 
FE_RC_5048_0            INV_X2                        1.424e-06 8.670e-07 2.277e-08 2.313e-06 ( 0.14%)     0.7980 
FE_RC_7575_0            NOR2_X4                       1.417e-06 1.099e-06 9.551e-08 2.612e-06 ( 0.16%)     2.3940 
U118                    NAND2_X2                      1.397e-06 2.733e-06 2.303e-08 4.153e-06 ( 0.25%)     1.3300 
FE_RC_2579_0            NOR2_X1                       1.390e-06 2.003e-06 1.978e-08 3.413e-06 ( 0.21%)     0.7980 
FE_RC_5581_0            NAND2_X1                      1.384e-06 2.223e-06 1.954e-08 3.627e-06 ( 0.22%)     0.7980 
FE_RC_2611_0            NAND2_X1                      1.380e-06 2.123e-06 2.662e-08 3.530e-06 ( 0.21%)     0.7980 
FE_RC_2094_0            NAND2_X1                      1.379e-06 1.155e-06 1.634e-08 2.549e-06 ( 0.15%)     0.7980 
FE_RC_2210_0            NAND2_X1                      1.378e-06 1.149e-06 1.658e-08 2.544e-06 ( 0.15%)     0.7980 
U232                    NAND3_X1                      1.360e-06 8.623e-07 1.900e-08 2.242e-06 ( 0.14%)     1.0640 
FE_RC_5580_0            NOR2_X2                       1.354e-06 1.079e-06 4.685e-08 2.479e-06 ( 0.15%)     1.3300 
FE_RC_2256_0            NAND2_X1                      1.352e-06 1.145e-06 1.632e-08 2.514e-06 ( 0.15%)     0.7980 
U219                    NAND3_X1                      1.343e-06 8.855e-07 2.194e-08 2.250e-06 ( 0.14%)     1.0640 
U223                    NOR2_X1                       1.335e-06 1.121e-06 1.974e-08 2.476e-06 ( 0.15%)     0.7980 
FE_RC_3119_0            NAND2_X1                      1.318e-06 2.073e-06 1.737e-08 3.408e-06 ( 0.21%)     0.7980 
U155                    NOR2_X1                       1.303e-06 1.051e-06 1.971e-08 2.374e-06 ( 0.14%)     0.7980 
U125                    NOR2_X1                       1.292e-06 1.848e-06 1.973e-08 3.159e-06 ( 0.19%)     0.7980 
FE_RC_2139_0            NAND2_X1                      1.285e-06 1.227e-06 1.739e-08 2.529e-06 ( 0.15%)     0.7980 
U153                    NOR2_X1                       1.276e-06 1.862e-06 1.974e-08 3.158e-06 ( 0.19%)     0.7980 
U333                    AND4_X1                       1.256e-06 5.039e-07 2.702e-08 1.787e-06 ( 0.11%)     1.5960 
U287                    NOR2_X1                       1.254e-06 1.116e-06 2.032e-08 2.390e-06 ( 0.15%)     0.7980 
U289                    NOR2_X1                       1.253e-06 1.122e-06 2.032e-08 2.395e-06 ( 0.15%)     0.7980 
U318                    AND4_X1                       1.252e-06 4.704e-07 2.705e-08 1.749e-06 ( 0.11%)     1.5960 
U277                    NOR2_X1                       1.250e-06 1.121e-06 2.032e-08 2.392e-06 ( 0.15%)     0.7980 
U323                    AND4_X1                       1.244e-06 4.803e-07 2.703e-08 1.751e-06 ( 0.11%)     1.5960 
FE_RC_5126_0            NAND2_X1                      1.240e-06 1.893e-06 1.306e-08 3.146e-06 ( 0.19%)     0.7980 
U252                    NOR2_X1                       1.237e-06 1.110e-06 2.032e-08 2.367e-06 ( 0.14%)     0.7980 
U250                    NOR2_X1                       1.232e-06 2.124e-06 2.032e-08 3.376e-06 ( 0.21%)     0.7980 
U8                      AND2_X1                       1.231e-06 1.156e-06 2.533e-08 2.412e-06 ( 0.15%)     1.0640 
FE_RC_3121_0            NAND2_X1                      1.227e-06 1.818e-06 2.065e-08 3.066e-06 ( 0.19%)     0.7980 
U328                    AND4_X1                       1.227e-06 4.846e-07 2.699e-08 1.739e-06 ( 0.11%)     1.5960 
U92                     NAND2_X1                      1.215e-06 1.846e-06 1.739e-08 3.078e-06 ( 0.19%)     0.7980 
U150                    OAI21_X2                      1.214e-06 6.776e-07 1.933e-08 1.911e-06 ( 0.12%)     1.8620 
U275                    NOR2_X1                       1.208e-06 1.113e-06 2.033e-08 2.341e-06 ( 0.14%)     0.7980 
U180                    NOR2_X1                       1.203e-06 1.074e-06 2.032e-08 2.297e-06 ( 0.14%)     0.7980 
FE_RC_8625_0            OAI21_X1                      1.202e-06 8.738e-07 2.152e-08 2.098e-06 ( 0.13%)     1.0640 
FE_RC_4163_0            NAND2_X1                      1.202e-06 1.027e-06 1.809e-08 2.248e-06 ( 0.14%)     0.7980 
FE_RC_3065_0            NAND2_X1                      1.202e-06 1.103e-06 1.749e-08 2.322e-06 ( 0.14%)     0.7980 
U134                    NAND3_X1                      1.197e-06 7.771e-07 1.901e-08 1.993e-06 ( 0.12%)     1.0640 
FE_RC_3440_0            NAND2_X1                      1.192e-06 1.019e-06 1.813e-08 2.229e-06 ( 0.14%)     0.7980 
U191                    NOR2_X1                       1.192e-06 1.075e-06 2.032e-08 2.286e-06 ( 0.14%)     0.7980 
U121                    NAND3_X1                      1.191e-06 7.782e-07 1.901e-08 1.988e-06 ( 0.12%)     1.0640 
FE_RC_1981_0            NAND2_X1                      1.183e-06 1.076e-06 1.764e-08 2.277e-06 ( 0.14%)     0.7980 
FE_RC_5047_0            INV_X1                        1.177e-06 1.509e-06 1.440e-08 2.700e-06 ( 0.16%)     0.5320 
U189                    NOR2_X1                       1.174e-06 1.841e-06 2.032e-08 3.035e-06 ( 0.18%)     0.7980 
U207                    NAND2_X1                      1.172e-06 9.802e-07 1.735e-08 2.170e-06 ( 0.13%)     0.7980 
FE_RC_3824_0            OAI21_X2                      1.168e-06 6.841e-07 1.953e-08 1.872e-06 ( 0.11%)     1.8620 
FE_RC_7578_0            NOR2_X2                       1.161e-06 9.268e-07 4.708e-08 2.135e-06 ( 0.13%)     1.3300 
FE_RC_3220_0            INV_X1                        1.154e-06 1.448e-06 1.436e-08 2.616e-06 ( 0.16%)     0.5320 
U14                     INV_X1                        1.151e-06 1.357e-06 1.383e-08 2.522e-06 ( 0.15%)     0.5320 
FE_RC_2563_0            NAND2_X1                      1.146e-06 3.492e-06 2.246e-08 4.660e-06 ( 0.28%)     0.7980 
U178                    NOR2_X1                       1.145e-06 1.068e-06 2.031e-08 2.233e-06 ( 0.14%)     0.7980 
U218                    NAND2_X1                      1.144e-06 1.986e-06 1.735e-08 3.148e-06 ( 0.19%)     0.7980 
FE_RC_4164_0            INV_X1                        1.111e-06 1.330e-06 1.327e-08 2.455e-06 ( 0.15%)     0.5320 
U263                    NOR2_X1                       1.107e-06 1.725e-06 2.115e-08 2.854e-06 ( 0.17%)     0.7980 
U239                    NAND2_X1                      1.107e-06 9.598e-07 1.749e-08 2.084e-06 ( 0.13%)     0.7980 
U266                    NAND2_X1                      1.104e-06 9.658e-07 1.737e-08 2.087e-06 ( 0.13%)     0.7980 
FE_RC_5050_0            INV_X1                        1.103e-06 1.311e-06 1.332e-08 2.427e-06 ( 0.15%)     0.5320 
FE_RC_3441_0            INV_X1                        1.099e-06 1.329e-06 1.331e-08 2.442e-06 ( 0.15%)     0.5320 
FE_RC_4983_0            NAND2_X1                      1.095e-06 9.758e-07 1.739e-08 2.089e-06 ( 0.13%)     0.7980 
FE_RC_5629_0            NAND2_X1                      1.095e-06 9.744e-07 1.740e-08 2.087e-06 ( 0.13%)     0.7980 
FE_RC_5830_0            NOR3_X1                       1.091e-06 7.796e-07 2.572e-08 1.896e-06 ( 0.12%)     1.0640 
U205                    NOR2_X1                       1.089e-06 9.954e-07 2.120e-08 2.106e-06 ( 0.13%)     0.7980 
FE_RC_3825_0            INV_X1                        1.085e-06 2.398e-06 1.434e-08 3.498e-06 ( 0.21%)     0.5320 
U241                    NOR2_X1                       1.082e-06 9.932e-07 2.120e-08 2.096e-06 ( 0.13%)     0.7980 
FE_RC_3224_0            INV_X1                        1.079e-06 1.292e-06 1.592e-08 2.387e-06 ( 0.14%)     0.5320 
U5                      INV_X1                        1.074e-06 2.757e-06 1.486e-08 3.846e-06 ( 0.23%)     0.5320 
U37                     INV_X1                        1.065e-06 2.804e-06 1.491e-08 3.884e-06 ( 0.24%)     0.5320 
U43                     INV_X1                        1.061e-06 2.726e-06 1.487e-08 3.802e-06 ( 0.23%)     0.5320 
FE_RC_3583_0            NOR2_X1                       1.042e-06 1.625e-06 2.210e-08 2.688e-06 ( 0.16%)     0.7980 
U7                      INV_X1                        1.041e-06 1.337e-06 1.277e-08 2.390e-06 ( 0.15%)     0.5320 
FE_RC_3137_0            INV_X1                        1.033e-06 1.306e-06 1.330e-08 2.352e-06 ( 0.14%)     0.5320 
U109                    NAND2_X1                      1.033e-06 1.530e-06 1.739e-08 2.580e-06 ( 0.16%)     0.7980 
FE_RC_3136_0            INV_X1                        1.032e-06 1.254e-06 1.256e-08 2.298e-06 ( 0.14%)     0.5320 
FE_RC_5128_0            INV_X1                        1.031e-06 2.438e-06 1.537e-08 3.484e-06 ( 0.21%)     0.5320 
FE_RC_10035_0           NAND2_X1                      1.026e-06 1.485e-06 1.739e-08 2.528e-06 ( 0.15%)     0.7980 
FE_RC_8489_0            INV_X1                        1.018e-06 1.223e-06 1.343e-08 2.255e-06 ( 0.14%)     0.5320 
FE_OFC1189_ibuf_io_pc_18 INV_X1                       1.017e-06 1.233e-06 1.434e-08 2.264e-06 ( 0.14%)     0.5320 
FE_RC_2533_0            NAND2_X1                      1.013e-06 1.656e-06 1.739e-08 2.686e-06 ( 0.16%)     0.7980 
U40                     INV_X1                        1.009e-06 1.201e-06 1.386e-08 2.223e-06 ( 0.14%)     0.5320 
FE_RC_4128_0            NOR2_X1                       1.008e-06 8.924e-07 2.215e-08 1.922e-06 ( 0.12%)     0.7980 
FE_OFC552_ibuf_io_pc_15 INV_X1                        1.004e-06 1.216e-06 1.441e-08 2.235e-06 ( 0.14%)     0.5320 
FE_RC_8491_0            INV_X1                        1.000e-06 1.157e-06 1.341e-08 2.170e-06 ( 0.13%)     0.5320 
U107                    NOR2_X1                       9.993e-07 2.843e-06 2.120e-08 3.864e-06 ( 0.23%)     0.7980 
FE_OFC462_ibuf_io_pc_23 INV_X1                        9.976e-07 1.225e-06 1.429e-08 2.236e-06 ( 0.14%)     0.5320 
U124                    NOR2_X1                       9.953e-07 1.756e-06 2.120e-08 2.772e-06 ( 0.17%)     0.7980 
U166                    NOR2_X1                       9.953e-07 8.841e-07 2.120e-08 1.901e-06 ( 0.12%)     0.7980 
FE_RC_3829_0            NAND2_X1                      9.901e-07 1.475e-06 1.739e-08 2.483e-06 ( 0.15%)     0.7980 
U162                    NOR2_X1                       9.898e-07 1.762e-06 2.120e-08 2.773e-06 ( 0.17%)     0.7980 
FE_OFC518_ibuf_io_pc_29 INV_X1                        9.870e-07 1.212e-06 1.436e-08 2.213e-06 ( 0.13%)     0.5320 
FE_RC_2180_0            NAND2_X1                      9.858e-07 1.796e-06 1.739e-08 2.799e-06 ( 0.17%)     0.7980 
U132                    NAND2_X1                      9.831e-07 1.719e-06 1.739e-08 2.720e-06 ( 0.17%)     0.7980 
U210                    INV_X1                        9.827e-07 1.200e-06 1.436e-08 2.197e-06 ( 0.13%)     0.5320 
U147                    NOR2_X1                       9.822e-07 1.782e-06 2.120e-08 2.786e-06 ( 0.17%)     0.7980 
FE_OFC1155_ibuf_io_pc_16 INV_X1                       9.818e-07 7.784e-07 1.434e-08 1.775e-06 ( 0.11%)     0.5320 
FE_OFC32_ibuf_io_pc_21  INV_X1                        9.810e-07 2.504e-06 1.436e-08 3.500e-06 ( 0.21%)     0.5320 
U120                    NAND2_X1                      9.807e-07 1.686e-06 1.739e-08 2.684e-06 ( 0.16%)     0.7980 
U203                    NAND2_X1                      9.802e-07 2.480e-06 1.739e-08 3.477e-06 ( 0.21%)     0.7980 
FE_RC_10149_0           INV_X1                        9.787e-07 2.163e-06 1.344e-08 3.156e-06 ( 0.19%)     0.5320 
U144                    NOR2_X1                       9.768e-07 8.692e-07 2.120e-08 1.867e-06 ( 0.11%)     0.7980 
FE_RC_8793_0            NAND2_X1                      9.764e-07 1.527e-06 1.739e-08 2.521e-06 ( 0.15%)     0.7980 
U142                    NAND2_X1                      9.698e-07 1.764e-06 1.739e-08 2.751e-06 ( 0.17%)     0.7980 
FE_RC_2544_0            NAND2_X1                      9.695e-07 8.605e-07 1.739e-08 1.847e-06 ( 0.11%)     0.7980 
FE_OFC464_ibuf_io_pc_31 INV_X1                        9.677e-07 1.604e-06 1.434e-08 2.587e-06 ( 0.16%)     0.5320 
FE_OFC431_ibuf_io_pc_13 INV_X1                        9.667e-07 1.603e-06 1.438e-08 2.584e-06 ( 0.16%)     0.5320 
FE_OFC1414_ibuf_io_pc_22 INV_X1                       9.666e-07 2.392e-06 1.432e-08 3.373e-06 ( 0.20%)     0.5320 
FE_OFC466_ibuf_io_pc_31 INV_X1                        9.662e-07 1.244e-06 1.434e-08 2.225e-06 ( 0.14%)     0.5320 
FE_RC_9992_0            NAND2_X1                      9.661e-07 8.365e-07 1.739e-08 1.820e-06 ( 0.11%)     0.7980 
FE_OFC271_ibuf_io_pc_4  INV_X1                        9.649e-07 1.263e-06 1.435e-08 2.243e-06 ( 0.14%)     0.5320 
FE_OFC1488_ibuf_io_pc_26 INV_X1                       9.645e-07 2.897e-06 1.439e-08 3.876e-06 ( 0.24%)     0.5320 
FE_RC_2564_0            INV_X1                        9.629e-07 1.165e-06 1.592e-08 2.144e-06 ( 0.13%)     0.5320 
FE_OFC93_ibuf_io_pc_14  INV_X1                        9.619e-07 1.596e-06 1.436e-08 2.572e-06 ( 0.16%)     0.5320 
FE_OFC94_ibuf_io_pc_14  INV_X1                        9.603e-07 1.243e-06 1.436e-08 2.218e-06 ( 0.13%)     0.5320 
FE_OFC490_ibuf_io_pc_10 INV_X1                        9.592e-07 2.167e-06 1.437e-08 3.141e-06 ( 0.19%)     0.5320 
U169                    NAND2_X1                      9.563e-07 8.360e-07 1.739e-08 1.810e-06 ( 0.11%)     0.7980 
FE_OFC404_ibuf_io_pc_28 INV_X1                        9.560e-07 1.245e-06 1.437e-08 2.216e-06 ( 0.13%)     0.5320 
FE_RC_2253_0            NOR2_X1                       9.515e-07 1.491e-06 2.212e-08 2.465e-06 ( 0.15%)     0.7980 
FE_RC_8490_0            INV_X1                        9.504e-07 1.225e-06 1.486e-08 2.190e-06 ( 0.13%)     0.5320 
U38                     INV_X1                        9.480e-07 2.210e-06 1.276e-08 3.171e-06 ( 0.19%)     0.5320 
U48                     INV_X1                        9.469e-07 1.153e-06 1.702e-08 2.117e-06 ( 0.13%)     0.5320 
FE_RC_3222_0            NAND3_X1                      9.446e-07 6.800e-07 2.293e-08 1.647e-06 ( 0.10%)     1.0640 
FE_RC_5127_0            INV_X1                        9.418e-07 1.218e-06 1.594e-08 2.175e-06 ( 0.13%)     0.5320 
U39                     INV_X1                        9.403e-07 2.467e-06 1.491e-08 3.422e-06 ( 0.21%)     0.5320 
U77                     NAND4_X1                      9.389e-07 4.920e-07 1.820e-08 1.449e-06 ( 0.09%)     1.3300 
FE_RC_2567_0            INV_X1                        9.340e-07 1.198e-06 1.380e-08 2.146e-06 ( 0.13%)     0.5320 
U84                     NAND4_X1                      9.332e-07 8.306e-07 1.811e-08 1.782e-06 ( 0.11%)     1.3300 
U11                     AND2_X2                       9.204e-07 3.967e-07 5.122e-08 1.368e-06 ( 0.08%)     1.3300 
U85                     AOI21_X2                      8.924e-07 4.977e-07 7.337e-08 1.463e-06 ( 0.09%)     1.8620 
U34                     INV_X1                        8.246e-07 1.860e-06 1.435e-08 2.699e-06 ( 0.16%)     0.5320 
FE_OFC151_bpu_io_ea_13  INV_X1                        8.244e-07 9.319e-07 1.435e-08 1.771e-06 ( 0.11%)     0.5320 
FE_OFC150_bpu_io_ea_13  INV_X1                        8.231e-07 9.554e-07 1.435e-08 1.793e-06 ( 0.11%)     0.5320 
U51                     INV_X1                        8.225e-07 1.396e-06 1.435e-08 2.232e-06 ( 0.14%)     0.5320 
U313                    INV_X1                        8.224e-07 1.026e-06 1.727e-08 1.865e-06 ( 0.11%)     0.5320 
FE_RC_5049_0            INV_X1                        8.218e-07 1.043e-06 1.191e-08 1.877e-06 ( 0.11%)     0.5320 
FE_OFC1359_csr_io_bp_0_address_24 INV_X1              8.102e-07 1.231e-06 1.435e-08 2.055e-06 ( 0.12%)     0.5320 
U164                    INV_X1                        8.054e-07 5.943e-07 1.435e-08 1.414e-06 ( 0.09%)     0.5320 
U184                    INV_X1                        8.034e-07 9.319e-07 1.435e-08 1.750e-06 ( 0.11%)     0.5320 
U171                    INV_X1                        8.027e-07 9.471e-07 1.435e-08 1.764e-06 ( 0.11%)     0.5320 
U165                    INV_X1                        8.013e-07 9.855e-07 1.435e-08 1.801e-06 ( 0.11%)     0.5320 
FE_RC_2182_0            INV_X1                        7.938e-07 9.554e-07 1.435e-08 1.764e-06 ( 0.11%)     0.5320 
FE_RC_2545_0            INV_X1                        7.906e-07 9.238e-07 1.435e-08 1.729e-06 ( 0.10%)     0.5320 
U103                    INV_X1                        7.897e-07 1.231e-06 1.435e-08 2.035e-06 ( 0.12%)     0.5320 
FE_OCPC2158_csr_io_bp_0_address_1 INV_X1              7.895e-07 9.319e-07 1.435e-08 1.736e-06 ( 0.11%)     0.5320 
FE_OFC1158_csr_io_bp_0_control_tmatch_0 INV_X1        7.803e-07 9.554e-07 1.435e-08 1.750e-06 ( 0.11%)     0.5320 
U63                     INV_X1                        7.787e-07 1.396e-06 1.435e-08 2.189e-06 ( 0.13%)     0.5320 
U24                     INV_X1                        7.677e-07 1.937e-06 1.435e-08 2.719e-06 ( 0.17%)     0.5320 
U168                    INV_X1                        7.646e-07 1.926e-06 1.435e-08 2.705e-06 ( 0.16%)     0.5320 
U202                    INV_X1                        7.645e-07 2.636e-06 1.435e-08 3.415e-06 ( 0.21%)     0.5320 
FE_OFC164_csr_io_bp_0_control_tmatch_1 INV_X1         7.631e-07 9.554e-07 1.435e-08 1.733e-06 ( 0.11%)     0.5320 
U67                     INV_X1                        7.628e-07 2.665e-06 1.435e-08 3.442e-06 ( 0.21%)     0.5320 
U73                     INV_X1                        7.619e-07 2.366e-06 1.435e-08 3.142e-06 ( 0.19%)     0.5320 
FE_OFC1386_io_ptw_status_debug INV_X1                 7.614e-07 9.238e-07 1.435e-08 1.700e-06 ( 0.10%)     0.5320 
FE_RC_8482_0            INV_X1                        7.611e-07 9.585e-07 1.435e-08 1.734e-06 ( 0.11%)     0.5320 
FE_RC_5628_0            INV_X1                        7.563e-07 9.453e-07 1.225e-08 1.714e-06 ( 0.10%)     0.5320 
FE_OFC1329_csr_io_bp_0_address_2 INV_X1               7.538e-07 3.521e-06 1.435e-08 4.289e-06 ( 0.26%)     0.5320 
U96                     INV_X1                        7.534e-07 2.389e-06 1.435e-08 3.157e-06 ( 0.19%)     0.5320 
FE_OFC1167_csr_io_bp_0_address_30 INV_X1              7.521e-07 2.710e-06 1.435e-08 3.477e-06 ( 0.21%)     0.5320 
FE_OFC265_bpu_io_ea_26  INV_X1                        7.514e-07 3.267e-06 1.435e-08 4.033e-06 ( 0.24%)     0.5320 
FE_RC_3226_0            INV_X1                        7.514e-07 9.685e-07 1.224e-08 1.732e-06 ( 0.11%)     0.5320 
FE_OFC597_csr_io_bp_0_address_17 INV_X1               7.512e-07 1.396e-06 1.435e-08 2.161e-06 ( 0.13%)     0.5320 
FE_OFC284_csr_io_bp_0_address_5 INV_X1                7.504e-07 2.665e-06 1.435e-08 3.429e-06 ( 0.21%)     0.5320 
FE_RC_4982_0            INV_X1                        7.493e-07 9.320e-07 1.222e-08 1.694e-06 ( 0.10%)     0.5320 
FE_OFC262_csr_io_bp_0_address_21 INV_X1               7.486e-07 1.860e-06 1.435e-08 2.623e-06 ( 0.16%)     0.5320 
FE_OFC1163_csr_io_bp_0_address_6 INV_X1               7.486e-07 1.231e-06 1.435e-08 1.993e-06 ( 0.12%)     0.5320 
FE_OFC1558_csr_io_bp_0_address_25 INV_X1              7.483e-07 2.500e-06 1.435e-08 3.262e-06 ( 0.20%)     0.5320 
FE_OFC1162_csr_io_bp_0_address_6 INV_X1               7.483e-07 1.396e-06 1.435e-08 2.158e-06 ( 0.13%)     0.5320 
FE_OFC961_csr_io_bp_0_address_20 INV_X1               7.481e-07 1.981e-06 1.435e-08 2.744e-06 ( 0.17%)     0.5320 
FE_OFC424_csr_io_bp_0_address_11 INV_X1               7.480e-07 2.665e-06 1.435e-08 3.427e-06 ( 0.21%)     0.5320 
FE_OFC1540_bpu_io_ea_28 INV_X1                        7.471e-07 2.392e-06 1.435e-08 3.154e-06 ( 0.19%)     0.5320 
FE_OFC1571_csr_io_bp_0_address_13 INV_X1              7.458e-07 1.860e-06 1.435e-08 2.620e-06 ( 0.16%)     0.5320 
U119                    INV_X1                        7.452e-07 1.521e-06 1.435e-08 2.281e-06 ( 0.14%)     0.5320 
FE_OFC1562_csr_io_bp_0_address_12 INV_X1              7.443e-07 1.396e-06 1.435e-08 2.154e-06 ( 0.13%)     0.5320 
FE_OFC1563_csr_io_bp_0_address_12 INV_X1              7.429e-07 9.587e-07 1.435e-08 1.716e-06 ( 0.10%)     0.5320 
FE_OFC1564_csr_io_bp_0_address_12 INV_X1              7.429e-07 9.587e-07 1.435e-08 1.716e-06 ( 0.10%)     0.5320 
FE_OFC1565_csr_io_bp_0_address_12 INV_X1              7.428e-07 9.238e-07 1.435e-08 1.681e-06 ( 0.10%)     0.5320 
FE_OFC1544_bpu_io_ea_14 INV_X1                        7.420e-07 1.231e-06 1.435e-08 1.987e-06 ( 0.12%)     0.5320 
FE_OFC1545_bpu_io_ea_14 INV_X1                        7.408e-07 9.585e-07 1.435e-08 1.714e-06 ( 0.10%)     0.5320 
FE_RC_2546_0            INV_X1                        7.404e-07 9.554e-07 1.435e-08 1.710e-06 ( 0.10%)     0.5320 
FE_OFC252_bpu_io_ea_3   INV_X1                        7.392e-07 1.317e-06 1.435e-08 2.071e-06 ( 0.13%)     0.5320 
U159                    INV_X1                        7.381e-07 9.319e-07 1.435e-08 1.684e-06 ( 0.10%)     0.5320 
FE_OFC251_bpu_io_ea_3   INV_X1                        7.368e-07 9.554e-07 1.435e-08 1.707e-06 ( 0.10%)     0.5320 
FE_OCPC2392_csr_io_bp_0_address_3 INV_X1              7.331e-07 9.238e-07 1.435e-08 1.671e-06 ( 0.10%)     0.5320 
U216                    NAND2_X1                      7.119e-07 6.549e-07 1.151e-08 1.378e-06 ( 0.08%)     0.7980 
FE_RC_7576_0            NAND2_X1                      7.050e-07 2.086e-06 1.056e-08 2.802e-06 ( 0.17%)     0.7980 
FE_RC_2541_0            INV_X1                        6.942e-07 8.585e-07 1.222e-08 1.565e-06 ( 0.10%)     0.5320 
FE_OFC167_ibuf_io_pc_1  INV_X1                        6.900e-07 8.275e-07 1.650e-08 1.534e-06 ( 0.09%)     0.5320 
FE_RC_7577_0            INV_X1                        6.833e-07 8.598e-07 1.649e-08 1.560e-06 ( 0.09%)     0.5320 
FE_RC_5574_0            INV_X1                        6.774e-07 8.548e-07 1.645e-08 1.549e-06 ( 0.09%)     0.5320 
FE_RC_5585_0            INV_X1                        6.772e-07 1.602e-06 1.647e-08 2.295e-06 ( 0.14%)     0.5320 
FE_RC_5590_0            INV_X1                        6.772e-07 1.602e-06 1.647e-08 2.295e-06 ( 0.14%)     0.5320 
FE_RC_2532_0            INV_X1                        6.755e-07 1.470e-06 1.223e-08 2.158e-06 ( 0.13%)     0.5320 
FE_RC_3830_0            INV_X1                        6.714e-07 1.629e-06 1.224e-08 2.313e-06 ( 0.14%)     0.5320 
FE_RC_10036_0           INV_X1                        6.703e-07 1.637e-06 1.224e-08 2.320e-06 ( 0.14%)     0.5320 
FE_RC_5584_0            INV_X1                        6.682e-07 1.551e-06 1.651e-08 2.235e-06 ( 0.14%)     0.5320 
FE_RC_5589_0            INV_X1                        6.682e-07 1.551e-06 1.651e-08 2.235e-06 ( 0.14%)     0.5320 
FE_RC_2498_0            INV_X1                        6.671e-07 8.387e-07 1.220e-08 1.518e-06 ( 0.09%)     0.5320 
FE_RC_2566_0            INV_X1                        6.647e-07 8.340e-07 1.224e-08 1.511e-06 ( 0.09%)     0.5320 
FE_RC_2497_0            INV_X1                        6.636e-07 8.476e-07 1.222e-08 1.523e-06 ( 0.09%)     0.5320 
U61                     NOR2_X1                       5.286e-07 4.489e-07 2.446e-08 1.002e-06 ( 0.06%)     0.7980 
FE_RC_3223_0            INV_X1                        5.249e-07 6.457e-07 1.774e-08 1.188e-06 ( 0.07%)     0.5320 
FE_RC_2982_0            INV_X1                        5.025e-07 1.312e-06 1.777e-08 1.832e-06 ( 0.11%)     0.5320 
U50                     AND2_X1                       4.983e-07 4.017e-07 2.552e-08 9.255e-07 ( 0.06%)     1.0640 
FE_RC_2125_0            INV_X1                        4.772e-07 1.070e-06 1.776e-08 1.565e-06 ( 0.10%)     0.5320 
FE_RC_2573_0            NOR3_X4                       4.742e-07 1.562e-07 1.354e-07 7.658e-07 ( 0.05%)     3.7240 
U46                     INV_X1                        4.455e-07 1.164e-06 1.115e-08 1.621e-06 ( 0.10%)     0.5320 
FE_RC_3219_0            NAND2_X1                      4.333e-07 7.144e-07 6.445e-09 1.154e-06 ( 0.07%)     0.7980 
FE_RC_3134_0            NAND2_X1                      4.091e-07 3.818e-07 1.488e-08 8.059e-07 ( 0.05%)     0.7980 
FE_RC_2222_0            INV_X1                        3.886e-07 4.673e-07 1.806e-08 8.740e-07 ( 0.05%)     0.5320 
U79                     NAND2_X1                      3.762e-07 1.030e-06 1.494e-08 1.421e-06 ( 0.09%)     0.7980 
FE_RC_2342_0            NAND2_X1                      1.239e-07 1.104e-07 5.799e-09 2.401e-07 ( 0.01%)     0.7980 
FE_RC_2561_0            NAND2_X2                      1.186e-07 8.190e-08 8.174e-09 2.087e-07 ( 0.01%)     1.3300 
FE_RC_2341_0            INV_X1                        8.523e-08 1.049e-07 1.849e-08 2.086e-07 ( 0.01%)     0.5320 
FE_RC_2519_0            NAND3_X1                      5.452e-08 3.817e-08 8.572e-09 1.013e-07 ( 0.01%)     1.0640 
FE_RC_2340_0            NAND2_X1                      4.447e-08 6.879e-08 1.168e-08 1.249e-07 ( 0.01%)     0.7980 
U15                     AND4_X2                       1.669e-08 3.337e-09 4.461e-08 6.464e-08 ( 0.00%)     1.8620 
FE_RC_8628_0            NAND4_X2                      7.219e-09 3.241e-09 8.263e-09 1.872e-08 ( 0.00%)     2.3940 
FE_RC_2221_0            NOR2_X1                       5.154e-09 4.665e-09 2.785e-08 3.766e-08 ( 0.00%)     0.7980 
U10                     AND4_X2                       2.277e-09 4.690e-10 4.146e-08 4.421e-08 ( 0.00%)     1.8620 
FE_RC_8850_0            NAND2_X1                      2.218e-10 3.548e-10 3.532e-09 4.109e-09 ( 0.00%)     0.7980 
FE_RC_8849_0            NOR2_X2                          0.0000    0.0000 5.917e-08 5.917e-08 ( 0.00%)     1.3300 
U340                    NAND4_X1                         0.0000    0.0000 1.260e-08 1.260e-08 ( 0.00%)     1.3300 
------------------------------------------------------------------------------------------------------------------------
Totals (469 cells)                                    8.948e-04 7.389e-04 1.296e-05 1.647e-03 (100.0%)   496.8897
1
