****************************************
Report : Averaged Power
Design : Rocket/csr (CSRFile_0)
Version: T-2022.03-SP3
Date   : Thu May 29 16:13:26 2025
****************************************



  Attributes
  ----------
      i  -  Including register clock pin internal power
      u  -  User defined power group

                        Internal  Switching  Leakage    Total
Power Group             Power     Power      Power      Power   (     %)  Attrs
--------------------------------------------------------------------------------
clock_network           4.037e-03 1.844e-03 2.946e-06 5.883e-03 (24.10%)  i
register                5.409e-03 2.937e-03 5.359e-05 8.400e-03 (34.41%)  
combinational           5.011e-03 4.929e-03 1.877e-04    0.0101 (41.49%)  
sequential                 0.0000    0.0000    0.0000    0.0000 ( 0.00%)  
memory                     0.0000    0.0000    0.0000    0.0000 ( 0.00%)  
io_pad                     0.0000    0.0000    0.0000    0.0000 ( 0.00%)  
black_box                  0.0000    0.0000    0.0000    0.0000 ( 0.00%)  

  Net Switching Power  = 9.709e-03   (39.77%)
  Cell Internal Power  =    0.0145   (59.23%)
  Cell Leakage Power   = 2.442e-04   ( 1.00%)
                         ---------
Total Power            =    0.0244  (100.00%)

1
