****************************************
Report : Averaged Power
Design : Rocket/alu (ALU_0)
Version: T-2022.03-SP3
Date   : Thu May 29 16:13:47 2025
****************************************



  Attributes
  ----------
      i  -  Including register clock pin internal power
      u  -  User defined power group

                        Internal  Switching  Leakage    Total
Power Group             Power     Power      Power      Power   (     %)  Attrs
--------------------------------------------------------------------------------
clock_network              0.0000    0.0000    0.0000    0.0000 ( 0.00%)  i
register                   0.0000    0.0000    0.0000    0.0000 ( 0.00%)  
combinational           1.499e-03 2.064e-03 2.586e-05 3.588e-03 (100.00%) 
sequential                 0.0000    0.0000    0.0000    0.0000 ( 0.00%)  
memory                     0.0000    0.0000    0.0000    0.0000 ( 0.00%)  
io_pad                     0.0000    0.0000    0.0000    0.0000 ( 0.00%)  
black_box                  0.0000    0.0000    0.0000    0.0000 ( 0.00%)  

  Net Switching Power  = 2.064e-03   (57.51%)
  Cell Internal Power  = 1.499e-03   (41.77%)
  Cell Leakage Power   = 2.586e-05   ( 0.72%)
                         ---------
Total Power            = 3.588e-03  (100.00%)

1
