****************************************
Report : Averaged Power
	-cell_power
	-sort_by cell_internal_power
	-nosplit
	-area
Design : Rocket/bpu (BreakpointUnit_0)
Version: T-2022.03-SP3
Date   : Thu May 29 16:13:47 2025
****************************************



  Attributes
  ----------
      a  -  Annotated internal | leakage | switching power 
      b  -  Black-box (unresolved) cell
      c  -  Clock pin internal power only
      d  -  Does not include clock pin internal power
      h  -  Hierarchical cell

                        Lib Cell                      Internal  Switching Leakage   Total
Cell                    Name                          Power     Power     Power     Power    (     %)      Area   Attrs
------------------------------------------------------------------------------------------------------------------------
U296                    XNOR2_X1                      4.571e-06 1.188e-06 3.635e-08 5.796e-06 ( 0.51%)     1.5960 
U198                    XNOR2_X1                      4.423e-06 1.139e-06 3.604e-08 5.598e-06 ( 0.49%)     1.5960 
U307                    XOR2_X1                       4.249e-06 1.650e-06 3.625e-08 5.935e-06 ( 0.52%)     1.5960 
U338                    XOR2_X1                       4.193e-06 1.641e-06 3.616e-08 5.870e-06 ( 0.51%)     1.5960 
U310                    XNOR2_X1                      4.168e-06 1.668e-06 3.646e-08 5.873e-06 ( 0.51%)     1.5960 
U302                    XNOR2_X1                      4.163e-06 1.005e-06 3.644e-08 5.205e-06 ( 0.46%)     1.5960 
U303                    XNOR2_X1                      4.161e-06 1.048e-06 3.644e-08 5.246e-06 ( 0.46%)     1.5960 
U334                    XNOR2_X1                      4.160e-06 1.605e-06 3.644e-08 5.802e-06 ( 0.51%)     1.5960 
U335                    XNOR2_X1                      4.159e-06 1.654e-06 3.645e-08 5.850e-06 ( 0.51%)     1.5960 
U317                    XNOR2_X1                      4.152e-06 1.082e-06 3.640e-08 5.271e-06 ( 0.46%)     1.5960 
U311                    XNOR2_X1                      4.150e-06 1.691e-06 3.643e-08 5.878e-06 ( 0.51%)     1.5960 
U298                    XNOR2_X1                      4.147e-06 1.043e-06 3.642e-08 5.226e-06 ( 0.46%)     1.5960 
U305                    XNOR2_X1                      4.147e-06 1.078e-06 3.649e-08 5.262e-06 ( 0.46%)     1.5960 
U299                    XNOR2_X1                      4.144e-06 1.063e-06 3.640e-08 5.243e-06 ( 0.46%)     1.5960 
U319                    XNOR2_X1                      4.144e-06 1.005e-06 3.641e-08 5.185e-06 ( 0.45%)     1.5960 
U330                    XNOR2_X1                      4.144e-06 1.044e-06 3.642e-08 5.225e-06 ( 0.46%)     1.5960 
U324                    XNOR2_X1                      4.144e-06 1.007e-06 3.643e-08 5.187e-06 ( 0.45%)     1.5960 
U320                    XNOR2_X1                      4.141e-06 1.049e-06 3.646e-08 5.226e-06 ( 0.46%)     1.5960 
U322                    XNOR2_X1                      4.140e-06 1.076e-06 3.647e-08 5.253e-06 ( 0.46%)     1.5960 
U329                    XNOR2_X1                      4.139e-06 1.007e-06 3.642e-08 5.183e-06 ( 0.45%)     1.5960 
U297                    XNOR2_X1                      4.138e-06 1.006e-06 3.650e-08 5.180e-06 ( 0.45%)     1.5960 
U300                    XNOR2_X1                      4.136e-06 1.081e-06 3.641e-08 5.253e-06 ( 0.46%)     1.5960 
U321                    XNOR2_X1                      4.135e-06 1.065e-06 3.651e-08 5.237e-06 ( 0.46%)     1.5960 
U304                    XNOR2_X1                      4.134e-06 1.064e-06 3.649e-08 5.235e-06 ( 0.46%)     1.5960 
U336                    XNOR2_X1                      4.134e-06 1.687e-06 3.642e-08 5.857e-06 ( 0.51%)     1.5960 
U331                    XNOR2_X1                      4.134e-06 1.064e-06 3.643e-08 5.234e-06 ( 0.46%)     1.5960 
U325                    XNOR2_X1                      4.131e-06 1.044e-06 3.642e-08 5.211e-06 ( 0.46%)     1.5960 
U316                    XNOR2_X1                      4.127e-06 1.062e-06 3.641e-08 5.225e-06 ( 0.46%)     1.5960 
U326                    XNOR2_X1                      4.125e-06 1.061e-06 3.653e-08 5.223e-06 ( 0.46%)     1.5960 
U332                    XNOR2_X1                      4.123e-06 1.079e-06 3.645e-08 5.238e-06 ( 0.46%)     1.5960 
U315                    XNOR2_X1                      4.117e-06 1.041e-06 3.640e-08 5.194e-06 ( 0.45%)     1.5960 
U327                    XNOR2_X1                      4.116e-06 1.083e-06 3.648e-08 5.236e-06 ( 0.46%)     1.5960 
U314                    XNOR2_X1                      4.104e-06 9.966e-07 3.648e-08 5.137e-06 ( 0.45%)     1.5960 
U309                    XNOR2_X1                      4.053e-06 1.400e-06 3.569e-08 5.489e-06 ( 0.48%)     1.5960 
U78                     XOR2_X1                       3.845e-06 1.524e-06 3.616e-08 5.405e-06 ( 0.47%)     1.5960 
U90                     XOR2_X1                       3.819e-06 1.484e-06 3.616e-08 5.339e-06 ( 0.47%)     1.5960 
U86                     XOR2_X1                       3.808e-06 1.483e-06 3.616e-08 5.328e-06 ( 0.47%)     1.5960 
U56                     XNOR2_X1                      3.772e-06 1.546e-06 3.644e-08 5.354e-06 ( 0.47%)     1.5960 
U62                     XNOR2_X1                      3.771e-06 1.517e-06 3.644e-08 5.324e-06 ( 0.47%)     1.5960 
U55                     XNOR2_X1                      3.769e-06 1.485e-06 3.644e-08 5.291e-06 ( 0.46%)     1.5960 
U76                     XNOR2_X1                      3.767e-06 1.535e-06 3.644e-08 5.338e-06 ( 0.47%)     1.5960 
U80                     XNOR2_X1                      3.767e-06 1.416e-06 3.644e-08 5.219e-06 ( 0.46%)     1.5960 
U83                     XNOR2_X1                      3.766e-06 1.522e-06 3.644e-08 5.325e-06 ( 0.47%)     1.5960 
U82                     XNOR2_X1                      3.765e-06 1.505e-06 3.644e-08 5.306e-06 ( 0.46%)     1.5960 
U75                     XNOR2_X1                      3.758e-06 1.515e-06 3.644e-08 5.310e-06 ( 0.46%)     1.5960 
U89                     XNOR2_X1                      3.758e-06 9.601e-07 3.644e-08 4.754e-06 ( 0.42%)     1.5960 
U81                     XNOR2_X1                      3.753e-06 1.470e-06 3.644e-08 5.259e-06 ( 0.46%)     1.5960 
U53                     XNOR2_X1                      3.749e-06 1.528e-06 3.644e-08 5.313e-06 ( 0.46%)     1.5960 
U66                     XNOR2_X1                      3.742e-06 1.444e-06 3.644e-08 5.222e-06 ( 0.46%)     1.5960 
U74                     XNOR2_X1                      3.738e-06 1.477e-06 3.644e-08 5.252e-06 ( 0.46%)     1.5960 
U64                     XNOR2_X1                      3.737e-06 1.521e-06 3.644e-08 5.294e-06 ( 0.46%)     1.5960 
U72                     XNOR2_X1                      3.732e-06 1.420e-06 3.644e-08 5.189e-06 ( 0.45%)     1.5960 
U100                    XNOR2_X1                      3.729e-06 9.008e-07 3.644e-08 4.666e-06 ( 0.41%)     1.5960 
U98                     XNOR2_X1                      3.728e-06 9.747e-07 3.644e-08 4.739e-06 ( 0.41%)     1.5960 
U70                     XNOR2_X1                      3.727e-06 1.522e-06 3.644e-08 5.286e-06 ( 0.46%)     1.5960 
U95                     XNOR2_X1                      3.726e-06 9.416e-07 3.644e-08 4.704e-06 ( 0.41%)     1.5960 
U104                    XNOR2_X1                      3.725e-06 9.732e-07 3.644e-08 4.735e-06 ( 0.41%)     1.5960 
U58                     XNOR2_X1                      3.718e-06 1.469e-06 3.644e-08 5.224e-06 ( 0.46%)     1.5960 
U52                     XNOR2_X1                      3.717e-06 1.557e-06 3.644e-08 5.310e-06 ( 0.46%)     1.5960 
U69                     XNOR2_X1                      3.717e-06 1.486e-06 3.644e-08 5.239e-06 ( 0.46%)     1.5960 
U94                     XNOR2_X1                      3.714e-06 8.971e-07 3.644e-08 4.647e-06 ( 0.41%)     1.5960 
U88                     XNOR2_X1                      3.713e-06 9.347e-07 3.644e-08 4.684e-06 ( 0.41%)     1.5960 
U102                    XNOR2_X1                      3.708e-06 9.473e-07 3.644e-08 4.692e-06 ( 0.41%)     1.5960 
U101                    XNOR2_X1                      3.707e-06 9.334e-07 3.644e-08 4.677e-06 ( 0.41%)     1.5960 
U97                     XNOR2_X1                      3.706e-06 9.532e-07 3.644e-08 4.696e-06 ( 0.41%)     1.5960 
U59                     XNOR2_X1                      3.706e-06 1.519e-06 3.644e-08 5.261e-06 ( 0.46%)     1.5960 
U199                    MUX2_X1                       3.284e-06 1.227e-06 3.854e-08 4.550e-06 ( 0.40%)     1.8620 
U342                    MUX2_X1                       3.217e-06 1.227e-06 3.854e-08 4.483e-06 ( 0.39%)     1.8620 
U294                    AOI211_X1                     3.197e-06 1.482e-06 3.073e-08 4.710e-06 ( 0.41%)     1.3300 
U258                    AOI211_X1                     3.185e-06 1.510e-06 3.079e-08 4.726e-06 ( 0.41%)     1.3300 
U283                    AOI211_X1                     3.150e-06 1.424e-06 3.077e-08 4.605e-06 ( 0.40%)     1.3300 
U233                    OAI221_X1                     3.088e-06 1.388e-06 4.077e-08 4.516e-06 ( 0.40%)     1.5960 
U186                    AOI211_X1                     3.012e-06 1.363e-06 3.115e-08 4.406e-06 ( 0.39%)     1.3300 
U161                    AOI211_X1                     2.978e-06 1.412e-06 3.105e-08 4.421e-06 ( 0.39%)     1.3300 
U196                    AOI211_X1                     2.933e-06 1.361e-06 3.106e-08 4.325e-06 ( 0.38%)     1.3300 
U295                    OAI221_X1                     2.889e-06 1.943e-06 5.111e-08 4.883e-06 ( 0.43%)     1.5960 
U209                    AOI211_X1                     2.827e-06 2.683e-06 3.310e-08 5.543e-06 ( 0.48%)     1.3300 
U215                    AOI211_X1                     2.825e-06 1.336e-06 3.301e-08 4.194e-06 ( 0.37%)     1.3300 
U135                    OAI221_X1                     2.797e-06 1.286e-06 4.146e-08 4.125e-06 ( 0.36%)     1.5960 
U240                    OAI211_X1                     2.661e-06 2.761e-06 3.204e-08 5.454e-06 ( 0.48%)     1.3300 
U267                    OAI211_X1                     2.645e-06 2.666e-06 3.194e-08 5.343e-06 ( 0.47%)     1.3300 
U197                    OAI221_X1                     2.642e-06 1.783e-06 4.986e-08 4.476e-06 ( 0.39%)     1.5960 
U286                    OAI22_X1                      2.590e-06 1.336e-06 3.446e-08 3.961e-06 ( 0.35%)     1.3300 
U257                    OAI22_X1                      2.588e-06 1.322e-06 3.448e-08 3.945e-06 ( 0.35%)     1.3300 
U274                    OAI22_X1                      2.588e-06 1.332e-06 3.457e-08 3.955e-06 ( 0.35%)     1.3300 
U293                    OAI22_X1                      2.575e-06 1.312e-06 3.454e-08 3.922e-06 ( 0.34%)     1.3300 
U249                    OAI22_X1                      2.571e-06 1.326e-06 3.449e-08 3.932e-06 ( 0.34%)     1.3300 
U117                    AOI211_X1                     2.565e-06 1.214e-06 3.299e-08 3.813e-06 ( 0.33%)     1.3300 
U235                    OAI22_X1                      2.560e-06 1.244e-06 3.646e-08 3.841e-06 ( 0.34%)     1.3300 
U282                    OAI22_X1                      2.555e-06 1.303e-06 3.444e-08 3.892e-06 ( 0.34%)     1.3300 
U111                    AOI211_X1                     2.551e-06 2.422e-06 3.299e-08 5.006e-06 ( 0.44%)     1.3300 
U290                    AOI22_X1                      2.489e-06 1.283e-06 2.979e-08 3.802e-06 ( 0.33%)     1.3300 
U288                    AOI22_X1                      2.481e-06 2.632e-06 2.980e-08 5.143e-06 ( 0.45%)     1.3300 
U251                    AOI22_X1                      2.465e-06 2.613e-06 2.973e-08 5.109e-06 ( 0.45%)     1.3300 
U278                    AOI22_X1                      2.464e-06 1.269e-06 2.970e-08 3.763e-06 ( 0.33%)     1.3300 
U276                    AOI22_X1                      2.455e-06 2.597e-06 2.968e-08 5.082e-06 ( 0.44%)     1.3300 
U170                    OAI211_X1                     2.452e-06 2.460e-06 3.217e-08 4.944e-06 ( 0.43%)     1.3300 
U253                    AOI22_X1                      2.443e-06 1.256e-06 2.965e-08 3.728e-06 ( 0.33%)     1.3300 
U143                    OAI211_X1                     2.442e-06 2.523e-06 3.201e-08 4.997e-06 ( 0.44%)     1.3300 
U260                    AOI21_X1                      2.417e-06 1.405e-06 2.842e-08 3.851e-06 ( 0.34%)     1.0640 
U337                    OAI211_X1                     2.399e-06 1.177e-06 2.203e-08 3.598e-06 ( 0.31%)     1.3300 
U224                    AOI22_X1                      2.396e-06 1.233e-06 3.171e-08 3.661e-06 ( 0.32%)     1.3300 
U177                    OAI22_X1                      2.345e-06 1.226e-06 3.446e-08 3.605e-06 ( 0.32%)     1.3300 
U185                    OAI22_X1                      2.343e-06 1.215e-06 3.445e-08 3.592e-06 ( 0.31%)     1.3300 
U195                    OAI22_X1                      2.340e-06 1.210e-06 3.447e-08 3.584e-06 ( 0.31%)     1.3300 
U188                    OAI22_X1                      2.336e-06 1.226e-06 3.446e-08 3.596e-06 ( 0.31%)     1.3300 
U152                    OAI22_X1                      2.334e-06 1.223e-06 3.446e-08 3.591e-06 ( 0.31%)     1.3300 
U131                    OAI22_X1                      2.326e-06 1.160e-06 3.448e-08 3.520e-06 ( 0.31%)     1.3300 
U163                    AOI21_X1                      2.323e-06 1.348e-06 2.771e-08 3.698e-06 ( 0.32%)     1.0640 
U160                    OAI22_X1                      2.321e-06 1.203e-06 3.446e-08 3.559e-06 ( 0.31%)     1.3300 
U2                      AOI21_X1                      2.306e-06 2.758e-06 2.633e-08 5.090e-06 ( 0.45%)     1.0640 
U137                    OAI22_X1                      2.297e-06 1.119e-06 3.698e-08 3.453e-06 ( 0.30%)     1.3300 
U226                    AOI21_X1                      2.281e-06 1.316e-06 2.636e-08 3.624e-06 ( 0.32%)     1.0640 
U264                    AOI21_X1                      2.276e-06 2.734e-06 2.657e-08 5.036e-06 ( 0.44%)     1.0640 
U245                    AOI21_X1                      2.255e-06 1.387e-06 2.640e-08 3.668e-06 ( 0.32%)     1.0640 
U154                    AOI22_X1                      2.241e-06 2.354e-06 2.973e-08 4.625e-06 ( 0.40%)     1.3300 
U192                    AOI22_X1                      2.240e-06 1.148e-06 2.980e-08 3.418e-06 ( 0.30%)     1.3300 
U179                    AOI22_X1                      2.236e-06 2.348e-06 2.970e-08 4.615e-06 ( 0.40%)     1.3300 
U190                    AOI22_X1                      2.236e-06 2.350e-06 2.981e-08 4.616e-06 ( 0.40%)     1.3300 
U156                    AOI22_X1                      2.236e-06 1.141e-06 2.967e-08 3.406e-06 ( 0.30%)     1.3300 
U270                    AOI21_X1                      2.232e-06 1.374e-06 2.643e-08 3.633e-06 ( 0.32%)     1.0640 
U214                    AOI21_X1                      2.230e-06 1.373e-06 2.640e-08 3.630e-06 ( 0.32%)     1.0640 
U181                    AOI22_X1                      2.225e-06 1.136e-06 2.970e-08 3.391e-06 ( 0.30%)     1.3300 
U208                    OAI21_X1                      2.194e-06 2.800e-06 3.048e-08 5.024e-06 ( 0.44%)     1.0640 
U312                    OAI211_X1                     2.187e-06 1.039e-06 2.175e-08 3.248e-06 ( 0.28%)     1.3300 
U126                    AOI22_X1                      2.179e-06 1.120e-06 3.165e-08 3.331e-06 ( 0.29%)     1.3300 
U221                    OAI21_X1                      2.174e-06 2.772e-06 3.075e-08 4.977e-06 ( 0.44%)     1.0640 
U255                    OAI21_X1                      2.174e-06 1.250e-06 2.274e-08 3.447e-06 ( 0.30%)     1.0640 
U231                    OAI21_X1                      2.151e-06 1.296e-06 3.069e-08 3.477e-06 ( 0.30%)     1.0640 
U273                    OAI21_X1                      2.146e-06 1.231e-06 2.246e-08 3.400e-06 ( 0.30%)     1.0640 
U292                    OAI21_X1                      2.146e-06 1.231e-06 2.240e-08 3.399e-06 ( 0.30%)     1.0640 
U284                    OAI21_X1                      2.145e-06 1.226e-06 2.245e-08 3.393e-06 ( 0.30%)     1.0640 
U248                    OAI21_X1                      2.134e-06 1.227e-06 2.258e-08 3.383e-06 ( 0.30%)     1.0640 
U280                    OAI21_X1                      2.122e-06 1.214e-06 2.237e-08 3.358e-06 ( 0.29%)     1.0640 
U220                    OAI21_X1                      2.080e-06 1.280e-06 3.267e-08 3.393e-06 ( 0.30%)     1.0640 
U71                     OAI211_X1                     2.051e-06 6.114e-07 2.178e-08 2.684e-06 ( 0.23%)     1.3300 
U173                    AOI21_X1                      2.040e-06 1.243e-06 2.643e-08 3.309e-06 ( 0.29%)     1.0640 
U167                    AOI21_X1                      2.035e-06 2.451e-06 2.639e-08 4.513e-06 ( 0.39%)     1.0640 
U115                    AOI21_X1                      2.023e-06 1.236e-06 2.641e-08 3.285e-06 ( 0.29%)     1.0640 
U148                    AOI21_X1                      2.017e-06 1.230e-06 2.640e-08 3.273e-06 ( 0.29%)     1.0640 
U127                    AOI21_X1                      2.015e-06 1.167e-06 2.641e-08 3.209e-06 ( 0.28%)     1.0640 
U140                    AOI21_X1                      2.003e-06 2.414e-06 2.641e-08 4.444e-06 ( 0.39%)     1.0640 
U110                    OAI21_X1                      1.961e-06 2.478e-06 3.054e-08 4.470e-06 ( 0.39%)     1.0640 
U123                    OAI21_X1                      1.957e-06 2.466e-06 3.054e-08 4.454e-06 ( 0.39%)     1.0640 
U133                    OAI21_X1                      1.935e-06 1.156e-06 3.073e-08 3.122e-06 ( 0.27%)     1.0640 
U254                    AOI221_X1                     1.908e-06 8.460e-07 4.747e-08 2.801e-06 ( 0.25%)     1.5960 
U291                    AOI221_X1                     1.902e-06 8.527e-07 4.742e-08 2.802e-06 ( 0.25%)     1.5960 
U279                    AOI221_X1                     1.892e-06 8.404e-07 4.763e-08 2.780e-06 ( 0.24%)     1.5960 
U45                     AND2_X1                       1.879e-06 2.256e-06 2.507e-08 4.161e-06 ( 0.36%)     1.0640 
U229                    OAI22_X1                      1.875e-06 1.012e-06 4.016e-08 2.928e-06 ( 0.26%)     1.3300 
U122                    OAI21_X1                      1.855e-06 1.151e-06 3.294e-08 3.039e-06 ( 0.27%)     1.0640 
U271                    AOI211_X1                     1.853e-06 8.064e-07 3.507e-08 2.695e-06 ( 0.24%)     1.3300 
U93                     AND4_X1                       1.819e-06 7.040e-07 3.048e-08 2.554e-06 ( 0.22%)     1.5960 
U182                    AOI221_X1                     1.796e-06 7.971e-07 4.755e-08 2.640e-06 ( 0.23%)     1.5960 
U130                    OAI21_X1                      1.784e-06 1.018e-06 2.262e-08 2.825e-06 ( 0.25%)     1.0640 
U157                    AOI221_X1                     1.782e-06 7.912e-07 4.748e-08 2.621e-06 ( 0.23%)     1.5960 
U151                    OAI21_X1                      1.778e-06 1.028e-06 2.262e-08 2.828e-06 ( 0.25%)     1.0640 
U187                    OAI21_X1                      1.776e-06 1.025e-06 2.262e-08 2.824e-06 ( 0.25%)     1.0640 
U193                    AOI221_X1                     1.768e-06 7.915e-07 4.735e-08 2.607e-06 ( 0.23%)     1.5960 
U183                    OAI21_X1                      1.761e-06 1.015e-06 2.262e-08 2.799e-06 ( 0.24%)     1.0640 
U308                    NAND2_X1                      1.756e-06 1.052e-06 2.767e-08 2.836e-06 ( 0.25%)     0.7980 
U158                    OAI21_X1                      1.755e-06 1.012e-06 2.262e-08 2.790e-06 ( 0.24%)     1.0640 
U194                    OAI21_X1                      1.755e-06 1.014e-06 2.262e-08 2.791e-06 ( 0.24%)     1.0640 
U339                    NAND2_X1                      1.754e-06 1.702e-06 2.936e-08 3.485e-06 ( 0.30%)     0.7980 
U174                    AOI211_X1                     1.745e-06 7.590e-07 3.508e-08 2.539e-06 ( 0.22%)     1.3300 
U176                    OAI21_X1                      1.744e-06 1.008e-06 2.262e-08 2.775e-06 ( 0.24%)     1.0640 
U228                    OAI21_X1                      1.620e-06 9.851e-07 2.207e-08 2.627e-06 ( 0.23%)     1.0640 
U87                     NAND2_X1                      1.617e-06 9.126e-07 2.767e-08 2.557e-06 ( 0.22%)     0.7980 
U234                    NAND2_X1                      1.563e-06 1.322e-06 1.959e-08 2.905e-06 ( 0.25%)     0.7980 
U54                     NOR2_X1                       1.485e-06 1.203e-06 2.117e-08 2.709e-06 ( 0.24%)     0.7980 
U57                     NAND2_X1                      1.444e-06 1.320e-06 1.733e-08 2.782e-06 ( 0.24%)     0.7980 
U60                     NAND2_X1                      1.422e-06 1.261e-06 1.737e-08 2.700e-06 ( 0.24%)     0.7980 
U136                    NAND2_X1                      1.386e-06 1.164e-06 1.862e-08 2.569e-06 ( 0.22%)     0.7980 
U232                    NAND3_X1                      1.360e-06 8.617e-07 1.912e-08 2.241e-06 ( 0.20%)     1.0640 
U219                    NAND3_X1                      1.338e-06 8.805e-07 2.207e-08 2.241e-06 ( 0.20%)     1.0640 
U223                    NOR2_X1                       1.333e-06 1.110e-06 1.974e-08 2.463e-06 ( 0.22%)     0.7980 
U125                    NOR2_X1                       1.297e-06 1.070e-06 1.972e-08 2.387e-06 ( 0.21%)     0.7980 
U289                    NOR2_X1                       1.291e-06 1.139e-06 2.032e-08 2.450e-06 ( 0.21%)     0.7980 
U277                    NOR2_X1                       1.277e-06 1.123e-06 2.031e-08 2.421e-06 ( 0.21%)     0.7980 
U7                      INV_X1                        1.274e-06 1.333e-06 1.275e-08 2.620e-06 ( 0.23%)     0.5320 
U287                    NOR2_X1                       1.273e-06 1.120e-06 2.032e-08 2.414e-06 ( 0.21%)     0.7980 
U275                    NOR2_X1                       1.269e-06 1.115e-06 2.032e-08 2.404e-06 ( 0.21%)     0.7980 
U250                    NOR2_X1                       1.268e-06 1.114e-06 2.032e-08 2.402e-06 ( 0.21%)     0.7980 
U252                    NOR2_X1                       1.255e-06 1.113e-06 2.032e-08 2.388e-06 ( 0.21%)     0.7980 
U8                      AND2_X1                       1.235e-06 1.162e-06 2.533e-08 2.422e-06 ( 0.21%)     1.0640 
U191                    NOR2_X1                       1.219e-06 1.086e-06 2.032e-08 2.325e-06 ( 0.20%)     0.7980 
U180                    NOR2_X1                       1.216e-06 1.079e-06 2.030e-08 2.315e-06 ( 0.20%)     0.7980 
U333                    AND4_X1                       1.216e-06 3.147e-07 2.702e-08 1.557e-06 ( 0.14%)     1.5960 
U318                    AND4_X1                       1.210e-06 2.921e-07 2.707e-08 1.529e-06 ( 0.13%)     1.5960 
U92                     NAND2_X1                      1.209e-06 6.983e-07 1.739e-08 1.925e-06 ( 0.17%)     0.7980 
U323                    AND4_X1                       1.207e-06 3.024e-07 2.705e-08 1.536e-06 ( 0.13%)     1.5960 
U178                    NOR2_X1                       1.206e-06 1.070e-06 2.032e-08 2.296e-06 ( 0.20%)     0.7980 
U153                    NOR2_X1                       1.204e-06 1.068e-06 2.031e-08 2.292e-06 ( 0.20%)     0.7980 
U301                    AND4_X1                       1.203e-06 2.904e-07 2.703e-08 1.520e-06 ( 0.13%)     1.5960 
U189                    NOR2_X1                       1.201e-06 1.067e-06 2.031e-08 2.288e-06 ( 0.20%)     0.7980 
U328                    AND4_X1                       1.201e-06 3.059e-07 2.699e-08 1.533e-06 ( 0.13%)     1.5960 
U134                    NAND3_X1                      1.200e-06 7.686e-07 1.901e-08 1.988e-06 ( 0.17%)     1.0640 
U155                    NOR2_X1                       1.197e-06 1.073e-06 2.032e-08 2.291e-06 ( 0.20%)     0.7980 
U306                    AND4_X1                       1.195e-06 2.993e-07 2.700e-08 1.521e-06 ( 0.13%)     1.5960 
U207                    NAND2_X1                      1.189e-06 9.909e-07 1.747e-08 2.197e-06 ( 0.19%)     0.7980 
U239                    NAND2_X1                      1.179e-06 9.754e-07 1.742e-08 2.172e-06 ( 0.19%)     0.7980 
U266                    NAND2_X1                      1.177e-06 9.740e-07 1.750e-08 2.168e-06 ( 0.19%)     0.7980 
U99                     AND4_X1                       1.175e-06 4.609e-07 2.697e-08 1.662e-06 ( 0.15%)     1.5960 
U218                    NAND2_X1                      1.170e-06 1.977e-06 1.735e-08 3.164e-06 ( 0.28%)     0.7980 
U230                    NAND2_X1                      1.169e-06 1.961e-06 1.741e-08 3.148e-06 ( 0.28%)     0.7980 
U44                     AND4_X1                       1.165e-06 4.621e-07 2.701e-08 1.654e-06 ( 0.14%)     1.5960 
U121                    NAND3_X1                      1.158e-06 7.771e-07 2.187e-08 1.957e-06 ( 0.17%)     1.0640 
U38                     INV_X1                        1.150e-06 1.204e-06 1.277e-08 2.367e-06 ( 0.21%)     0.5320 
U246                    NOR4_X1                       1.148e-06 6.530e-07 2.911e-08 1.830e-06 ( 0.16%)     1.3300 
U213                    NOR2_X1                       1.148e-06 1.950e-06 2.121e-08 3.119e-06 ( 0.27%)     0.7980 
U205                    NOR2_X1                       1.128e-06 9.504e-07 2.121e-08 2.100e-06 ( 0.18%)     0.7980 
U14                     INV_X1                        1.127e-06 1.356e-06 1.390e-08 2.497e-06 ( 0.22%)     0.5320 
U237                    NOR2_X1                       1.115e-06 9.653e-07 2.119e-08 2.102e-06 ( 0.18%)     0.7980 
U263                    NOR2_X1                       1.113e-06 9.509e-07 2.121e-08 2.085e-06 ( 0.18%)     0.7980 
U211                    NOR2_X1                       1.111e-06 1.974e-06 2.121e-08 3.107e-06 ( 0.27%)     0.7980 
U259                    NOR2_X1                       1.109e-06 1.956e-06 2.119e-08 3.086e-06 ( 0.27%)     0.7980 
U269                    NOR2_X1                       1.108e-06 1.955e-06 2.122e-08 3.085e-06 ( 0.27%)     0.7980 
U242                    NOR2_X1                       1.107e-06 1.976e-06 2.121e-08 3.104e-06 ( 0.27%)     0.7980 
U244                    NOR2_X1                       1.100e-06 1.958e-06 2.121e-08 3.079e-06 ( 0.27%)     0.7980 
U241                    NOR2_X1                       1.098e-06 9.762e-07 2.121e-08 2.096e-06 ( 0.18%)     0.7980 
U222                    NOR2_X1                       1.097e-06 1.984e-06 2.121e-08 3.102e-06 ( 0.27%)     0.7980 
U281                    INV_X1                        1.074e-06 1.208e-06 1.437e-08 2.296e-06 ( 0.20%)     0.5320 
U149                    NOR4_X1                       1.073e-06 6.127e-07 2.909e-08 1.715e-06 ( 0.15%)     1.3300 
U37                     INV_X1                        1.073e-06 2.681e-06 1.489e-08 3.769e-06 ( 0.33%)     0.5320 
U285                    INV_X1                        1.072e-06 1.207e-06 1.436e-08 2.293e-06 ( 0.20%)     0.5320 
U43                     INV_X1                        1.063e-06 2.692e-06 1.488e-08 3.770e-06 ( 0.33%)     0.5320 
U5                      INV_X1                        1.063e-06 2.691e-06 1.493e-08 3.769e-06 ( 0.33%)     0.5320 
U210                    INV_X1                        1.058e-06 1.257e-06 1.434e-08 2.329e-06 ( 0.20%)     0.5320 
U212                    INV_X1                        1.055e-06 1.239e-06 1.438e-08 2.309e-06 ( 0.20%)     0.5320 
U236                    INV_X1                        1.052e-06 1.254e-06 1.439e-08 2.321e-06 ( 0.20%)     0.5320 
U262                    INV_X1                        1.052e-06 1.251e-06 1.429e-08 2.317e-06 ( 0.20%)     0.5320 
U204                    INV_X1                        1.051e-06 1.255e-06 1.431e-08 2.321e-06 ( 0.20%)     0.5320 
U268                    INV_X1                        1.050e-06 1.229e-06 1.432e-08 2.294e-06 ( 0.20%)     0.5320 
U243                    INV_X1                        1.049e-06 1.230e-06 1.437e-08 2.293e-06 ( 0.20%)     0.5320 
U261                    INV_X1                        1.046e-06 1.249e-06 1.438e-08 2.309e-06 ( 0.20%)     0.5320 
U256                    INV_X1                        1.044e-06 1.214e-06 1.434e-08 2.273e-06 ( 0.20%)     0.5320 
U109                    NAND2_X1                      1.031e-06 8.635e-07 1.739e-08 1.912e-06 ( 0.17%)     0.7980 
U169                    NAND2_X1                      1.027e-06 8.549e-07 1.739e-08 1.900e-06 ( 0.17%)     0.7980 
U142                    NAND2_X1                      1.027e-06 8.545e-07 1.739e-08 1.899e-06 ( 0.17%)     0.7980 
U120                    NAND2_X1                      1.023e-06 1.745e-06 1.739e-08 2.785e-06 ( 0.24%)     0.7980 
U238                    INV_X1                        1.011e-06 2.513e-06 1.434e-08 3.539e-06 ( 0.31%)     0.5320 
U132                    NAND2_X1                      1.009e-06 1.710e-06 1.739e-08 2.736e-06 ( 0.24%)     0.7980 
U172                    NOR2_X1                       1.008e-06 1.745e-06 2.120e-08 2.774e-06 ( 0.24%)     0.7980 
U206                    INV_X1                        1.002e-06 2.490e-06 1.433e-08 3.506e-06 ( 0.31%)     0.5320 
U265                    INV_X1                        1.001e-06 2.487e-06 1.432e-08 3.502e-06 ( 0.31%)     0.5320 
U162                    NOR2_X1                       9.974e-07 1.729e-06 2.120e-08 2.748e-06 ( 0.24%)     0.7980 
U40                     INV_X1                        9.973e-07 1.200e-06 1.388e-08 2.211e-06 ( 0.19%)     0.5320 
U217                    INV_X1                        9.955e-07 2.487e-06 1.437e-08 3.497e-06 ( 0.31%)     0.5320 
U225                    INV_X1                        9.947e-07 2.914e-06 1.438e-08 3.923e-06 ( 0.34%)     0.5320 
U227                    INV_X1                        9.936e-07 2.515e-06 1.435e-08 3.523e-06 ( 0.31%)     0.5320 
U112                    NOR2_X1                       9.923e-07 1.733e-06 2.120e-08 2.746e-06 ( 0.24%)     0.7980 
U144                    NOR2_X1                       9.918e-07 8.695e-07 2.120e-08 1.883e-06 ( 0.16%)     0.7980 
U147                    NOR2_X1                       9.912e-07 1.734e-06 2.120e-08 2.746e-06 ( 0.24%)     0.7980 
U107                    NOR2_X1                       9.905e-07 8.309e-07 2.120e-08 1.843e-06 ( 0.16%)     0.7980 
U124                    NOR2_X1                       9.896e-07 1.759e-06 2.120e-08 2.769e-06 ( 0.24%)     0.7980 
U166                    NOR2_X1                       9.885e-07 8.358e-07 2.120e-08 1.845e-06 ( 0.16%)     0.7980 
U145                    NOR2_X1                       9.872e-07 1.731e-06 2.120e-08 2.740e-06 ( 0.24%)     0.7980 
U139                    NOR2_X1                       9.858e-07 8.335e-07 2.120e-08 1.840e-06 ( 0.16%)     0.7980 
U114                    NOR2_X1                       9.844e-07 1.710e-06 2.120e-08 2.716e-06 ( 0.24%)     0.7980 
U203                    NAND2_X1                      9.627e-07 8.879e-07 1.739e-08 1.868e-06 ( 0.16%)     0.7980 
U39                     INV_X1                        9.618e-07 2.436e-06 1.488e-08 3.412e-06 ( 0.30%)     0.5320 
U116                    INV_X1                        9.561e-07 2.421e-06 1.490e-08 3.392e-06 ( 0.30%)     0.5320 
U32                     INV_X1                        9.516e-07 2.378e-06 1.489e-08 3.344e-06 ( 0.29%)     0.5320 
U48                     INV_X1                        9.412e-07 1.141e-06 1.701e-08 2.099e-06 ( 0.18%)     0.5320 
U77                     NAND4_X1                      9.214e-07 2.981e-07 1.823e-08 1.238e-06 ( 0.11%)     1.3300 
U3                      INV_X1                        9.208e-07 9.238e-07 1.435e-08 1.859e-06 ( 0.16%)     0.5320 
U84                     NAND4_X1                      9.086e-07 4.592e-07 1.815e-08 1.386e-06 ( 0.12%)     1.3300 
U313                    INV_X1                        8.263e-07 6.482e-07 1.728e-08 1.492e-06 ( 0.13%)     0.5320 
U27                     INV_X1                        8.246e-07 1.860e-06 1.435e-08 2.699e-06 ( 0.24%)     0.5320 
U29                     INV_X1                        8.246e-07 1.860e-06 1.435e-08 2.699e-06 ( 0.24%)     0.5320 
U34                     INV_X1                        8.246e-07 1.860e-06 1.435e-08 2.699e-06 ( 0.24%)     0.5320 
U49                     AND2_X1                       8.235e-07 5.101e-07 2.546e-08 1.359e-06 ( 0.12%)     1.0640 
U16                     AND2_X1                       8.224e-07 5.094e-07 2.546e-08 1.357e-06 ( 0.12%)     1.0640 
U159                    INV_X1                        8.110e-07 9.319e-07 1.435e-08 1.757e-06 ( 0.15%)     0.5320 
U184                    INV_X1                        8.110e-07 9.319e-07 1.435e-08 1.757e-06 ( 0.15%)     0.5320 
U9                      INV_X1                        8.093e-07 1.231e-06 1.435e-08 2.054e-06 ( 0.18%)     0.5320 
U91                     INV_X1                        8.093e-07 9.554e-07 1.435e-08 1.779e-06 ( 0.16%)     0.5320 
U51                     INV_X1                        8.028e-07 1.396e-06 1.435e-08 2.213e-06 ( 0.19%)     0.5320 
U216                    NAND2_X1                      7.914e-07 1.299e-06 1.170e-08 2.102e-06 ( 0.18%)     0.7980 
U113                    INV_X1                        7.913e-07 9.471e-07 1.435e-08 1.753e-06 ( 0.15%)     0.5320 
U146                    INV_X1                        7.913e-07 9.471e-07 1.435e-08 1.753e-06 ( 0.15%)     0.5320 
U171                    INV_X1                        7.913e-07 9.471e-07 1.435e-08 1.753e-06 ( 0.15%)     0.5320 
U164                    INV_X1                        7.908e-07 9.628e-07 1.435e-08 1.768e-06 ( 0.15%)     0.5320 
U165                    INV_X1                        7.908e-07 9.615e-07 1.435e-08 1.767e-06 ( 0.15%)     0.5320 
U106                    INV_X1                        7.908e-07 9.628e-07 1.435e-08 1.768e-06 ( 0.15%)     0.5320 
U138                    INV_X1                        7.883e-07 9.615e-07 1.435e-08 1.764e-06 ( 0.15%)     0.5320 
U129                    INV_X1                        7.795e-07 9.107e-07 1.435e-08 1.705e-06 ( 0.15%)     0.5320 
U201                    NOR2_X1                       7.765e-07 9.101e-07 2.267e-08 1.709e-06 ( 0.15%)     0.7980 
U20                     INV_X1                        7.759e-07 1.902e-06 1.435e-08 2.692e-06 ( 0.24%)     0.5320 
U103                    INV_X1                        7.756e-07 1.231e-06 1.435e-08 2.021e-06 ( 0.18%)     0.5320 
U63                     INV_X1                        7.711e-07 1.396e-06 1.435e-08 2.181e-06 ( 0.19%)     0.5320 
U25                     INV_X1                        7.678e-07 1.844e-06 1.435e-08 2.626e-06 ( 0.23%)     0.5320 
U22                     INV_X1                        7.678e-07 1.860e-06 1.435e-08 2.642e-06 ( 0.23%)     0.5320 
U24                     INV_X1                        7.676e-07 1.937e-06 1.435e-08 2.719e-06 ( 0.24%)     0.5320 
U67                     INV_X1                        7.628e-07 2.665e-06 1.435e-08 3.442e-06 ( 0.30%)     0.5320 
U18                     INV_X1                        7.623e-07 3.912e-06 1.435e-08 4.688e-06 ( 0.41%)     0.5320 
U23                     INV_X1                        7.623e-07 3.912e-06 1.435e-08 4.688e-06 ( 0.41%)     0.5320 
U202                    INV_X1                        7.615e-07 1.970e-06 1.435e-08 2.746e-06 ( 0.24%)     0.5320 
U119                    INV_X1                        7.613e-07 1.905e-06 1.435e-08 2.680e-06 ( 0.23%)     0.5320 
U108                    INV_X1                        7.613e-07 1.926e-06 1.435e-08 2.701e-06 ( 0.24%)     0.5320 
U141                    INV_X1                        7.613e-07 1.926e-06 1.435e-08 2.701e-06 ( 0.24%)     0.5320 
U168                    INV_X1                        7.613e-07 1.926e-06 1.435e-08 2.701e-06 ( 0.24%)     0.5320 
U30                     INV_X1                        7.605e-07 3.883e-06 1.435e-08 4.657e-06 ( 0.41%)     0.5320 
U31                     INV_X1                        7.602e-07 3.276e-06 1.435e-08 4.051e-06 ( 0.35%)     0.5320 
U41                     INV_X1                        7.596e-07 5.224e-06 1.435e-08 5.997e-06 ( 0.52%)     0.5320 
U73                     INV_X1                        7.591e-07 2.366e-06 1.435e-08 3.139e-06 ( 0.27%)     0.5320 
U21                     INV_X1                        7.589e-07 3.853e-06 1.435e-08 4.626e-06 ( 0.40%)     0.5320 
U19                     INV_X1                        7.588e-07 3.961e-06 1.435e-08 4.734e-06 ( 0.41%)     0.5320 
U28                     INV_X1                        7.588e-07 3.961e-06 1.435e-08 4.734e-06 ( 0.41%)     0.5320 
U33                     INV_X1                        7.588e-07 3.961e-06 1.435e-08 4.734e-06 ( 0.41%)     0.5320 
U26                     INV_X1                        7.588e-07 4.022e-06 1.435e-08 4.796e-06 ( 0.42%)     0.5320 
U36                     INV_X1                        7.586e-07 3.961e-06 1.435e-08 4.734e-06 ( 0.41%)     0.5320 
U13                     INV_X1                        7.567e-07 8.194e-07 1.647e-08 1.593e-06 ( 0.14%)     0.5320 
U128                    INV_X1                        7.559e-07 1.921e-06 1.435e-08 2.691e-06 ( 0.24%)     0.5320 
U42                     INV_X1                        7.554e-07 5.273e-06 1.435e-08 6.043e-06 ( 0.53%)     0.5320 
U35                     INV_X1                        7.553e-07 5.438e-06 1.435e-08 6.208e-06 ( 0.54%)     0.5320 
U96                     INV_X1                        7.550e-07 2.397e-06 1.435e-08 3.166e-06 ( 0.28%)     0.5320 
U68                     INV_X1                        7.549e-07 2.395e-06 1.435e-08 3.165e-06 ( 0.28%)     0.5320 
U341                    INV_X1                        7.502e-07 1.079e-06 1.435e-08 1.844e-06 ( 0.16%)     0.5320 
U118                    NAND2_X1                      7.446e-07 1.221e-06 1.171e-08 1.978e-06 ( 0.17%)     0.7980 
U247                    OAI21_X1                      6.271e-07 3.665e-07 9.660e-09 1.003e-06 ( 0.09%)     1.0640 
U150                    OAI21_X1                      5.817e-07 3.396e-07 9.661e-09 9.309e-07 ( 0.08%)     1.0640 
U61                     NOR2_X1                       5.306e-07 4.527e-07 2.449e-08 1.008e-06 ( 0.09%)     0.7980 
U6                      AND2_X1                       4.945e-07 5.510e-07 2.552e-08 1.071e-06 ( 0.09%)     1.0640 
U343                    NOR2_X1                       4.905e-07 5.388e-07 2.443e-08 1.054e-06 ( 0.09%)     0.7980 
U4                      AND2_X1                       4.830e-07 6.889e-07 2.552e-08 1.197e-06 ( 0.10%)     1.0640 
U175                    NAND2_X1                      4.603e-07 3.751e-07 7.206e-09 8.427e-07 ( 0.07%)     0.7980 
U85                     AOI21_X1                      4.546e-07 2.546e-07 3.671e-08 7.459e-07 ( 0.07%)     1.0640 
U46                     INV_X1                        4.478e-07 1.170e-06 1.114e-08 1.629e-06 ( 0.14%)     0.5320 
U12                     AND2_X1                       4.461e-07 2.115e-07 2.552e-08 6.831e-07 ( 0.06%)     1.0640 
U272                    NAND2_X1                      4.410e-07 3.600e-07 7.101e-09 8.081e-07 ( 0.07%)     0.7980 
U50                     AND2_X1                       4.380e-07 2.078e-07 2.552e-08 6.713e-07 ( 0.06%)     1.0640 
U11                     AND2_X1                       4.380e-07 2.078e-07 2.552e-08 6.713e-07 ( 0.06%)     1.0640 
U17                     AND2_X1                       4.329e-07 2.052e-07 2.552e-08 6.636e-07 ( 0.06%)     1.0640 
U79                     NAND2_X1                      3.714e-07 7.090e-07 1.494e-08 1.095e-06 ( 0.10%)     0.7980 
U65                     NAND4_X1                      6.687e-08 2.273e-08 1.472e-08 1.043e-07 ( 0.01%)     1.3300 
U15                     AND4_X1                       1.186e-08 4.419e-09 2.225e-08 3.853e-08 ( 0.00%)     1.5960 
U105                    NAND4_X1                      3.580e-09 1.145e-09 4.308e-09 9.033e-09 ( 0.00%)     1.3300 
U10                     AND4_X1                          0.0000    0.0000 2.070e-08 2.070e-08 ( 0.00%)     1.5960 
U47                     OR4_X1                           0.0000    0.0000 3.757e-08 3.757e-08 ( 0.00%)     1.5960 
U340                    NAND4_X1                         0.0000    0.0000 1.263e-08 1.263e-08 ( 0.00%)     1.3300 
------------------------------------------------------------------------------------------------------------------------
Totals (341 cells)                                    6.533e-04 4.812e-04 8.680e-06 1.143e-03 (100.0%)   367.6130
1
