****************************************
Report : Averaged Power
Design : Rocket/div (MulDiv_0)
Version: T-2022.03-SP3
Date   : Thu May 29 16:13:47 2025
****************************************



  Attributes
  ----------
      i  -  Including register clock pin internal power
      u  -  User defined power group

                        Internal  Switching  Leakage    Total
Power Group             Power     Power      Power      Power   (     %)  Attrs
--------------------------------------------------------------------------------
clock_network           6.257e-04 3.681e-05 1.781e-07 6.627e-04 ( 4.68%)  i
register                9.894e-04 9.220e-04 9.869e-06 1.921e-03 (13.55%)  
combinational           5.775e-03 5.756e-03 5.964e-05    0.0116 (81.77%)  
sequential                 0.0000    0.0000    0.0000    0.0000 ( 0.00%)  
memory                     0.0000    0.0000    0.0000    0.0000 ( 0.00%)  
io_pad                     0.0000    0.0000    0.0000    0.0000 ( 0.00%)  
black_box                  0.0000    0.0000    0.0000    0.0000 ( 0.00%)  

  Net Switching Power  = 6.714e-03   (47.37%)
  Cell Internal Power  = 7.390e-03   (52.14%)
  Cell Leakage Power   = 6.969e-05   ( 0.49%)
                         ---------
Total Power            =    0.0142  (100.00%)

1
