****************************************
Report : Averaged Power
Design : Rocket/ibuf (IBuf_0)
Version: T-2022.03-SP3
Date   : Thu May 29 16:13:47 2025
****************************************



  Attributes
  ----------
      i  -  Including register clock pin internal power
      u  -  User defined power group

                        Internal  Switching  Leakage    Total
Power Group             Power     Power      Power      Power   (     %)  Attrs
--------------------------------------------------------------------------------
clock_network           3.626e-04    0.0000    0.0000 3.626e-04 ( 9.39%)  i
register                3.734e-04 7.538e-05 3.953e-06 4.527e-04 (11.73%)  
combinational           1.339e-03 1.686e-03 2.022e-05 3.045e-03 (78.88%)  
sequential                 0.0000    0.0000    0.0000    0.0000 ( 0.00%)  
memory                     0.0000    0.0000    0.0000    0.0000 ( 0.00%)  
io_pad                     0.0000    0.0000    0.0000    0.0000 ( 0.00%)  
black_box                  0.0000    0.0000    0.0000    0.0000 ( 0.00%)  

  Net Switching Power  = 1.761e-03   (45.62%)
  Cell Internal Power  = 2.075e-03   (53.76%)
  Cell Leakage Power   = 2.417e-05   ( 0.63%)
                         ---------
Total Power            = 3.860e-03  (100.00%)

1
