****************************************
Report : Averaged Power
	-cell_power
	-sort_by cell_internal_power
	-nosplit
	-area
Design : Rocket/ibuf (IBuf_0)
Version: T-2022.03-SP3
Date   : Thu May 29 16:13:47 2025
****************************************



  Attributes
  ----------
      a  -  Annotated internal | leakage | switching power 
      b  -  Black-box (unresolved) cell
      c  -  Clock pin internal power only
      d  -  Does not include clock pin internal power
      h  -  Hierarchical cell

                        Lib Cell                      Internal  Switching Leakage   Total
Cell                    Name                          Power     Power     Power     Power    (     %)      Area   Attrs
------------------------------------------------------------------------------------------------------------------------
exp                     RVCExpander_0                 8.061e-04 1.079e-03 1.325e-05 1.898e-03 (32.96%)   509.1239 h
U169                    OAI222_X4                     1.570e-05 1.330e-05 1.388e-07 2.913e-05 ( 0.51%)     3.7240 
buf__data_reg_12_       DFF_X1                        1.475e-05 1.543e-06 7.911e-08 1.637e-05 ( 0.28%)     4.5220 
buf__data_reg_4_        DFF_X1                        1.474e-05 1.601e-06 7.910e-08 1.642e-05 ( 0.29%)     4.5220 
buf__data_reg_7_        DFF_X1                        1.474e-05 1.601e-06 7.909e-08 1.642e-05 ( 0.29%)     4.5220 
buf__data_reg_5_        DFF_X1                        1.474e-05 1.601e-06 7.912e-08 1.642e-05 ( 0.29%)     4.5220 
buf__data_reg_9_        DFF_X1                        1.474e-05 1.601e-06 7.911e-08 1.642e-05 ( 0.29%)     4.5220 
buf__data_reg_0_        DFF_X1                        1.473e-05 1.601e-06 7.910e-08 1.641e-05 ( 0.29%)     4.5220 
buf__data_reg_2_        DFF_X1                        1.473e-05 1.601e-06 7.911e-08 1.641e-05 ( 0.29%)     4.5220 
buf__pc_reg_14_         DFF_X1                        1.473e-05 1.253e-06 7.913e-08 1.607e-05 ( 0.28%)     4.5220 
buf__pc_reg_23_         DFF_X1                        1.473e-05 1.253e-06 7.914e-08 1.607e-05 ( 0.28%)     4.5220 
buf__pc_reg_10_         DFF_X1                        1.473e-05 1.253e-06 7.912e-08 1.607e-05 ( 0.28%)     4.5220 
buf__data_reg_10_       DFF_X1                        1.473e-05 1.601e-06 7.913e-08 1.641e-05 ( 0.29%)     4.5220 
buf__pc_reg_11_         DFF_X1                        1.473e-05 1.253e-06 7.912e-08 1.606e-05 ( 0.28%)     4.5220 
buf__pc_reg_27_         DFF_X1                        1.473e-05 1.253e-06 7.911e-08 1.606e-05 ( 0.28%)     4.5220 
buf__pc_reg_20_         DFF_X1                        1.473e-05 1.253e-06 7.910e-08 1.606e-05 ( 0.28%)     4.5220 
buf__data_reg_13_       DFF_X1                        1.473e-05 1.213e-06 7.909e-08 1.602e-05 ( 0.28%)     4.5220 
buf__data_reg_15_       DFF_X1                        1.473e-05 1.215e-06 7.910e-08 1.603e-05 ( 0.28%)     4.5220 
buf__replay_reg         DFF_X1                        1.473e-05 1.267e-06 7.911e-08 1.608e-05 ( 0.28%)     4.5220 
buf__pc_reg_28_         DFF_X1                        1.473e-05 1.253e-06 7.908e-08 1.606e-05 ( 0.28%)     4.5220 
buf__pc_reg_15_         DFF_X1                        1.473e-05 1.253e-06 7.912e-08 1.606e-05 ( 0.28%)     4.5220 
buf__pc_reg_19_         DFF_X1                        1.473e-05 1.253e-06 7.912e-08 1.606e-05 ( 0.28%)     4.5220 
buf__data_reg_11_       DFF_X1                        1.473e-05 1.601e-06 7.910e-08 1.641e-05 ( 0.28%)     4.5220 
buf__data_reg_8_        DFF_X1                        1.473e-05 1.601e-06 7.912e-08 1.641e-05 ( 0.28%)     4.5220 
buf__data_reg_6_        DFF_X1                        1.473e-05 1.601e-06 7.912e-08 1.641e-05 ( 0.28%)     4.5220 
buf__pc_reg_6_          DFF_X1                        1.473e-05 1.253e-06 7.913e-08 1.606e-05 ( 0.28%)     4.5220 
buf__pc_reg_5_          DFF_X1                        1.473e-05 1.253e-06 7.911e-08 1.606e-05 ( 0.28%)     4.5220 
buf__pc_reg_29_         DFF_X1                        1.473e-05 1.253e-06 7.913e-08 1.606e-05 ( 0.28%)     4.5220 
buf__data_reg_1_        DFF_X1                        1.473e-05 1.213e-06 7.910e-08 1.602e-05 ( 0.28%)     4.5220 
buf__pc_reg_26_         DFF_X1                        1.473e-05 1.253e-06 7.913e-08 1.606e-05 ( 0.28%)     4.5220 
buf__pc_reg_31_         DFF_X1                        1.473e-05 1.253e-06 7.911e-08 1.606e-05 ( 0.28%)     4.5220 
buf__xcpt_ae_inst_reg   DFF_X1                        1.473e-05 1.253e-06 7.911e-08 1.606e-05 ( 0.28%)     4.5220 
buf__pc_reg_3_          DFF_X1                        1.473e-05 1.253e-06 7.911e-08 1.606e-05 ( 0.28%)     4.5220 
buf__data_reg_14_       DFF_X1                        1.473e-05 1.254e-06 7.913e-08 1.606e-05 ( 0.28%)     4.5220 
buf__pc_reg_13_         DFF_X1                        1.472e-05 1.253e-06 7.912e-08 1.606e-05 ( 0.28%)     4.5220 
buf__pc_reg_18_         DFF_X1                        1.472e-05 1.253e-06 7.910e-08 1.606e-05 ( 0.28%)     4.5220 
buf__pc_reg_25_         DFF_X1                        1.472e-05 1.253e-06 7.912e-08 1.606e-05 ( 0.28%)     4.5220 
buf__pc_reg_21_         DFF_X1                        1.472e-05 1.253e-06 7.912e-08 1.606e-05 ( 0.28%)     4.5220 
buf__data_reg_3_        DFF_X1                        1.472e-05 1.601e-06 7.910e-08 1.640e-05 ( 0.28%)     4.5220 
buf__pc_reg_17_         DFF_X1                        1.472e-05 1.253e-06 7.908e-08 1.606e-05 ( 0.28%)     4.5220 
buf__pc_reg_12_         DFF_X1                        1.472e-05 1.253e-06 7.912e-08 1.606e-05 ( 0.28%)     4.5220 
buf__pc_reg_8_          DFF_X1                        1.472e-05 1.253e-06 7.914e-08 1.605e-05 ( 0.28%)     4.5220 
buf__pc_reg_30_         DFF_X1                        1.472e-05 1.253e-06 7.909e-08 1.605e-05 ( 0.28%)     4.5220 
buf__pc_reg_22_         DFF_X1                        1.472e-05 1.253e-06 7.907e-08 1.605e-05 ( 0.28%)     4.5220 
buf__pc_reg_0_          DFF_X1                        1.472e-05 1.253e-06 7.911e-08 1.605e-05 ( 0.28%)     4.5220 
buf__pc_reg_2_          DFF_X1                        1.472e-05 1.253e-06 7.911e-08 1.605e-05 ( 0.28%)     4.5220 
buf__pc_reg_4_          DFF_X1                        1.472e-05 1.253e-06 7.912e-08 1.605e-05 ( 0.28%)     4.5220 
buf__pc_reg_24_         DFF_X1                        1.472e-05 1.253e-06 7.909e-08 1.605e-05 ( 0.28%)     4.5220 
buf__pc_reg_9_          DFF_X1                        1.472e-05 1.253e-06 7.913e-08 1.605e-05 ( 0.28%)     4.5220 
buf__pc_reg_16_         DFF_X1                        1.472e-05 1.253e-06 7.912e-08 1.605e-05 ( 0.28%)     4.5220 
buf__pc_reg_7_          DFF_X1                        1.472e-05 1.253e-06 7.911e-08 1.605e-05 ( 0.28%)     4.5220 
nBufValid_reg           DFF_X1                        1.428e-05 9.979e-06 7.687e-08 2.433e-05 ( 0.42%)     4.5220 
exp/U41                 OAI211_X2                     6.862e-06 8.068e-06 9.568e-08 1.503e-05 ( 0.26%)     2.3940 
exp/U351                AND2_X2                       6.522e-06 1.967e-05 5.061e-08 2.624e-05 ( 0.46%)     1.3300 
exp/U422                OR3_X2                        6.513e-06 1.491e-05 5.902e-08 2.148e-05 ( 0.37%)     1.5960 
exp/U10                 AND3_X2                       6.435e-06 2.412e-06 6.592e-08 8.912e-06 ( 0.15%)     1.5960 
exp/U428                OAI211_X2                     6.158e-06 8.843e-06 1.012e-07 1.510e-05 ( 0.26%)     2.3940 
exp/U39                 NAND4_X2                      5.554e-06 9.625e-06 1.292e-07 1.531e-05 ( 0.27%)     2.3940 
exp/U81                 AND2_X2                       5.064e-06 5.969e-06 5.424e-08 1.109e-05 ( 0.19%)     1.3300 
exp/U156                AND2_X2                       4.980e-06 9.338e-06 4.870e-08 1.437e-05 ( 0.25%)     1.3300 
exp/U305                BUF_X2                        4.964e-06 6.475e-06 4.382e-08 1.148e-05 ( 0.20%)     1.0640 
exp/U16                 BUF_X2                        4.896e-06 4.805e-06 4.377e-08 9.745e-06 ( 0.17%)     1.0640 
exp/U352                BUF_X2                        4.719e-06 8.864e-06 4.508e-08 1.363e-05 ( 0.24%)     1.0640 
U161                    XNOR2_X1                      4.707e-06 1.771e-06 3.645e-08 6.514e-06 ( 0.11%)     1.5960 
U82                     OR3_X2                        4.624e-06 9.824e-07 4.920e-08 5.656e-06 ( 0.10%)     1.5960 
exp/U154                AND4_X1                       4.510e-06 1.736e-06 3.745e-08 6.283e-06 ( 0.11%)     1.5960 
exp/U57                 AND4_X1                       4.469e-06 2.790e-06 3.742e-08 7.297e-06 ( 0.13%)     1.5960 
exp/U51                 AND2_X2                       4.251e-06 3.872e-06 5.104e-08 8.174e-06 ( 0.14%)     1.3300 
exp/U532                AND4_X1                       4.182e-06 1.606e-06 4.097e-08 5.829e-06 ( 0.10%)     1.5960 
exp/U55                 NAND2_X2                      4.145e-06 2.168e-05 4.579e-08 2.587e-05 ( 0.45%)     1.3300 
exp/U38                 BUF_X2                        4.084e-06 1.048e-05 4.058e-08 1.461e-05 ( 0.25%)     1.0640 
exp/U347                OR2_X2                        4.076e-06 6.401e-06 5.429e-08 1.053e-05 ( 0.18%)     1.3300 
exp/U32                 BUF_X2                        4.072e-06 8.774e-06 4.058e-08 1.289e-05 ( 0.22%)     1.0640 
exp/U308                BUF_X2                        4.028e-06 1.031e-05 4.559e-08 1.439e-05 ( 0.25%)     1.0640 
exp/U487                MUX2_X1                       3.937e-06 1.501e-06 3.326e-08 5.471e-06 ( 0.10%)     1.8620 
exp/U30                 OR3_X1                        3.907e-06 3.167e-06 2.900e-08 7.103e-06 ( 0.12%)     1.3300 
exp/U245                AND4_X1                       3.895e-06 1.485e-06 4.050e-08 5.420e-06 ( 0.09%)     1.5960 
U53                     BUF_X2                        3.857e-06 7.945e-06 4.306e-08 1.184e-05 ( 0.21%)     1.0640 
exp/U22                 NAND4_X1                      3.835e-06 4.401e-06 5.329e-08 8.289e-06 ( 0.14%)     1.3300 
U131                    MUX2_X1                       3.806e-06 8.230e-06 3.593e-08 1.207e-05 ( 0.21%)     1.8620 
U154                    MUX2_X1                       3.802e-06 7.110e-06 3.593e-08 1.095e-05 ( 0.19%)     1.8620 
U128                    MUX2_X1                       3.796e-06 6.841e-06 3.593e-08 1.067e-05 ( 0.19%)     1.8620 
U50                     MUX2_X1                       3.795e-06 5.179e-06 3.558e-08 9.010e-06 ( 0.16%)     1.8620 
U151                    MUX2_X1                       3.791e-06 6.795e-06 3.593e-08 1.062e-05 ( 0.18%)     1.8620 
U133                    MUX2_X1                       3.789e-06 6.810e-06 3.593e-08 1.064e-05 ( 0.18%)     1.8620 
U138                    MUX2_X1                       3.786e-06 6.824e-06 3.593e-08 1.065e-05 ( 0.18%)     1.8620 
U132                    MUX2_X1                       3.783e-06 6.861e-06 3.593e-08 1.068e-05 ( 0.19%)     1.8620 
U141                    MUX2_X1                       3.777e-06 6.435e-06 3.593e-08 1.025e-05 ( 0.18%)     1.8620 
U129                    MUX2_X1                       3.775e-06 6.857e-06 3.593e-08 1.067e-05 ( 0.19%)     1.8620 
exp/U497                MUX2_X1                       3.767e-06 1.464e-06 3.906e-08 5.270e-06 ( 0.09%)     1.8620 
U24                     BUF_X2                        3.757e-06 4.644e-06 4.306e-08 8.444e-06 ( 0.15%)     1.0640 
U130                    MUX2_X1                       3.755e-06 6.805e-06 3.593e-08 1.060e-05 ( 0.18%)     1.8620 
U147                    MUX2_X1                       3.753e-06 5.188e-06 3.593e-08 8.977e-06 ( 0.16%)     1.8620 
U145                    MUX2_X1                       3.753e-06 5.384e-06 3.593e-08 9.173e-06 ( 0.16%)     1.8620 
exp/U53                 OR3_X1                        3.743e-06 2.584e-06 2.935e-08 6.356e-06 ( 0.11%)     1.3300 
U9                      BUF_X2                        3.724e-06 4.910e-06 4.306e-08 8.677e-06 ( 0.15%)     1.0640 
exp/U25                 NAND2_X2                      3.698e-06 8.474e-06 3.718e-08 1.221e-05 ( 0.21%)     1.3300 
U156                    MUX2_X1                       3.684e-06 6.881e-06 3.593e-08 1.060e-05 ( 0.18%)     1.8620 
U157                    MUX2_X1                       3.682e-06 8.224e-06 3.593e-08 1.194e-05 ( 0.21%)     1.8620 
U152                    MUX2_X1                       3.681e-06 6.909e-06 3.593e-08 1.063e-05 ( 0.18%)     1.8620 
U149                    MUX2_X1                       3.681e-06 6.862e-06 3.593e-08 1.058e-05 ( 0.18%)     1.8620 
exp/U190                AND4_X1                       3.673e-06 2.938e-06 4.164e-08 6.654e-06 ( 0.12%)     1.5960 
U140                    MUX2_X1                       3.673e-06 6.877e-06 3.593e-08 1.059e-05 ( 0.18%)     1.8620 
U153                    MUX2_X1                       3.672e-06 7.041e-06 3.593e-08 1.075e-05 ( 0.19%)     1.8620 
U142                    MUX2_X1                       3.671e-06 6.880e-06 3.593e-08 1.059e-05 ( 0.18%)     1.8620 
U158                    MUX2_X1                       3.669e-06 6.875e-06 3.593e-08 1.058e-05 ( 0.18%)     1.8620 
U144                    MUX2_X1                       3.664e-06 6.910e-06 3.593e-08 1.061e-05 ( 0.18%)     1.8620 
U137                    MUX2_X1                       3.656e-06 6.861e-06 3.593e-08 1.055e-05 ( 0.18%)     1.8620 
U208                    MUX2_X1                       3.652e-06 2.597e-06 3.593e-08 6.285e-06 ( 0.11%)     1.8620 
U134                    MUX2_X1                       3.650e-06 6.850e-06 3.593e-08 1.054e-05 ( 0.18%)     1.8620 
U139                    MUX2_X1                       3.645e-06 6.848e-06 3.593e-08 1.053e-05 ( 0.18%)     1.8620 
U136                    MUX2_X1                       3.644e-06 6.785e-06 3.593e-08 1.046e-05 ( 0.18%)     1.8620 
U143                    MUX2_X1                       3.643e-06 6.765e-06 3.593e-08 1.044e-05 ( 0.18%)     1.8620 
U135                    MUX2_X1                       3.640e-06 6.778e-06 3.593e-08 1.045e-05 ( 0.18%)     1.8620 
U155                    MUX2_X1                       3.638e-06 6.813e-06 3.593e-08 1.049e-05 ( 0.18%)     1.8620 
U148                    MUX2_X1                       3.638e-06 6.774e-06 3.593e-08 1.045e-05 ( 0.18%)     1.8620 
U150                    MUX2_X1                       3.638e-06 5.528e-06 3.593e-08 9.202e-06 ( 0.16%)     1.8620 
U146                    MUX2_X1                       3.621e-06 4.623e-06 3.593e-08 8.281e-06 ( 0.14%)     1.8620 
exp/U195                AND3_X1                       3.615e-06 1.621e-06 3.646e-08 5.273e-06 ( 0.09%)     1.3300 
exp/U273                AND4_X1                       3.533e-06 1.280e-06 4.149e-08 4.855e-06 ( 0.08%)     1.5960 
exp/U100                AND2_X1                       3.463e-06 1.622e-06 2.844e-08 5.113e-06 ( 0.09%)     1.0640 
U198                    MUX2_X1                       3.421e-06 2.062e-06 3.697e-08 5.520e-06 ( 0.10%)     1.8620 
U191                    MUX2_X1                       3.394e-06 2.024e-06 3.697e-08 5.455e-06 ( 0.09%)     1.8620 
U194                    MUX2_X1                       3.393e-06 2.045e-06 3.697e-08 5.475e-06 ( 0.10%)     1.8620 
exp/U432                NAND2_X2                      3.390e-06 1.457e-05 6.009e-08 1.802e-05 ( 0.31%)     1.3300 
U202                    MUX2_X1                       3.389e-06 2.043e-06 3.697e-08 5.469e-06 ( 0.09%)     1.8620 
U203                    MUX2_X1                       3.388e-06 2.042e-06 3.697e-08 5.467e-06 ( 0.09%)     1.8620 
U192                    MUX2_X1                       3.383e-06 2.039e-06 3.697e-08 5.459e-06 ( 0.09%)     1.8620 
exp/U360                BUF_X2                        3.378e-06 3.998e-06 4.019e-08 7.417e-06 ( 0.13%)     1.0640 
U197                    MUX2_X1                       3.370e-06 2.031e-06 3.697e-08 5.438e-06 ( 0.09%)     1.8620 
U200                    MUX2_X1                       3.367e-06 2.030e-06 3.697e-08 5.434e-06 ( 0.09%)     1.8620 
U206                    MUX2_X1                       3.366e-06 1.970e-06 3.697e-08 5.373e-06 ( 0.09%)     1.8620 
U205                    MUX2_X1                       3.366e-06 1.566e-06 3.697e-08 4.968e-06 ( 0.09%)     1.8620 
U195                    MUX2_X1                       3.365e-06 2.028e-06 3.697e-08 5.430e-06 ( 0.09%)     1.8620 
U201                    MUX2_X1                       3.364e-06 2.028e-06 3.697e-08 5.429e-06 ( 0.09%)     1.8620 
exp/U369                NAND2_X2                      3.363e-06 1.413e-05 6.018e-08 1.755e-05 ( 0.30%)     1.3300 
U196                    MUX2_X1                       3.363e-06 2.027e-06 3.697e-08 5.427e-06 ( 0.09%)     1.8620 
U204                    MUX2_X1                       3.357e-06 2.024e-06 3.697e-08 5.418e-06 ( 0.09%)     1.8620 
U199                    MUX2_X1                       3.344e-06 2.016e-06 3.697e-08 5.398e-06 ( 0.09%)     1.8620 
exp/U252                AND4_X1                       3.328e-06 1.282e-06 4.259e-08 4.653e-06 ( 0.08%)     1.5960 
U193                    MUX2_X1                       3.323e-06 2.003e-06 3.697e-08 5.364e-06 ( 0.09%)     1.8620 
exp/U500                AOI22_X1                      3.298e-06 9.964e-07 3.720e-08 4.332e-06 ( 0.08%)     1.3300 
exp/U266                OR2_X1                        3.269e-06 3.140e-06 2.586e-08 6.435e-06 ( 0.11%)     1.0640 
exp/U284                OR2_X1                        3.254e-06 1.521e-06 2.484e-08 4.800e-06 ( 0.08%)     1.0640 
exp/U108                AND3_X1                       3.230e-06 1.381e-06 3.216e-08 4.643e-06 ( 0.08%)     1.3300 
exp/U54                 OR2_X1                        3.197e-06 2.573e-06 2.587e-08 5.796e-06 ( 0.10%)     1.0640 
exp/U150                NAND4_X1                      3.196e-06 4.996e-06 5.010e-08 8.242e-06 ( 0.14%)     1.3300 
exp/U214                OAI211_X1                     3.173e-06 2.182e-06 4.324e-08 5.399e-06 ( 0.09%)     1.3300 
exp/U442                OAI211_X1                     3.152e-06 1.540e-06 4.332e-08 4.736e-06 ( 0.08%)     1.3300 
exp/U349                NAND4_X1                      3.144e-06 1.670e-06 5.293e-08 4.867e-06 ( 0.08%)     1.3300 
exp/U56                 OR3_X1                        3.127e-06 1.716e-06 3.000e-08 4.873e-06 ( 0.08%)     1.3300 
exp/U187                NAND4_X1                      3.109e-06 4.507e-06 5.781e-08 7.674e-06 ( 0.13%)     1.3300 
U188                    NAND2_X2                      3.103e-06 1.319e-05 5.512e-08 1.635e-05 ( 0.28%)     1.3300 
exp/U140                AND2_X1                       3.068e-06 1.375e-06 2.490e-08 4.468e-06 ( 0.08%)     1.0640 
exp/U125                OR2_X1                        3.063e-06 1.440e-06 2.353e-08 4.527e-06 ( 0.08%)     1.0640 
exp/U126                AND2_X1                       3.058e-06 2.944e-06 2.891e-08 6.031e-06 ( 0.10%)     1.0640 
exp/U326                AND2_X2                       3.026e-06 5.340e-06 5.612e-08 8.421e-06 ( 0.15%)     1.3300 
exp/U397                OR2_X1                        3.010e-06 9.107e-07 2.264e-08 3.944e-06 ( 0.07%)     1.0640 
exp/U186                OAI22_X1                      3.010e-06 3.375e-06 3.665e-08 6.421e-06 ( 0.11%)     1.3300 
exp/U385                OR2_X1                        3.007e-06 2.291e-06 2.558e-08 5.324e-06 ( 0.09%)     1.0640 
exp/U159                OAI22_X1                      2.987e-06 3.161e-06 3.634e-08 6.184e-06 ( 0.11%)     1.3300 
exp/U182                OR2_X1                        2.985e-06 1.444e-06 2.515e-08 4.455e-06 ( 0.08%)     1.0640 
U7                      NAND2_X2                      2.980e-06 1.167e-05 5.514e-08 1.470e-05 ( 0.26%)     1.3300 
exp/U321                OR2_X1                        2.976e-06 4.426e-06 2.406e-08 7.426e-06 ( 0.13%)     1.0640 
exp/U80                 NAND4_X1                      2.960e-06 1.456e-06 5.756e-08 4.473e-06 ( 0.08%)     1.3300 
exp/U401                NAND4_X1                      2.933e-06 2.546e-06 4.631e-08 5.525e-06 ( 0.10%)     1.3300 
exp/U231                AND2_X1                       2.910e-06 1.351e-06 2.501e-08 4.286e-06 ( 0.07%)     1.0640 
exp/U149                AND4_X1                       2.887e-06 1.127e-06 4.357e-08 4.058e-06 ( 0.07%)     1.5960 
exp/U128                OR2_X1                        2.865e-06 1.345e-06 2.492e-08 4.234e-06 ( 0.07%)     1.0640 
exp/U180                OR3_X1                        2.859e-06 1.154e-06 2.395e-08 4.037e-06 ( 0.07%)     1.3300 
exp/U114                OR2_X1                        2.858e-06 1.366e-06 2.597e-08 4.250e-06 ( 0.07%)     1.0640 
exp/U122                AND2_X1                       2.853e-06 1.357e-06 2.926e-08 4.239e-06 ( 0.07%)     1.0640 
exp/U181                OR2_X1                        2.835e-06 2.224e-06 2.473e-08 5.083e-06 ( 0.09%)     1.0640 
exp/U480                AND3_X1                       2.831e-06 7.465e-07 3.532e-08 3.613e-06 ( 0.06%)     1.3300 
exp/U528                NAND4_X1                      2.831e-06 1.501e-06 6.378e-08 4.396e-06 ( 0.08%)     1.3300 
exp/U50                 BUF_X1                        2.823e-06 1.103e-05 2.156e-08 1.387e-05 ( 0.24%)     0.7980 
exp/U52                 BUF_X1                        2.823e-06 1.034e-05 2.158e-08 1.319e-05 ( 0.23%)     0.7980 
exp/U37                 OR2_X1                        2.818e-06 5.001e-06 2.303e-08 7.842e-06 ( 0.14%)     1.0640 
exp/U269                OR2_X1                        2.782e-06 1.249e-06 2.246e-08 4.053e-06 ( 0.07%)     1.0640 
exp/U441                AND2_X1                       2.780e-06 1.243e-06 2.736e-08 4.050e-06 ( 0.07%)     1.0640 
exp/U59                 OR2_X1                        2.772e-06 2.521e-06 2.550e-08 5.319e-06 ( 0.09%)     1.0640 
exp/U42                 OR2_X1                        2.753e-06 4.013e-06 2.300e-08 6.790e-06 ( 0.12%)     1.0640 
exp/U244                OR2_X1                        2.741e-06 2.580e-06 2.293e-08 5.344e-06 ( 0.09%)     1.0640 
exp/U496                OR2_X1                        2.728e-06 2.123e-06 2.247e-08 4.873e-06 ( 0.08%)     1.0640 
exp/U220                OR2_X1                        2.712e-06 8.551e-07 2.333e-08 3.591e-06 ( 0.06%)     1.0640 
U67                     OAI211_X1                     2.700e-06 3.011e-06 4.207e-08 5.753e-06 ( 0.10%)     1.3300 
exp/U415                AND2_X1                       2.658e-06 1.304e-06 2.897e-08 3.991e-06 ( 0.07%)     1.0640 
exp/U18                 BUF_X1                        2.649e-06 4.010e-06 2.114e-08 6.681e-06 ( 0.12%)     0.7980 
exp/U157                OAI21_X1                      2.640e-06 1.514e-06 2.120e-08 4.175e-06 ( 0.07%)     1.0640 
exp/U15                 BUF_X1                        2.637e-06 1.182e-05 2.221e-08 1.448e-05 ( 0.25%)     0.7980 
exp/U405                AND2_X1                       2.634e-06 2.384e-06 2.848e-08 5.046e-06 ( 0.09%)     1.0640 
exp/U33                 BUF_X1                        2.632e-06 2.304e-06 2.156e-08 4.958e-06 ( 0.09%)     0.7980 
exp/U142                BUF_X1                        2.629e-06 3.363e-06 2.180e-08 6.014e-06 ( 0.10%)     0.7980 
exp/U491                OAI21_X1                      2.628e-06 2.732e-06 3.407e-08 5.394e-06 ( 0.09%)     1.0640 
exp/U236                OAI21_X1                      2.613e-06 2.310e-06 3.441e-08 4.957e-06 ( 0.09%)     1.0640 
exp/U209                NAND4_X1                      2.611e-06 3.674e-06 6.279e-08 6.348e-06 ( 0.11%)     1.3300 
exp/U91                 AND2_X1                       2.608e-06 5.950e-06 2.468e-08 8.583e-06 ( 0.15%)     1.0640 
exp/U335                NAND4_X1                      2.600e-06 2.842e-06 6.264e-08 5.505e-06 ( 0.10%)     1.3300 
exp/U294                AND4_X1                       2.597e-06 9.784e-07 4.474e-08 3.620e-06 ( 0.06%)     1.5960 
exp/U13                 AND2_X2                       2.597e-06 1.906e-06 4.740e-08 4.550e-06 ( 0.08%)     1.3300 
exp/U5                  BUF_X1                        2.588e-06 5.899e-06 2.182e-08 8.508e-06 ( 0.15%)     0.7980 
exp/U127                AND4_X1                       2.583e-06 1.031e-06 4.019e-08 3.654e-06 ( 0.06%)     1.5960 
exp/U6                  BUF_X1                        2.570e-06 4.772e-06 2.182e-08 7.364e-06 ( 0.13%)     0.7980 
exp/U495                OAI21_X1                      2.567e-06 2.747e-06 3.472e-08 5.349e-06 ( 0.09%)     1.0640 
exp/U227                AND2_X1                       2.564e-06 2.035e-06 2.471e-08 4.624e-06 ( 0.08%)     1.0640 
U18                     OR2_X1                        2.560e-06 2.094e-06 2.528e-08 4.679e-06 ( 0.08%)     1.0640 
exp/U486                OAI22_X1                      2.557e-06 9.620e-07 4.020e-08 3.560e-06 ( 0.06%)     1.3300 
U98                     OAI211_X1                     2.552e-06 3.904e-06 4.204e-08 6.498e-06 ( 0.11%)     1.3300 
exp/U88                 AND2_X1                       2.551e-06 3.173e-06 2.854e-08 5.753e-06 ( 0.10%)     1.0640 
exp/U161                NAND4_X1                      2.545e-06 2.529e-06 6.572e-08 5.140e-06 ( 0.09%)     1.3300 
exp/U143                BUF_X1                        2.536e-06 1.259e-06 2.180e-08 3.817e-06 ( 0.07%)     0.7980 
exp/U531                AND4_X1                       2.535e-06 9.715e-07 3.785e-08 3.544e-06 ( 0.06%)     1.5960 
exp/U483                NAND4_X1                      2.525e-06 2.120e-06 3.817e-08 4.683e-06 ( 0.08%)     1.3300 
exp/U474                OR2_X1                        2.524e-06 1.950e-06 2.626e-08 4.501e-06 ( 0.08%)     1.0640 
exp/U471                AND2_X1                       2.513e-06 7.786e-07 2.326e-08 3.315e-06 ( 0.06%)     1.0640 
exp/U522                NAND3_X1                      2.510e-06 2.890e-06 3.970e-08 5.440e-06 ( 0.09%)     1.0640 
exp/U318                AND2_X1                       2.508e-06 3.505e-06 2.480e-08 6.038e-06 ( 0.10%)     1.0640 
exp/U64                 AND3_X1                       2.500e-06 1.889e-06 3.549e-08 4.425e-06 ( 0.08%)     1.3300 
exp/U265                OR2_X1                        2.490e-06 1.172e-06 2.618e-08 3.688e-06 ( 0.06%)     1.0640 
exp/U438                AND2_X1                       2.473e-06 1.866e-06 2.771e-08 4.367e-06 ( 0.08%)     1.0640 
exp/U287                AND2_X1                       2.473e-06 1.144e-06 2.471e-08 3.641e-06 ( 0.06%)     1.0640 
U222                    MUX2_X1                       2.472e-06 7.384e-07 3.796e-08 3.248e-06 ( 0.06%)     1.8620 
U175                    MUX2_X1                       2.471e-06 7.382e-07 3.796e-08 3.247e-06 ( 0.06%)     1.8620 
U231                    MUX2_X1                       2.470e-06 7.378e-07 3.796e-08 3.246e-06 ( 0.06%)     1.8620 
U21                     OR2_X1                        2.470e-06 1.205e-06 2.461e-08 3.699e-06 ( 0.06%)     1.0640 
U218                    MUX2_X1                       2.468e-06 7.374e-07 3.796e-08 3.244e-06 ( 0.06%)     1.8620 
U178                    MUX2_X1                       2.467e-06 7.372e-07 3.796e-08 3.242e-06 ( 0.06%)     1.8620 
U219                    MUX2_X1                       2.467e-06 7.369e-07 3.796e-08 3.241e-06 ( 0.06%)     1.8620 
U235                    MUX2_X1                       2.465e-06 7.365e-07 3.796e-08 3.240e-06 ( 0.06%)     1.8620 
U183                    MUX2_X1                       2.465e-06 7.360e-07 3.796e-08 3.239e-06 ( 0.06%)     1.8620 
U228                    MUX2_X1                       2.465e-06 7.362e-07 3.796e-08 3.239e-06 ( 0.06%)     1.8620 
U176                    MUX2_X1                       2.464e-06 7.363e-07 3.796e-08 3.238e-06 ( 0.06%)     1.8620 
U170                    MUX2_X1                       2.457e-06 7.340e-07 3.796e-08 3.229e-06 ( 0.06%)     1.8620 
U223                    MUX2_X1                       2.457e-06 7.337e-07 3.796e-08 3.228e-06 ( 0.06%)     1.8620 
U236                    MUX2_X1                       2.455e-06 7.334e-07 3.796e-08 3.226e-06 ( 0.06%)     1.8620 
U227                    MUX2_X1                       2.455e-06 7.333e-07 3.796e-08 3.226e-06 ( 0.06%)     1.8620 
exp/U228                AND2_X1                       2.454e-06 2.320e-06 2.598e-08 4.800e-06 ( 0.08%)     1.0640 
exp/U45                 OAI21_X1                      2.454e-06 6.716e-06 3.137e-08 9.201e-06 ( 0.16%)     1.0640 
U214                    MUX2_X1                       2.452e-06 7.324e-07 3.796e-08 3.223e-06 ( 0.06%)     1.8620 
U180                    MUX2_X1                       2.450e-06 7.322e-07 3.796e-08 3.220e-06 ( 0.06%)     1.8620 
U213                    MUX2_X1                       2.449e-06 7.318e-07 3.796e-08 3.219e-06 ( 0.06%)     1.8620 
U173                    MUX2_X1                       2.448e-06 7.316e-07 3.796e-08 3.218e-06 ( 0.06%)     1.8620 
U237                    MUX2_X1                       2.448e-06 7.312e-07 3.796e-08 3.217e-06 ( 0.06%)     1.8620 
U171                    MUX2_X1                       2.448e-06 7.316e-07 3.796e-08 3.218e-06 ( 0.06%)     1.8620 
U184                    MUX2_X1                       2.447e-06 7.305e-07 3.796e-08 3.216e-06 ( 0.06%)     1.8620 
U234                    MUX2_X1                       2.447e-06 7.309e-07 3.796e-08 3.216e-06 ( 0.06%)     1.8620 
U190                    MUX2_X1                       2.446e-06 7.303e-07 3.796e-08 3.214e-06 ( 0.06%)     1.8620 
U181                    MUX2_X1                       2.445e-06 7.305e-07 3.796e-08 3.213e-06 ( 0.06%)     1.8620 
U239                    MUX2_X1                       2.444e-06 7.301e-07 3.796e-08 3.213e-06 ( 0.06%)     1.8620 
U207                    MUX2_X1                       2.444e-06 7.301e-07 3.796e-08 3.212e-06 ( 0.06%)     1.8620 
U211                    MUX2_X1                       2.444e-06 7.300e-07 3.796e-08 3.212e-06 ( 0.06%)     1.8620 
U189                    MUX2_X1                       2.443e-06 7.298e-07 3.796e-08 3.211e-06 ( 0.06%)     1.8620 
U221                    MUX2_X1                       2.442e-06 7.294e-07 3.796e-08 3.209e-06 ( 0.06%)     1.8620 
U233                    MUX2_X1                       2.441e-06 7.292e-07 3.796e-08 3.208e-06 ( 0.06%)     1.8620 
U226                    MUX2_X1                       2.440e-06 7.291e-07 3.796e-08 3.207e-06 ( 0.06%)     1.8620 
U229                    MUX2_X1                       2.440e-06 7.291e-07 3.796e-08 3.207e-06 ( 0.06%)     1.8620 
U225                    MUX2_X1                       2.438e-06 7.282e-07 3.796e-08 3.204e-06 ( 0.06%)     1.8620 
U220                    MUX2_X1                       2.438e-06 7.281e-07 3.796e-08 3.204e-06 ( 0.06%)     1.8620 
U90                     AOI22_X1                      2.437e-06 7.683e-07 3.261e-08 3.238e-06 ( 0.06%)     1.3300 
U216                    MUX2_X1                       2.436e-06 7.277e-07 3.796e-08 3.202e-06 ( 0.06%)     1.8620 
U238                    MUX2_X1                       2.434e-06 7.273e-07 3.796e-08 3.200e-06 ( 0.06%)     1.8620 
U209                    MUX2_X1                       2.434e-06 7.272e-07 3.796e-08 3.199e-06 ( 0.06%)     1.8620 
U210                    MUX2_X1                       2.434e-06 7.272e-07 3.796e-08 3.199e-06 ( 0.06%)     1.8620 
U230                    MUX2_X1                       2.434e-06 7.270e-07 3.796e-08 3.199e-06 ( 0.06%)     1.8620 
U172                    MUX2_X1                       2.434e-06 7.264e-07 3.796e-08 3.198e-06 ( 0.06%)     1.8620 
U212                    MUX2_X1                       2.433e-06 7.269e-07 3.796e-08 3.198e-06 ( 0.06%)     1.8620 
U87                     AOI22_X1                      2.431e-06 7.665e-07 3.261e-08 3.231e-06 ( 0.06%)     1.3300 
U232                    MUX2_X1                       2.431e-06 7.263e-07 3.796e-08 3.195e-06 ( 0.06%)     1.8620 
U108                    OR3_X1                        2.431e-06 9.950e-07 2.445e-08 3.450e-06 ( 0.06%)     1.3300 
U179                    MUX2_X1                       2.430e-06 7.261e-07 3.796e-08 3.194e-06 ( 0.06%)     1.8620 
U182                    MUX2_X1                       2.429e-06 7.260e-07 3.796e-08 3.193e-06 ( 0.06%)     1.8620 
U177                    MUX2_X1                       2.428e-06 7.256e-07 3.796e-08 3.192e-06 ( 0.06%)     1.8620 
U217                    MUX2_X1                       2.427e-06 7.250e-07 3.796e-08 3.190e-06 ( 0.06%)     1.8620 
U224                    MUX2_X1                       2.425e-06 7.246e-07 3.796e-08 3.188e-06 ( 0.06%)     1.8620 
U215                    MUX2_X1                       2.425e-06 7.243e-07 3.796e-08 3.187e-06 ( 0.06%)     1.8620 
U84                     AOI22_X1                      2.424e-06 1.150e-06 3.261e-08 3.607e-06 ( 0.06%)     1.3300 
U77                     AOI22_X1                      2.424e-06 7.672e-07 3.261e-08 3.224e-06 ( 0.06%)     1.3300 
U114                    AOI22_X1                      2.420e-06 7.658e-07 3.261e-08 3.218e-06 ( 0.06%)     1.3300 
exp/U288                OAI211_X1                     2.418e-06 1.051e-06 4.821e-08 3.518e-06 ( 0.06%)     1.3300 
U93                     AOI22_X1                      2.417e-06 7.648e-07 3.261e-08 3.214e-06 ( 0.06%)     1.3300 
U103                    AOI22_X1                      2.415e-06 1.224e-06 3.261e-08 3.672e-06 ( 0.06%)     1.3300 
U174                    MUX2_X1                       2.415e-06 7.217e-07 3.796e-08 3.175e-06 ( 0.06%)     1.8620 
exp/U256                OR2_X1                        2.415e-06 1.170e-06 2.269e-08 3.607e-06 ( 0.06%)     1.0640 
U186                    AOI22_X1                      2.405e-06 1.219e-06 3.261e-08 3.656e-06 ( 0.06%)     1.3300 
exp/U257                AND2_X1                       2.402e-06 1.164e-06 2.480e-08 3.591e-06 ( 0.06%)     1.0640 
U112                    AOI22_X1                      2.398e-06 1.215e-06 3.261e-08 3.646e-06 ( 0.06%)     1.3300 
exp/U492                AND2_X1                       2.396e-06 7.022e-07 2.689e-08 3.125e-06 ( 0.05%)     1.0640 
exp/U221                OR2_X1                        2.395e-06 1.200e-06 2.317e-08 3.619e-06 ( 0.06%)     1.0640 
exp/U69                 AND2_X1                       2.395e-06 1.095e-06 2.295e-08 3.513e-06 ( 0.06%)     1.0640 
exp/U272                NOR3_X1                       2.376e-06 1.476e-06 2.607e-08 3.878e-06 ( 0.07%)     1.0640 
exp/U314                CLKBUF_X1                     2.335e-06 1.021e-05 1.136e-08 1.255e-05 ( 0.22%)     0.7980 
exp/U391                AND2_X1                       2.325e-06 1.097e-06 2.480e-08 3.447e-06 ( 0.06%)     1.0640 
exp/U519                OAI21_X1                      2.314e-06 2.661e-06 3.167e-08 5.007e-06 ( 0.09%)     1.0640 
exp/U208                OAI211_X1                     2.305e-06 2.253e-06 4.758e-08 4.605e-06 ( 0.08%)     1.3300 
U52                     OR3_X1                        2.301e-06 1.010e-06 2.469e-08 3.336e-06 ( 0.06%)     1.3300 
exp/U23                 CLKBUF_X1                     2.277e-06 5.617e-06 1.113e-08 7.905e-06 ( 0.14%)     0.7980 
exp/U17                 CLKBUF_X1                     2.272e-06 8.588e-06 1.133e-08 1.087e-05 ( 0.19%)     0.7980 
exp/U162                AND2_X1                       2.269e-06 6.702e-07 2.598e-08 2.966e-06 ( 0.05%)     1.0640 
exp/U19                 AND4_X1                       2.251e-06 7.994e-07 4.363e-08 3.094e-06 ( 0.05%)     1.5960 
exp/U286                AND2_X1                       2.230e-06 3.468e-06 2.543e-08 5.723e-06 ( 0.10%)     1.0640 
exp/U211                CLKBUF_X1                     2.217e-06 5.439e-06 1.134e-08 7.667e-06 ( 0.13%)     0.7980 
U122                    CLKBUF_X1                     2.212e-06 1.349e-06 1.136e-08 3.572e-06 ( 0.06%)     0.7980 
exp/U292                AND2_X1                       2.205e-06 7.060e-07 2.637e-08 2.937e-06 ( 0.05%)     1.0640 
exp/U11                 NAND3_X1                      2.202e-06 3.120e-06 4.215e-08 5.364e-06 ( 0.09%)     1.0640 
exp/U290                AND2_X1                       2.191e-06 2.015e-06 2.724e-08 4.232e-06 ( 0.07%)     1.0640 
exp/U230                CLKBUF_X1                     2.180e-06 5.294e-06 1.149e-08 7.485e-06 ( 0.13%)     0.7980 
U15                     CLKBUF_X1                     2.174e-06 1.343e-06 1.130e-08 3.528e-06 ( 0.06%)     0.7980 
U163                    CLKBUF_X1                     2.166e-06 1.338e-06 1.133e-08 3.516e-06 ( 0.06%)     0.7980 
exp/U8                  CLKBUF_X1                     2.155e-06 4.777e-06 1.147e-08 6.944e-06 ( 0.12%)     0.7980 
exp/U135                CLKBUF_X1                     2.143e-06 5.288e-06 1.094e-08 7.442e-06 ( 0.13%)     0.7980 
U14                     NAND2_X2                      2.136e-06 1.721e-05 3.479e-08 1.938e-05 ( 0.34%)     1.3300 
exp/U130                AND2_X1                       2.129e-06 9.992e-07 2.791e-08 3.156e-06 ( 0.05%)     1.0640 
exp/U527                AOI21_X1                      2.125e-06 1.497e-06 3.381e-08 3.655e-06 ( 0.06%)     1.0640 
exp/U281                BUF_X1                        2.122e-06 8.596e-06 2.018e-08 1.074e-05 ( 0.19%)     0.7980 
exp/U14                 CLKBUF_X1                     2.121e-06 3.929e-06 1.177e-08 6.062e-06 ( 0.11%)     0.7980 
exp/U499                OAI21_X1                      2.116e-06 1.540e-06 3.555e-08 3.691e-06 ( 0.06%)     1.0640 
U19                     CLKBUF_X1                     2.114e-06 1.288e-06 1.134e-08 3.414e-06 ( 0.06%)     0.7980 
exp/U82                 NAND3_X1                      2.114e-06 8.612e-07 2.990e-08 3.005e-06 ( 0.05%)     1.0640 
exp/U84                 CLKBUF_X1                     2.101e-06 2.083e-06 1.094e-08 4.195e-06 ( 0.07%)     0.7980 
exp/U49                 BUF_X1                        2.100e-06 7.981e-06 2.268e-08 1.010e-05 ( 0.18%)     0.7980 
U20                     CLKBUF_X1                     2.100e-06 1.268e-06 1.147e-08 3.379e-06 ( 0.06%)     0.7980 
exp/U4                  CLKBUF_X1                     2.097e-06 2.158e-06 1.149e-08 4.267e-06 ( 0.07%)     0.7980 
U71                     OAI21_X1                      2.094e-06 4.291e-06 3.094e-08 6.416e-06 ( 0.11%)     1.0640 
U8                      CLKBUF_X1                     2.091e-06 1.292e-06 1.133e-08 3.395e-06 ( 0.06%)     0.7980 
exp/U243                OR2_X1                        2.089e-06 1.625e-06 2.698e-08 3.741e-06 ( 0.06%)     1.0640 
exp/U203                AND2_X1                       2.084e-06 9.948e-07 2.485e-08 3.104e-06 ( 0.05%)     1.0640 
U22                     OAI21_X1                      2.084e-06 3.780e-06 3.031e-08 5.894e-06 ( 0.10%)     1.0640 
exp/U109                AND2_X1                       2.076e-06 9.335e-07 2.798e-08 3.038e-06 ( 0.05%)     1.0640 
exp/U470                OR2_X1                        2.070e-06 8.951e-07 2.649e-08 2.992e-06 ( 0.05%)     1.0640 
exp/U132                AND2_X1                       2.068e-06 6.438e-07 2.539e-08 2.737e-06 ( 0.05%)     1.0640 
exp/U465                OAI21_X1                      2.062e-06 1.312e-06 2.167e-08 3.395e-06 ( 0.06%)     1.0640 
exp/U423                AND2_X1                       2.058e-06 6.335e-07 2.540e-08 2.717e-06 ( 0.05%)     1.0640 
U118                    CLKBUF_X1                     2.055e-06 1.268e-06 1.149e-08 3.335e-06 ( 0.06%)     0.7980 
U55                     CLKBUF_X1                     2.054e-06 1.267e-06 1.147e-08 3.332e-06 ( 0.06%)     0.7980 
exp/U21                 AND3_X1                       2.052e-06 7.937e-07 3.528e-08 2.881e-06 ( 0.05%)     1.3300 
exp/U138                AND2_X1                       2.045e-06 9.647e-07 2.779e-08 3.038e-06 ( 0.05%)     1.0640 
exp/U95                 AND2_X1                       2.043e-06 9.430e-07 2.223e-08 3.008e-06 ( 0.05%)     1.0640 
exp/U219                OR2_X1                        2.039e-06 9.788e-07 2.697e-08 3.044e-06 ( 0.05%)     1.0640 
exp/U90                 OR2_X1                        2.037e-06 1.858e-06 2.201e-08 3.917e-06 ( 0.07%)     1.0640 
exp/U213                OR2_X1                        2.037e-06 1.858e-06 2.201e-08 3.917e-06 ( 0.07%)     1.0640 
exp/U277                AND2_X1                       2.036e-06 2.460e-06 2.547e-08 4.522e-06 ( 0.08%)     1.0640 
exp/U158                AND3_X1                       2.033e-06 2.509e-06 3.650e-08 4.579e-06 ( 0.08%)     1.3300 
exp/U453                AND2_X1                       2.026e-06 6.342e-07 2.485e-08 2.685e-06 ( 0.05%)     1.0640 
exp/U96                 AND2_X1                       2.023e-06 6.521e-07 2.543e-08 2.701e-06 ( 0.05%)     1.0640 
U25                     AND2_X1                       2.003e-06 1.432e-06 2.507e-08 3.460e-06 ( 0.06%)     1.0640 
exp/U212                NAND4_X1                      1.994e-06 2.491e-06 6.678e-08 4.551e-06 ( 0.08%)     1.3300 
U29                     BUF_X1                        1.977e-06 4.989e-06 2.144e-08 6.988e-06 ( 0.12%)     0.7980 
exp/U359                OAI211_X1                     1.972e-06 9.576e-07 1.976e-08 2.949e-06 ( 0.05%)     1.3300 
exp/U202                AND2_X1                       1.970e-06 1.529e-06 2.546e-08 3.525e-06 ( 0.06%)     1.0640 
U126                    OAI211_X1                     1.970e-06 9.569e-07 2.232e-08 2.949e-06 ( 0.05%)     1.3300 
exp/U479                NOR2_X1                       1.967e-06 3.013e-06 1.932e-08 4.999e-06 ( 0.09%)     0.7980 
U119                    OR2_X1                        1.965e-06 1.716e-06 2.269e-08 3.704e-06 ( 0.06%)     1.0640 
exp/U493                NAND4_X1                      1.953e-06 6.327e-07 3.224e-08 2.618e-06 ( 0.05%)     1.3300 
exp/U36                 NOR2_X1                       1.927e-06 1.487e-06 1.887e-08 3.432e-06 ( 0.06%)     0.7980 
U91                     OR2_X1                        1.921e-06 1.722e-06 2.254e-08 3.665e-06 ( 0.06%)     1.0640 
U51                     OR2_X1                        1.920e-06 1.711e-06 2.269e-08 3.653e-06 ( 0.06%)     1.0640 
U57                     OR2_X1                        1.916e-06 1.339e-06 2.269e-08 3.278e-06 ( 0.06%)     1.0640 
exp/U184                AND2_X1                       1.913e-06 5.867e-07 2.390e-08 2.524e-06 ( 0.04%)     1.0640 
exp/U66                 AND2_X1                       1.912e-06 1.484e-06 2.749e-08 3.424e-06 ( 0.06%)     1.0640 
U6                      BUF_X1                        1.911e-06 2.723e-06 2.144e-08 4.656e-06 ( 0.08%)     0.7980 
U13                     BUF_X1                        1.908e-06 1.973e-06 2.144e-08 3.902e-06 ( 0.07%)     0.7980 
U88                     OR2_X1                        1.901e-06 9.121e-07 2.254e-08 2.836e-06 ( 0.05%)     1.0640 
exp/U73                 AND2_X1                       1.900e-06 8.802e-07 2.423e-08 2.804e-06 ( 0.05%)     1.0640 
exp/U443                NAND2_X1                      1.882e-06 1.079e-05 2.048e-08 1.270e-05 ( 0.22%)     0.7980 
exp/U71                 AND2_X1                       1.871e-06 8.807e-07 2.757e-08 2.779e-06 ( 0.05%)     1.0640 
exp/U70                 NAND2_X1                      1.856e-06 3.184e-06 2.791e-08 5.067e-06 ( 0.09%)     0.7980 
U94                     OR2_X1                        1.854e-06 9.014e-07 2.261e-08 2.778e-06 ( 0.05%)     1.0640 
exp/U136                AND2_X1                       1.848e-06 8.741e-07 2.749e-08 2.750e-06 ( 0.05%)     1.0640 
exp/U79                 NAND2_X1                      1.847e-06 2.745e-06 2.351e-08 4.616e-06 ( 0.08%)     0.7980 
exp/U482                NAND2_X1                      1.843e-06 1.394e-06 1.832e-08 3.256e-06 ( 0.06%)     0.7980 
U78                     OR2_X1                        1.838e-06 8.964e-07 2.261e-08 2.757e-06 ( 0.05%)     1.0640 
exp/U131                AND3_X1                       1.832e-06 7.941e-07 2.659e-08 2.652e-06 ( 0.05%)     1.3300 
U115                    OR2_X1                        1.819e-06 8.571e-07 2.260e-08 2.698e-06 ( 0.05%)     1.0640 
exp/U502                NAND2_X1                      1.816e-06 2.776e-06 2.921e-08 4.621e-06 ( 0.08%)     0.7980 
exp/U160                OR3_X1                        1.811e-06 5.360e-07 3.155e-08 2.378e-06 ( 0.04%)     1.3300 
U185                    OR2_X1                        1.805e-06 1.465e-06 2.269e-08 3.293e-06 ( 0.06%)     1.0640 
U54                     OR2_X1                        1.798e-06 1.463e-06 2.269e-08 3.284e-06 ( 0.06%)     1.0640 
U102                    OR2_X1                        1.785e-06 8.370e-07 2.269e-08 2.644e-06 ( 0.05%)     1.0640 
exp/U58                 NOR2_X1                       1.783e-06 1.399e-06 1.893e-08 3.201e-06 ( 0.06%)     0.7980 
exp/U31                 AND4_X2                       1.767e-06 1.230e-06 5.413e-08 3.051e-06 ( 0.05%)     1.8620 
exp/U516                NAND2_X1                      1.762e-06 8.862e-07 2.105e-08 2.669e-06 ( 0.05%)     0.7980 
exp/U356                AND2_X1                       1.733e-06 1.367e-06 2.432e-08 3.124e-06 ( 0.05%)     1.0640 
U127                    AND2_X1                       1.730e-06 5.329e-07 2.507e-08 2.287e-06 ( 0.04%)     1.0640 
exp/U504                NAND2_X1                      1.729e-06 2.628e-06 2.505e-08 4.382e-06 ( 0.08%)     0.7980 
exp/U408                NAND2_X1                      1.728e-06 1.371e-06 2.146e-08 3.121e-06 ( 0.05%)     0.7980 
exp/U249                NAND2_X1                      1.726e-06 9.265e-07 2.038e-08 2.673e-06 ( 0.05%)     0.7980 
exp/U60                 NAND2_X1                      1.726e-06 1.126e-05 1.986e-08 1.301e-05 ( 0.23%)     0.7980 
exp/U61                 NAND2_X1                      1.704e-06 1.659e-05 2.984e-08 1.832e-05 ( 0.32%)     0.7980 
exp/U350                NAND2_X1                      1.702e-06 1.476e-06 2.104e-08 3.200e-06 ( 0.06%)     0.7980 
exp/U433                NAND2_X1                      1.701e-06 1.323e-06 1.751e-08 3.041e-06 ( 0.05%)     0.7980 
exp/U337                NAND2_X1                      1.689e-06 1.308e-06 2.263e-08 3.019e-06 ( 0.05%)     0.7980 
exp/U280                NAND2_X1                      1.686e-06 1.446e-06 2.242e-08 3.155e-06 ( 0.05%)     0.7980 
U125                    NAND2_X1                      1.685e-06 3.876e-06 2.938e-08 5.591e-06 ( 0.10%)     0.7980 
exp/U451                NAND2_X1                      1.684e-06 2.101e-06 3.137e-08 3.816e-06 ( 0.07%)     0.7980 
exp/U473                NAND4_X1                      1.669e-06 1.765e-06 7.029e-08 3.504e-06 ( 0.06%)     1.3300 
exp/U207                NOR2_X1                       1.668e-06 1.372e-06 1.961e-08 3.059e-06 ( 0.05%)     0.7980 
exp/U409                OAI21_X1                      1.667e-06 1.052e-06 2.071e-08 2.740e-06 ( 0.05%)     1.0640 
exp/U215                NAND3_X1                      1.666e-06 5.033e-06 4.805e-08 6.747e-06 ( 0.12%)     1.0640 
exp/U464                NAND2_X1                      1.665e-06 1.397e-06 2.133e-08 3.083e-06 ( 0.05%)     0.7980 
exp/U481                NAND2_X1                      1.663e-06 1.367e-06 1.849e-08 3.049e-06 ( 0.05%)     0.7980 
exp/U275                NOR2_X1                       1.648e-06 1.339e-06 2.048e-08 3.007e-06 ( 0.05%)     0.7980 
exp/U116                OR2_X1                        1.645e-06 2.299e-06 2.195e-08 3.966e-06 ( 0.07%)     1.0640 
exp/U46                 OAI21_X1                      1.635e-06 1.077e-06 2.030e-08 2.733e-06 ( 0.05%)     1.0640 
exp/U520                NOR2_X1                       1.630e-06 1.564e-06 1.979e-08 3.213e-06 ( 0.06%)     0.7980 
exp/U444                NAND2_X1                      1.630e-06 8.608e-07 1.911e-08 2.510e-06 ( 0.04%)     0.7980 
U124                    NAND2_X1                      1.628e-06 1.930e-06 1.929e-08 3.578e-06 ( 0.06%)     0.7980 
exp/U447                AND2_X1                       1.625e-06 7.486e-07 2.829e-08 2.402e-06 ( 0.04%)     1.0640 
exp/U494                OR2_X1                        1.608e-06 7.599e-07 2.066e-08 2.389e-06 ( 0.04%)     1.0640 
exp/U450                NOR2_X1                       1.607e-06 2.417e-06 1.981e-08 4.045e-06 ( 0.07%)     0.7980 
exp/U416                NAND2_X1                      1.605e-06 1.315e-06 1.605e-08 2.937e-06 ( 0.05%)     0.7980 
exp/U196                NOR2_X1                       1.604e-06 1.221e-06 1.830e-08 2.844e-06 ( 0.05%)     0.7980 
exp/U488                NAND2_X1                      1.600e-06 9.616e-07 2.503e-08 2.587e-06 ( 0.04%)     0.7980 
U30                     CLKBUF_X1                     1.599e-06 1.254e-06 1.121e-08 2.865e-06 ( 0.05%)     0.7980 
U31                     CLKBUF_X1                     1.599e-06 1.254e-06 1.121e-08 2.865e-06 ( 0.05%)     0.7980 
U32                     CLKBUF_X1                     1.599e-06 1.254e-06 1.121e-08 2.865e-06 ( 0.05%)     0.7980 
U33                     CLKBUF_X1                     1.599e-06 1.254e-06 1.121e-08 2.865e-06 ( 0.05%)     0.7980 
U34                     CLKBUF_X1                     1.599e-06 1.254e-06 1.121e-08 2.865e-06 ( 0.05%)     0.7980 
U35                     CLKBUF_X1                     1.599e-06 1.254e-06 1.121e-08 2.865e-06 ( 0.05%)     0.7980 
U36                     CLKBUF_X1                     1.599e-06 1.254e-06 1.121e-08 2.865e-06 ( 0.05%)     0.7980 
U37                     CLKBUF_X1                     1.599e-06 1.254e-06 1.121e-08 2.865e-06 ( 0.05%)     0.7980 
U38                     CLKBUF_X1                     1.599e-06 1.254e-06 1.121e-08 2.865e-06 ( 0.05%)     0.7980 
U39                     CLKBUF_X1                     1.599e-06 1.254e-06 1.121e-08 2.865e-06 ( 0.05%)     0.7980 
U40                     CLKBUF_X1                     1.599e-06 1.254e-06 1.121e-08 2.865e-06 ( 0.05%)     0.7980 
U41                     CLKBUF_X1                     1.599e-06 1.254e-06 1.121e-08 2.865e-06 ( 0.05%)     0.7980 
U42                     CLKBUF_X1                     1.599e-06 1.254e-06 1.121e-08 2.865e-06 ( 0.05%)     0.7980 
U43                     CLKBUF_X1                     1.599e-06 1.254e-06 1.121e-08 2.865e-06 ( 0.05%)     0.7980 
U44                     CLKBUF_X1                     1.599e-06 1.254e-06 1.121e-08 2.865e-06 ( 0.05%)     0.7980 
U45                     CLKBUF_X1                     1.599e-06 1.254e-06 1.121e-08 2.865e-06 ( 0.05%)     0.7980 
U46                     CLKBUF_X1                     1.599e-06 1.254e-06 1.121e-08 2.865e-06 ( 0.05%)     0.7980 
U47                     CLKBUF_X1                     1.599e-06 1.254e-06 1.121e-08 2.865e-06 ( 0.05%)     0.7980 
U48                     CLKBUF_X1                     1.599e-06 1.254e-06 1.121e-08 2.865e-06 ( 0.05%)     0.7980 
U49                     CLKBUF_X1                     1.599e-06 1.254e-06 1.121e-08 2.865e-06 ( 0.05%)     0.7980 
exp/U20                 AND2_X1                       1.596e-06 4.973e-07 2.758e-08 2.120e-06 ( 0.04%)     1.0640 
exp/U251                AND2_X1                       1.581e-06 4.941e-07 2.827e-08 2.103e-06 ( 0.04%)     1.0640 
exp/U268                OR2_X1                        1.576e-06 7.277e-07 2.234e-08 2.326e-06 ( 0.04%)     1.0640 
exp/U431                NAND2_X1                      1.557e-06 2.280e-06 1.782e-08 3.855e-06 ( 0.07%)     0.7980 
exp/U512                NOR2_X1                       1.554e-06 1.391e-06 2.047e-08 2.965e-06 ( 0.05%)     0.7980 
exp/U197                OR2_X1                        1.544e-06 7.430e-07 2.751e-08 2.314e-06 ( 0.04%)     1.0640 
U56                     NAND2_X1                      1.540e-06 4.125e-06 2.748e-08 5.693e-06 ( 0.10%)     0.7980 
exp/U316                NOR2_X1                       1.539e-06 2.503e-06 2.060e-08 4.062e-06 ( 0.07%)     0.7980 
U3                      NAND2_X1                      1.537e-06 3.970e-06 2.698e-08 5.533e-06 ( 0.10%)     0.7980 
exp/U29                 AND3_X1                       1.536e-06 3.815e-06 2.519e-08 5.376e-06 ( 0.09%)     1.3300 
exp/U368                NAND2_X1                      1.534e-06 2.246e-06 1.767e-08 3.798e-06 ( 0.07%)     0.7980 
exp/U424                NAND2_X1                      1.529e-06 1.463e-06 2.826e-08 3.020e-06 ( 0.05%)     0.7980 
U10                     NAND2_X1                      1.522e-06 5.033e-06 2.640e-08 6.582e-06 ( 0.11%)     0.7980 
U5                      INV_X2                        1.497e-06 2.464e-05 2.871e-08 2.617e-05 ( 0.45%)     0.7980 
U68                     NAND2_X1                      1.497e-06 4.048e-06 2.570e-08 5.571e-06 ( 0.10%)     0.7980 
exp/U165                NOR2_X1                       1.484e-06 1.616e-06 2.051e-08 3.121e-06 ( 0.05%)     0.7980 
exp/U7                  OR4_X2                        1.482e-06 1.702e-07 4.815e-08 1.700e-06 ( 0.03%)     1.8620 
exp/U63                 AND3_X1                       1.480e-06 1.165e-06 3.767e-08 2.683e-06 ( 0.05%)     1.3300 
exp/U234                AND2_X1                       1.479e-06 1.824e-06 2.358e-08 3.327e-06 ( 0.06%)     1.0640 
exp/U279                OR2_X1                        1.473e-06 1.396e-06 2.225e-08 2.891e-06 ( 0.05%)     1.0640 
U89                     NAND2_X1                      1.468e-06 4.377e-06 2.756e-08 5.872e-06 ( 0.10%)     0.7980 
U58                     NAND2_X1                      1.464e-06 4.357e-06 2.745e-08 5.849e-06 ( 0.10%)     0.7980 
U59                     NAND2_X1                      1.463e-06 3.497e-06 2.625e-08 4.986e-06 ( 0.09%)     0.7980 
exp/U148                AND2_X1                       1.463e-06 4.552e-07 2.855e-08 1.947e-06 ( 0.03%)     1.0640 
exp/U239                AND2_X1                       1.460e-06 1.373e-06 2.358e-08 2.857e-06 ( 0.05%)     1.0640 
U79                     NAND2_X1                      1.459e-06 4.863e-06 2.756e-08 6.349e-06 ( 0.11%)     0.7980 
exp/U264                NOR2_X1                       1.455e-06 1.561e-06 2.091e-08 3.037e-06 ( 0.05%)     0.7980 
exp/U426                AND2_X1                       1.454e-06 6.797e-07 2.563e-08 2.160e-06 ( 0.04%)     1.0640 
exp/U311                NOR2_X1                       1.454e-06 2.212e-06 2.076e-08 3.687e-06 ( 0.06%)     0.7980 
exp/U201                AND2_X1                       1.452e-06 4.476e-07 2.780e-08 1.928e-06 ( 0.03%)     1.0640 
exp/U164                NOR2_X1                       1.449e-06 1.722e-06 2.073e-08 3.192e-06 ( 0.06%)     0.7980 
exp/U210                OR4_X2                        1.445e-06 3.601e-07 4.822e-08 1.854e-06 ( 0.03%)     1.8620 
exp/U92                 OR2_X1                        1.437e-06 6.801e-07 2.207e-08 2.139e-06 ( 0.04%)     1.0640 
exp/U379                OR2_X1                        1.437e-06 4.462e-07 2.207e-08 1.905e-06 ( 0.03%)     1.0640 
exp/U274                NOR2_X1                       1.422e-06 1.188e-06 2.085e-08 2.631e-06 ( 0.05%)     0.7980 
exp/U85                 AND2_X1                       1.421e-06 3.445e-06 2.362e-08 4.890e-06 ( 0.08%)     1.0640 
exp/U466                NAND2_X1                      1.418e-06 7.406e-06 3.369e-08 8.858e-06 ( 0.15%)     0.7980 
U26                     AND2_X1                       1.418e-06 4.489e-07 2.636e-08 1.893e-06 ( 0.03%)     1.0640 
exp/U250                NAND2_X1                      1.417e-06 8.066e-07 3.179e-08 2.255e-06 ( 0.04%)     0.7980 
exp/U139                NAND2_X1                      1.415e-06 1.390e-06 3.055e-08 2.835e-06 ( 0.05%)     0.7980 
exp/U485                AND2_X1                       1.413e-06 1.208e-06 2.847e-08 2.650e-06 ( 0.05%)     1.0640 
U11                     OR3_X1                        1.409e-06 5.735e-07 2.441e-08 2.007e-06 ( 0.03%)     1.3300 
exp/U386                NAND2_X1                      1.408e-06 1.362e-06 2.810e-08 2.798e-06 ( 0.05%)     0.7980 
exp/U206                NOR2_X1                       1.403e-06 2.009e-06 2.075e-08 3.432e-06 ( 0.06%)     0.7980 
exp/U3                  OR2_X1                        1.401e-06 2.500e-06 2.197e-08 3.922e-06 ( 0.07%)     1.0640 
U12                     OR3_X1                        1.398e-06 5.682e-07 2.441e-08 1.991e-06 ( 0.03%)     1.3300 
exp/U72                 NOR2_X1                       1.396e-06 2.977e-06 1.980e-08 4.393e-06 ( 0.08%)     0.7980 
exp/U406                AND2_X1                       1.395e-06 6.487e-07 2.570e-08 2.069e-06 ( 0.04%)     1.0640 
exp/U399                NOR2_X1                       1.384e-06 3.826e-06 1.981e-08 5.229e-06 ( 0.09%)     0.7980 
exp/U299                NOR2_X1                       1.384e-06 1.089e-06 2.086e-08 2.494e-06 ( 0.04%)     0.7980 
exp/U111                OR2_X1                        1.376e-06 1.852e-06 2.197e-08 3.249e-06 ( 0.06%)     1.0640 
U23                     NAND2_X1                      1.375e-06 8.609e-07 3.315e-08 2.269e-06 ( 0.04%)     0.7980 
exp/U490                OR2_X1                        1.372e-06 6.526e-07 2.208e-08 2.047e-06 ( 0.04%)     1.0640 
exp/U507                NAND2_X1                      1.357e-06 2.179e-06 3.233e-08 3.569e-06 ( 0.06%)     0.7980 
exp/U103                OR2_X1                        1.355e-06 1.285e-06 2.196e-08 2.662e-06 ( 0.05%)     1.0640 
U162                    NAND2_X1                      1.352e-06 2.449e-06 1.740e-08 3.819e-06 ( 0.07%)     0.7980 
U123                    OR2_X1                        1.349e-06 1.201e-06 2.196e-08 2.572e-06 ( 0.04%)     1.0640 
exp/U166                AND2_X1                       1.343e-06 3.202e-06 2.449e-08 4.569e-06 ( 0.08%)     1.0640 
exp/U68                 OR2_X1                        1.333e-06 6.294e-07 2.197e-08 1.984e-06 ( 0.03%)     1.0640 
exp/U65                 AND2_X1                       1.330e-06 1.785e-06 2.814e-08 3.144e-06 ( 0.05%)     1.0640 
exp/U120                OR2_X1                        1.328e-06 3.897e-07 2.196e-08 1.739e-06 ( 0.03%)     1.0640 
exp/U112                AND2_X1                       1.324e-06 6.448e-07 2.239e-08 1.991e-06 ( 0.03%)     1.0640 
exp/U285                OR2_X1                        1.323e-06 4.080e-07 2.196e-08 1.753e-06 ( 0.03%)     1.0640 
exp/U106                OR2_X1                        1.318e-06 4.018e-07 2.210e-08 1.742e-06 ( 0.03%)     1.0640 
exp/U361                OR2_X1                        1.317e-06 4.092e-07 2.197e-08 1.748e-06 ( 0.03%)     1.0640 
exp/U345                OR2_X1                        1.314e-06 6.283e-07 2.196e-08 1.965e-06 ( 0.03%)     1.0640 
exp/U175                OR2_X1                        1.312e-06 3.827e-07 2.209e-08 1.717e-06 ( 0.03%)     1.0640 
exp/U107                AND2_X1                       1.308e-06 1.381e-06 2.815e-08 2.717e-06 ( 0.05%)     1.0640 
exp/U124                OR2_X1                        1.306e-06 6.161e-07 2.198e-08 1.944e-06 ( 0.03%)     1.0640 
exp/U235                OR2_X1                        1.303e-06 4.005e-07 2.210e-08 1.725e-06 ( 0.03%)     1.0640 
exp/U436                OR2_X1                        1.297e-06 3.903e-07 2.198e-08 1.709e-06 ( 0.03%)     1.0640 
exp/U515                NAND2_X1                      1.295e-06 1.290e-06 3.325e-08 2.618e-06 ( 0.05%)     0.7980 
exp/U67                 NAND2_X1                      1.292e-06 1.154e-05 3.252e-08 1.287e-05 ( 0.22%)     0.7980 
exp/U176                OR2_X1                        1.290e-06 3.881e-07 2.197e-08 1.700e-06 ( 0.03%)     1.0640 
exp/U355                AND3_X1                       1.289e-06 5.342e-07 3.670e-08 1.860e-06 ( 0.03%)     1.3300 
exp/U167                AND2_X1                       1.285e-06 1.175e-06 2.449e-08 2.484e-06 ( 0.04%)     1.0640 
exp/U372                AOI21_X1                      1.284e-06 5.640e-07 3.774e-08 1.886e-06 ( 0.03%)     1.0640 
exp/U43                 NAND2_X1                      1.279e-06 5.111e-06 3.322e-08 6.423e-06 ( 0.11%)     0.7980 
U28                     AND2_X1                       1.276e-06 6.152e-07 2.239e-08 1.913e-06 ( 0.03%)     1.0640 
exp/U241                NAND2_X1                      1.274e-06 1.449e-06 3.290e-08 2.756e-06 ( 0.05%)     0.7980 
U166                    NOR2_X1                       1.261e-06 2.197e-06 1.981e-08 3.478e-06 ( 0.06%)     0.7980 
exp/U101                NAND2_X1                      1.256e-06 7.098e-07 3.175e-08 1.998e-06 ( 0.03%)     0.7980 
exp/U477                OAI21_X1                      1.243e-06 1.426e-06 1.863e-08 2.688e-06 ( 0.05%)     1.0640 
U121                    AOI211_X1                     1.240e-06 1.698e-06 3.654e-08 2.974e-06 ( 0.05%)     1.3300 
exp/U525                NAND2_X1                      1.229e-06 7.664e-07 2.493e-08 2.020e-06 ( 0.04%)     0.7980 
exp/U489                AND2_X1                       1.220e-06 5.724e-07 2.218e-08 1.815e-06 ( 0.03%)     1.0640 
exp/U458                AND2_X1                       1.217e-06 1.142e-06 2.818e-08 2.387e-06 ( 0.04%)     1.0640 
exp/U263                OR2_X1                        1.211e-06 3.822e-07 2.225e-08 1.616e-06 ( 0.03%)     1.0640 
exp/U151                INV_X1                        1.207e-06 3.712e-06 1.395e-08 4.934e-06 ( 0.09%)     0.5320 
exp/U430                NAND2_X1                      1.205e-06 1.986e-06 3.159e-08 3.222e-06 ( 0.06%)     0.7980 
exp/U97                 OR3_X1                        1.191e-06 5.020e-07 2.162e-08 1.715e-06 ( 0.03%)     1.3300 
exp/U476                INV_X1                        1.180e-06 1.736e-05 1.593e-08 1.856e-05 ( 0.32%)     0.5320 
exp/U461                NAND2_X1                      1.176e-06 6.680e-07 3.263e-08 1.877e-06 ( 0.03%)     0.7980 
U106                    NOR2_X1                       1.175e-06 5.577e-07 2.120e-08 1.754e-06 ( 0.03%)     0.7980 
U99                     NOR2_X1                       1.175e-06 5.493e-07 2.120e-08 1.745e-06 ( 0.03%)     0.7980 
U110                    NOR2_X1                       1.170e-06 5.361e-07 2.120e-08 1.728e-06 ( 0.03%)     0.7980 
U107                    NOR2_X1                       1.170e-06 5.439e-07 2.120e-08 1.735e-06 ( 0.03%)     0.7980 
U100                    NOR2_X1                       1.166e-06 5.458e-07 2.120e-08 1.733e-06 ( 0.03%)     0.7980 
U111                    NOR2_X1                       1.163e-06 5.436e-07 2.120e-08 1.728e-06 ( 0.03%)     0.7980 
exp/U530                NAND2_X1                      1.162e-06 9.989e-07 1.614e-08 2.177e-06 ( 0.04%)     0.7980 
U117                    NAND2_X1                      1.162e-06 6.850e-07 3.358e-08 1.880e-06 ( 0.03%)     0.7980 
exp/U300                INV_X1                        1.161e-06 1.302e-06 1.395e-08 2.477e-06 ( 0.04%)     0.5320 
exp/U172                INV_X1                        1.155e-06 4.615e-06 1.404e-08 5.784e-06 ( 0.10%)     0.5320 
U80                     NOR2_X1                       1.152e-06 8.874e-07 2.120e-08 2.061e-06 ( 0.04%)     0.7980 
exp/U267                OR3_X1                        1.150e-06 3.123e-07 2.422e-08 1.487e-06 ( 0.03%)     1.3300 
U81                     NOR2_X1                       1.150e-06 8.671e-07 2.120e-08 2.039e-06 ( 0.04%)     0.7980 
exp/U78                 BUF_X2                        1.150e-06 1.144e-06 3.915e-08 2.333e-06 ( 0.04%)     1.0640 
exp/U258                NAND2_X1                      1.143e-06 4.697e-06 1.605e-08 5.857e-06 ( 0.10%)     0.7980 
exp/U188                NAND2_X1                      1.137e-06 4.565e-06 3.210e-08 5.735e-06 ( 0.10%)     0.7980 
exp/U282                AND2_X1                       1.136e-06 5.151e-07 2.788e-08 1.679e-06 ( 0.03%)     1.0640 
exp/U222                AND2_X1                       1.135e-06 5.412e-07 2.799e-08 1.704e-06 ( 0.03%)     1.0640 
exp/U189                NAND2_X1                      1.134e-06 3.583e-06 3.210e-08 4.749e-06 ( 0.08%)     0.7980 
exp/U104                AND2_X1                       1.129e-06 1.740e-06 2.812e-08 2.896e-06 ( 0.05%)     1.0640 
exp/U322                INV_X1                        1.127e-06 4.294e-06 1.455e-08 5.436e-06 ( 0.09%)     0.5320 
exp/U293                INV_X1                        1.102e-06 9.123e-07 1.396e-08 2.029e-06 ( 0.04%)     0.5320 
U165                    NOR2_X1                       1.083e-06 8.873e-07 2.120e-08 1.992e-06 ( 0.03%)     0.7980 
exp/U86                 INV_X1                        1.083e-06 3.192e-06 1.407e-08 4.289e-06 ( 0.07%)     0.5320 
exp/U484                OR2_X1                        1.083e-06 3.277e-07 2.212e-08 1.432e-06 ( 0.02%)     1.0640 
exp/U375                OAI21_X1                      1.074e-06 3.977e-07 4.301e-08 1.515e-06 ( 0.03%)     1.0640 
exp/U145                NOR2_X1                       1.074e-06 6.091e-07 2.159e-08 1.704e-06 ( 0.03%)     0.7980 
exp/U205                NOR2_X1                       1.073e-06 9.507e-07 2.159e-08 2.045e-06 ( 0.04%)     0.7980 
exp/U395                NAND2_X1                      1.072e-06 9.126e-07 3.292e-08 2.018e-06 ( 0.04%)     0.7980 
exp/U297                INV_X1                        1.070e-06 2.309e-06 1.407e-08 3.393e-06 ( 0.06%)     0.5320 
exp/U306                INV_X1                        1.067e-06 5.158e-06 1.411e-08 6.239e-06 ( 0.11%)     0.5320 
exp/U74                 INV_X1                        1.065e-06 1.216e-05 1.408e-08 1.324e-05 ( 0.23%)     0.5320 
exp/U240                INV_X1                        1.065e-06 1.990e-06 1.361e-08 3.068e-06 ( 0.05%)     0.5320 
exp/U303                INV_X1                        1.065e-06 1.070e-05 1.459e-08 1.178e-05 ( 0.20%)     0.5320 
exp/U110                AND2_X1                       1.062e-06 9.979e-07 2.816e-08 2.088e-06 ( 0.04%)     1.0640 
U27                     INV_X1                        1.059e-06 1.202e-06 1.489e-08 2.276e-06 ( 0.04%)     0.5320 
U113                    INV_X1                        1.059e-06 7.585e-07 1.493e-08 1.832e-06 ( 0.03%)     0.5320 
U187                    INV_X1                        1.054e-06 1.197e-06 1.493e-08 2.266e-06 ( 0.04%)     0.5320 
exp/U204                NOR2_X1                       1.053e-06 1.550e-06 2.170e-08 2.625e-06 ( 0.05%)     0.7980 
exp/U115                INV_X1                        1.050e-06 3.110e-06 1.400e-08 4.174e-06 ( 0.07%)     0.5320 
U70                     NAND2_X1                      1.048e-06 1.691e-06 1.555e-08 2.754e-06 ( 0.05%)     0.7980 
U104                    NAND2_X1                      1.045e-06 8.932e-07 1.566e-08 1.954e-06 ( 0.03%)     0.7980 
exp/U448                NAND2_X1                      1.033e-06 9.552e-07 3.449e-08 2.023e-06 ( 0.04%)     0.7980 
exp/U301                INV_X1                        1.030e-06 1.284e-06 1.399e-08 2.327e-06 ( 0.04%)     0.5320 
exp/U511                INV_X1                        1.029e-06 1.267e-06 1.546e-08 2.311e-06 ( 0.04%)     0.5320 
exp/U317                INV_X1                        1.025e-06 6.658e-06 1.360e-08 7.697e-06 ( 0.13%)     0.5320 
exp/U237                INV_X1                        1.024e-06 5.924e-06 1.403e-08 6.962e-06 ( 0.12%)     0.5320 
exp/U238                INV_X1                        1.023e-06 5.429e-06 1.467e-08 6.467e-06 ( 0.11%)     0.5320 
exp/U291                INV_X1                        1.022e-06 4.352e-06 1.364e-08 5.388e-06 ( 0.09%)     0.5320 
exp/U193                INV_X1                        1.022e-06 5.401e-06 1.399e-08 6.437e-06 ( 0.11%)     0.5320 
exp/U44                 INV_X1                        1.021e-06 8.534e-06 1.377e-08 9.568e-06 ( 0.17%)     0.5320 
exp/U462                NAND2_X1                      1.020e-06 2.913e-06 3.354e-08 3.966e-06 ( 0.07%)     0.7980 
exp/U233                INV_X1                        1.019e-06 5.387e-06 1.472e-08 6.421e-06 ( 0.11%)     0.5320 
exp/U501                NAND2_X1                      1.015e-06 9.046e-07 1.481e-08 1.934e-06 ( 0.03%)     0.7980 
exp/U75                 INV_X1                        1.013e-06 9.334e-06 1.494e-08 1.036e-05 ( 0.18%)     0.5320 
exp/U144                INV_X1                        1.011e-06 1.320e-06 1.377e-08 2.345e-06 ( 0.04%)     0.5320 
exp/U420                OR2_X1                        1.011e-06 4.737e-07 2.172e-08 1.507e-06 ( 0.03%)     1.0640 
exp/U298                INV_X1                        1.009e-06 6.058e-06 1.359e-08 7.080e-06 ( 0.12%)     0.5320 
U64                     BUF_X4                        1.004e-06 2.838e-06 7.790e-08 3.920e-06 ( 0.07%)     1.8620 
exp/U315                INV_X1                        1.003e-06 5.336e-06 1.360e-08 6.353e-06 ( 0.11%)     0.5320 
U63                     BUF_X4                        1.002e-06 2.651e-06 7.790e-08 3.731e-06 ( 0.06%)     1.8620 
U66                     BUF_X4                        1.002e-06 2.651e-06 7.790e-08 3.731e-06 ( 0.06%)     1.8620 
exp/U339                INV_X1                        9.989e-07 2.064e-06 1.283e-08 3.076e-06 ( 0.05%)     0.5320 
exp/U346                NAND2_X1                      9.970e-07 1.403e-06 3.339e-08 2.433e-06 ( 0.04%)     0.7980 
exp/U171                INV_X1                        9.951e-07 4.435e-06 1.506e-08 5.445e-06 ( 0.09%)     0.5320 
exp/U417                AOI21_X1                      9.942e-07 4.307e-07 3.813e-08 1.463e-06 ( 0.03%)     1.0640 
exp/U255                NAND4_X1                      9.856e-07 5.351e-07 3.721e-08 1.558e-06 ( 0.03%)     1.3300 
exp/U505                INV_X1                        9.854e-07 2.148e-06 1.364e-08 3.147e-06 ( 0.05%)     0.5320 
exp/U529                NAND2_X1                      9.786e-07 8.673e-07 1.493e-08 1.861e-06 ( 0.03%)     0.7980 
U76                     NAND2_X1                      9.734e-07 8.277e-07 1.739e-08 1.818e-06 ( 0.03%)     0.7980 
U85                     NAND2_X1                      9.677e-07 8.626e-07 1.739e-08 1.848e-06 ( 0.03%)     0.7980 
U101                    NAND2_X1                      9.653e-07 8.691e-07 1.739e-08 1.852e-06 ( 0.03%)     0.7980 
U75                     NAND2_X1                      9.638e-07 8.619e-07 1.739e-08 1.843e-06 ( 0.03%)     0.7980 
exp/U146                CLKBUF_X1                     9.636e-07 2.779e-06 9.957e-09 3.752e-06 ( 0.07%)     0.7980 
U96                     NAND2_X1                      9.619e-07 8.517e-07 1.739e-08 1.831e-06 ( 0.03%)     0.7980 
exp/U435                INV_X1                        9.595e-07 7.811e-07 1.432e-08 1.755e-06 ( 0.03%)     0.5320 
exp/U198                AND2_X1                       9.582e-07 4.574e-07 2.821e-08 1.444e-06 ( 0.03%)     1.0640 
U105                    NAND2_X1                      9.582e-07 8.423e-07 1.739e-08 1.818e-06 ( 0.03%)     0.7980 
exp/U296                OAI21_X1                      9.563e-07 6.861e-07 1.991e-08 1.662e-06 ( 0.03%)     1.0640 
U116                    NAND2_X1                      9.560e-07 8.493e-07 1.739e-08 1.823e-06 ( 0.03%)     0.7980 
U109                    NAND2_X1                      9.556e-07 8.298e-07 1.739e-08 1.803e-06 ( 0.03%)     0.7980 
U83                     NAND2_X1                      9.554e-07 8.575e-07 1.739e-08 1.830e-06 ( 0.03%)     0.7980 
U92                     NAND2_X1                      9.553e-07 8.295e-07 1.739e-08 1.802e-06 ( 0.03%)     0.7980 
exp/U123                INV_X1                        9.517e-07 7.748e-07 1.437e-08 1.741e-06 ( 0.03%)     0.5320 
exp/U283                INV_X1                        9.506e-07 7.739e-07 1.437e-08 1.739e-06 ( 0.03%)     0.5320 
exp/U102                INV_X1                        9.502e-07 7.735e-07 1.434e-08 1.738e-06 ( 0.03%)     0.5320 
exp/U117                INV_X1                        9.489e-07 7.725e-07 1.438e-08 1.736e-06 ( 0.03%)     0.5320 
exp/U384                NAND2_X1                      9.481e-07 2.017e-06 3.250e-08 2.997e-06 ( 0.05%)     0.7980 
U86                     NAND2_X1                      9.468e-07 8.218e-07 1.739e-08 1.786e-06 ( 0.03%)     0.7980 
exp/U434                INV_X1                        9.451e-07 7.694e-07 1.436e-08 1.729e-06 ( 0.03%)     0.5320 
exp/U134                INV_X1                        9.445e-07 7.689e-07 1.434e-08 1.728e-06 ( 0.03%)     0.5320 
exp/U374                INV_X1                        9.438e-07 7.683e-07 1.434e-08 1.726e-06 ( 0.03%)     0.5320 
exp/U121                INV_X1                        9.436e-07 7.682e-07 1.437e-08 1.726e-06 ( 0.03%)     0.5320 
exp/U89                 INV_X1                        9.432e-07 7.679e-07 1.432e-08 1.725e-06 ( 0.03%)     0.5320 
exp/U289                INV_X1                        9.417e-07 7.666e-07 1.431e-08 1.723e-06 ( 0.03%)     0.5320 
exp/U340                NAND2_X1                      9.412e-07 1.510e-06 1.801e-08 2.469e-06 ( 0.04%)     0.7980 
exp/U118                INV_X1                        9.400e-07 1.222e-06 1.437e-08 2.177e-06 ( 0.04%)     0.5320 
exp/U414                INV_X1                        9.381e-07 7.637e-07 1.434e-08 1.716e-06 ( 0.03%)     0.5320 
exp/U246                INV_X1                        9.290e-07 2.325e-06 1.233e-08 3.266e-06 ( 0.06%)     0.5320 
exp/U113                OR2_X1                        9.278e-07 2.794e-07 2.212e-08 1.229e-06 ( 0.02%)     1.0640 
exp/U333                NAND2_X1                      9.206e-07 7.666e-07 3.448e-08 1.722e-06 ( 0.03%)     0.7980 
exp/U173                INV_X1                        9.071e-07 1.095e-06 1.215e-08 2.014e-06 ( 0.03%)     0.5320 
exp/U98                 INV_X1                        9.062e-07 7.426e-07 1.640e-08 1.665e-06 ( 0.03%)     0.5320 
exp/U331                INV_X1                        8.826e-07 1.486e-06 1.234e-08 2.381e-06 ( 0.04%)     0.5320 
exp/U105                INV_X1                        8.735e-07 6.988e-07 1.228e-08 1.585e-06 ( 0.03%)     0.5320 
exp/U506                OR2_X1                        8.668e-07 4.169e-07 2.216e-08 1.306e-06 ( 0.02%)     1.0640 
exp/U440                NAND2_X1                      8.480e-07 7.492e-07 1.395e-08 1.611e-06 ( 0.03%)     0.7980 
exp/U174                NAND2_X1                      8.295e-07 3.147e-06 3.484e-08 4.011e-06 ( 0.07%)     0.7980 
U164                    INV_X1                        8.218e-07 6.512e-07 1.683e-08 1.490e-06 ( 0.03%)     0.5320 
exp/U137                NAND2_X1                      8.183e-07 9.921e-07 1.551e-08 1.826e-06 ( 0.03%)     0.7980 
exp/U419                NAND2_X1                      8.179e-07 4.617e-07 1.765e-08 1.297e-06 ( 0.02%)     0.7980 
exp/U278                NAND2_X1                      8.151e-07 1.528e-06 3.484e-08 2.378e-06 ( 0.04%)     0.7980 
exp/U323                INV_X1                        8.119e-07 1.993e-06 1.180e-08 2.817e-06 ( 0.05%)     0.5320 
exp/U455                INV_X1                        8.102e-07 5.673e-06 1.683e-08 6.501e-06 ( 0.11%)     0.5320 
exp/U330                NAND4_X1                      8.065e-07 3.827e-07 2.494e-08 1.214e-06 ( 0.02%)     1.3300 
U16                     INV_X1                        8.011e-07 1.943e-05 1.435e-08 2.025e-05 ( 0.35%)     0.5320 
exp/U387                NAND4_X1                      7.990e-07 3.884e-07 3.394e-08 1.221e-06 ( 0.02%)     1.3300 
exp/U437                NAND2_X1                      7.976e-07 4.722e-07 1.485e-08 1.285e-06 ( 0.02%)     0.7980 
exp/U498                NAND2_X1                      7.825e-07 7.112e-07 3.518e-08 1.529e-06 ( 0.03%)     0.7980 
exp/U390                AND2_X1                       7.813e-07 3.777e-07 2.847e-08 1.187e-06 ( 0.02%)     1.0640 
exp/U324                INV_X1                        7.803e-07 2.021e-06 1.190e-08 2.813e-06 ( 0.05%)     0.5320 
exp/U478                NOR2_X1                       7.640e-07 4.012e-07 2.221e-08 1.187e-06 ( 0.02%)     0.7980 
exp/U325                NAND3_X1                      7.632e-07 2.855e-06 2.655e-08 3.645e-06 ( 0.06%)     1.0640 
exp/U276                NOR2_X1                       7.632e-07 3.774e-07 1.985e-08 1.160e-06 ( 0.02%)     0.7980 
U167                    INV_X1                        7.582e-07 9.119e-07 1.435e-08 1.684e-06 ( 0.03%)     0.5320 
exp/U99                 INV_X1                        7.557e-07 6.197e-07 1.702e-08 1.392e-06 ( 0.02%)     0.5320 
U4                      INV_X1                        7.548e-07 1.949e-05 1.435e-08 2.026e-05 ( 0.35%)     0.5320 
U120                    INV_X1                        7.545e-07 2.630e-06 1.435e-08 3.399e-06 ( 0.06%)     0.5320 
U97                     INV_X1                        7.521e-07 6.141e-07 1.435e-08 1.381e-06 ( 0.02%)     0.5320 
U74                     INV_X1                        7.518e-07 5.959e-07 1.435e-08 1.362e-06 ( 0.02%)     0.5320 
exp/U413                NAND2_X1                      7.498e-07 6.558e-07 1.371e-08 1.419e-06 ( 0.02%)     0.7980 
exp/U216                NAND2_X1                      7.495e-07 6.225e-07 9.468e-09 1.381e-06 ( 0.02%)     0.7980 
U73                     INV_X1                        7.491e-07 9.029e-07 1.435e-08 1.666e-06 ( 0.03%)     0.5320 
U95                     INV_X1                        7.491e-07 9.029e-07 1.435e-08 1.666e-06 ( 0.03%)     0.5320 
U168                    INV_X1                        7.388e-07 9.444e-07 1.435e-08 1.698e-06 ( 0.03%)     0.5320 
exp/U40                 BUF_X1                        7.340e-07 2.162e-06 2.337e-08 2.919e-06 ( 0.05%)     0.7980 
exp/U383                NAND2_X1                      7.340e-07 6.457e-07 1.624e-08 1.396e-06 ( 0.02%)     0.7980 
exp/U185                OR2_X1                        7.223e-07 3.462e-07 2.212e-08 1.091e-06 ( 0.02%)     1.0640 
exp/U341                AND2_X1                       7.192e-07 9.652e-07 2.823e-08 1.713e-06 ( 0.03%)     1.0640 
exp/U192                NAND2_X1                      7.087e-07 2.535e-06 3.510e-08 3.279e-06 ( 0.06%)     0.7980 
U62                     OR2_X1                        7.037e-07 3.379e-07 2.020e-08 1.062e-06 ( 0.02%)     1.0640 
U17                     CLKBUF_X1                     6.959e-07 9.853e-07 9.864e-09 1.691e-06 ( 0.03%)     0.7980 
exp/U524                INV_X1                        6.898e-07 8.427e-07 1.131e-08 1.544e-06 ( 0.03%)     0.5320 
exp/U12                 BUF_X1                        6.876e-07 4.670e-07 1.951e-08 1.174e-06 ( 0.02%)     0.7980 
exp/U456                NOR2_X1                       6.698e-07 6.627e-07 2.002e-08 1.353e-06 ( 0.02%)     0.7980 
exp/U248                OR2_X2                        6.673e-07 1.279e-06 3.836e-08 1.985e-06 ( 0.03%)     1.3300 
exp/U396                NAND2_X1                      6.635e-07 3.674e-07 1.343e-08 1.044e-06 ( 0.02%)     0.7980 
exp/U260                OR2_X1                        6.613e-07 3.018e-07 1.870e-08 9.818e-07 ( 0.02%)     1.0640 
exp/U9                  INV_X1                        6.596e-07 1.387e-06 1.138e-08 2.058e-06 ( 0.04%)     0.5320 
exp/U446                NAND2_X1                      6.472e-07 1.584e-06 3.537e-08 2.266e-06 ( 0.04%)     0.7980 
exp/U382                NAND2_X1                      6.377e-07 1.103e-06 1.001e-08 1.751e-06 ( 0.03%)     0.7980 
exp/U229                NAND2_X1                      6.369e-07 9.408e-07 1.001e-08 1.588e-06 ( 0.03%)     0.7980 
U61                     OR2_X1                        6.295e-07 2.008e-07 2.115e-08 8.514e-07 ( 0.01%)     1.0640 
exp/U310                NOR4_X1                       6.276e-07 3.212e-07 3.259e-08 9.814e-07 ( 0.02%)     1.3300 
exp/U367                INV_X1                        6.268e-07 1.060e-06 1.140e-08 1.699e-06 ( 0.03%)     0.5320 
exp/U77                 NAND2_X1                      6.139e-07 3.561e-06 1.750e-08 4.192e-06 ( 0.07%)     0.7980 
exp/U153                NAND2_X1                      6.119e-07 4.937e-07 9.248e-09 1.115e-06 ( 0.02%)     0.7980 
exp/U169                NOR4_X1                       6.089e-07 3.212e-07 3.261e-08 9.627e-07 ( 0.02%)     1.3300 
exp/U218                AND2_X1                       6.013e-07 4.762e-07 2.515e-08 1.103e-06 ( 0.02%)     1.0640 
exp/U363                NAND2_X1                      5.976e-07 5.882e-07 3.599e-08 1.222e-06 ( 0.02%)     0.7980 
exp/U394                NAND2_X1                      5.950e-07 1.329e-06 6.756e-09 1.931e-06 ( 0.03%)     0.7980 
exp/U398                INV_X1                        5.916e-07 1.237e-06 1.120e-08 1.840e-06 ( 0.03%)     0.5320 
exp/U449                NAND2_X1                      5.878e-07 3.471e-07 1.437e-08 9.493e-07 ( 0.02%)     0.7980 
exp/U295                INV_X1                        5.846e-07 4.703e-07 1.747e-08 1.072e-06 ( 0.02%)     0.5320 
exp/U83                 INV_X1                        5.695e-07 7.024e-07 1.103e-08 1.283e-06 ( 0.02%)     0.5320 
exp/U302                NAND4_X1                      5.628e-07 5.151e-07 2.085e-08 1.099e-06 ( 0.02%)     1.3300 
exp/U503                AOI211_X1                     5.560e-07 1.921e-07 3.934e-08 7.874e-07 ( 0.01%)     1.3300 
exp/U27                 OR2_X1                        5.552e-07 1.404e-06 2.256e-08 1.981e-06 ( 0.03%)     1.0640 
exp/U523                NAND2_X1                      5.506e-07 3.032e-07 1.396e-08 8.677e-07 ( 0.02%)     0.7980 
exp/U224                NAND4_X1                      5.460e-07 3.753e-07 1.714e-08 9.384e-07 ( 0.02%)     1.3300 
exp/U365                AND3_X1                       5.454e-07 1.550e-07 2.497e-08 7.254e-07 ( 0.01%)     1.3300 
U65                     OR2_X2                        5.452e-07 7.534e-07 4.671e-08 1.345e-06 ( 0.02%)     1.3300 
exp/U217                NAND2_X1                      5.429e-07 5.014e-07 1.370e-08 1.058e-06 ( 0.02%)     0.7980 
exp/U348                INV_X1                        5.417e-07 1.160e-06 1.759e-08 1.719e-06 ( 0.03%)     0.5320 
exp/U362                INV_X1                        5.275e-07 2.067e-06 1.104e-08 2.606e-06 ( 0.05%)     0.5320 
exp/U429                INV_X1                        4.984e-07 3.444e-07 1.787e-08 8.607e-07 ( 0.01%)     0.5320 
exp/U168                INV_X1                        4.950e-07 2.573e-06 1.099e-08 3.079e-06 ( 0.05%)     0.5320 
exp/U510                AND2_X1                       4.927e-07 2.217e-07 2.830e-08 7.427e-07 ( 0.01%)     1.0640 
exp/U526                INV_X1                        4.914e-07 6.123e-07 1.772e-08 1.121e-06 ( 0.02%)     0.5320 
exp/U460                INV_X1                        4.913e-07 9.817e-07 1.096e-08 1.484e-06 ( 0.03%)     0.5320 
exp/U475                INV_X1                        4.892e-07 5.755e-07 1.093e-08 1.076e-06 ( 0.02%)     0.5320 
exp/U312                INV_X1                        4.882e-07 1.922e-06 1.099e-08 2.421e-06 ( 0.04%)     0.5320 
exp/U242                OR2_X1                        4.833e-07 2.329e-07 2.241e-08 7.386e-07 ( 0.01%)     1.0640 
exp/U371                NAND2_X1                      4.744e-07 5.577e-07 1.555e-08 1.048e-06 ( 0.02%)     0.7980 
exp/U370                NAND2_X1                      4.667e-07 5.094e-07 1.027e-08 9.863e-07 ( 0.02%)     0.7980 
exp/U152                NAND2_X1                      4.652e-07 1.162e-06 1.422e-08 1.642e-06 ( 0.03%)     0.7980 
exp/U304                NAND2_X1                      4.633e-07 5.622e-07 1.422e-08 1.040e-06 ( 0.02%)     0.7980 
exp/U404                NAND2_X1                      4.629e-07 7.550e-07 1.400e-08 1.232e-06 ( 0.02%)     0.7980 
exp/U393                NAND2_X1                      4.616e-07 2.760e-07 1.412e-08 7.518e-07 ( 0.01%)     0.7980 
exp/U334                NAND2_X1                      4.539e-07 8.185e-07 1.346e-08 1.286e-06 ( 0.02%)     0.7980 
exp/U93                 AND3_X1                       4.440e-07 6.711e-07 2.191e-08 1.137e-06 ( 0.02%)     1.3300 
exp/U459                INV_X1                        4.273e-07 3.535e-07 1.793e-08 7.987e-07 ( 0.01%)     0.5320 
exp/U262                AOI21_X1                      4.044e-07 1.534e-07 3.996e-08 5.978e-07 ( 0.01%)     1.0640 
exp/U353                NAND2_X1                      3.979e-07 4.726e-07 8.934e-09 8.793e-07 ( 0.02%)     0.7980 
exp/U119                INV_X1                        3.766e-07 4.816e-07 1.797e-08 8.761e-07 ( 0.02%)     0.5320 
exp/U170                OR2_X1                        3.745e-07 1.701e-07 1.862e-08 5.632e-07 ( 0.01%)     1.0640 
exp/U329                NAND2_X1                      3.716e-07 8.971e-07 8.231e-09 1.277e-06 ( 0.02%)     0.7980 
exp/U457                OR2_X1                        3.655e-07 1.725e-07 2.138e-08 5.594e-07 ( 0.01%)     1.0640 
exp/U354                NAND2_X1                      3.647e-07 9.865e-07 8.216e-09 1.359e-06 ( 0.02%)     0.7980 
exp/U342                NAND2_X1                      3.571e-07 1.510e-06 1.079e-08 1.878e-06 ( 0.03%)     0.7980 
exp/U364                NAND2_X1                      3.541e-07 3.326e-07 1.391e-08 7.006e-07 ( 0.01%)     0.7980 
exp/U34                 BUF_X1                        3.490e-07 7.713e-07 1.938e-08 1.140e-06 ( 0.02%)     0.7980 
exp/U191                BUF_X1                        3.459e-07 6.460e-07 1.938e-08 1.011e-06 ( 0.02%)     0.7980 
exp/U403                NAND2_X1                      3.442e-07 1.836e-07 6.301e-09 5.341e-07 ( 0.01%)     0.7980 
exp/U270                INV_X1                        3.408e-07 1.610e-06 1.807e-08 1.969e-06 ( 0.03%)     0.5320 
exp/U472                NAND4_X1                      3.383e-07 1.869e-07 3.599e-08 5.612e-07 ( 0.01%)     1.3300 
exp/U194                NAND2_X1                      3.353e-07 7.036e-07 8.623e-09 1.048e-06 ( 0.02%)     0.7980 
exp/U309                NAND2_X1                      3.352e-07 6.875e-07 8.623e-09 1.031e-06 ( 0.02%)     0.7980 
exp/U259                NAND4_X1                      3.345e-07 8.615e-07 1.834e-08 1.214e-06 ( 0.02%)     1.3300 
exp/U163                NAND2_X1                      3.327e-07 5.801e-07 7.247e-09 9.200e-07 ( 0.02%)     0.7980 
exp/U358                NAND2_X1                      3.233e-07 2.715e-07 3.636e-08 6.312e-07 ( 0.01%)     0.7980 
exp/U463                NAND2_X1                      3.220e-07 1.739e-07 3.639e-08 5.323e-07 ( 0.01%)     0.7980 
exp/U445                NAND2_X1                      3.170e-07 2.777e-07 9.533e-09 6.042e-07 ( 0.01%)     0.7980 
exp/U35                 OR2_X1                        3.128e-07 3.659e-07 2.175e-08 7.004e-07 ( 0.01%)     1.0640 
exp/U336                AND3_X1                       3.127e-07 1.429e-07 2.543e-08 4.810e-07 ( 0.01%)     1.3300 
exp/U376                AND3_X1                       3.070e-07 2.175e-07 2.280e-08 5.474e-07 ( 0.01%)     1.3300 
exp/U427                NAND2_X1                      3.025e-07 5.443e-07 9.238e-09 8.560e-07 ( 0.01%)     0.7980 
exp/U402                NAND2_X1                      2.946e-07 1.538e-07 6.084e-09 4.545e-07 ( 0.01%)     0.7980 
exp/U357                OR2_X1                        2.918e-07 3.863e-07 2.030e-08 6.984e-07 ( 0.01%)     1.0640 
U159                    OR2_X1                        2.918e-07 1.283e-07 2.153e-08 4.416e-07 ( 0.01%)     1.0640 
U60                     NAND2_X1                      2.907e-07 4.525e-07 1.474e-08 7.579e-07 ( 0.01%)     0.7980 
exp/U247                AOI21_X1                      2.905e-07 5.728e-07 4.041e-08 9.036e-07 ( 0.02%)     1.0640 
exp/U94                 OR2_X1                        2.889e-07 8.892e-08 2.182e-08 3.997e-07 ( 0.01%)     1.0640 
exp/U307                INV_X1                        2.797e-07 1.501e-06 1.054e-08 1.791e-06 ( 0.03%)     0.5320 
exp/U344                NAND2_X1                      2.782e-07 2.471e-07 1.287e-08 5.382e-07 ( 0.01%)     0.7980 
U72                     INV_X1                        2.621e-07 1.229e-06 1.820e-08 1.509e-06 ( 0.03%)     0.5320 
exp/U410                INV_X1                        2.504e-07 3.088e-07 1.822e-08 5.773e-07 ( 0.01%)     0.5320 
exp/U328                NAND2_X1                      2.180e-07 6.104e-07 1.377e-08 8.422e-07 ( 0.01%)     0.7980 
exp/U223                INV_X1                        2.177e-07 2.803e-07 1.043e-08 5.084e-07 ( 0.01%)     0.5320 
exp/U392                NAND2_X1                      2.127e-07 1.157e-07 8.828e-09 3.373e-07 ( 0.01%)     0.7980 
exp/U48                 NAND2_X1                      2.096e-07 6.954e-07 8.308e-09 9.133e-07 ( 0.02%)     0.7980 
exp/U389                OR2_X1                        2.004e-07 6.276e-08 2.173e-08 2.849e-07 ( 0.00%)     1.0640 
exp/U177                NAND2_X1                      1.886e-07 4.692e-07 1.076e-08 6.686e-07 ( 0.01%)     0.7980 
exp/U76                 NAND2_X1                      1.879e-07 4.047e-07 1.076e-08 6.034e-07 ( 0.01%)     0.7980 
exp/U514                NAND2_X1                      1.876e-07 1.675e-07 1.386e-08 3.690e-07 ( 0.01%)     0.7980 
exp/U411                NAND2_X1                      1.850e-07 2.240e-07 1.505e-08 4.241e-07 ( 0.01%)     0.7980 
exp/U178                AND4_X1                       1.839e-07 1.190e-07 2.461e-08 3.275e-07 ( 0.01%)     1.5960 
exp/U200                NAND2_X1                      1.816e-07 7.324e-07 9.319e-09 9.233e-07 ( 0.02%)     0.7980 
exp/U147                AND3_X1                       1.777e-07 5.079e-08 2.290e-08 2.514e-07 ( 0.00%)     1.3300 
exp/U319                NAND2_X1                      1.752e-07 1.631e-07 9.319e-09 3.476e-07 ( 0.01%)     0.7980 
exp/U313                NAND2_X1                      1.734e-07 9.998e-08 1.297e-08 2.863e-07 ( 0.00%)     0.7980 
exp/U366                NAND2_X1                      1.724e-07 3.481e-07 2.423e-08 5.448e-07 ( 0.01%)     0.7980 
exp/U327                OR2_X1                        1.720e-07 8.175e-08 2.202e-08 2.758e-07 ( 0.00%)     1.0640 
exp/U232                NAND2_X1                      1.633e-07 8.684e-07 8.320e-09 1.040e-06 ( 0.02%)     0.7980 
exp/U454                OR3_X1                        1.613e-07 6.550e-08 2.362e-08 2.504e-07 ( 0.00%)     1.3300 
exp/U521                INV_X1                        1.600e-07 1.822e-07 1.030e-08 3.525e-07 ( 0.01%)     0.5320 
exp/U421                NAND2_X1                      1.574e-07 1.495e-07 3.676e-08 3.436e-07 ( 0.01%)     0.7980 
exp/U407                NAND2_X1                      1.555e-07 5.170e-07 9.216e-09 6.818e-07 ( 0.01%)     0.7980 
exp/U380                OR2_X1                        1.497e-07 4.752e-08 2.226e-08 2.195e-07 ( 0.00%)     1.0640 
U160                    AOI21_X1                      1.451e-07 4.793e-08 3.660e-08 2.296e-07 ( 0.00%)     1.0640 
U69                     AND2_X1                       1.406e-07 4.933e-08 2.069e-08 2.106e-07 ( 0.00%)     1.0640 
exp/U129                NAND4_X1                      1.395e-07 1.628e-07 1.167e-08 3.140e-07 ( 0.01%)     1.3300 
exp/U62                 OR2_X1                        1.358e-07 2.410e-07 2.239e-08 3.992e-07 ( 0.01%)     1.0640 
exp/U439                INV_X1                        1.341e-07 1.083e-07 1.841e-08 2.608e-07 ( 0.00%)     0.5320 
exp/U508                INV_X1                        1.339e-07 1.572e-07 1.843e-08 3.095e-07 ( 0.01%)     0.5320 
exp/U261                OR3_X1                        1.308e-07 5.462e-08 2.570e-08 2.111e-07 ( 0.00%)     1.3300 
exp/U517                INV_X1                        1.201e-07 1.427e-07 1.844e-08 2.812e-07 ( 0.00%)     0.5320 
exp/U141                NAND3_X1                      1.179e-07 7.979e-08 8.875e-09 2.066e-07 ( 0.00%)     1.0640 
exp/U378                OR2_X1                        1.109e-07 3.253e-08 2.296e-08 1.664e-07 ( 0.00%)     1.0640 
exp/U338                NAND2_X1                      1.045e-07 5.550e-08 4.394e-09 1.644e-07 ( 0.00%)     0.7980 
exp/U377                INV_X1                        1.018e-07 4.332e-07 1.024e-08 5.452e-07 ( 0.01%)     0.5320 
exp/U509                NAND3_X1                      9.708e-08 4.075e-08 1.722e-08 1.550e-07 ( 0.00%)     1.0640 
exp/U418                NOR2_X1                       9.566e-08 7.825e-08 2.338e-08 1.973e-07 ( 0.00%)     0.7980 
exp/U452                NOR2_X1                       9.013e-08 4.612e-08 2.342e-08 1.597e-07 ( 0.00%)     0.7980 
exp/U87                 OR2_X1                        8.189e-08 1.030e-07 2.364e-08 2.085e-07 ( 0.00%)     1.0640 
exp/U425                OR3_X1                        8.188e-08 3.671e-08 2.610e-08 1.447e-07 ( 0.00%)     1.3300 
exp/U199                OR2_X1                        8.003e-08 6.386e-08 2.364e-08 1.675e-07 ( 0.00%)     1.0640 
exp/U518                NAND2_X1                      7.336e-08 4.428e-08 1.238e-08 1.300e-07 ( 0.00%)     0.7980 
exp/U332                OR3_X1                        5.413e-08 2.101e-08 2.689e-08 1.020e-07 ( 0.00%)     1.3300 
exp/U225                OR2_X1                        4.023e-08 4.874e-08 2.414e-08 1.131e-07 ( 0.00%)     1.0640 
exp/U226                OR2_X1                        3.801e-08 1.114e-08 2.414e-08 7.329e-08 ( 0.00%)     1.0640 
exp/U254                OR2_X1                        3.706e-08 3.641e-08 2.402e-08 9.749e-08 ( 0.00%)     1.0640 
exp/U513                NOR2_X1                       3.479e-08 2.701e-08 2.134e-08 8.315e-08 ( 0.00%)     0.7980 
exp/U28                 INV_X1                        3.008e-08 3.675e-08 1.857e-08 8.540e-08 ( 0.00%)     0.5320 
exp/U271                OR2_X1                        2.995e-08 2.929e-08 2.424e-08 8.348e-08 ( 0.00%)     1.0640 
exp/U47                 INV_X1                        2.983e-08 3.675e-08 1.857e-08 8.514e-08 ( 0.00%)     0.5320 
exp/U26                 OR3_X2                        2.498e-08 1.326e-08 5.725e-08 9.549e-08 ( 0.00%)     1.5960 
exp/U320                OR3_X1                        2.371e-08 9.660e-09 2.779e-08 6.116e-08 ( 0.00%)     1.3300 
exp/U469                NAND2_X1                      1.794e-08 1.669e-08 1.270e-08 4.732e-08 ( 0.00%)     0.7980 
exp/U253                OR3_X1                        1.730e-08 4.714e-09 2.782e-08 4.984e-08 ( 0.00%)     1.3300 
exp/U381                NAND2_X1                      1.592e-08 1.454e-08 1.230e-08 4.275e-08 ( 0.00%)     0.7980 
exp/U388                INV_X1                        1.394e-08 4.785e-08 1.859e-08 8.038e-08 ( 0.00%)     0.5320 
exp/U24                 INV_X1                        1.372e-08 1.753e-08 1.012e-08 4.138e-08 ( 0.00%)     0.5320 
exp/U373                BUF_X1                        1.113e-08 1.530e-08 1.929e-08 4.571e-08 ( 0.00%)     0.7980 
exp/U179                OR2_X1                        1.061e-08 9.859e-09 1.967e-08 4.014e-08 ( 0.00%)     1.0640 
exp/U183                OR2_X1                        7.714e-09 5.965e-09 2.447e-08 3.814e-08 ( 0.00%)     1.0640 
exp/U467                OR2_X1                        6.876e-09 2.126e-09 2.448e-08 3.348e-08 ( 0.00%)     1.0640 
exp/U133                NOR2_X1                       5.143e-09 5.481e-09 1.937e-08 3.000e-08 ( 0.00%)     0.7980 
exp/U155                NOR2_X1                       4.298e-09 3.693e-09 2.908e-08 3.707e-08 ( 0.00%)     0.7980 
exp/U468                NAND2_X1                      4.417e-10 3.879e-10 3.530e-09 4.359e-09 ( 0.00%)     0.7980 
------------------------------------------------------------------------------------------------------------------------
Totals (815 cells)                                    2.881e-03 2.840e-03 3.742e-05 5.759e-03 (100.0%)  1.560e+03
1
