****************************************
Report : Averaged Power
	-net_power
	-sort_by net_switching_power
	-nosplit
Design : Rocket/bpu (BreakpointUnit)
Version: T-2022.03-SP3
Date   : Tue May 20 02:38:53 2025
****************************************



  Attributes
  ----------
      a  -  Switching activity information / Switching power information annotated on net
      p  -  Propagated switching activity information on net
      d  -  Default switching activity used on net
      u  -  Net switching activity uninitialized
      m  -  Net is driven by multiple pins
      b  -  Net is a primary input (boundary net)

		Toggle rates reported with respect to time unit 1ns
--------------------------------------------------------------------------------
                                  Total      Static   Toggle   Switching
Net                         Vdd   Net Load   Prob.    Rate     Power      Attrs
--------------------------------------------------------------------------------
io_pc[1]                    1.10    0.008    0.533    0.2698   1.350e-06  p
io_pc[25]                   1.10    0.008    0.493    0.2037   1.019e-06  p
io_pc[31]                   1.10    0.008    0.498    0.2028   1.015e-06  p
io_pc[12]                   1.10    0.008    0.501    0.2019   1.010e-06  p
io_pc[3]                    1.10    0.008    0.515    0.2014   1.007e-06  p
io_pc[24]                   1.10    0.008    0.503    0.2014   1.007e-06  p
io_pc[11]                   1.10    0.008    0.504    0.2013   1.007e-06  p
io_pc[23]                   1.10    0.008    0.488    0.2013   1.007e-06  p
io_pc[20]                   1.10    0.008    0.510    0.2006   1.004e-06  p
io_pc[14]                   1.10    0.008    0.509    0.2006   1.003e-06  p
io_pc[17]                   1.10    0.008    0.507    0.2004   1.002e-06  p
io_pc[19]                   1.10    0.008    0.510    0.1999   1.000e-06  p
io_pc[22]                   1.10    0.008    0.485    0.1998   9.994e-07  p
io_pc[15]                   1.10    0.008    0.497    0.1995   9.980e-07  p
io_pc[26]                   1.10    0.008    0.502    0.1991   9.961e-07  p
io_pc[10]                   1.10    0.008    0.494    0.1991   9.957e-07  p
io_pc[9]                    1.10    0.008    0.497    0.1989   9.949e-07  p
io_pc[13]                   1.10    0.008    0.503    0.1988   9.945e-07  p
io_pc[18]                   1.10    0.008    0.493    0.1987   9.939e-07  p
io_pc[29]                   1.10    0.008    0.506    0.1983   9.919e-07  p
io_pc[28]                   1.10    0.008    0.501    0.1980   9.904e-07  p
io_pc[21]                   1.10    0.008    0.505    0.1979   9.898e-07  p
io_pc[16]                   1.10    0.008    0.507    0.1977   9.888e-07  p
io_pc[2]                    1.10    0.008    0.505    0.1973   9.872e-07  p
io_pc[7]                    1.10    0.008    0.490    0.1969   9.847e-07  p
io_pc[30]                   1.10    0.008    0.502    0.1965   9.829e-07  p
io_pc[4]                    1.10    0.008    0.509    0.1960   9.807e-07  p
io_pc[5]                    1.10    0.008    0.496    0.1951   9.760e-07  p
io_pc[8]                    1.10    0.008    0.502    0.1949   9.750e-07  p
io_pc[6]                    1.10    0.008    0.506    0.1939   9.699e-07  p
io_pc[27]                   1.10    0.008    0.499    0.1910   9.552e-07  p
io_pc[0]                    1.10    0.007    0.494    0.2002   8.324e-07  p
io_ea[6]                    1.10    0.011    0.452    0.0749   5.116e-07  p
io_ea[5]                    1.10    0.011    0.443    0.0745   5.091e-07  p
io_ea[7]                    1.10    0.011    0.414    0.0732   4.999e-07  p
io_ea[1]                    1.10    0.010    0.498    0.0827   4.855e-07  p
io_ea[12]                   1.10    0.011    0.441    0.0704   4.807e-07  p
io_ea[9]                    1.10    0.011    0.392    0.0697   4.762e-07  p
io_ea[13]                   1.10    0.011    0.489    0.0692   4.726e-07  p
io_ea[10]                   1.10    0.011    0.425    0.0676   4.618e-07  p
io_ea[15]                   1.10    0.011    0.424    0.0672   4.590e-07  p
io_ea[14]                   1.10    0.011    0.416    0.0670   4.576e-07  p
io_ea[16]                   1.10    0.011    0.365    0.0668   4.562e-07  p
io_ea[11]                   1.10    0.011    0.413    0.0664   4.535e-07  p
io_ea[3]                    1.10    0.010    0.465    0.0769   4.518e-07  p
io_ea[4]                    1.10    0.010    0.451    0.0765   4.492e-07  p
io_ea[8]                    1.10    0.011    0.439    0.0704   4.479e-07  p
io_ea[21]                   1.10    0.011    0.375    0.0655   4.476e-07  p
io_ea[24]                   1.10    0.011    0.352    0.0645   4.407e-07  p
io_ea[20]                   1.10    0.011    0.364    0.0643   4.393e-07  p
io_ea[22]                   1.10    0.011    0.357    0.0639   4.365e-07  p
io_ea[19]                   1.10    0.011    0.352    0.0638   4.359e-07  p
io_ea[25]                   1.10    0.011    0.347    0.0637   4.354e-07  p
io_ea[29]                   1.10    0.011    0.352    0.0637   4.351e-07  p
io_ea[26]                   1.10    0.011    0.357    0.0636   4.348e-07  p
io_ea[27]                   1.10    0.011    0.370    0.0636   4.345e-07  p
io_ea[17]                   1.10    0.011    0.353    0.0635   4.337e-07  p
io_ea[2]                    1.10    0.010    0.449    0.0735   4.315e-07  p
io_ea[28]                   1.10    0.011    0.346    0.0629   4.301e-07  p
io_ea[23]                   1.10    0.011    0.332    0.0622   4.248e-07  p
io_ea[18]                   1.10    0.011    0.360    0.0621   4.245e-07  p
io_ea[30]                   1.10    0.011    0.352    0.0620   4.237e-07  p
_0236_                      1.10    0.003    0.467    0.2698   4.231e-07  p
io_status_debug             1.10    0.016    0.120    0.0437   4.193e-07  p
io_ea[31]                   1.10    0.011    0.339    0.0610   4.165e-07  p
_0203_                      1.10    0.003    0.509    0.2006   4.094e-07  p
_0180_                      1.10    0.003    0.493    0.1987   4.055e-07  p
_0186_                      1.10    0.003    0.507    0.1977   4.035e-07  p
_0218_                      1.10    0.003    0.246    0.1951   3.982e-07  p
_0121_                      1.10    0.003    0.501    0.1980   3.974e-07  p
_0136_                      1.10    0.003    0.247    0.1975   3.963e-07  p
io_ea[0]                    1.10    0.010    0.359    0.0674   3.956e-07  p
_0117_                      1.10    0.003    0.253    0.1963   3.939e-07  p
_0296_                      1.10    0.003    0.249    0.1920   3.918e-07  p
_0279_                      1.10    0.003    0.253    0.1906   3.824e-07  p
_0104_                      1.10    0.003    0.250    0.1903   3.819e-07  p
_0235_                      1.10    0.002    0.533    0.2698   3.281e-07  p
_0380_                      1.10    0.002    0.467    0.2698   3.281e-07  p
_0382_                      1.10    0.002    0.533    0.2698   3.281e-07  p
_0249_                      1.10    0.003    0.485    0.2014   3.226e-07  p
_0170_                      1.10    0.003    0.261    0.2006   3.145e-07  p
_0174_                      1.10    0.003    0.490    0.1999   3.134e-07  p
_0124_                      1.10    0.003    0.494    0.1983   3.109e-07  p
_0247_                      1.10    0.003    0.495    0.1973   3.094e-07  p
_0223_                      1.10    0.003    0.510    0.1969   3.087e-07  p
_0143_                      1.10    0.003    0.253    0.1963   3.078e-07  p
_0156_                      1.10    0.003    0.490    0.2006   3.077e-07  p
_0190_                      1.10    0.003    0.493    0.2004   3.073e-07  p
_0199_                      1.10    0.003    0.503    0.1995   3.060e-07  p
_0151_                      1.10    0.003    0.495    0.1979   3.035e-07  p
_0230_                      1.10    0.003    0.491    0.1960   3.007e-07  p
_0268_                      1.10    0.003    0.248    0.1911   2.997e-07  p
_0146_                      1.10    0.003    0.250    0.1903   2.984e-07  p
_0183_                      1.10    0.003    0.248    0.1932   2.964e-07  p
_0211_                      1.10    0.003    0.246    0.1932   2.963e-07  p
_0131_                      1.10    0.003    0.248    0.1919   2.944e-07  p
_0286_                      1.10    0.003    0.253    0.1906   2.923e-07  p
_0385_                      1.10    0.002    0.233    0.2211   2.689e-07  p
_0387_                      1.10    0.002    0.767    0.2211   2.689e-07  p
_0132_                      1.10    0.002    0.493    0.2037   2.477e-07  p
_0113_                      1.10    0.002    0.498    0.2028   2.467e-07  p
_0216_                      1.10    0.002    0.501    0.2019   2.456e-07  p
_0329_                      1.10    0.002    0.232    0.2018   2.454e-07  p
_0134_                      1.10    0.002    0.503    0.2014   2.449e-07  p
_0248_                      1.10    0.002    0.515    0.2014   2.449e-07  p
_0389_                      1.10    0.002    0.485    0.2014   2.449e-07  p
_0391_                      1.10    0.002    0.515    0.2014   2.449e-07  p
_0166_                      1.10    0.002    0.488    0.2013   2.448e-07  p
_0275_                      1.10    0.002    0.504    0.2013   2.448e-07  p
_0155_                      1.10    0.002    0.510    0.2006   2.440e-07  p
_0314_                      1.10    0.002    0.509    0.2006   2.439e-07  p
_0189_                      1.10    0.002    0.507    0.2004   2.436e-07  p
_0396_                      1.10    0.002    0.494    0.2002   2.434e-07  p
_0398_                      1.10    0.002    0.506    0.2002   2.434e-07  p
_0400_                      1.10    0.002    0.494    0.2002   2.434e-07  p
_0338_                      1.10    0.002    0.248    0.2001   2.433e-07  p
_0173_                      1.10    0.002    0.510    0.1999   2.431e-07  p
_0168_                      1.10    0.002    0.485    0.1998   2.429e-07  p
_0198_                      1.10    0.002    0.497    0.1995   2.426e-07  p
_0102_                      1.10    0.002    0.502    0.1991   2.422e-07  p
_0277_                      1.10    0.002    0.494    0.1991   2.421e-07  p
_0292_                      1.10    0.002    0.497    0.1989   2.419e-07  p
_0214_                      1.10    0.002    0.503    0.1988   2.418e-07  p
_0347_                      1.10    0.002    0.493    0.1987   2.416e-07  p
_0123_                      1.10    0.002    0.506    0.1983   2.411e-07  p
_0331_                      1.10    0.002    0.501    0.1980   2.408e-07  p
_0150_                      1.10    0.002    0.505    0.1979   2.406e-07  p
_0341_                      1.10    0.002    0.507    0.1977   2.404e-07  p
_0246_                      1.10    0.002    0.505    0.1973   2.400e-07  p
_0222_                      1.10    0.002    0.490    0.1969   2.394e-07  p
_0115_                      1.10    0.002    0.502    0.1965   2.389e-07  p
_0336_                      1.10    0.002    0.747    0.1963   2.387e-07  p
_0229_                      1.10    0.002    0.509    0.1960   2.384e-07  p
_0266_                      1.10    0.002    0.496    0.1951   2.373e-07  p
_0294_                      1.10    0.002    0.502    0.1949   2.370e-07  p
_0264_                      1.10    0.002    0.506    0.1939   2.358e-07  p
_0100_                      1.10    0.002    0.499    0.1910   2.322e-07  p
_0345_                      1.10    0.002    0.185    0.1909   2.321e-07  p
_0302_                      1.10    0.002    0.747    0.1906   2.317e-07  p
_0322_                      1.10    0.002    0.750    0.1903   2.314e-07  p
_0343_                      1.10    0.002    0.243    0.1885   2.292e-07  p
_0312_                      1.10    0.002    0.183    0.1876   2.282e-07  p
_0325_                      1.10    0.002    0.187    0.1858   2.259e-07  p
_0305_                      1.10    0.002    0.188    0.1853   2.254e-07  p
_0381_                      1.10    0.001    0.533    0.2698   2.097e-07  p
_0035_                      1.10    0.001    0.467    0.2698   2.004e-07  p
_0383_                      1.10    0.001    0.467    0.2698   2.004e-07  p
_0386_                      1.10    0.001    0.767    0.2211   1.718e-07  p
_0388_                      1.10    0.001    0.233    0.2211   1.643e-07  p
_0217_                      1.10    0.001    0.499    0.2019   1.569e-07  p
_0135_                      1.10    0.001    0.497    0.2014   1.565e-07  p
_0390_                      1.10    0.001    0.515    0.2014   1.565e-07  p
_0392_                      1.10    0.001    0.485    0.2014   1.565e-07  p
_0159_                      1.10    0.001    0.490    0.2006   1.559e-07  p
_0171_                      1.10    0.001    0.261    0.2006   1.558e-07  p
_0209_                      1.10    0.001    0.491    0.2006   1.558e-07  p
_0315_                      1.10    0.001    0.491    0.2006   1.558e-07  p
_0193_                      1.10    0.001    0.493    0.2004   1.557e-07  p
_0397_                      1.10    0.001    0.506    0.2002   1.556e-07  p
_0399_                      1.10    0.001    0.494    0.2002   1.556e-07  p
_0339_                      1.10    0.001    0.752    0.2001   1.555e-07  p
_0169_                      1.10    0.001    0.515    0.1998   1.552e-07  p
_0103_                      1.10    0.001    0.498    0.1991   1.547e-07  p
_0278_                      1.10    0.001    0.506    0.1991   1.547e-07  p
_0181_                      1.10    0.001    0.507    0.1987   1.544e-07  p
_0182_                      1.10    0.001    0.507    0.1987   1.544e-07  p
_0332_                      1.10    0.001    0.499    0.1980   1.539e-07  p
_0187_                      1.10    0.001    0.493    0.1977   1.536e-07  p
_0342_                      1.10    0.001    0.493    0.1977   1.536e-07  p
_0137_                      1.10    0.001    0.753    0.1975   1.534e-07  p
_0324_                      1.10    0.001    0.753    0.1975   1.534e-07  p
_0384_                      1.10    0.001    0.495    0.1973   1.533e-07  p
_0402_                      1.10    0.001    0.510    0.1969   1.530e-07  p
_0116_                      1.10    0.001    0.498    0.1965   1.527e-07  p
_0267_                      1.10    0.001    0.504    0.1951   1.516e-07  p
_0219_                      1.10    0.001    0.754    0.1951   1.516e-07  p
_0220_                      1.10    0.001    0.246    0.1951   1.516e-07  p
_0295_                      1.10    0.001    0.498    0.1949   1.515e-07  p
_0059_                      1.10    0.001    0.507    0.2037   1.513e-07  p
_0133_                      1.10    0.001    0.507    0.2037   1.513e-07  p
_0065_                      1.10    0.001    0.502    0.2028   1.507e-07  p
_0114_                      1.10    0.001    0.502    0.2028   1.507e-07  p
_0210_                      1.10    0.001    0.246    0.1932   1.501e-07  p
_0316_                      1.10    0.001    0.246    0.1932   1.501e-07  p
_0046_                      1.10    0.001    0.499    0.2019   1.500e-07  p
_0330_                      1.10    0.001    0.768    0.2018   1.499e-07  p
_0403_                      1.10    0.001    0.251    0.1927   1.498e-07  p
_0037_                      1.10    0.001    0.485    0.2014   1.496e-07  p
_0058_                      1.10    0.001    0.497    0.2014   1.496e-07  p
_0045_                      1.10    0.001    0.496    0.2013   1.496e-07  p
_0057_                      1.10    0.001    0.512    0.2013   1.496e-07  p
_0167_                      1.10    0.001    0.512    0.2013   1.496e-07  p
_0276_                      1.10    0.001    0.496    0.2013   1.496e-07  p
_0297_                      1.10    0.001    0.751    0.1920   1.492e-07  p
_0298_                      1.10    0.001    0.249    0.1920   1.492e-07  p
_0333_                      1.10    0.001    0.248    0.1919   1.491e-07  p
_0054_                      1.10    0.001    0.490    0.2006   1.491e-07  p
_0048_                      1.10    0.001    0.491    0.2006   1.490e-07  p
_0204_                      1.10    0.001    0.491    0.2006   1.490e-07  p
_0051_                      1.10    0.001    0.493    0.2004   1.488e-07  p
_0034_                      1.10    0.001    0.506    0.2002   1.487e-07  p
_0401_                      1.10    0.001    0.506    0.2002   1.487e-07  p
_0250_                      1.10    0.001    0.240    0.1912   1.486e-07  p
_0053_                      1.10    0.001    0.490    0.1999   1.485e-07  p
_0177_                      1.10    0.001    0.490    0.1999   1.485e-07  p
_0056_                      1.10    0.001    0.515    0.1998   1.484e-07  p
_0049_                      1.10    0.001    0.503    0.1995   1.482e-07  p
_0202_                      1.10    0.001    0.503    0.1995   1.482e-07  p
_0060_                      1.10    0.001    0.498    0.1991   1.479e-07  p
_0147_                      1.10    0.001    0.250    0.1903   1.479e-07  p
_0044_                      1.10    0.001    0.506    0.1991   1.479e-07  p
_0043_                      1.10    0.001    0.503    0.1989   1.478e-07  p
_0293_                      1.10    0.001    0.503    0.1989   1.478e-07  p
_0047_                      1.10    0.001    0.497    0.1988   1.477e-07  p
_0215_                      1.10    0.001    0.497    0.1988   1.477e-07  p
_0052_                      1.10    0.001    0.507    0.1987   1.476e-07  p
_0348_                      1.10    0.001    0.507    0.1987   1.476e-07  p
_0063_                      1.10    0.001    0.494    0.1983   1.473e-07  p
_0062_                      1.10    0.001    0.499    0.1980   1.471e-07  p
_0122_                      1.10    0.001    0.499    0.1980   1.471e-07  p
_0055_                      1.10    0.001    0.495    0.1979   1.470e-07  p
_0154_                      1.10    0.001    0.495    0.1979   1.470e-07  p
_0050_                      1.10    0.001    0.493    0.1977   1.468e-07  p
_0188_                      1.10    0.001    0.493    0.1977   1.468e-07  p
_0036_                      1.10    0.001    0.495    0.1973   1.466e-07  p
_0194_                      1.10    0.001    0.243    0.1885   1.465e-07  p
_0344_                      1.10    0.001    0.757    0.1885   1.465e-07  p
_0041_                      1.10    0.001    0.510    0.1969   1.462e-07  p
_0064_                      1.10    0.001    0.498    0.1965   1.460e-07  p
_0118_                      1.10    0.001    0.747    0.1963   1.458e-07  p
_0337_                      1.10    0.001    0.253    0.1963   1.458e-07  p
_0038_                      1.10    0.001    0.491    0.1960   1.456e-07  p
_0349_                      1.10    0.001    0.240    0.1873   1.455e-07  p
_0039_                      1.10    0.001    0.504    0.1951   1.449e-07  p
_0042_                      1.10    0.001    0.498    0.1949   1.448e-07  p
_0326_                      1.10    0.001    0.813    0.1858   1.443e-07  p
_0040_                      1.10    0.001    0.494    0.1939   1.440e-07  p
_0265_                      1.10    0.001    0.494    0.1939   1.440e-07  p
_0304_                      1.10    0.001    0.188    0.1853   1.440e-07  p
_0306_                      1.10    0.001    0.812    0.1853   1.440e-07  p
_0221_                      1.10    0.003    0.063    0.0939   1.440e-07  p
_0553_                      1.10    0.003    0.439    0.0704   1.438e-07  p
_0125_                      1.10    0.001    0.248    0.1919   1.426e-07  p
_0395_                      1.10    0.001    0.248    0.1911   1.420e-07  p
_0061_                      1.10    0.001    0.501    0.1910   1.419e-07  p
_0101_                      1.10    0.001    0.501    0.1910   1.419e-07  p
_0346_                      1.10    0.001    0.815    0.1909   1.418e-07  p
_0299_                      1.10    0.003    0.065    0.0904   1.418e-07  p
_0280_                      1.10    0.001    0.747    0.1906   1.416e-07  p
_0303_                      1.10    0.001    0.253    0.1906   1.416e-07  p
_0105_                      1.10    0.001    0.750    0.1903   1.414e-07  p
_0323_                      1.10    0.001    0.250    0.1903   1.414e-07  p
_0160_                      1.10    0.001    0.245    0.1903   1.413e-07  p
_0313_                      1.10    0.001    0.817    0.1876   1.394e-07  p
_0542_                      1.10    0.003    0.425    0.0675   1.379e-07  p
_0451_                      1.10    0.003    0.352    0.0644   1.315e-07  p
_0445_                      1.10    0.003    0.357    0.0636   1.298e-07  p
_0576_                      1.10    0.003    0.502    0.0826   1.268e-07  p
_0490_                      1.10    0.003    0.476    0.0628   1.260e-07  p
_0482_                      1.10    0.003    0.468    0.0616   1.258e-07  p
_0589_                      1.10    0.003    0.535    0.0769   1.206e-07  p
_0572_                      1.10    0.003    0.549    0.0765   1.199e-07  p
_0591_                      1.10    0.003    0.551    0.0734   1.177e-07  p
_0327_                      1.10    0.002    0.063    0.0950   1.155e-07  p
_0310_                      1.10    0.002    0.063    0.0939   1.142e-07  p
_0560_                      1.10    0.003    0.586    0.0731   1.121e-07  p
_0393_                      1.10    0.001    0.114    0.1485   1.103e-07  p
_0300_                      1.10    0.002    0.065    0.0904   1.099e-07  p
_0404_                      1.10    0.001    0.129    0.1410   1.095e-07  p
_0520_                      1.10    0.003    0.609    0.0697   1.092e-07  p
_0350_                      1.10    0.001    0.123    0.1391   1.081e-07  p
_0001_                      1.10    0.004    0.880    0.0437   1.030e-07  p
_0457_                      1.10    0.003    0.648    0.0636   1.019e-07  p
_0536_                      1.10    0.003    0.587    0.0663   1.017e-07  p
_0466_                      1.10    0.003    0.484    0.0660   1.013e-07  p
_0575_                      1.10    0.002    0.498    0.0826   1.005e-07  p
_0707_                      1.10    0.002    0.502    0.0826   1.005e-07  p
_0709_                      1.10    0.002    0.498    0.0826   1.005e-07  p
_0474_                      1.10    0.003    0.625    0.0655   1.005e-07  p
_0418_                      1.10    0.003    0.653    0.0637   9.991e-08  p
_0570_                      1.10    0.003    0.336    0.0647   9.923e-08  p
_0434_                      1.10    0.003    0.654    0.0629   9.870e-08  p
_0439_                      1.10    0.003    0.630    0.0635   9.742e-08  p
_0497_                      1.10    0.003    0.476    0.0628   9.630e-08  p
_0477_                      1.10    0.003    0.473    0.0626   9.605e-08  p
_0448_                      1.10    0.003    0.466    0.0625   9.580e-08  p
_0421_                      1.10    0.003    0.649    0.0620   9.505e-08  p
_0527_                      1.10    0.003    0.360    0.0620   9.505e-08  p
_0588_                      1.10    0.002    0.465    0.0769   9.352e-08  p
_0689_                      1.10    0.002    0.535    0.0769   9.352e-08  p
_0691_                      1.10    0.002    0.465    0.0769   9.352e-08  p
_0432_                      1.10    0.003    0.661    0.0610   9.349e-08  p
_0532_                      1.10    0.003    0.317    0.0596   9.340e-08  p
_0545_                      1.10    0.003    0.374    0.0609   9.336e-08  p
_0571_                      1.10    0.002    0.451    0.0765   9.297e-08  p
_0566_                      1.10    0.002    0.452    0.0748   9.099e-08  p
_0568_                      1.10    0.002    0.443    0.0745   9.055e-08  p
_0590_                      1.10    0.002    0.449    0.0734   8.931e-08  p
_0559_                      1.10    0.002    0.414    0.0731   8.892e-08  p
_0614_                      1.10    0.002    0.439    0.0704   8.565e-08  p
_0530_                      1.10    0.002    0.441    0.0704   8.555e-08  p
_0519_                      1.10    0.002    0.391    0.0697   8.471e-08  p
_0528_                      1.10    0.002    0.488    0.0691   8.407e-08  p
_0620_                      1.10    0.002    0.425    0.0675   8.214e-08  p
_0693_                      1.10    0.002    0.359    0.0674   8.194e-08  p
_0695_                      1.10    0.002    0.641    0.0674   8.194e-08  p
_0697_                      1.10    0.002    0.359    0.0674   8.194e-08  p
_0523_                      1.10    0.002    0.424    0.0671   8.164e-08  p
_0525_                      1.10    0.002    0.416    0.0669   8.135e-08  p
_0712_                      1.10    0.002    0.312    0.0669   8.130e-08  p
_0714_                      1.10    0.002    0.688    0.0669   8.130e-08  p
_0480_                      1.10    0.002    0.365    0.0667   8.110e-08  p
_0535_                      1.10    0.002    0.413    0.0663   8.065e-08  p
_0473_                      1.10    0.002    0.375    0.0655   7.966e-08  p
_0616_                      1.10    0.002    0.374    0.0650   7.902e-08  p
_0640_                      1.10    0.002    0.352    0.0644   7.833e-08  p
_0475_                      1.10    0.002    0.363    0.0642   7.808e-08  p
_0464_                      1.10    0.002    0.356    0.0638   7.763e-08  p
_0486_                      1.10    0.002    0.351    0.0638   7.759e-08  p
_0417_                      1.10    0.002    0.347    0.0637   7.749e-08  p
_0456_                      1.10    0.002    0.352    0.0636   7.734e-08  p
_0646_                      1.10    0.002    0.357    0.0636   7.734e-08  p
_0438_                      1.10    0.002    0.370    0.0635   7.724e-08  p
_0478_                      1.10    0.002    0.352    0.0634   7.714e-08  p
_0433_                      1.10    0.002    0.346    0.0629   7.655e-08  p
_0663_                      1.10    0.002    0.524    0.0628   7.635e-08  p
_0642_                      1.10    0.002    0.484    0.0627   7.620e-08  p
_0462_                      1.10    0.002    0.332    0.0621   7.556e-08  p
_0488_                      1.10    0.002    0.360    0.0621   7.556e-08  p
_0420_                      1.10    0.002    0.351    0.0620   7.536e-08  p
_0431_                      1.10    0.002    0.339    0.0610   7.412e-08  p
_0328_                      1.10    0.001    0.937    0.0950   7.380e-08  p
_0317_                      1.10    0.001    0.063    0.0939   7.294e-08  p
_0195_                      1.10    0.001    0.063    0.0918   7.133e-08  p
_0307_                      1.10    0.001    0.065    0.0904   7.026e-08  p
_0172_                      1.10    0.001    0.067    0.0940   6.980e-08  p
_0311_                      1.10    0.001    0.937    0.0939   6.973e-08  p
_0144_                      1.10    0.001    0.065    0.0932   6.925e-08  p
_0148_                      1.10    0.001    0.063    0.0876   6.807e-08  p
_0301_                      1.10    0.001    0.935    0.0904   6.717e-08  p
_0351_                      1.10    0.002    0.032    0.0550   6.685e-08  p
_0353_                      1.10    0.002    0.968    0.0550   6.685e-08  p
_0708_                      1.10    0.001    0.498    0.0826   6.422e-08  p
_0003_                      1.10    0.001    0.502    0.0826   6.139e-08  p
_0710_                      1.10    0.001    0.502    0.0826   6.139e-08  p
_0690_                      1.10    0.001    0.465    0.0769   5.976e-08  p
_0569_                      1.10    0.001    0.557    0.0745   5.786e-08  p
_0005_                      1.10    0.001    0.535    0.0769   5.713e-08  p
_0692_                      1.10    0.001    0.535    0.0769   5.713e-08  p
_0711_                      1.10    0.001    0.551    0.0734   5.707e-08  p
_0006_                      1.10    0.001    0.549    0.0765   5.680e-08  p
_0008_                      1.10    0.001    0.548    0.0748   5.559e-08  p
_0567_                      1.10    0.001    0.548    0.0748   5.559e-08  p
_0007_                      1.10    0.001    0.557    0.0745   5.532e-08  p
_0554_                      1.10    0.001    0.561    0.0704   5.473e-08  p
_0555_                      1.10    0.001    0.561    0.0704   5.473e-08  p
_0556_                      1.10    0.001    0.561    0.0704   5.473e-08  p
_0615_                      1.10    0.001    0.561    0.0704   5.473e-08  p
_0531_                      1.10    0.001    0.559    0.0704   5.467e-08  p
_0004_                      1.10    0.001    0.551    0.0734   5.456e-08  p
_0461_                      1.10    0.003    0.318    0.0356   5.455e-08  p
_0009_                      1.10    0.001    0.586    0.0731   5.432e-08  p
_0521_                      1.10    0.001    0.609    0.0697   5.413e-08  p
_0618_                      1.10    0.002    0.161    0.0439   5.344e-08  p
_0543_                      1.10    0.001    0.575    0.0675   5.249e-08  p
_0544_                      1.10    0.001    0.575    0.0675   5.249e-08  p
_0621_                      1.10    0.001    0.575    0.0675   5.249e-08  p
_0694_                      1.10    0.001    0.641    0.0674   5.236e-08  p
_0696_                      1.10    0.001    0.359    0.0674   5.236e-08  p
_0010_                      1.10    0.001    0.561    0.0704   5.232e-08  p
_0014_                      1.10    0.001    0.559    0.0704   5.226e-08  p
_0526_                      1.10    0.001    0.584    0.0669   5.198e-08  p
_0713_                      1.10    0.001    0.688    0.0669   5.195e-08  p
_0715_                      1.10    0.001    0.312    0.0669   5.195e-08  p
_0481_                      1.10    0.001    0.635    0.0667   5.182e-08  p
_0704_                      1.10    0.001    0.355    0.0667   5.182e-08  p
_0011_                      1.10    0.001    0.609    0.0697   5.175e-08  p
_0522_                      1.10    0.001    0.609    0.0697   5.175e-08  p
_0015_                      1.10    0.001    0.512    0.0691   5.136e-08  p
_0529_                      1.10    0.001    0.512    0.0691   5.136e-08  p
_0650_                      1.10    0.002    0.338    0.0417   5.067e-08  p
_0653_                      1.10    0.002    0.662    0.0417   5.067e-08  p
_0617_                      1.10    0.001    0.626    0.0650   5.049e-08  p
_0511_                      1.10    0.003    0.308    0.0329   5.043e-08  p
_0699_                      1.10    0.001    0.336    0.0647   5.027e-08  p
_0648_                      1.10    0.001    0.480    0.0647   5.024e-08  p
_0012_                      1.10    0.001    0.575    0.0675   5.018e-08  p
_0002_                      1.10    0.001    0.641    0.0674   5.006e-08  p
_0698_                      1.10    0.001    0.641    0.0674   5.006e-08  p
_0452_                      1.10    0.001    0.648    0.0644   5.005e-08  p
_0641_                      1.10    0.001    0.648    0.0644   5.005e-08  p
_0476_                      1.10    0.001    0.637    0.0642   4.989e-08  p
_0017_                      1.10    0.001    0.576    0.0671   4.988e-08  p
_0524_                      1.10    0.001    0.576    0.0671   4.988e-08  p
_0016_                      1.10    0.001    0.584    0.0669   4.969e-08  p
_0465_                      1.10    0.001    0.644    0.0638   4.961e-08  p
_0018_                      1.10    0.001    0.635    0.0667   4.954e-08  p
_0701_                      1.10    0.001    0.355    0.0667   4.954e-08  p
_0446_                      1.10    0.001    0.643    0.0636   4.942e-08  p
_0447_                      1.10    0.001    0.643    0.0636   4.942e-08  p
_0458_                      1.10    0.001    0.648    0.0636   4.942e-08  p
_0647_                      1.10    0.001    0.643    0.0636   4.942e-08  p
_0013_                      1.10    0.001    0.587    0.0663   4.927e-08  p
_0539_                      1.10    0.001    0.587    0.0663   4.927e-08  p
_0459_                      1.10    0.001    0.495    0.0632   4.913e-08  p
_0472_                      1.10    0.001    0.484    0.0660   4.906e-08  p
_0592_                      1.10    0.001    0.327    0.0631   4.901e-08  p
_0435_                      1.10    0.001    0.497    0.0630   4.894e-08  p
_0436_                      1.10    0.001    0.497    0.0630   4.894e-08  p
_0678_                      1.10    0.001    0.650    0.0629   4.888e-08  p
_0509_                      1.10    0.001    0.476    0.0628   4.879e-08  p
_0664_                      1.10    0.001    0.476    0.0628   4.879e-08  p
_0643_                      1.10    0.001    0.516    0.0627   4.869e-08  p
_0023_                      1.10    0.001    0.625    0.0655   4.867e-08  p
_0489_                      1.10    0.001    0.640    0.0621   4.828e-08  p
_0655_                      1.10    0.001    0.491    0.0621   4.828e-08  p
_0424_                      1.10    0.001    0.649    0.0620   4.815e-08  p
_0660_                      1.10    0.001    0.532    0.0616   4.790e-08  p
_0026_                      1.10    0.001    0.648    0.0644   4.785e-08  p
_0453_                      1.10    0.001    0.648    0.0644   4.785e-08  p
_0022_                      1.10    0.001    0.637    0.0642   4.770e-08  p
_0024_                      1.10    0.001    0.644    0.0638   4.743e-08  p
_0623_                      1.10    0.002    0.213    0.0390   4.740e-08  p
_0625_                      1.10    0.002    0.787    0.0390   4.740e-08  p
_0021_                      1.10    0.001    0.649    0.0638   4.740e-08  p
_0487_                      1.10    0.001    0.649    0.0638   4.740e-08  p
_0027_                      1.10    0.001    0.653    0.0637   4.734e-08  p
_0419_                      1.10    0.001    0.653    0.0637   4.734e-08  p
_0622_                      1.10    0.001    0.374    0.0609   4.730e-08  p
_0028_                      1.10    0.001    0.643    0.0636   4.725e-08  p
_0031_                      1.10    0.001    0.648    0.0636   4.725e-08  p
_0029_                      1.10    0.001    0.630    0.0635   4.719e-08  p
_0442_                      1.10    0.001    0.630    0.0635   4.719e-08  p
_0019_                      1.10    0.001    0.648    0.0634   4.712e-08  p
_0479_                      1.10    0.001    0.648    0.0634   4.712e-08  p
_0030_                      1.10    0.001    0.654    0.0629   4.676e-08  p
_0491_                      1.10    0.001    0.524    0.0628   4.664e-08  p
_0425_                      1.10    0.001    0.482    0.0623   4.631e-08  p
_0020_                      1.10    0.001    0.640    0.0621   4.616e-08  p
_0025_                      1.10    0.001    0.668    0.0621   4.616e-08  p
_0463_                      1.10    0.001    0.668    0.0621   4.616e-08  p
_0032_                      1.10    0.001    0.649    0.0620   4.604e-08  p
_0483_                      1.10    0.001    0.532    0.0616   4.579e-08  p
_0666_                      1.10    0.002    0.321    0.0373   4.532e-08  p
_0671_                      1.10    0.002    0.679    0.0373   4.532e-08  p
_0033_                      1.10    0.001    0.661    0.0610   4.528e-08  p
_0661_                      1.10    0.002    0.123    0.0367   4.468e-08  p
_0656_                      1.10    0.002    0.322    0.0362   4.404e-08  p
_0658_                      1.10    0.002    0.678    0.0362   4.404e-08  p
_0405_                      1.10    0.001    0.033    0.0566   4.395e-08  p
_0644_                      1.10    0.002    0.109    0.0354   4.310e-08  p
_0352_                      1.10    0.001    0.968    0.0550   4.272e-08  p
_0354_                      1.10    0.001    0.032    0.0550   4.272e-08  p
_0673_                      1.10    0.002    0.312    0.0348   4.236e-08  p
_0649_                      1.10    0.001    0.394    0.0532   4.136e-08  p
_0638_                      1.10    0.002    0.308    0.0329   3.998e-08  p
_0334_                      1.10    0.002    0.016    0.0321   3.899e-08  p
_0355_                      1.10    0.002    0.017    0.0317   3.859e-08  p
_0357_                      1.10    0.002    0.983    0.0317   3.859e-08  p
_0557_                      1.10    0.001    0.260    0.0480   3.728e-08  p
_0665_                      1.10    0.001    0.354    0.0467   3.630e-08  p
_0558_                      1.10    0.003    0.132    0.0235   3.607e-08  p
_0460_                      1.10    0.001    0.356    0.0462   3.592e-08  p
_0627_                      1.10    0.002    0.150    0.0292   3.548e-08  p
_0630_                      1.10    0.002    0.850    0.0292   3.548e-08  p
_0700_                      1.10    0.001    0.243    0.0475   3.531e-08  p
_0705_                      1.10    0.001    0.227    0.0451   3.506e-08  p
_0484_                      1.10    0.001    0.349    0.0448   3.484e-08  p
_0437_                      1.10    0.001    0.366    0.0452   3.355e-08  p
_0619_                      1.10    0.001    0.839    0.0439   3.265e-08  p
_0651_                      1.10    0.001    0.662    0.0417   3.095e-08  p
_0654_                      1.10    0.001    0.338    0.0417   3.095e-08  p
_0624_                      1.10    0.001    0.787    0.0390   3.029e-08  p
_0626_                      1.10    0.001    0.213    0.0390   3.029e-08  p
_0672_                      1.10    0.001    0.321    0.0373   2.896e-08  p
_0612_                      1.10    0.002    0.132    0.0235   2.860e-08  p
_0632_                      1.10    0.002    0.132    0.0235   2.860e-08  p
_0634_                      1.10    0.002    0.868    0.0235   2.860e-08  p
_0657_                      1.10    0.001    0.678    0.0362   2.814e-08  p
_0533_                      1.10    0.001    0.183    0.0357   2.773e-08  p
_0667_                      1.10    0.001    0.679    0.0373   2.769e-08  p
_0675_                      1.10    0.001    0.318    0.0356   2.763e-08  p
_0485_                      1.10    0.001    0.319    0.0371   2.757e-08  p
_0662_                      1.10    0.001    0.877    0.0367   2.730e-08  p
_0510_                      1.10    0.001    0.312    0.0348   2.707e-08  p
_0659_                      1.10    0.001    0.322    0.0362   2.690e-08  p
_0645_                      1.10    0.001    0.891    0.0354   2.633e-08  p
_0674_                      1.10    0.001    0.688    0.0348   2.587e-08  p
_0679_                      1.10    0.001    0.308    0.0329   2.555e-08  p
_0335_                      1.10    0.001    0.984    0.0321   2.491e-08  p
_0356_                      1.10    0.001    0.983    0.0317   2.466e-08  p
_0358_                      1.10    0.001    0.017    0.0317   2.466e-08  p
_0639_                      1.10    0.001    0.692    0.0329   2.442e-08  p
_0631_                      1.10    0.001    0.150    0.0292   2.267e-08  p
_0534_                      1.10    0.001    0.160    0.0300   2.228e-08  p
_0628_                      1.10    0.001    0.850    0.0292   2.167e-08  p
_0717_                      1.10    0.001    0.147    0.0245   1.900e-08  p
_0633_                      1.10    0.001    0.868    0.0235   1.828e-08  p
_0635_                      1.10    0.001    0.132    0.0235   1.828e-08  p
_0613_                      1.10    0.001    0.868    0.0235   1.747e-08  p
_0149_                      1.10    0.003    0.005    0.0101   1.548e-08  p
_0359_                      1.10    0.002    0.006    0.0126   1.534e-08  p
_0721_                      1.10    0.003    0.084    0.0099   1.523e-08  p
_0706_                      1.10    0.001    0.132    0.0193   1.502e-08  p
_0362_                      1.10    0.002    0.004    0.0101   1.227e-08  p
_0718_                      1.10    0.002    0.084    0.0099   1.207e-08  p
_0720_                      1.10    0.002    0.916    0.0099   1.207e-08  p
_0196_                      1.10    0.001    0.006    0.0126   9.802e-09  p
_0360_                      1.10    0.001    0.994    0.0126   9.371e-09  p
_0716_                      1.10    0.001    0.087    0.0120   8.947e-09  p
_0361_                      1.10    0.001    0.005    0.0101   7.841e-09  p
_0363_                      1.10    0.001    0.996    0.0101   7.841e-09  p
_0719_                      1.10    0.001    0.916    0.0099   7.715e-09  p
_0340_                      1.10    0.001    0.005    0.0101   7.496e-09  p
_0406_                      1.10    0.001    0.002    0.0059   4.616e-09  p
_0676_                      1.10    0.002    0.011    0.0035   4.255e-09  p
_0677_                      1.10    0.001    0.989    0.0035   2.719e-09  p
_0197_                      1.10    0.003    0.000    0.0010   1.498e-09  p
_0320_                      1.10    0.002    0.000    0.0010   1.188e-09  p
_0407_                      1.10    0.001    0.000    0.0011   8.221e-10  p
_0409_                      1.10    0.002    0.000    0.0007   7.917e-10  p
_0411_                      1.10    0.002    1.000    0.0007   7.917e-10  p
_0364_                      1.10    0.001    0.000    0.0010   7.588e-10  p
_0321_                      1.10    0.001    1.000    0.0010   7.255e-10  p
_0408_                      1.10    0.001    0.000    0.0007   5.059e-10  p
_0410_                      1.10    0.001    1.000    0.0007   5.059e-10  p
_0412_                      1.10    0.001    0.000    0.0007   4.836e-10  p
_0000_                      1.10    0.003    1.000    0.0000      0.0000  p
_0066_                      1.10    0.004    1.000    0.0000      0.0000  p
_0067_                      1.10    0.003    1.000    0.0000      0.0000  p
_0068_                      1.10    0.003    1.000    0.0000      0.0000  p
_0069_                      1.10    0.003    1.000    0.0000      0.0000  p
_0070_                      1.10    0.003    1.000    0.0000      0.0000  p
_0071_                      1.10    0.003    1.000    0.0000      0.0000  p
_0072_                      1.10    0.003    1.000    0.0000      0.0000  p
_0073_                      1.10    0.003    1.000    0.0000      0.0000  p
_0074_                      1.10    0.003    1.000    0.0000      0.0000  p
_0075_                      1.10    0.003    1.000    0.0000      0.0000  p
_0076_                      1.10    0.003    1.000    0.0000      0.0000  p
_0077_                      1.10    0.003    1.000    0.0000      0.0000  p
_0078_                      1.10    0.003    1.000    0.0000      0.0000  p
_0079_                      1.10    0.003    1.000    0.0000      0.0000  p
_0080_                      1.10    0.003    1.000    0.0000      0.0000  p
_0081_                      1.10    0.003    1.000    0.0000      0.0000  p
_0082_                      1.10    0.003    1.000    0.0000      0.0000  p
_0083_                      1.10    0.003    1.000    0.0000      0.0000  p
_0084_                      1.10    0.003    1.000    0.0000      0.0000  p
_0085_                      1.10    0.003    1.000    0.0000      0.0000  p
_0086_                      1.10    0.003    1.000    0.0000      0.0000  p
_0087_                      1.10    0.003    1.000    0.0000      0.0000  p
_0088_                      1.10    0.003    1.000    0.0000      0.0000  p
_0089_                      1.10    0.003    1.000    0.0000      0.0000  p
_0090_                      1.10    0.003    1.000    0.0000      0.0000  p
_0091_                      1.10    0.003    1.000    0.0000      0.0000  p
_0092_                      1.10    0.003    1.000    0.0000      0.0000  p
_0093_                      1.10    0.003    1.000    0.0000      0.0000  p
_0094_                      1.10    0.003    1.000    0.0000      0.0000  p
_0095_                      1.10    0.003    1.000    0.0000      0.0000  p
_0096_                      1.10    0.003    1.000    0.0000      0.0000  p
_0097_                      1.10    0.003    1.000    0.0000      0.0000  p
_0098_                      1.10    0.003    1.000    0.0000      0.0000  p
_0099_                      1.10    0.005    1.000    0.0000      0.0000  p
_0106_                      1.10    0.002    0.000    0.0000      0.0000  p
_0107_                      1.10    0.003    1.000    0.0000      0.0000  p
_0108_                      1.10    0.002    0.000    0.0000      0.0000  p
_0109_                      1.10    0.003    1.000    0.0000      0.0000  p
_0110_                      1.10    0.002    0.000    0.0000      0.0000  p
_0111_                      1.10    0.001    1.000    0.0000      0.0000  p
_0112_                      1.10    0.001    1.000    0.0000      0.0000  p
_0119_                      1.10    0.002    0.000    0.0000      0.0000  p
_0120_                      1.10    0.001    1.000    0.0000      0.0000  p
_0126_                      1.10    0.002    0.000    0.0000      0.0000  p
_0127_                      1.10    0.001    1.000    0.0000      0.0000  p
_0128_                      1.10    0.002    0.000    0.0000      0.0000  p
_0129_                      1.10    0.003    1.000    0.0000      0.0000  p
_0130_                      1.10    0.001    1.000    0.0000      0.0000  p
_0138_                      1.10    0.002    0.000    0.0000      0.0000  p
_0139_                      1.10    0.001    1.000    0.0000      0.0000  p
_0140_                      1.10    0.002    0.000    0.0000      0.0000  p
_0141_                      1.10    0.003    1.000    0.0000      0.0000  p
_0142_                      1.10    0.001    1.000    0.0000      0.0000  p
_0145_                      1.10    0.001    1.000    0.0000      0.0000  p
_0152_                      1.10    0.002    0.000    0.0000      0.0000  p
_0153_                      1.10    0.001    1.000    0.0000      0.0000  p
_0157_                      1.10    0.002    0.000    0.0000      0.0000  p
_0158_                      1.10    0.003    1.000    0.0000      0.0000  p
_0161_                      1.10    0.002    0.000    0.0000      0.0000  p
_0162_                      1.10    0.001    1.000    0.0000      0.0000  p
_0163_                      1.10    0.002    0.000    0.0000      0.0000  p
_0164_                      1.10    0.001    1.000    0.0000      0.0000  p
_0165_                      1.10    0.003    1.000    0.0000      0.0000  p
_0175_                      1.10    0.002    0.000    0.0000      0.0000  p
_0176_                      1.10    0.003    1.000    0.0000      0.0000  p
_0178_                      1.10    0.002    0.000    0.0000      0.0000  p
_0179_                      1.10    0.001    1.000    0.0000      0.0000  p
_0184_                      1.10    0.002    0.000    0.0000      0.0000  p
_0185_                      1.10    0.003    1.000    0.0000      0.0000  p
_0191_                      1.10    0.002    0.000    0.0000      0.0000  p
_0192_                      1.10    0.003    1.000    0.0000      0.0000  p
_0200_                      1.10    0.002    0.000    0.0000      0.0000  p
_0201_                      1.10    0.003    1.000    0.0000      0.0000  p
_0205_                      1.10    0.002    0.000    0.0000      0.0000  p
_0206_                      1.10    0.001    1.000    0.0000      0.0000  p
_0207_                      1.10    0.002    0.000    0.0000      0.0000  p
_0208_                      1.10    0.001    1.000    0.0000      0.0000  p
_0212_                      1.10    0.002    0.000    0.0000      0.0000  p
_0213_                      1.10    0.001    1.000    0.0000      0.0000  p
_0224_                      1.10    0.002    0.000    0.0000      0.0000  p
_0225_                      1.10    0.001    1.000    0.0000      0.0000  p
_0226_                      1.10    0.002    0.000    0.0000      0.0000  p
_0227_                      1.10    0.001    1.000    0.0000      0.0000  p
_0228_                      1.10    0.003    1.000    0.0000      0.0000  p
_0231_                      1.10    0.002    0.000    0.0000      0.0000  p
_0232_                      1.10    0.003    1.000    0.0000      0.0000  p
_0233_                      1.10    0.003    0.000    0.0000      0.0000  p
_0234_                      1.10    0.001    1.000    0.0000      0.0000  p
_0237_                      1.10    0.002    0.000    0.0000      0.0000  p
_0238_                      1.10    0.001    1.000    0.0000      0.0000  p
_0239_                      1.10    0.002    0.000    0.0000      0.0000  p
_0240_                      1.10    0.003    1.000    0.0000      0.0000  p
_0241_                      1.10    0.002    0.000    0.0000      0.0000  p
_0242_                      1.10    0.003    1.000    0.0000      0.0000  p
_0243_                      1.10    0.001    1.000    0.0000      0.0000  p
_0244_                      1.10    0.002    1.000    0.0000      0.0000  p
_0245_                      1.10    0.001    0.000    0.0000      0.0000  p
_0251_                      1.10    0.002    0.000    0.0000      0.0000  p
_0252_                      1.10    0.001    1.000    0.0000      0.0000  p
_0253_                      1.10    0.002    1.000    0.0000      0.0000  p
_0254_                      1.10    0.001    0.000    0.0000      0.0000  p
_0255_                      1.10    0.002    0.000    0.0000      0.0000  p
_0256_                      1.10    0.001    1.000    0.0000      0.0000  p
_0257_                      1.10    0.002    0.000    0.0000      0.0000  p
_0258_                      1.10    0.001    1.000    0.0000      0.0000  p
_0259_                      1.10    0.002    0.000    0.0000      0.0000  p
_0260_                      1.10    0.001    1.000    0.0000      0.0000  p
_0261_                      1.10    0.003    1.000    0.0000      0.0000  p
_0262_                      1.10    0.002    1.000    0.0000      0.0000  p
_0263_                      1.10    0.001    0.000    0.0000      0.0000  p
_0269_                      1.10    0.002    0.000    0.0000      0.0000  p
_0270_                      1.10    0.001    1.000    0.0000      0.0000  p
_0271_                      1.10    0.002    1.000    0.0000      0.0000  p
_0272_                      1.10    0.001    0.000    0.0000      0.0000  p
_0273_                      1.10    0.002    0.000    0.0000      0.0000  p
_0274_                      1.10    0.001    1.000    0.0000      0.0000  p
_0281_                      1.10    0.002    0.000    0.0000      0.0000  p
_0282_                      1.10    0.003    1.000    0.0000      0.0000  p
_0283_                      1.10    0.002    0.000    0.0000      0.0000  p
_0284_                      1.10    0.001    1.000    0.0000      0.0000  p
_0285_                      1.10    0.001    1.000    0.0000      0.0000  p
_0287_                      1.10    0.002    0.000    0.0000      0.0000  p
_0288_                      1.10    0.003    1.000    0.0000      0.0000  p
_0289_                      1.10    0.002    0.000    0.0000      0.0000  p
_0290_                      1.10    0.001    1.000    0.0000      0.0000  p
_0291_                      1.10    0.001    1.000    0.0000      0.0000  p
_0308_                      1.10    0.002    0.000    0.0000      0.0000  p
_0309_                      1.10    0.001    1.000    0.0000      0.0000  p
_0318_                      1.10    0.002    0.000    0.0000      0.0000  p
_0319_                      1.10    0.001    1.000    0.0000      0.0000  p
_0365_                      1.10    0.003    0.000    0.0000      0.0000  p
_0366_                      1.10    0.001    1.000    0.0000      0.0000  p
_0367_                      1.10    0.002    0.000    0.0000      0.0000  p
_0368_                      1.10    0.001    1.000    0.0000      0.0000  p
_0369_                      1.10    0.002    0.000    0.0000      0.0000  p
_0370_                      1.10    0.001    1.000    0.0000      0.0000  p
_0371_                      1.10    0.001    0.000    0.0000      0.0000  p
_0372_                      1.10    0.002    0.000    0.0000      0.0000  p
_0373_                      1.10    0.001    1.000    0.0000      0.0000  p
_0374_                      1.10    0.003    0.000    0.0000      0.0000  p
_0375_                      1.10    0.003    1.000    0.0000      0.0000  p
_0376_                      1.10    0.003    0.000    0.0000      0.0000  p
_0377_                      1.10    0.003    1.000    0.0000      0.0000  p
_0378_                      1.10    0.002    0.000    0.0000      0.0000  p
_0379_                      1.10    0.003    1.000    0.0000      0.0000  p
_0394_                      1.10    0.001    1.000    0.0000      0.0000  p
_0413_                      1.10    0.001    0.000    0.0000      0.0000  p
_0414_                      1.10    0.003    0.000    0.0000      0.0000  p
_0415_                      1.10    0.002    0.000    0.0000      0.0000  p
_0416_                      1.10    0.001    1.000    0.0000      0.0000  p
_0422_                      1.10    0.002    0.000    0.0000      0.0000  p
_0423_                      1.10    0.003    1.000    0.0000      0.0000  p
_0426_                      1.10    0.002    0.000    0.0000      0.0000  p
_0427_                      1.10    0.001    1.000    0.0000      0.0000  p
_0428_                      1.10    0.002    0.000    0.0000      0.0000  p
_0429_                      1.10    0.001    1.000    0.0000      0.0000  p
_0430_                      1.10    0.003    1.000    0.0000      0.0000  p
_0440_                      1.10    0.002    0.000    0.0000      0.0000  p
_0441_                      1.10    0.003    1.000    0.0000      0.0000  p
_0443_                      1.10    0.002    0.000    0.0000      0.0000  p
_0444_                      1.10    0.001    1.000    0.0000      0.0000  p
_0449_                      1.10    0.002    0.000    0.0000      0.0000  p
_0450_                      1.10    0.003    1.000    0.0000      0.0000  p
_0454_                      1.10    0.002    0.000    0.0000      0.0000  p
_0455_                      1.10    0.003    1.000    0.0000      0.0000  p
_0467_                      1.10    0.002    0.000    0.0000      0.0000  p
_0468_                      1.10    0.001    1.000    0.0000      0.0000  p
_0469_                      1.10    0.002    0.000    0.0000      0.0000  p
_0470_                      1.10    0.001    1.000    0.0000      0.0000  p
_0471_                      1.10    0.003    1.000    0.0000      0.0000  p
_0492_                      1.10    0.002    0.000    0.0000      0.0000  p
_0493_                      1.10    0.003    1.000    0.0000      0.0000  p
_0494_                      1.10    0.002    0.000    0.0000      0.0000  p
_0495_                      1.10    0.001    1.000    0.0000      0.0000  p
_0496_                      1.10    0.001    1.000    0.0000      0.0000  p
_0498_                      1.10    0.002    0.000    0.0000      0.0000  p
_0499_                      1.10    0.003    1.000    0.0000      0.0000  p
_0500_                      1.10    0.002    0.000    0.0000      0.0000  p
_0501_                      1.10    0.001    1.000    0.0000      0.0000  p
_0502_                      1.10    0.001    1.000    0.0000      0.0000  p
_0503_                      1.10    0.003    0.000    0.0000      0.0000  p
_0504_                      1.10    0.001    1.000    0.0000      0.0000  p
_0505_                      1.10    0.002    0.000    0.0000      0.0000  p
_0506_                      1.10    0.003    1.000    0.0000      0.0000  p
_0507_                      1.10    0.001    1.000    0.0000      0.0000  p
_0508_                      1.10    0.001    1.000    0.0000      0.0000  p
_0512_                      1.10    0.002    0.000    0.0000      0.0000  p
_0513_                      1.10    0.003    1.000    0.0000      0.0000  p
_0514_                      1.10    0.002    0.000    0.0000      0.0000  p
_0515_                      1.10    0.001    1.000    0.0000      0.0000  p
_0516_                      1.10    0.001    1.000    0.0000      0.0000  p
_0517_                      1.10    0.002    0.000    0.0000      0.0000  p
_0518_                      1.10    0.003    1.000    0.0000      0.0000  p
_0537_                      1.10    0.002    0.000    0.0000      0.0000  p
_0538_                      1.10    0.003    1.000    0.0000      0.0000  p
_0540_                      1.10    0.002    0.000    0.0000      0.0000  p
_0541_                      1.10    0.001    1.000    0.0000      0.0000  p
_0546_                      1.10    0.002    0.000    0.0000      0.0000  p
_0547_                      1.10    0.003    1.000    0.0000      0.0000  p
_0548_                      1.10    0.002    0.000    0.0000      0.0000  p
_0549_                      1.10    0.003    1.000    0.0000      0.0000  p
_0550_                      1.10    0.001    1.000    0.0000      0.0000  p
_0551_                      1.10    0.002    0.000    0.0000      0.0000  p
_0552_                      1.10    0.003    1.000    0.0000      0.0000  p
_0561_                      1.10    0.002    0.000    0.0000      0.0000  p
_0562_                      1.10    0.001    1.000    0.0000      0.0000  p
_0563_                      1.10    0.002    0.000    0.0000      0.0000  p
_0564_                      1.10    0.001    1.000    0.0000      0.0000  p
_0565_                      1.10    0.003    1.000    0.0000      0.0000  p
_0573_                      1.10    0.002    0.000    0.0000      0.0000  p
_0574_                      1.10    0.003    1.000    0.0000      0.0000  p
_0577_                      1.10    0.003    0.000    0.0000      0.0000  p
_0578_                      1.10    0.001    1.000    0.0000      0.0000  p
_0579_                      1.10    0.002    0.000    0.0000      0.0000  p
_0580_                      1.10    0.001    1.000    0.0000      0.0000  p
_0581_                      1.10    0.002    0.000    0.0000      0.0000  p
_0582_                      1.10    0.003    1.000    0.0000      0.0000  p
_0583_                      1.10    0.002    0.000    0.0000      0.0000  p
_0584_                      1.10    0.003    1.000    0.0000      0.0000  p
_0585_                      1.10    0.001    1.000    0.0000      0.0000  p
_0586_                      1.10    0.002    1.000    0.0000      0.0000  p
_0587_                      1.10    0.001    0.000    0.0000      0.0000  p
_0593_                      1.10    0.002    0.000    0.0000      0.0000  p
_0594_                      1.10    0.001    1.000    0.0000      0.0000  p
_0595_                      1.10    0.002    1.000    0.0000      0.0000  p
_0596_                      1.10    0.001    0.000    0.0000      0.0000  p
_0597_                      1.10    0.002    0.000    0.0000      0.0000  p
_0598_                      1.10    0.001    1.000    0.0000      0.0000  p
_0599_                      1.10    0.002    0.000    0.0000      0.0000  p
_0600_                      1.10    0.003    1.000    0.0000      0.0000  p
_0601_                      1.10    0.002    0.000    0.0000      0.0000  p
_0602_                      1.10    0.003    1.000    0.0000      0.0000  p
_0603_                      1.10    0.001    1.000    0.0000      0.0000  p
_0604_                      1.10    0.002    1.000    0.0000      0.0000  p
_0605_                      1.10    0.001    0.000    0.0000      0.0000  p
_0606_                      1.10    0.002    0.000    0.0000      0.0000  p
_0607_                      1.10    0.001    1.000    0.0000      0.0000  p
_0608_                      1.10    0.002    1.000    0.0000      0.0000  p
_0609_                      1.10    0.001    0.000    0.0000      0.0000  p
_0610_                      1.10    0.002    0.000    0.0000      0.0000  p
_0611_                      1.10    0.001    1.000    0.0000      0.0000  p
_0629_                      1.10    0.001    1.000    0.0000      0.0000  p
_0636_                      1.10    0.002    0.000    0.0000      0.0000  p
_0637_                      1.10    0.001    1.000    0.0000      0.0000  p
_0652_                      1.10    0.001    1.000    0.0000      0.0000  p
_0668_                      1.10    0.002    0.000    0.0000      0.0000  p
_0669_                      1.10    0.001    1.000    0.0000      0.0000  p
_0670_                      1.10    0.001    1.000    0.0000      0.0000  p
_0680_                      1.10    0.003    0.000    0.0000      0.0000  p
_0681_                      1.10    0.001    1.000    0.0000      0.0000  p
_0682_                      1.10    0.002    0.000    0.0000      0.0000  p
_0683_                      1.10    0.001    1.000    0.0000      0.0000  p
_0684_                      1.10    0.002    0.000    0.0000      0.0000  p
_0685_                      1.10    0.001    1.000    0.0000      0.0000  p
_0686_                      1.10    0.001    0.000    0.0000      0.0000  p
_0687_                      1.10    0.002    0.000    0.0000      0.0000  p
_0688_                      1.10    0.001    1.000    0.0000      0.0000  p
_0702_                      1.10    0.001    1.000    0.0000      0.0000  p
_0703_                      1.10    0.001    1.000    0.0000      0.0000  p
_0722_                      1.10    0.001    0.000    0.0000      0.0000  p
_0723_                      1.10    0.003    0.000    0.0000      0.0000  p
_0724_                      1.10    0.001    0.000    0.0000      0.0000  p
_0725_                      1.10    0.003    0.000    0.0000      0.0000  p
io_bp_0_address[0]          1.10    0.010    0.000    0.0000      0.0000  p
io_bp_0_address[1]          1.10    0.010    0.000    0.0000      0.0000  p
io_bp_0_address[2]          1.10    0.010    0.000    0.0000      0.0000  p
io_bp_0_address[3]          1.10    0.008    0.000    0.0000      0.0000  p
io_bp_0_address[4]          1.10    0.008    0.000    0.0000      0.0000  p
io_bp_0_address[5]          1.10    0.008    0.000    0.0000      0.0000  p
io_bp_0_address[6]          1.10    0.008    0.000    0.0000      0.0000  p
io_bp_0_address[7]          1.10    0.008    0.000    0.0000      0.0000  p
io_bp_0_address[8]          1.10    0.008    0.000    0.0000      0.0000  p
io_bp_0_address[9]          1.10    0.008    0.000    0.0000      0.0000  p
io_bp_0_address[10]         1.10    0.008    0.000    0.0000      0.0000  p
io_bp_0_address[11]         1.10    0.008    0.000    0.0000      0.0000  p
io_bp_0_address[12]         1.10    0.008    0.000    0.0000      0.0000  p
io_bp_0_address[13]         1.10    0.008    0.000    0.0000      0.0000  p
io_bp_0_address[14]         1.10    0.008    0.000    0.0000      0.0000  p
io_bp_0_address[15]         1.10    0.008    0.000    0.0000      0.0000  p
io_bp_0_address[16]         1.10    0.008    0.000    0.0000      0.0000  p
io_bp_0_address[17]         1.10    0.008    0.000    0.0000      0.0000  p
io_bp_0_address[18]         1.10    0.008    0.000    0.0000      0.0000  p
io_bp_0_address[19]         1.10    0.008    0.000    0.0000      0.0000  p
io_bp_0_address[20]         1.10    0.008    0.000    0.0000      0.0000  p
io_bp_0_address[21]         1.10    0.008    0.000    0.0000      0.0000  p
io_bp_0_address[22]         1.10    0.008    0.000    0.0000      0.0000  p
io_bp_0_address[23]         1.10    0.008    0.000    0.0000      0.0000  p
io_bp_0_address[24]         1.10    0.008    0.000    0.0000      0.0000  p
io_bp_0_address[25]         1.10    0.008    0.000    0.0000      0.0000  p
io_bp_0_address[26]         1.10    0.008    0.000    0.0000      0.0000  p
io_bp_0_address[27]         1.10    0.008    0.000    0.0000      0.0000  p
io_bp_0_address[28]         1.10    0.008    0.000    0.0000      0.0000  p
io_bp_0_address[29]         1.10    0.008    0.000    0.0000      0.0000  p
io_bp_0_address[30]         1.10    0.008    0.000    0.0000      0.0000  p
io_bp_0_address[31]         1.10    0.008    0.000    0.0000      0.0000  p
io_bp_0_control_action      1.10    0.011    0.000    0.0000      0.0000  p
io_bp_0_control_r           1.10    0.005    0.000    0.0000      0.0000  p
io_bp_0_control_tmatch[0]   1.10    0.010    0.000    0.0000      0.0000  p
io_bp_0_control_tmatch[1]   1.10    0.008    0.000    0.0000      0.0000  p
io_bp_0_control_w           1.10    0.005    0.000    0.0000      0.0000  p
io_bp_0_control_x           1.10    0.005    0.000    0.0000      0.0000  p
io_debug_if                 1.10    0.002    0.000    0.0000      0.0000  p
io_debug_ld                 1.10    0.001    0.000    0.0000      0.0000  p
io_debug_st                 1.10    0.001    0.000    0.0000      0.0000  p
io_xcpt_if                  1.10    0.002    0.000    0.0000      0.0000  p
io_xcpt_ld                  1.10    0.001    0.000    0.0000      0.0000  p
io_xcpt_st                  1.10    0.001    0.000    0.0000      0.0000  p
--------------------------------------------------------------------------------
Total (835 nets)                                               1.008e-04 Watt

1
