****************************************
Report : Averaged Power
	-cell_power
	-sort_by cell_internal_power
	-nosplit
	-area
Design : Rocket/bpu (BreakpointUnit)
Version: T-2022.03-SP3
Date   : Tue May 20 02:38:53 2025
****************************************



  Attributes
  ----------
      a  -  Annotated internal | leakage | switching power 
      b  -  Black-box (unresolved) cell
      c  -  Clock pin internal power only
      d  -  Does not include clock pin internal power
      h  -  Hierarchical cell

                        Lib Cell                      Internal  Switching Leakage   Total
Cell                    Name                          Power     Power     Power     Power    (     %)      Area   Attrs
------------------------------------------------------------------------------------------------------------------------
_0929_                  AND2_X1                       6.949e-07 3.281e-07 2.480e-08 1.048e-06 ( 0.66%)     1.0640 
_0782_                  AND2_X1                       6.513e-07 3.281e-07 2.958e-08 1.009e-06 ( 0.63%)     1.0640 
_0927_                  AND2_X1                       6.493e-07 3.281e-07 2.974e-08 1.007e-06 ( 0.63%)     1.0640 
_0934_                  AND2_X1                       5.695e-07 2.689e-07 2.664e-08 8.650e-07 ( 0.54%)     1.0640 
_0932_                  AND2_X1                       5.476e-07 2.689e-07 2.505e-08 8.415e-07 ( 0.53%)     1.0640 
_0938_                  AND2_X1                       5.186e-07 2.449e-07 2.466e-08 7.882e-07 ( 0.50%)     1.0640 
_0936_                  AND2_X1                       5.169e-07 2.449e-07 2.443e-08 7.862e-07 ( 0.49%)     1.0640 
_0947_                  AND2_X1                       5.156e-07 2.434e-07 2.450e-08 7.835e-07 ( 0.49%)     1.0640 
_0945_                  AND2_X1                       5.156e-07 2.434e-07 2.459e-08 7.836e-07 ( 0.49%)     1.0640 
_0861_                  AND2_X1                       5.139e-07 2.439e-07 2.462e-08 7.824e-07 ( 0.49%)     1.0640 
_0894_                  AND2_X1                       5.091e-07 2.416e-07 2.449e-08 7.752e-07 ( 0.49%)     1.0640 
_1415_                  AND2_X1                       5.089e-07 3.963e-07 2.503e-08 9.303e-07 ( 0.58%)     1.0640 
_1449_                  AND2_X1                       5.075e-07 3.145e-07 2.519e-08 8.471e-07 ( 0.53%)     1.0640 
_0888_                  AND2_X1                       5.065e-07 2.404e-07 2.460e-08 7.715e-07 ( 0.48%)     1.0640 
_1396_                  AND2_X1                       5.056e-07 3.939e-07 2.505e-08 9.246e-07 ( 0.58%)     1.0640 
_0765_                  AND2_X1                       5.035e-07 3.982e-07 2.506e-08 9.267e-07 ( 0.58%)     1.0640 
_0758_                  AND2_X1                       5.028e-07 2.963e-07 2.255e-08 8.216e-07 ( 0.52%)     1.0640 
_0750_                  AND2_X1                       5.006e-07 4.094e-07 2.964e-08 9.396e-07 ( 0.59%)     1.0640 
_1450_                  AND2_X1                       5.004e-07 1.558e-07 2.267e-08 6.789e-07 ( 0.43%)     1.0640 
_0729_                  AND2_X1                       4.969e-07 1.544e-07 2.460e-08 6.759e-07 ( 0.42%)     1.0640 
_0727_                  AND2_X1                       4.960e-07 4.055e-07 2.968e-08 9.312e-07 ( 0.59%)     1.0640 
_0843_                  AND2_X1                       4.953e-07 3.918e-07 2.504e-08 9.122e-07 ( 0.57%)     1.0640 
_0871_                  AND2_X1                       4.939e-07 1.534e-07 2.653e-08 6.739e-07 ( 0.42%)     1.0640 
_1400_                  AND2_X1                       4.936e-07 3.974e-07 2.966e-08 9.206e-07 ( 0.58%)     1.0640 
_0733_                  AND2_X1                       4.934e-07 4.035e-07 2.964e-08 9.265e-07 ( 0.58%)     1.0640 
_0735_                  AND2_X1                       4.932e-07 1.468e-07 2.449e-08 6.646e-07 ( 0.42%)     1.0640 
_0931_                  AND2_X1                       4.927e-07 1.533e-07 2.450e-08 6.705e-07 ( 0.42%)     1.0640 
_1411_                  AND2_X1                       4.917e-07 2.477e-07 2.968e-08 7.691e-07 ( 0.48%)     1.0640 
_0949_                  AND2_X1                       4.915e-07 1.530e-07 2.462e-08 6.690e-07 ( 0.42%)     1.0640 
_0826_                  AND2_X1                       4.908e-07 3.824e-07 2.512e-08 8.983e-07 ( 0.56%)     1.0640 
_1383_                  AND2_X1                       4.908e-07 3.819e-07 2.505e-08 8.978e-07 ( 0.56%)     1.0640 
_1392_                  AND2_X1                       4.897e-07 2.467e-07 2.966e-08 7.660e-07 ( 0.48%)     1.0640 
_0876_                  AND2_X1                       4.892e-07 2.454e-07 2.964e-08 7.642e-07 ( 0.48%)     1.0640 
_0763_                  AND2_X1                       4.875e-07 2.456e-07 2.966e-08 7.627e-07 ( 0.48%)     1.0640 
_0730_                  AND2_X1                       4.867e-07 2.964e-07 2.514e-08 8.083e-07 ( 0.51%)     1.0640 
_0767_                  AND2_X1                       4.864e-07 1.516e-07 2.256e-08 6.605e-07 ( 0.42%)     1.0640 
_0795_                  AND2_X1                       4.861e-07 2.449e-07 2.962e-08 7.606e-07 ( 0.48%)     1.0640 
_1413_                  AND2_X1                       4.861e-07 2.449e-07 2.965e-08 7.607e-07 ( 0.48%)     1.0640 
_0822_                  AND2_X1                       4.860e-07 2.448e-07 2.965e-08 7.605e-07 ( 0.48%)     1.0640 
_1445_                  AND2_X1                       4.860e-07 2.448e-07 2.969e-08 7.605e-07 ( 0.48%)     1.0640 
_1434_                  AND2_X1                       4.844e-07 2.440e-07 2.963e-08 7.580e-07 ( 0.48%)     1.0640 
_0736_                  AND2_X1                       4.837e-07 2.436e-07 2.964e-08 7.570e-07 ( 0.48%)     1.0640 
_0815_                  AND2_X1                       4.836e-07 2.997e-07 2.511e-08 8.084e-07 ( 0.51%)     1.0640 
_1452_                  AND2_X1                       4.826e-07 2.431e-07 2.963e-08 7.553e-07 ( 0.47%)     1.0640 
_0885_                  AND2_X1                       4.826e-07 2.433e-07 3.009e-08 7.560e-07 ( 0.48%)     1.0640 
_1447_                  AND2_X1                       4.823e-07 2.429e-07 2.969e-08 7.549e-07 ( 0.47%)     1.0640 
_0745_                  AND2_X1                       4.816e-07 2.426e-07 2.966e-08 7.539e-07 ( 0.47%)     1.0640 
_0943_                  AND2_X1                       4.813e-07 2.434e-07 2.967e-08 7.545e-07 ( 0.47%)     1.0640 
_1381_                  AND2_X1                       4.807e-07 2.422e-07 2.965e-08 7.525e-07 ( 0.47%)     1.0640 
_0824_                  AND2_X1                       4.805e-07 2.421e-07 2.967e-08 7.523e-07 ( 0.47%)     1.0640 
_0839_                  AND2_X1                       4.801e-07 2.419e-07 2.967e-08 7.517e-07 ( 0.47%)     1.0640 
_0761_                  AND2_X1                       4.799e-07 2.418e-07 2.965e-08 7.514e-07 ( 0.47%)     1.0640 
_1422_                  AND2_X1                       4.788e-07 3.078e-07 3.025e-08 8.168e-07 ( 0.51%)     1.0640 
_1402_                  AND2_X1                       4.787e-07 2.411e-07 2.964e-08 7.494e-07 ( 0.47%)     1.0640 
_0845_                  AND2_X1                       4.787e-07 1.492e-07 2.258e-08 6.504e-07 ( 0.41%)     1.0640 
_1429_                  AND2_X1                       4.777e-07 2.406e-07 2.965e-08 7.480e-07 ( 0.47%)     1.0640 
_0793_                  AND2_X1                       4.764e-07 2.400e-07 2.965e-08 7.460e-07 ( 0.47%)     1.0640 
_0852_                  AND2_X1                       4.760e-07 2.254e-07 2.210e-08 7.235e-07 ( 0.45%)     1.0640 
_0878_                  AND2_X1                       4.759e-07 2.408e-07 2.966e-08 7.464e-07 ( 0.47%)     1.0640 
_0769_                  AND2_X1                       4.752e-07 2.394e-07 2.968e-08 7.443e-07 ( 0.47%)     1.0640 
_1426_                  AND2_X1                       4.748e-07 1.479e-07 2.258e-08 6.453e-07 ( 0.41%)     1.0640 
_1394_                  AND2_X1                       4.743e-07 2.389e-07 2.965e-08 7.429e-07 ( 0.47%)     1.0640 
_0776_                  AND2_X1                       4.733e-07 2.384e-07 2.964e-08 7.413e-07 ( 0.47%)     1.0640 
_0883_                  AND2_X1                       4.730e-07 2.387e-07 2.907e-08 7.408e-07 ( 0.47%)     1.0640 
_0813_                  AND2_X1                       4.710e-07 2.373e-07 2.967e-08 7.379e-07 ( 0.46%)     1.0640 
_0841_                  AND2_X1                       4.705e-07 2.370e-07 2.965e-08 7.372e-07 ( 0.46%)     1.0640 
_0890_                  AND2_X1                       4.695e-07 2.292e-07 2.501e-08 7.237e-07 ( 0.45%)     1.0640 
_0756_                  AND2_X1                       4.688e-07 1.558e-07 2.968e-08 6.543e-07 ( 0.41%)     1.0640 
_1438_                  AND2_X1                       4.686e-07 1.559e-07 2.968e-08 6.542e-07 ( 0.41%)     1.0640 
_1410_                  AND2_X1                       4.681e-07 2.944e-07 3.026e-08 7.927e-07 ( 0.50%)     1.0640 
_0811_                  AND2_X1                       4.681e-07 2.358e-07 2.964e-08 7.335e-07 ( 0.46%)     1.0640 
_0740_                  AND2_X1                       4.679e-07 1.557e-07 2.968e-08 6.533e-07 ( 0.41%)     1.0640 
_0863_                  AND2_X1                       4.677e-07 1.501e-07 2.498e-08 6.428e-07 ( 0.40%)     1.0640 
_0757_                  AND2_X1                       4.671e-07 1.501e-07 2.498e-08 6.422e-07 ( 0.40%)     1.0640 
_0892_                  AND2_X1                       4.669e-07 2.321e-07 2.786e-08 7.269e-07 ( 0.46%)     1.0640 
_1456_                  AND2_X1                       4.657e-07 1.485e-07 2.968e-08 6.439e-07 ( 0.40%)     1.0640 
_0950_                  AND2_X1                       4.655e-07 1.498e-07 2.516e-08 6.405e-07 ( 0.40%)     1.0640 
_0749_                  AND2_X1                       4.647e-07 1.482e-07 2.965e-08 6.426e-07 ( 0.40%)     1.0640 
_0880_                  AND2_X1                       4.643e-07 1.491e-07 2.506e-08 6.386e-07 ( 0.40%)     1.0640 
_1425_                  AND2_X1                       4.642e-07 2.984e-07 3.025e-08 7.929e-07 ( 0.50%)     1.0640 
_0833_                  AND2_X1                       4.642e-07 2.923e-07 3.025e-08 7.867e-07 ( 0.49%)     1.0640 
_1404_                  AND2_X1                       4.629e-07 1.426e-07 2.501e-08 6.304e-07 ( 0.40%)     1.0640 
_0797_                  AND2_X1                       4.623e-07 1.486e-07 2.493e-08 6.359e-07 ( 0.40%)     1.0640 
_1379_                  AND2_X1                       4.610e-07 2.322e-07 2.966e-08 7.229e-07 ( 0.45%)     1.0640 
_1433_                  AND2_X1                       4.610e-07 1.470e-07 2.967e-08 6.376e-07 ( 0.40%)     1.0640 
_0849_                  AND2_X1                       4.592e-07 2.317e-07 2.907e-08 7.200e-07 ( 0.45%)     1.0640 
_0859_                  AND2_X1                       4.590e-07 2.282e-07 2.783e-08 7.150e-07 ( 0.45%)     1.0640 
_1439_                  AND2_X1                       4.588e-07 1.413e-07 2.497e-08 6.252e-07 ( 0.39%)     1.0640 
_0869_                  AND2_X1                       4.586e-07 2.314e-07 2.906e-08 7.191e-07 ( 0.45%)     1.0640 
_0741_                  AND2_X1                       4.557e-07 1.465e-07 2.501e-08 6.271e-07 ( 0.39%)     1.0640 
_0872_                  AND2_X1                       4.545e-07 2.259e-07 2.782e-08 7.082e-07 ( 0.44%)     1.0640 
_0896_                  AND2_X1                       4.525e-07 1.455e-07 2.498e-08 6.230e-07 ( 0.39%)     1.0640 
_0942_                  AND2_X1                       4.451e-07 1.420e-07 3.026e-08 6.174e-07 ( 0.39%)     1.0640 
_0851_                  AND2_X1                       4.406e-07 1.440e-07 2.780e-08 6.124e-07 ( 0.38%)     1.0640 
_0940_                  AND2_X1                       3.541e-07 1.103e-07 2.520e-08 4.896e-07 ( 0.31%)     1.0640 
_0951_                  AND2_X1                       3.445e-07 1.095e-07 2.278e-08 4.768e-07 ( 0.30%)     1.0640 
_0897_                  AND2_X1                       3.401e-07 1.081e-07 2.268e-08 4.708e-07 ( 0.30%)     1.0640 
_1314_                  INV_X1                        2.547e-07 2.004e-07 1.463e-08 4.698e-07 ( 0.30%)     0.5320 
_0783_                  INV_X1                        2.491e-07 4.231e-07 1.463e-08 6.868e-07 ( 0.43%)     0.5320 
_0928_                  INV_X1                        2.460e-07 2.097e-07 1.408e-08 4.697e-07 ( 0.30%)     0.5320 
_0930_                  INV_X1                        2.458e-07 2.004e-07 1.463e-08 4.609e-07 ( 0.29%)     0.5320 
_0768_                  AND2_X1                       2.366e-07 1.440e-07 2.283e-08 4.034e-07 ( 0.25%)     1.0640 
_0874_                  AND2_X1                       2.327e-07 1.155e-07 2.841e-08 3.766e-07 ( 0.24%)     1.0640 
_0847_                  AND2_X1                       2.319e-07 1.099e-07 2.113e-08 3.630e-07 ( 0.23%)     1.0640 
_0864_                  AND2_X1                       2.311e-07 7.294e-08 2.262e-08 3.267e-07 ( 0.21%)     1.0640 
_0846_                  AND2_X1                       2.282e-07 1.418e-07 2.285e-08 3.928e-07 ( 0.25%)     1.0640 
_1451_                  AND2_X1                       2.264e-07 6.980e-08 2.297e-08 3.192e-07 ( 0.20%)     1.0640 
_0857_                  AND2_X1                       2.257e-07 1.142e-07 3.070e-08 3.706e-07 ( 0.23%)     1.0640 
_1423_                  AND2_X1                       2.245e-07 6.925e-08 2.289e-08 3.166e-07 ( 0.20%)     1.0640 
_0742_                  AND2_X1                       2.218e-07 7.133e-08 2.280e-08 3.159e-07 ( 0.20%)     1.0640 
_0854_                  AND2_X1                       2.150e-07 7.026e-08 2.839e-08 3.137e-07 ( 0.20%)     1.0640 
_1257_                  AND2_X1                       2.128e-07 1.005e-07 2.453e-08 3.379e-07 ( 0.21%)     1.0640 
_1427_                  AND2_X1                       2.116e-07 6.807e-08 2.286e-08 3.026e-07 ( 0.19%)     1.0640 
_0933_                  INV_X1                        2.016e-07 1.718e-07 1.209e-08 3.855e-07 ( 0.24%)     0.5320 
_0935_                  INV_X1                        2.014e-07 1.643e-07 1.662e-08 3.823e-07 ( 0.24%)     0.5320 
_1123_                  AND2_X1                       2.003e-07 1.005e-07 2.966e-08 3.305e-07 ( 0.21%)     1.0640 
_1255_                  AND2_X1                       1.989e-07 1.005e-07 2.965e-08 3.290e-07 ( 0.21%)     1.0640 
_1239_                  AND2_X1                       1.981e-07 9.352e-08 2.427e-08 3.158e-07 ( 0.20%)     1.0640 
_1237_                  AND2_X1                       1.974e-07 9.352e-08 2.482e-08 3.158e-07 ( 0.20%)     1.0640 
_1338_                  INV_X1                        1.921e-07 1.513e-07 1.429e-08 3.577e-07 ( 0.22%)     0.5320 
_1344_                  INV_X1                        1.913e-07 1.507e-07 1.433e-08 3.563e-07 ( 0.22%)     0.5320 
_1325_                  INV_X1                        1.905e-07 1.500e-07 1.437e-08 3.549e-07 ( 0.22%)     0.5320 
_1316_                  INV_X1                        1.899e-07 1.496e-07 1.448e-08 3.540e-07 ( 0.22%)     0.5320 
_1337_                  INV_X1                        1.899e-07 1.496e-07 1.438e-08 3.539e-07 ( 0.22%)     0.5320 
_1324_                  INV_X1                        1.899e-07 1.496e-07 1.439e-08 3.539e-07 ( 0.22%)     0.5320 
_1336_                  INV_X1                        1.899e-07 1.496e-07 1.425e-08 3.537e-07 ( 0.22%)     0.5320 
_1333_                  INV_X1                        1.893e-07 1.491e-07 1.444e-08 3.527e-07 ( 0.22%)     0.5320 
_1327_                  INV_X1                        1.892e-07 1.490e-07 1.443e-08 3.526e-07 ( 0.22%)     0.5320 
_1330_                  INV_X1                        1.890e-07 1.488e-07 1.442e-08 3.522e-07 ( 0.22%)     0.5320 
_1332_                  INV_X1                        1.886e-07 1.485e-07 1.444e-08 3.515e-07 ( 0.22%)     0.5320 
_1335_                  INV_X1                        1.884e-07 1.484e-07 1.423e-08 3.511e-07 ( 0.22%)     0.5320 
_1328_                  INV_X1                        1.882e-07 1.482e-07 1.433e-08 3.507e-07 ( 0.22%)     0.5320 
_1339_                  INV_X1                        1.878e-07 1.479e-07 1.437e-08 3.501e-07 ( 0.22%)     0.5320 
_1323_                  INV_X1                        1.878e-07 1.479e-07 1.430e-08 3.499e-07 ( 0.22%)     0.5320 
_1322_                  INV_X1                        1.876e-07 1.478e-07 1.432e-08 3.497e-07 ( 0.22%)     0.5320 
_1326_                  INV_X1                        1.875e-07 1.477e-07 1.438e-08 3.496e-07 ( 0.22%)     0.5320 
_1331_                  INV_X1                        1.874e-07 1.476e-07 1.429e-08 3.493e-07 ( 0.22%)     0.5320 
_1342_                  INV_X1                        1.870e-07 1.473e-07 1.441e-08 3.487e-07 ( 0.22%)     0.5320 
_1341_                  INV_X1                        1.868e-07 1.471e-07 1.436e-08 3.482e-07 ( 0.22%)     0.5320 
_1334_                  INV_X1                        1.866e-07 1.470e-07 1.440e-08 3.480e-07 ( 0.22%)     0.5320 
_1329_                  INV_X1                        1.865e-07 1.468e-07 1.441e-08 3.477e-07 ( 0.22%)     0.5320 
_1136_                  AND2_X1                       1.864e-07 9.352e-08 2.974e-08 3.097e-07 ( 0.19%)     1.0640 
_1315_                  INV_X1                        1.861e-07 1.466e-07 1.440e-08 3.471e-07 ( 0.22%)     0.5320 
_0796_                  INV_X1                        1.859e-07 3.226e-07 1.448e-08 5.230e-07 ( 0.33%)     0.5320 
_1320_                  INV_X1                        1.857e-07 1.462e-07 1.427e-08 3.462e-07 ( 0.22%)     0.5320 
_1412_                  INV_X1                        1.856e-07 1.513e-07 1.429e-08 3.512e-07 ( 0.22%)     0.5320 
_1119_                  AND2_X1                       1.853e-07 9.297e-08 2.977e-08 3.081e-07 ( 0.19%)     1.0640 
_1343_                  INV_X1                        1.853e-07 1.460e-07 1.437e-08 3.457e-07 ( 0.22%)     0.5320 
_1435_                  INV_X1                        1.852e-07 3.077e-07 1.444e-08 5.073e-07 ( 0.32%)     0.5320 
_1313_                  INV_X1                        1.850e-07 1.487e-07 1.431e-08 3.480e-07 ( 0.22%)     0.5320 
_1317_                  INV_X1                        1.849e-07 1.456e-07 1.443e-08 3.450e-07 ( 0.22%)     0.5320 
_0737_                  INV_X1                        1.849e-07 3.073e-07 1.442e-08 5.066e-07 ( 0.32%)     0.5320 
_1393_                  INV_X1                        1.848e-07 1.507e-07 1.433e-08 3.498e-07 ( 0.22%)     0.5320 
_1453_                  INV_X1                        1.845e-07 3.134e-07 1.444e-08 5.124e-07 ( 0.32%)     0.5320 
_0764_                  INV_X1                        1.841e-07 1.569e-07 1.437e-08 3.554e-07 ( 0.22%)     0.5320 
_0746_                  INV_X1                        1.841e-07 3.060e-07 1.433e-08 5.044e-07 ( 0.32%)     0.5320 
_1318_                  INV_X1                        1.840e-07 1.449e-07 1.432e-08 3.433e-07 ( 0.22%)     0.5320 
_1321_                  INV_X1                        1.838e-07 1.448e-07 1.437e-08 3.430e-07 ( 0.22%)     0.5320 
_0877_                  INV_X1                        1.838e-07 1.499e-07 1.207e-08 3.458e-07 ( 0.22%)     0.5320 
_0751_                  INV_X1                        1.837e-07 1.490e-07 1.443e-08 3.472e-07 ( 0.22%)     0.5320 
_1414_                  INV_X1                        1.836e-07 1.565e-07 1.438e-08 3.545e-07 ( 0.22%)     0.5320 
_0937_                  INV_X1                        1.836e-07 1.565e-07 1.423e-08 3.543e-07 ( 0.22%)     0.5320 
_0939_                  INV_X1                        1.836e-07 1.565e-07 1.448e-08 3.546e-07 ( 0.22%)     0.5320 
_0823_                  INV_X1                        1.834e-07 1.496e-07 1.439e-08 3.474e-07 ( 0.22%)     0.5320 
_1446_                  INV_X1                        1.834e-07 1.496e-07 1.425e-08 3.472e-07 ( 0.22%)     0.5320 
_1259_                  AND2_X1                       1.833e-07 5.707e-08 2.495e-08 2.654e-07 ( 0.17%)     1.0640 
_1403_                  INV_X1                        1.830e-07 3.109e-07 1.441e-08 5.083e-07 ( 0.32%)     0.5320 
_1319_                  INV_X1                        1.829e-07 1.440e-07 1.440e-08 3.413e-07 ( 0.21%)     0.5320 
_0862_                  INV_X1                        1.829e-07 1.558e-07 1.443e-08 3.531e-07 ( 0.22%)     0.5320 
_1430_                  INV_X1                        1.826e-07 3.035e-07 1.440e-08 5.005e-07 ( 0.31%)     0.5320 
_0944_                  INV_X1                        1.825e-07 1.556e-07 1.431e-08 3.524e-07 ( 0.22%)     0.5320 
_0946_                  INV_X1                        1.825e-07 1.556e-07 1.440e-08 3.525e-07 ( 0.22%)     0.5320 
_0886_                  INV_X1                        1.825e-07 1.555e-07 1.221e-08 3.502e-07 ( 0.22%)     0.5320 
_0948_                  INV_X1                        1.824e-07 1.487e-07 1.431e-08 3.454e-07 ( 0.22%)     0.5320 
_1114_                  AND2_X1                       1.822e-07 9.099e-08 2.977e-08 3.030e-07 ( 0.19%)     1.0640 
_0728_                  INV_X1                        1.822e-07 1.544e-07 1.429e-08 3.509e-07 ( 0.22%)     0.5320 
_0794_                  INV_X1                        1.822e-07 3.094e-07 1.440e-08 5.060e-07 ( 0.32%)     0.5320 
_1448_                  INV_X1                        1.822e-07 1.552e-07 1.423e-08 3.516e-07 ( 0.22%)     0.5320 
_0770_                  INV_X1                        1.817e-07 3.087e-07 1.427e-08 5.047e-07 ( 0.32%)     0.5320 
_1382_                  INV_X1                        1.816e-07 1.547e-07 1.437e-08 3.507e-07 ( 0.22%)     0.5320 
_0825_                  INV_X1                        1.815e-07 1.547e-07 1.430e-08 3.505e-07 ( 0.22%)     0.5320 
_1401_                  INV_X1                        1.814e-07 1.471e-07 1.436e-08 3.428e-07 ( 0.22%)     0.5320 
_1116_                  AND2_X1                       1.813e-07 9.055e-08 2.979e-08 3.017e-07 ( 0.19%)     1.0640 
_0734_                  INV_X1                        1.812e-07 1.536e-07 1.441e-08 3.493e-07 ( 0.22%)     0.5320 
_0840_                  INV_X1                        1.812e-07 1.478e-07 1.432e-08 3.433e-07 ( 0.22%)     0.5320 
_0762_                  INV_X1                        1.811e-07 1.477e-07 1.438e-08 3.432e-07 ( 0.22%)     0.5320 
_1416_                  INV_X1                        1.810e-07 1.534e-07 1.220e-08 3.467e-07 ( 0.22%)     0.5320 
_0895_                  INV_X1                        1.810e-07 1.476e-07 1.429e-08 3.429e-07 ( 0.22%)     0.5320 
_0777_                  INV_X1                        1.809e-07 3.007e-07 1.443e-08 4.960e-07 ( 0.31%)     0.5320 
_0879_                  INV_X1                        1.805e-07 1.539e-07 1.436e-08 3.487e-07 ( 0.22%)     0.5320 
_1162_                  AND2_X1                       1.805e-07 8.565e-08 2.406e-08 2.902e-07 ( 0.18%)     1.0640 
_0889_                  INV_X1                        1.802e-07 1.536e-07 1.441e-08 3.482e-07 ( 0.22%)     0.5320 
_1340_                  INV_X1                        1.801e-07 1.419e-07 1.434e-08 3.363e-07 ( 0.21%)     0.5320 
_1397_                  INV_X1                        1.798e-07 1.458e-07 1.225e-08 3.379e-07 ( 0.21%)     0.5320 
_1395_                  INV_X1                        1.792e-07 1.527e-07 1.437e-08 3.462e-07 ( 0.22%)     0.5320 
_0766_                  INV_X1                        1.789e-07 1.516e-07 1.220e-08 3.426e-07 ( 0.22%)     0.5320 
_0884_                  INV_X1                        1.788e-07 1.458e-07 1.645e-08 3.411e-07 ( 0.21%)     0.5320 
_1107_                  AND2_X1                       1.781e-07 8.892e-08 2.986e-08 2.968e-07 ( 0.19%)     1.0640 
_1138_                  AND2_X1                       1.780e-07 8.931e-08 2.978e-08 2.971e-07 ( 0.19%)     1.0640 
_0814_                  INV_X1                        1.779e-07 1.516e-07 1.432e-08 3.438e-07 ( 0.22%)     0.5320 
_0842_                  INV_X1                        1.777e-07 1.515e-07 1.437e-08 3.435e-07 ( 0.22%)     0.5320 
_1101_                  AND2_X1                       1.767e-07 1.438e-07 2.980e-08 3.503e-07 ( 0.22%)     1.0640 
_0812_                  INV_X1                        1.766e-07 1.440e-07 1.440e-08 3.351e-07 ( 0.21%)     0.5320 
_1103_                  AND2_X1                       1.762e-07 5.473e-08 2.503e-08 2.559e-07 ( 0.16%)     1.0640 
_0844_                  INV_X1                        1.760e-07 1.492e-07 1.222e-08 3.374e-07 ( 0.21%)     0.5320 
_1104_                  AND2_X1                       1.759e-07 5.473e-08 2.503e-08 2.557e-07 ( 0.16%)     1.0640 
_0827_                  INV_X1                        1.745e-07 1.416e-07 1.226e-08 3.284e-07 ( 0.21%)     0.5320 
_1384_                  INV_X1                        1.743e-07 1.414e-07 1.223e-08 3.279e-07 ( 0.21%)     0.5320 
_1380_                  INV_X1                        1.740e-07 1.419e-07 1.434e-08 3.302e-07 ( 0.21%)     0.5320 
_1069_                  AND2_X1                       1.739e-07 5.413e-08 2.540e-08 2.534e-07 ( 0.16%)     1.0640 
_0893_                  INV_X1                        1.739e-07 1.418e-07 1.167e-08 3.274e-07 ( 0.21%)     0.5320 
_0850_                  INV_X1                        1.736e-07 1.416e-07 1.645e-08 3.316e-07 ( 0.21%)     0.5320 
_1070_                  AND2_X1                       1.736e-07 5.175e-08 2.540e-08 2.507e-07 ( 0.16%)     1.0640 
_1245_                  AND2_X1                       1.735e-07 8.194e-08 2.344e-08 2.789e-07 ( 0.18%)     1.0640 
_1243_                  AND2_X1                       1.735e-07 8.194e-08 2.565e-08 2.811e-07 ( 0.18%)     1.0640 
_0870_                  INV_X1                        1.734e-07 1.414e-07 1.648e-08 3.312e-07 ( 0.21%)     0.5320 
_1168_                  AND2_X1                       1.731e-07 8.214e-08 2.396e-08 2.792e-07 ( 0.18%)     1.0640 
_1262_                  AND2_X1                       1.722e-07 8.130e-08 2.602e-08 2.795e-07 ( 0.18%)     1.0640 
_0891_                  INV_X1                        1.719e-07 1.465e-07 1.217e-08 3.305e-07 ( 0.21%)     0.5320 
_1078_                  AND2_X1                       1.713e-07 8.555e-08 2.980e-08 2.867e-07 ( 0.18%)     1.0640 
_0860_                  INV_X1                        1.709e-07 1.394e-07 1.166e-08 3.220e-07 ( 0.20%)     0.5320 
_1090_                  AND2_X1                       1.698e-07 1.379e-07 2.984e-08 3.375e-07 ( 0.21%)     1.0640 
_1067_                  AND2_X1                       1.696e-07 8.471e-08 2.992e-08 2.843e-07 ( 0.18%)     1.0640 
_0873_                  INV_X1                        1.694e-07 1.443e-07 1.170e-08 3.254e-07 ( 0.20%)     0.5320 
_0853_                  INV_X1                        1.690e-07 1.440e-07 1.170e-08 3.247e-07 ( 0.20%)     0.5320 
_1092_                  AND2_X1                       1.689e-07 5.249e-08 2.513e-08 2.465e-07 ( 0.15%)     1.0640 
_1076_                  AND2_X1                       1.684e-07 8.407e-08 2.969e-08 2.821e-07 ( 0.18%)     1.0640 
_1014_                  AND2_X1                       1.671e-07 1.013e-07 2.615e-08 2.945e-07 ( 0.19%)     1.0640 
_1260_                  AND2_X1                       1.660e-07 8.130e-08 2.554e-08 2.728e-07 ( 0.17%)     1.0640 
_1188_                  AND2_X1                       1.650e-07 7.833e-08 2.339e-08 2.668e-07 ( 0.17%)     1.0640 
_1071_                  AND2_X1                       1.635e-07 8.164e-08 2.984e-08 2.750e-07 ( 0.17%)     1.0640 
_1118_                  AND2_X1                       1.634e-07 9.923e-08 2.554e-08 2.882e-07 ( 0.18%)     1.0640 
_1241_                  AND2_X1                       1.634e-07 8.194e-08 2.999e-08 2.753e-07 ( 0.17%)     1.0640 
_1194_                  AND2_X1                       1.630e-07 7.734e-08 2.342e-08 2.637e-07 ( 0.17%)     1.0640 
_1073_                  AND2_X1                       1.629e-07 8.135e-08 2.986e-08 2.741e-07 ( 0.17%)     1.0640 
_1028_                  AND2_X1                       1.624e-07 8.110e-08 2.998e-08 2.735e-07 ( 0.17%)     1.0640 
_1164_                  AND2_X1                       1.621e-07 7.902e-08 2.550e-08 2.666e-07 ( 0.17%)     1.0640 
_0999_                  AND2_X1                       1.619e-07 1.315e-07 3.001e-08 3.234e-07 ( 0.20%)     1.0640 
_1038_                  AND2_X1                       1.617e-07 1.260e-07 2.614e-08 3.139e-07 ( 0.20%)     1.0640 
_1083_                  AND2_X1                       1.615e-07 8.065e-08 2.987e-08 2.720e-07 ( 0.17%)     1.0640 
_1249_                  AND2_X1                       1.610e-07 4.954e-08 2.541e-08 2.360e-07 ( 0.15%)     1.0640 
_1001_                  AND2_X1                       1.607e-07 4.785e-08 2.570e-08 2.343e-07 ( 0.15%)     1.0640 
_0993_                  AND2_X1                       1.598e-07 1.298e-07 3.000e-08 3.197e-07 ( 0.20%)     1.0640 
_1021_                  AND2_X1                       1.595e-07 7.966e-08 2.996e-08 2.692e-07 ( 0.17%)     1.0640 
_1030_                  AND2_X1                       1.592e-07 1.258e-07 2.610e-08 3.112e-07 ( 0.20%)     1.0640 
_0995_                  AND2_X1                       1.591e-07 4.942e-08 2.567e-08 2.341e-07 ( 0.15%)     1.0640 
_1006_                  AND2_X1                       1.588e-07 4.942e-08 2.570e-08 2.339e-07 ( 0.15%)     1.0640 
_0967_                  AND2_X1                       1.587e-07 4.734e-08 2.574e-08 2.318e-07 ( 0.15%)     1.0640 
_1025_                  AND2_X1                       1.580e-07 9.605e-08 2.614e-08 2.802e-07 ( 0.18%)     1.0640 
_0996_                  AND2_X1                       1.574e-07 9.580e-08 2.619e-08 2.794e-07 ( 0.18%)     1.0640 
_0984_                  AND2_X1                       1.573e-07 4.894e-08 2.452e-08 2.308e-07 ( 0.15%)     1.0640 
_1075_                  AND2_X1                       1.566e-07 9.505e-08 2.575e-08 2.774e-07 ( 0.17%)     1.0640 
_1196_                  AND2_X1                       1.565e-07 5.024e-08 2.616e-08 2.329e-07 ( 0.15%)     1.0640 
_1023_                  AND2_X1                       1.564e-07 7.808e-08 2.998e-08 2.644e-07 ( 0.17%)     1.0640 
_1190_                  AND2_X1                       1.561e-07 7.620e-08 2.620e-08 2.585e-07 ( 0.16%)     1.0640 
_1252_                  AND2_X1                       1.557e-07 5.182e-08 3.000e-08 2.376e-07 ( 0.15%)     1.0640 
_1012_                  AND2_X1                       1.555e-07 7.763e-08 3.000e-08 2.631e-07 ( 0.17%)     1.0640 
_1034_                  AND2_X1                       1.554e-07 7.759e-08 3.001e-08 2.630e-07 ( 0.17%)     1.0640 
_0965_                  AND2_X1                       1.552e-07 7.749e-08 3.002e-08 2.627e-07 ( 0.17%)     1.0640 
_1004_                  AND2_X1                       1.549e-07 7.734e-08 3.001e-08 2.622e-07 ( 0.16%)     1.0640 
_0986_                  AND2_X1                       1.547e-07 7.724e-08 2.997e-08 2.619e-07 ( 0.16%)     1.0640 
_1087_                  AND2_X1                       1.545e-07 4.927e-08 2.945e-08 2.332e-07 ( 0.15%)     1.0640 
_1026_                  AND2_X1                       1.545e-07 7.714e-08 3.001e-08 2.616e-07 ( 0.16%)     1.0640 
_1020_                  AND2_X1                       1.538e-07 4.906e-08 2.970e-08 2.326e-07 ( 0.15%)     1.0640 
_1093_                  AND2_X1                       1.535e-07 9.336e-08 2.565e-08 2.725e-07 ( 0.17%)     1.0640 
_0981_                  AND2_X1                       1.533e-07 7.655e-08 3.002e-08 2.599e-07 ( 0.16%)     1.0640 
_1045_                  AND2_X1                       1.529e-07 9.630e-08 2.971e-08 2.790e-07 ( 0.18%)     1.0640 
_1007_                  AND2_X1                       1.528e-07 4.913e-08 2.621e-08 2.281e-07 ( 0.14%)     1.0640 
_0983_                  AND2_X1                       1.523e-07 4.894e-08 2.624e-08 2.275e-07 ( 0.14%)     1.0640 
_1140_                  AND2_X1                       1.522e-07 4.901e-08 2.550e-08 2.267e-07 ( 0.14%)     1.0640 
_1010_                  AND2_X1                       1.513e-07 7.556e-08 3.006e-08 2.569e-07 ( 0.16%)     1.0640 
_1036_                  AND2_X1                       1.513e-07 7.556e-08 2.999e-08 2.569e-07 ( 0.16%)     1.0640 
_1211_                  AND2_X1                       1.513e-07 7.635e-08 2.960e-08 2.573e-07 ( 0.16%)     1.0640 
_1247_                  AND2_X1                       1.511e-07 5.027e-08 3.005e-08 2.314e-07 ( 0.15%)     1.0640 
_0968_                  AND2_X1                       1.509e-07 7.536e-08 3.001e-08 2.563e-07 ( 0.16%)     1.0640 
_1080_                  AND2_X1                       1.506e-07 9.340e-08 2.560e-08 2.696e-07 ( 0.17%)     1.0640 
_0973_                  AND2_X1                       1.502e-07 4.631e-08 2.621e-08 2.227e-07 ( 0.14%)     1.0640 
_1203_                  AND2_X1                       1.502e-07 4.828e-08 2.621e-08 2.247e-07 ( 0.14%)     1.0640 
_0979_                  AND2_X1                       1.484e-07 7.412e-08 3.004e-08 2.526e-07 ( 0.16%)     1.0640 
_0990_                  AND2_X1                       1.480e-07 4.719e-08 2.935e-08 2.245e-07 ( 0.14%)     1.0640 
_1170_                  AND2_X1                       1.474e-07 4.730e-08 2.565e-08 2.203e-07 ( 0.14%)     1.0640 
_1226_                  AND2_X1                       1.473e-07 4.888e-08 2.918e-08 2.254e-07 ( 0.14%)     1.0640 
_1057_                  AND2_X1                       1.466e-07 4.879e-08 2.971e-08 2.251e-07 ( 0.14%)     1.0640 
_0972_                  AND2_X1                       1.447e-07 4.815e-08 2.930e-08 2.222e-07 ( 0.14%)     1.0640 
_1208_                  AND2_X1                       1.441e-07 4.790e-08 2.958e-08 2.216e-07 ( 0.14%)     1.0640 
_0900_                  AND2_X1                       1.416e-07 6.685e-08 2.821e-08 2.366e-07 ( 0.15%)     1.0640 
_0898_                  AND2_X1                       1.397e-07 6.685e-08 2.159e-08 2.282e-07 ( 0.14%)     1.0640 
_0952_                  AND2_X1                       1.375e-07 4.395e-08 2.167e-08 2.031e-07 ( 0.13%)     1.0640 
_1197_                  AND2_X1                       1.292e-07 4.136e-08 2.475e-08 1.953e-07 ( 0.12%)     1.0640 
_1248_                  AND2_X1                       1.158e-07 3.531e-08 2.348e-08 1.746e-07 ( 0.11%)     1.0640 
_1105_                  AND2_X1                       1.154e-07 3.728e-08 2.578e-08 1.785e-07 ( 0.11%)     1.0640 
_1213_                  AND2_X1                       1.130e-07 3.630e-08 2.487e-08 1.742e-07 ( 0.11%)     1.0640 
_1008_                  AND2_X1                       1.116e-07 3.592e-08 2.505e-08 1.726e-07 ( 0.11%)     1.0640 
_1253_                  AND2_X1                       1.096e-07 3.506e-08 2.371e-08 1.684e-07 ( 0.11%)     1.0640 
_0985_                  AND2_X1                       1.088e-07 3.355e-08 2.506e-08 1.674e-07 ( 0.11%)     1.0640 
_1166_                  AND2_X1                       1.086e-07 5.344e-08 2.640e-08 1.884e-07 ( 0.12%)     1.0640 
_1032_                  AND2_X1                       1.082e-07 3.484e-08 2.479e-08 1.679e-07 ( 0.11%)     1.0640 
_1198_                  AND2_X1                       1.055e-07 5.067e-08 2.380e-08 1.800e-07 ( 0.11%)     1.0640 
_1201_                  AND2_X1                       1.005e-07 5.067e-08 2.927e-08 1.805e-07 ( 0.11%)     1.0640 
_1173_                  AND2_X1                       1.004e-07 4.740e-08 2.680e-08 1.746e-07 ( 0.11%)     1.0640 
_1171_                  AND2_X1                       9.864e-08 4.740e-08 2.367e-08 1.697e-07 ( 0.11%)     1.0640 
_1214_                  AND2_X1                       9.433e-08 4.532e-08 2.348e-08 1.631e-07 ( 0.10%)     1.0640 
_1206_                  AND2_X1                       9.327e-08 4.404e-08 2.594e-08 1.632e-07 ( 0.10%)     1.0640 
_1209_                  AND2_X1                       9.117e-08 4.468e-08 2.539e-08 1.612e-07 ( 0.10%)     1.0640 
_1204_                  AND2_X1                       9.023e-08 4.404e-08 2.515e-08 1.594e-07 ( 0.10%)     1.0640 
_1219_                  AND2_X1                       8.993e-08 4.532e-08 2.923e-08 1.645e-07 ( 0.10%)     1.0640 
_1009_                  AND2_X1                       8.971e-08 5.455e-08 2.384e-08 1.681e-07 ( 0.11%)     1.0640 
_1033_                  AND2_X1                       8.937e-08 2.757e-08 2.369e-08 1.406e-07 ( 0.09%)     1.0640 
_1192_                  AND2_X1                       8.810e-08 4.310e-08 2.525e-08 1.564e-07 ( 0.10%)     1.0640 
_0875_                  INV_X1                        8.659e-08 7.380e-08 1.063e-08 1.710e-07 ( 0.11%)     0.5320 
_1221_                  AND2_X1                       8.650e-08 4.236e-08 2.343e-08 1.523e-07 ( 0.10%)     1.0640 
_1081_                  AND2_X1                       8.630e-08 2.773e-08 2.346e-08 1.375e-07 ( 0.09%)     1.0640 
_0858_                  INV_X1                        8.552e-08 6.973e-08 1.064e-08 1.659e-07 ( 0.10%)     0.5320 
_1058_                  AND2_X1                       8.434e-08 2.707e-08 2.503e-08 1.364e-07 ( 0.09%)     1.0640 
_1223_                  AND2_X1                       8.304e-08 2.763e-08 3.009e-08 1.408e-07 ( 0.09%)     1.0640 
_1059_                  AND2_X1                       8.284e-08 5.043e-08 2.344e-08 1.567e-07 ( 0.10%)     1.0640 
_0848_                  INV_X1                        8.237e-08 6.717e-08 1.066e-08 1.602e-07 ( 0.10%)     0.5320 
_0904_                  AND2_X1                       8.174e-08 3.859e-08 2.833e-08 1.487e-07 ( 0.09%)     1.0640 
_0881_                  AND2_X1                       8.109e-08 3.899e-08 2.265e-08 1.427e-07 ( 0.09%)     1.0640 
_0902_                  AND2_X1                       8.072e-08 3.859e-08 2.077e-08 1.401e-07 ( 0.09%)     1.0640 
_1282_                  INV_X1                        8.052e-08 6.139e-08 1.434e-08 1.562e-07 ( 0.10%)     0.5320 
_1227_                  AND2_X1                       7.933e-08 2.555e-08 2.670e-08 1.316e-07 ( 0.08%)     1.0640 
_1186_                  AND2_X1                       7.906e-08 3.998e-08 3.012e-08 1.492e-07 ( 0.09%)     1.0640 
_1124_                  INV_X1                        7.627e-08 1.268e-07 1.433e-08 2.174e-07 ( 0.14%)     0.5320 
_1256_                  INV_X1                        7.535e-08 6.422e-08 1.437e-08 1.539e-07 ( 0.10%)     0.5320 
_1258_                  INV_X1                        7.529e-08 6.139e-08 1.433e-08 1.510e-07 ( 0.09%)     0.5320 
_1284_                  INV_X1                        7.493e-08 5.713e-08 1.405e-08 1.461e-07 ( 0.09%)     0.5320 
_1287_                  INV_X1                        7.453e-08 5.559e-08 1.395e-08 1.441e-07 ( 0.09%)     0.5320 
_1285_                  INV_X1                        7.449e-08 5.680e-08 1.394e-08 1.452e-07 ( 0.09%)     0.5320 
_1286_                  INV_X1                        7.416e-08 5.532e-08 1.387e-08 1.433e-07 ( 0.09%)     0.5320 
_1082_                  AND2_X1                       7.293e-08 2.228e-08 2.213e-08 1.173e-07 ( 0.07%)     1.0640 
_1288_                  INV_X1                        7.283e-08 5.432e-08 1.362e-08 1.408e-07 ( 0.09%)     0.5320 
_1175_                  AND2_X1                       7.262e-08 3.548e-08 2.248e-08 1.306e-07 ( 0.08%)     1.0640 
_1283_                  INV_X1                        7.156e-08 5.456e-08 1.392e-08 1.400e-07 ( 0.09%)     0.5320 
_1137_                  INV_X1                        7.099e-08 1.206e-07 1.405e-08 2.056e-07 ( 0.13%)     0.5320 
_1120_                  INV_X1                        7.058e-08 1.199e-07 1.394e-08 2.044e-07 ( 0.13%)     0.5320 
_1178_                  AND2_X1                       7.039e-08 3.548e-08 2.882e-08 1.347e-07 ( 0.08%)     1.0640 
_1238_                  INV_X1                        7.012e-08 5.976e-08 1.465e-08 1.445e-07 ( 0.09%)     0.5320 
_1293_                  INV_X1                        7.007e-08 5.226e-08 1.385e-08 1.362e-07 ( 0.09%)     0.5320 
_1240_                  INV_X1                        7.006e-08 5.713e-08 1.405e-08 1.412e-07 ( 0.09%)     0.5320 
_1289_                  INV_X1                        6.942e-08 5.232e-08 1.383e-08 1.356e-07 ( 0.09%)     0.5320 
_1290_                  INV_X1                        6.938e-08 5.175e-08 1.343e-08 1.346e-07 ( 0.08%)     0.5320 
_1294_                  INV_X1                        6.886e-08 5.136e-08 1.426e-08 1.345e-07 ( 0.08%)     0.5320 
_1115_                  INV_X1                        6.817e-08 5.559e-08 1.394e-08 1.377e-07 ( 0.09%)     0.5320 
_1117_                  INV_X1                        6.789e-08 5.786e-08 1.387e-08 1.396e-07 ( 0.09%)     0.5320 
_1139_                  INV_X1                        6.781e-08 1.177e-07 1.392e-08 1.994e-07 ( 0.13%)     0.5320 
_1108_                  INV_X1                        6.748e-08 1.121e-07 1.362e-08 1.933e-07 ( 0.12%)     0.5320 
_1291_                  INV_X1                        6.727e-08 5.018e-08 1.372e-08 1.312e-07 ( 0.08%)     0.5320 
_1296_                  INV_X1                        6.687e-08 4.988e-08 1.371e-08 1.305e-07 ( 0.08%)     0.5320 
_1295_                  INV_X1                        6.663e-08 4.969e-08 1.364e-08 1.300e-07 ( 0.08%)     0.5320 
_1297_                  INV_X1                        6.642e-08 4.954e-08 1.321e-08 1.292e-07 ( 0.08%)     0.5320 
_1292_                  INV_X1                        6.606e-08 4.927e-08 1.361e-08 1.289e-07 ( 0.08%)     0.5320 
_1281_                  INV_X1                        6.565e-08 5.006e-08 1.316e-08 1.289e-07 ( 0.08%)     0.5320 
_1302_                  INV_X1                        6.525e-08 4.867e-08 1.329e-08 1.272e-07 ( 0.08%)     0.5320 
_1102_                  INV_X1                        6.458e-08 5.473e-08 1.383e-08 1.331e-07 ( 0.08%)     0.5320 
_1068_                  INV_X1                        6.430e-08 1.092e-07 1.343e-08 1.870e-07 ( 0.12%)     0.5320 
_1163_                  INV_X1                        6.422e-08 5.473e-08 1.383e-08 1.328e-07 ( 0.08%)     0.5320 
_1305_                  INV_X1                        6.415e-08 4.785e-08 1.310e-08 1.251e-07 ( 0.08%)     0.5320 
_1079_                  INV_X1                        6.415e-08 5.467e-08 1.385e-08 1.327e-07 ( 0.08%)     0.5320 
_1301_                  INV_X1                        6.395e-08 4.770e-08 1.319e-08 1.248e-07 ( 0.08%)     0.5320 
_1303_                  INV_X1                        6.359e-08 4.743e-08 1.313e-08 1.241e-07 ( 0.08%)     0.5320 
_1300_                  INV_X1                        6.355e-08 4.740e-08 1.309e-08 1.240e-07 ( 0.08%)     0.5320 
_1306_                  INV_X1                        6.346e-08 4.734e-08 1.305e-08 1.239e-07 ( 0.08%)     0.5320 
_1307_                  INV_X1                        6.334e-08 4.725e-08 1.314e-08 1.237e-07 ( 0.08%)     0.5320 
_1310_                  INV_X1                        6.334e-08 4.725e-08 1.310e-08 1.237e-07 ( 0.08%)     0.5320 
_1308_                  INV_X1                        6.326e-08 4.719e-08 1.325e-08 1.237e-07 ( 0.08%)     0.5320 
_1298_                  INV_X1                        6.318e-08 4.712e-08 1.310e-08 1.234e-07 ( 0.08%)     0.5320 
_1077_                  INV_X1                        6.298e-08 5.136e-08 1.426e-08 1.286e-07 ( 0.08%)     0.5320 
_1309_                  INV_X1                        6.269e-08 4.676e-08 1.305e-08 1.225e-07 ( 0.08%)     0.5320 
_1091_                  INV_X1                        6.193e-08 5.249e-08 1.372e-08 1.281e-07 ( 0.08%)     0.5320 
_1299_                  INV_X1                        6.188e-08 4.616e-08 1.316e-08 1.212e-07 ( 0.08%)     0.5320 
_1304_                  INV_X1                        6.188e-08 4.616e-08 1.293e-08 1.210e-07 ( 0.08%)     0.5320 
_1311_                  INV_X1                        6.172e-08 4.604e-08 1.309e-08 1.208e-07 ( 0.08%)     0.5320 
_1169_                  INV_X1                        6.159e-08 5.249e-08 1.372e-08 1.278e-07 ( 0.08%)     0.5320 
_1242_                  INV_X1                        6.144e-08 5.236e-08 1.316e-08 1.270e-07 ( 0.08%)     0.5320 
_1244_                  INV_X1                        6.144e-08 5.236e-08 1.555e-08 1.293e-07 ( 0.08%)     0.5320 
_1246_                  INV_X1                        6.138e-08 5.006e-08 1.316e-08 1.246e-07 ( 0.08%)     0.5320 
_1084_                  INV_X1                        6.121e-08 1.017e-07 1.361e-08 1.765e-07 ( 0.11%)     0.5320 
_1072_                  INV_X1                        6.116e-08 4.988e-08 1.371e-08 1.247e-07 ( 0.08%)     0.5320 
_1074_                  INV_X1                        6.099e-08 5.198e-08 1.364e-08 1.266e-07 ( 0.08%)     0.5320 
_1261_                  INV_X1                        6.096e-08 5.195e-08 1.275e-08 1.257e-07 ( 0.08%)     0.5320 
_1263_                  INV_X1                        6.095e-08 5.195e-08 1.595e-08 1.289e-07 ( 0.08%)     0.5320 
_1029_                  INV_X1                        6.081e-08 5.182e-08 1.320e-08 1.258e-07 ( 0.08%)     0.5320 
_1312_                  INV_X1                        6.071e-08 4.528e-08 1.299e-08 1.190e-07 ( 0.07%)     0.5320 
_1182_                  AND2_X1                       6.057e-08 2.860e-08 2.743e-08 1.166e-07 ( 0.07%)     1.0640 
_1022_                  INV_X1                        6.046e-08 1.005e-07 1.329e-08 1.742e-07 ( 0.11%)     0.5320 
_1265_                  AND2_X1                       5.986e-08 1.900e-08 2.344e-08 1.023e-07 ( 0.06%)     1.0640 
_1106_                  AND2_X1                       5.926e-08 3.607e-08 2.299e-08 1.183e-07 ( 0.07%)     1.0640 
_1165_                  INV_X1                        5.925e-08 5.049e-08 1.328e-08 1.230e-07 ( 0.08%)     0.5320 
_1000_                  INV_X1                        5.906e-08 5.005e-08 1.310e-08 1.222e-07 ( 0.08%)     0.5320 
_0966_                  INV_X1                        5.882e-08 9.991e-08 1.305e-08 1.718e-07 ( 0.11%)     0.5320 
_1189_                  INV_X1                        5.873e-08 5.005e-08 1.310e-08 1.219e-07 ( 0.08%)     0.5320 
_1005_                  INV_X1                        5.872e-08 1.019e-07 1.310e-08 1.737e-07 ( 0.11%)     0.5320 
_1180_                  AND2_X1                       5.869e-08 2.860e-08 2.187e-08 1.092e-07 ( 0.07%)     1.0640 
_0987_                  INV_X1                        5.862e-08 9.742e-08 1.325e-08 1.693e-07 ( 0.11%)     0.5320 
_1024_                  INV_X1                        5.854e-08 4.989e-08 1.319e-08 1.216e-07 ( 0.08%)     0.5320 
_0994_                  INV_X1                        5.831e-08 4.942e-08 1.314e-08 1.209e-07 ( 0.08%)     0.5320 
_1013_                  INV_X1                        5.821e-08 4.961e-08 1.313e-08 1.210e-07 ( 0.08%)     0.5320 
_1035_                  INV_X1                        5.812e-08 4.740e-08 1.309e-08 1.186e-07 ( 0.07%)     0.5320 
_0982_                  INV_X1                        5.811e-08 9.870e-08 1.305e-08 1.699e-07 ( 0.11%)     0.5320 
_1195_                  INV_X1                        5.799e-08 4.942e-08 1.314e-08 1.205e-07 ( 0.08%)     0.5320 
_1027_                  INV_X1                        5.779e-08 4.712e-08 1.310e-08 1.180e-07 ( 0.07%)     0.5320 
_1039_                  INV_X1                        5.751e-08 4.664e-08 1.415e-08 1.183e-07 ( 0.07%)     0.5320 
_1212_                  INV_X1                        5.724e-08 4.879e-08 1.455e-08 1.206e-07 ( 0.08%)     0.5320 
_0969_                  INV_X1                        5.719e-08 9.505e-08 1.309e-08 1.653e-07 ( 0.10%)     0.5320 
_1191_                  INV_X1                        5.713e-08 4.869e-08 1.422e-08 1.200e-07 ( 0.08%)     0.5320 
_1037_                  INV_X1                        5.665e-08 4.828e-08 1.316e-08 1.181e-07 ( 0.07%)     0.5320 
_1011_                  INV_X1                        5.660e-08 4.616e-08 1.293e-08 1.157e-07 ( 0.07%)     0.5320 
_1160_                  AND2_X1                       5.656e-08 2.860e-08 3.054e-08 1.157e-07 ( 0.07%)     1.0640 
_1031_                  INV_X1                        5.647e-08 4.579e-08 1.408e-08 1.163e-07 ( 0.07%)     0.5320 
_0980_                  INV_X1                        5.625e-08 9.349e-08 1.299e-08 1.627e-07 ( 0.10%)     0.5320 
_0899_                  INV_X1                        5.012e-08 4.272e-08 1.038e-08 1.032e-07 ( 0.06%)     0.5320 
_0901_                  INV_X1                        5.012e-08 4.272e-08 1.833e-08 1.112e-07 ( 0.07%)     0.5320 
_1254_                  AND2_X1                       4.672e-08 1.502e-08 2.264e-08 8.437e-08 ( 0.05%)     1.0640 
_1280_                  INV_X1                        4.266e-08 1.030e-07 1.112e-08 1.568e-07 ( 0.10%)     0.5320 
_1167_                  INV_X1                        4.003e-08 3.265e-08 1.147e-08 8.415e-08 ( 0.05%)     0.5320 
_1199_                  INV_X1                        3.796e-08 3.095e-08 1.297e-08 8.188e-08 ( 0.05%)     0.5320 
_1202_                  INV_X1                        3.796e-08 3.095e-08 1.573e-08 8.464e-08 ( 0.05%)     0.5320 
_1172_                  INV_X1                        3.554e-08 3.029e-08 1.191e-08 7.774e-08 ( 0.05%)     0.5320 
_1174_                  INV_X1                        3.554e-08 3.029e-08 1.679e-08 8.263e-08 ( 0.05%)     0.5320 
_1220_                  INV_X1                        3.398e-08 2.896e-08 1.588e-08 7.882e-08 ( 0.05%)     0.5320 
_1215_                  INV_X1                        3.395e-08 2.769e-08 1.283e-08 7.447e-08 ( 0.05%)     0.5320 
_1210_                  INV_X1                        3.347e-08 2.730e-08 1.115e-08 7.192e-08 ( 0.05%)     0.5320 
_1205_                  INV_X1                        3.302e-08 2.814e-08 1.284e-08 7.400e-08 ( 0.05%)     0.5320 
_1207_                  INV_X1                        3.299e-08 2.690e-08 1.587e-08 7.576e-08 ( 0.05%)     0.5320 
_1193_                  INV_X1                        3.229e-08 2.633e-08 1.103e-08 6.964e-08 ( 0.04%)     0.5320 
_0906_                  AND2_X1                       3.186e-08 1.534e-08 2.057e-08 6.777e-08 ( 0.04%)     1.0640 
_1222_                  INV_X1                        3.173e-08 2.587e-08 1.276e-08 7.036e-08 ( 0.04%)     0.5320 
_0743_                  AND2_X1                       3.050e-08 9.802e-09 2.099e-08 6.130e-08 ( 0.04%)     1.0640 
_1187_                  INV_X1                        2.995e-08 2.442e-08 1.272e-08 6.709e-08 ( 0.04%)     0.5320 
_0882_                  INV_X1                        2.923e-08 2.491e-08 1.023e-08 6.438e-08 ( 0.04%)     0.5320 
_0903_                  INV_X1                        2.894e-08 2.466e-08 1.025e-08 6.385e-08 ( 0.04%)     0.5320 
_0905_                  INV_X1                        2.894e-08 2.466e-08 1.846e-08 7.206e-08 ( 0.05%)     0.5320 
_1264_                  AND2_X1                       2.893e-08 8.947e-09 2.171e-08 5.959e-08 ( 0.04%)     1.0640 
_1179_                  INV_X1                        2.660e-08 2.267e-08 1.733e-08 6.660e-08 ( 0.04%)     0.5320 
_1176_                  INV_X1                        2.658e-08 2.167e-08 1.138e-08 5.963e-08 ( 0.04%)     0.5320 
_0909_                  AND2_X1                       2.591e-08 1.227e-08 2.066e-08 5.884e-08 ( 0.04%)     1.0640 
_1268_                  AND2_X1                       2.557e-08 1.207e-08 2.781e-08 6.545e-08 ( 0.04%)     1.0640 
_1428_                  AND2_X1                       2.542e-08 1.548e-08 2.100e-08 6.190e-08 ( 0.04%)     1.0640 
_1266_                  AND2_X1                       2.477e-08 1.207e-08 2.187e-08 5.871e-08 ( 0.04%)     1.0640 
_0887_                  AND2_X1                       2.398e-08 7.496e-09 2.780e-08 5.928e-08 ( 0.04%)     1.0640 
_0908_                  AND2_X1                       2.356e-08 7.841e-09 3.084e-08 6.224e-08 ( 0.04%)     1.0640 
_1183_                  INV_X1                        2.144e-08 1.828e-08 1.749e-08 5.720e-08 ( 0.04%)     0.5320 
_1181_                  INV_X1                        2.144e-08 1.828e-08 1.122e-08 5.094e-08 ( 0.03%)     0.5320 
_1161_                  INV_X1                        2.143e-08 1.747e-08 1.122e-08 5.012e-08 ( 0.03%)     0.5320 
_0953_                  AND2_X1                       1.441e-08 4.616e-09 2.068e-08 3.971e-08 ( 0.02%)     1.0640 
_0907_                  INV_X1                        1.149e-08 9.371e-09 1.015e-08 3.101e-08 ( 0.02%)     0.5320 
_0910_                  INV_X1                        9.201e-09 7.841e-09 1.014e-08 2.718e-08 ( 0.02%)     0.5320 
_1269_                  INV_X1                        9.162e-09 1.523e-08 1.789e-08 4.228e-08 ( 0.03%)     0.5320 
_1267_                  INV_X1                        9.052e-09 7.715e-09 1.081e-08 2.758e-08 ( 0.02%)     0.5320 
_1224_                  AND2_X1                       8.818e-09 4.255e-09 2.329e-08 3.637e-08 ( 0.02%)     1.0640 
_1225_                  INV_X1                        3.191e-09 2.719e-09 1.019e-08 1.610e-08 ( 0.01%)     0.5320 
_0954_                  AND2_X1                       2.585e-09 8.221e-10 2.036e-08 2.377e-08 ( 0.01%)     1.0640 
_0744_                  AND2_X1                       2.460e-09 1.498e-09 2.039e-08 2.435e-08 ( 0.02%)     1.0640 
_0867_                  AND2_X1                       2.348e-09 1.188e-09 3.085e-08 3.439e-08 ( 0.02%)     1.0640 
_0911_                  AND2_X1                       2.281e-09 7.588e-10 3.079e-08 3.383e-08 ( 0.02%)     1.0640 
_0958_                  AND2_X1                       1.677e-09 7.917e-10 2.847e-08 3.093e-08 ( 0.02%)     1.0640 
_0956_                  AND2_X1                       1.651e-09 7.917e-10 2.036e-08 2.280e-08 ( 0.01%)     1.0640 
_0955_                  AND2_X1                       1.571e-09 5.059e-10 2.033e-08 2.240e-08 ( 0.01%)     1.0640 
_0868_                  INV_X1                        8.896e-10 7.255e-10 1.010e-08 1.172e-08 ( 0.01%)     0.5320 
_0957_                  INV_X1                        5.936e-10 5.059e-10 1.010e-08 1.120e-08 ( 0.01%)     0.5320 
_0959_                  INV_X1                        5.931e-10 4.836e-10 1.860e-08 1.968e-08 ( 0.01%)     0.5320 
_0726_                  INV_X1                           0.0000    0.0000 1.010e-08 1.010e-08 ( 0.01%)     0.5320 
_0731_                  AND2_X1                          0.0000    0.0000 2.048e-08 2.048e-08 ( 0.01%)     1.0640 
_0732_                  INV_X1                           0.0000    0.0000 1.010e-08 1.010e-08 ( 0.01%)     0.5320 
_0738_                  AND2_X1                          0.0000    0.0000 2.047e-08 2.047e-08 ( 0.01%)     1.0640 
_0739_                  INV_X1                           0.0000    0.0000 1.010e-08 1.010e-08 ( 0.01%)     0.5320 
_0747_                  AND2_X1                          0.0000    0.0000 2.047e-08 2.047e-08 ( 0.01%)     1.0640 
_0748_                  INV_X1                           0.0000    0.0000 1.010e-08 1.010e-08 ( 0.01%)     0.5320 
_0752_                  AND2_X1                          0.0000    0.0000 2.047e-08 2.047e-08 ( 0.01%)     1.0640 
_0753_                  INV_X1                           0.0000    0.0000 1.010e-08 1.010e-08 ( 0.01%)     0.5320 
_0754_                  AND2_X1                          0.0000    0.0000 2.047e-08 2.047e-08 ( 0.01%)     1.0640 
_0755_                  INV_X1                           0.0000    0.0000 1.010e-08 1.010e-08 ( 0.01%)     0.5320 
_0759_                  AND2_X1                          0.0000    0.0000 2.047e-08 2.047e-08 ( 0.01%)     1.0640 
_0760_                  INV_X1                           0.0000    0.0000 1.010e-08 1.010e-08 ( 0.01%)     0.5320 
_0771_                  AND2_X1                          0.0000    0.0000 2.048e-08 2.048e-08 ( 0.01%)     1.0640 
_0772_                  INV_X1                           0.0000    0.0000 1.010e-08 1.010e-08 ( 0.01%)     0.5320 
_0773_                  AND2_X1                          0.0000    0.0000 2.047e-08 2.047e-08 ( 0.01%)     1.0640 
_0774_                  INV_X1                           0.0000    0.0000 1.010e-08 1.010e-08 ( 0.01%)     0.5320 
_0775_                  AND2_X1                          0.0000    0.0000 2.847e-08 2.847e-08 ( 0.02%)     1.0640 
_0778_                  AND2_X1                          0.0000    0.0000 2.047e-08 2.047e-08 ( 0.01%)     1.0640 
_0779_                  INV_X1                           0.0000    0.0000 1.010e-08 1.010e-08 ( 0.01%)     0.5320 
_0780_                  AND2_X1                          0.0000    0.0000 2.048e-08 2.048e-08 ( 0.01%)     1.0640 
_0781_                  INV_X1                           0.0000    0.0000 1.010e-08 1.010e-08 ( 0.01%)     0.5320 
_0784_                  AND2_X1                          0.0000    0.0000 2.524e-08 2.524e-08 ( 0.02%)     1.0640 
_0785_                  INV_X1                           0.0000    0.0000 1.010e-08 1.010e-08 ( 0.01%)     0.5320 
_0786_                  AND2_X1                          0.0000    0.0000 2.046e-08 2.046e-08 ( 0.01%)     1.0640 
_0787_                  INV_X1                           0.0000    0.0000 1.010e-08 1.010e-08 ( 0.01%)     0.5320 
_0788_                  AND2_X1                          0.0000    0.0000 2.047e-08 2.047e-08 ( 0.01%)     1.0640 
_0789_                  INV_X1                           0.0000    0.0000 1.010e-08 1.010e-08 ( 0.01%)     0.5320 
_0790_                  AND2_X1                          0.0000    0.0000 2.847e-08 2.847e-08 ( 0.02%)     1.0640 
_0791_                  AND2_X1                          0.0000    0.0000 2.847e-08 2.847e-08 ( 0.02%)     1.0640 
_0792_                  INV_X1                           0.0000    0.0000 1.860e-08 1.860e-08 ( 0.01%)     0.5320 
_0798_                  AND2_X1                          0.0000    0.0000 2.285e-08 2.285e-08 ( 0.01%)     1.0640 
_0799_                  INV_X1                           0.0000    0.0000 1.010e-08 1.010e-08 ( 0.01%)     0.5320 
_0800_                  AND2_X1                          0.0000    0.0000 2.847e-08 2.847e-08 ( 0.02%)     1.0640 
_0801_                  INV_X1                           0.0000    0.0000 1.860e-08 1.860e-08 ( 0.01%)     0.5320 
_0802_                  AND2_X1                          0.0000    0.0000 2.047e-08 2.047e-08 ( 0.01%)     1.0640 
_0803_                  INV_X1                           0.0000    0.0000 1.010e-08 1.010e-08 ( 0.01%)     0.5320 
_0804_                  AND2_X1                          0.0000    0.0000 2.047e-08 2.047e-08 ( 0.01%)     1.0640 
_0805_                  INV_X1                           0.0000    0.0000 1.010e-08 1.010e-08 ( 0.01%)     0.5320 
_0806_                  AND2_X1                          0.0000    0.0000 2.047e-08 2.047e-08 ( 0.01%)     1.0640 
_0807_                  INV_X1                           0.0000    0.0000 1.010e-08 1.010e-08 ( 0.01%)     0.5320 
_0808_                  AND2_X1                          0.0000    0.0000 2.847e-08 2.847e-08 ( 0.02%)     1.0640 
_0809_                  AND2_X1                          0.0000    0.0000 2.847e-08 2.847e-08 ( 0.02%)     1.0640 
_0810_                  INV_X1                           0.0000    0.0000 1.860e-08 1.860e-08 ( 0.01%)     0.5320 
_0816_                  AND2_X1                          0.0000    0.0000 2.294e-08 2.294e-08 ( 0.01%)     1.0640 
_0817_                  INV_X1                           0.0000    0.0000 1.010e-08 1.010e-08 ( 0.01%)     0.5320 
_0818_                  AND2_X1                          0.0000    0.0000 2.847e-08 2.847e-08 ( 0.02%)     1.0640 
_0819_                  INV_X1                           0.0000    0.0000 1.860e-08 1.860e-08 ( 0.01%)     0.5320 
_0820_                  AND2_X1                          0.0000    0.0000 2.048e-08 2.048e-08 ( 0.01%)     1.0640 
_0821_                  INV_X1                           0.0000    0.0000 1.010e-08 1.010e-08 ( 0.01%)     0.5320 
_0828_                  AND2_X1                          0.0000    0.0000 2.047e-08 2.047e-08 ( 0.01%)     1.0640 
_0829_                  INV_X1                           0.0000    0.0000 1.010e-08 1.010e-08 ( 0.01%)     0.5320 
_0830_                  AND2_X1                          0.0000    0.0000 2.048e-08 2.048e-08 ( 0.01%)     1.0640 
_0831_                  INV_X1                           0.0000    0.0000 1.010e-08 1.010e-08 ( 0.01%)     0.5320 
_0832_                  AND2_X1                          0.0000    0.0000 2.847e-08 2.847e-08 ( 0.02%)     1.0640 
_0834_                  AND2_X1                          0.0000    0.0000 2.047e-08 2.047e-08 ( 0.01%)     1.0640 
_0835_                  INV_X1                           0.0000    0.0000 1.010e-08 1.010e-08 ( 0.01%)     0.5320 
_0836_                  AND2_X1                          0.0000    0.0000 2.047e-08 2.047e-08 ( 0.01%)     1.0640 
_0837_                  INV_X1                           0.0000    0.0000 1.010e-08 1.010e-08 ( 0.01%)     0.5320 
_0838_                  AND2_X1                          0.0000    0.0000 2.847e-08 2.847e-08 ( 0.02%)     1.0640 
_0855_                  AND2_X1                          0.0000    0.0000 2.113e-08 2.113e-08 ( 0.01%)     1.0640 
_0856_                  INV_X1                           0.0000    0.0000 1.010e-08 1.010e-08 ( 0.01%)     0.5320 
_0865_                  AND2_X1                          0.0000    0.0000 2.111e-08 2.111e-08 ( 0.01%)     1.0640 
_0866_                  INV_X1                           0.0000    0.0000 1.010e-08 1.010e-08 ( 0.01%)     0.5320 
_0912_                  AND2_X1                          0.0000    0.0000 2.063e-08 2.063e-08 ( 0.01%)     1.0640 
_0913_                  INV_X1                           0.0000    0.0000 1.010e-08 1.010e-08 ( 0.01%)     0.5320 
_0914_                  AND2_X1                          0.0000    0.0000 3.085e-08 3.085e-08 ( 0.02%)     1.0640 
_0915_                  INV_X1                           0.0000    0.0000 1.010e-08 1.010e-08 ( 0.01%)     0.5320 
_0916_                  AND2_X1                          0.0000    0.0000 2.062e-08 2.062e-08 ( 0.01%)     1.0640 
_0917_                  INV_X1                           0.0000    0.0000 1.010e-08 1.010e-08 ( 0.01%)     0.5320 
_0918_                  AND2_X1                          0.0000    0.0000 3.085e-08 3.085e-08 ( 0.02%)     1.0640 
_0919_                  AND2_X1                          0.0000    0.0000 2.062e-08 2.062e-08 ( 0.01%)     1.0640 
_0920_                  INV_X1                           0.0000    0.0000 1.010e-08 1.010e-08 ( 0.01%)     0.5320 
_0921_                  AND2_X1                          0.0000    0.0000 2.032e-08 2.032e-08 ( 0.01%)     1.0640 
_0922_                  INV_X1                           0.0000    0.0000 1.010e-08 1.010e-08 ( 0.01%)     0.5320 
_0923_                  AND2_X1                          0.0000    0.0000 2.032e-08 2.032e-08 ( 0.01%)     1.0640 
_0924_                  INV_X1                           0.0000    0.0000 1.010e-08 1.010e-08 ( 0.01%)     0.5320 
_0925_                  AND2_X1                          0.0000    0.0000 2.032e-08 2.032e-08 ( 0.01%)     1.0640 
_0926_                  INV_X1                           0.0000    0.0000 1.010e-08 1.010e-08 ( 0.01%)     0.5320 
_0941_                  AND2_X1                          0.0000    0.0000 2.847e-08 2.847e-08 ( 0.02%)     1.0640 
_0960_                  AND2_X1                          0.0000    0.0000 2.059e-08 2.059e-08 ( 0.01%)     1.0640 
_0961_                  AND2_X1                          0.0000    0.0000 2.032e-08 2.032e-08 ( 0.01%)     1.0640 
_0962_                  AND2_X1                          0.0000    0.0000 2.062e-08 2.062e-08 ( 0.01%)     1.0640 
_0963_                  AND2_X1                          0.0000    0.0000 2.052e-08 2.052e-08 ( 0.01%)     1.0640 
_0964_                  INV_X1                           0.0000    0.0000 1.010e-08 1.010e-08 ( 0.01%)     0.5320 
_0970_                  AND2_X1                          0.0000    0.0000 2.052e-08 2.052e-08 ( 0.01%)     1.0640 
_0971_                  INV_X1                           0.0000    0.0000 1.010e-08 1.010e-08 ( 0.01%)     0.5320 
_0974_                  AND2_X1                          0.0000    0.0000 2.052e-08 2.052e-08 ( 0.01%)     1.0640 
_0975_                  INV_X1                           0.0000    0.0000 1.010e-08 1.010e-08 ( 0.01%)     0.5320 
_0976_                  AND2_X1                          0.0000    0.0000 2.052e-08 2.052e-08 ( 0.01%)     1.0640 
_0977_                  INV_X1                           0.0000    0.0000 1.010e-08 1.010e-08 ( 0.01%)     0.5320 
_0978_                  AND2_X1                          0.0000    0.0000 2.847e-08 2.847e-08 ( 0.02%)     1.0640 
_0988_                  AND2_X1                          0.0000    0.0000 2.051e-08 2.051e-08 ( 0.01%)     1.0640 
_0989_                  INV_X1                           0.0000    0.0000 1.010e-08 1.010e-08 ( 0.01%)     0.5320 
_0991_                  AND2_X1                          0.0000    0.0000 2.052e-08 2.052e-08 ( 0.01%)     1.0640 
_0992_                  INV_X1                           0.0000    0.0000 1.010e-08 1.010e-08 ( 0.01%)     0.5320 
_0997_                  AND2_X1                          0.0000    0.0000 2.052e-08 2.052e-08 ( 0.01%)     1.0640 
_0998_                  INV_X1                           0.0000    0.0000 1.010e-08 1.010e-08 ( 0.01%)     0.5320 
_1002_                  AND2_X1                          0.0000    0.0000 2.052e-08 2.052e-08 ( 0.01%)     1.0640 
_1003_                  INV_X1                           0.0000    0.0000 1.010e-08 1.010e-08 ( 0.01%)     0.5320 
_1015_                  AND2_X1                          0.0000    0.0000 2.052e-08 2.052e-08 ( 0.01%)     1.0640 
_1016_                  INV_X1                           0.0000    0.0000 1.010e-08 1.010e-08 ( 0.01%)     0.5320 
_1017_                  AND2_X1                          0.0000    0.0000 2.051e-08 2.051e-08 ( 0.01%)     1.0640 
_1018_                  INV_X1                           0.0000    0.0000 1.010e-08 1.010e-08 ( 0.01%)     0.5320 
_1019_                  AND2_X1                          0.0000    0.0000 2.847e-08 2.847e-08 ( 0.02%)     1.0640 
_1040_                  AND2_X1                          0.0000    0.0000 2.052e-08 2.052e-08 ( 0.01%)     1.0640 
_1041_                  INV_X1                           0.0000    0.0000 1.010e-08 1.010e-08 ( 0.01%)     0.5320 
_1042_                  AND2_X1                          0.0000    0.0000 2.052e-08 2.052e-08 ( 0.01%)     1.0640 
_1043_                  INV_X1                           0.0000    0.0000 1.010e-08 1.010e-08 ( 0.01%)     0.5320 
_1044_                  AND2_X1                          0.0000    0.0000 2.847e-08 2.847e-08 ( 0.02%)     1.0640 
_1046_                  AND2_X1                          0.0000    0.0000 2.052e-08 2.052e-08 ( 0.01%)     1.0640 
_1047_                  INV_X1                           0.0000    0.0000 1.010e-08 1.010e-08 ( 0.01%)     0.5320 
_1048_                  AND2_X1                          0.0000    0.0000 2.051e-08 2.051e-08 ( 0.01%)     1.0640 
_1049_                  INV_X1                           0.0000    0.0000 1.010e-08 1.010e-08 ( 0.01%)     0.5320 
_1050_                  AND2_X1                          0.0000    0.0000 2.847e-08 2.847e-08 ( 0.02%)     1.0640 
_1051_                  AND2_X1                          0.0000    0.0000 2.051e-08 2.051e-08 ( 0.01%)     1.0640 
_1052_                  INV_X1                           0.0000    0.0000 1.010e-08 1.010e-08 ( 0.01%)     0.5320 
_1053_                  AND2_X1                          0.0000    0.0000 2.052e-08 2.052e-08 ( 0.01%)     1.0640 
_1054_                  INV_X1                           0.0000    0.0000 1.010e-08 1.010e-08 ( 0.01%)     0.5320 
_1055_                  AND2_X1                          0.0000    0.0000 2.847e-08 2.847e-08 ( 0.02%)     1.0640 
_1056_                  AND2_X1                          0.0000    0.0000 2.847e-08 2.847e-08 ( 0.02%)     1.0640 
_1060_                  AND2_X1                          0.0000    0.0000 2.048e-08 2.048e-08 ( 0.01%)     1.0640 
_1061_                  INV_X1                           0.0000    0.0000 1.010e-08 1.010e-08 ( 0.01%)     0.5320 
_1062_                  AND2_X1                          0.0000    0.0000 2.049e-08 2.049e-08 ( 0.01%)     1.0640 
_1063_                  INV_X1                           0.0000    0.0000 1.010e-08 1.010e-08 ( 0.01%)     0.5320 
_1064_                  AND2_X1                          0.0000    0.0000 2.847e-08 2.847e-08 ( 0.02%)     1.0640 
_1065_                  AND2_X1                          0.0000    0.0000 2.050e-08 2.050e-08 ( 0.01%)     1.0640 
_1066_                  INV_X1                           0.0000    0.0000 1.010e-08 1.010e-08 ( 0.01%)     0.5320 
_1085_                  AND2_X1                          0.0000    0.0000 2.050e-08 2.050e-08 ( 0.01%)     1.0640 
_1086_                  INV_X1                           0.0000    0.0000 1.010e-08 1.010e-08 ( 0.01%)     0.5320 
_1088_                  AND2_X1                          0.0000    0.0000 2.050e-08 2.050e-08 ( 0.01%)     1.0640 
_1089_                  INV_X1                           0.0000    0.0000 1.010e-08 1.010e-08 ( 0.01%)     0.5320 
_1094_                  AND2_X1                          0.0000    0.0000 2.051e-08 2.051e-08 ( 0.01%)     1.0640 
_1095_                  INV_X1                           0.0000    0.0000 1.010e-08 1.010e-08 ( 0.01%)     0.5320 
_1096_                  AND2_X1                          0.0000    0.0000 2.049e-08 2.049e-08 ( 0.01%)     1.0640 
_1097_                  INV_X1                           0.0000    0.0000 1.010e-08 1.010e-08 ( 0.01%)     0.5320 
_1098_                  AND2_X1                          0.0000    0.0000 2.847e-08 2.847e-08 ( 0.02%)     1.0640 
_1099_                  AND2_X1                          0.0000    0.0000 2.050e-08 2.050e-08 ( 0.01%)     1.0640 
_1100_                  INV_X1                           0.0000    0.0000 1.010e-08 1.010e-08 ( 0.01%)     0.5320 
_1109_                  AND2_X1                          0.0000    0.0000 2.050e-08 2.050e-08 ( 0.01%)     1.0640 
_1110_                  INV_X1                           0.0000    0.0000 1.010e-08 1.010e-08 ( 0.01%)     0.5320 
_1111_                  AND2_X1                          0.0000    0.0000 2.049e-08 2.049e-08 ( 0.01%)     1.0640 
_1112_                  INV_X1                           0.0000    0.0000 1.010e-08 1.010e-08 ( 0.01%)     0.5320 
_1113_                  AND2_X1                          0.0000    0.0000 2.847e-08 2.847e-08 ( 0.02%)     1.0640 
_1121_                  AND2_X1                          0.0000    0.0000 2.048e-08 2.048e-08 ( 0.01%)     1.0640 
_1122_                  INV_X1                           0.0000    0.0000 1.010e-08 1.010e-08 ( 0.01%)     0.5320 
_1125_                  AND2_X1                          0.0000    0.0000 2.052e-08 2.052e-08 ( 0.01%)     1.0640 
_1126_                  INV_X1                           0.0000    0.0000 1.010e-08 1.010e-08 ( 0.01%)     0.5320 
_1127_                  AND2_X1                          0.0000    0.0000 2.047e-08 2.047e-08 ( 0.01%)     1.0640 
_1128_                  INV_X1                           0.0000    0.0000 1.010e-08 1.010e-08 ( 0.01%)     0.5320 
_1129_                  AND2_X1                          0.0000    0.0000 2.049e-08 2.049e-08 ( 0.01%)     1.0640 
_1130_                  INV_X1                           0.0000    0.0000 1.010e-08 1.010e-08 ( 0.01%)     0.5320 
_1131_                  AND2_X1                          0.0000    0.0000 2.047e-08 2.047e-08 ( 0.01%)     1.0640 
_1132_                  INV_X1                           0.0000    0.0000 1.010e-08 1.010e-08 ( 0.01%)     0.5320 
_1133_                  AND2_X1                          0.0000    0.0000 2.847e-08 2.847e-08 ( 0.02%)     1.0640 
_1134_                  AND2_X1                          0.0000    0.0000 2.847e-08 2.847e-08 ( 0.02%)     1.0640 
_1135_                  INV_X1                           0.0000    0.0000 1.860e-08 1.860e-08 ( 0.01%)     0.5320 
_1141_                  AND2_X1                          0.0000    0.0000 2.376e-08 2.376e-08 ( 0.01%)     1.0640 
_1142_                  INV_X1                           0.0000    0.0000 1.010e-08 1.010e-08 ( 0.01%)     0.5320 
_1143_                  AND2_X1                          0.0000    0.0000 2.847e-08 2.847e-08 ( 0.02%)     1.0640 
_1144_                  INV_X1                           0.0000    0.0000 1.860e-08 1.860e-08 ( 0.01%)     0.5320 
_1145_                  AND2_X1                          0.0000    0.0000 2.049e-08 2.049e-08 ( 0.01%)     1.0640 
_1146_                  INV_X1                           0.0000    0.0000 1.010e-08 1.010e-08 ( 0.01%)     0.5320 
_1147_                  AND2_X1                          0.0000    0.0000 2.049e-08 2.049e-08 ( 0.01%)     1.0640 
_1148_                  INV_X1                           0.0000    0.0000 1.010e-08 1.010e-08 ( 0.01%)     0.5320 
_1149_                  AND2_X1                          0.0000    0.0000 2.049e-08 2.049e-08 ( 0.01%)     1.0640 
_1150_                  INV_X1                           0.0000    0.0000 1.010e-08 1.010e-08 ( 0.01%)     0.5320 
_1151_                  AND2_X1                          0.0000    0.0000 2.847e-08 2.847e-08 ( 0.02%)     1.0640 
_1152_                  AND2_X1                          0.0000    0.0000 2.847e-08 2.847e-08 ( 0.02%)     1.0640 
_1153_                  INV_X1                           0.0000    0.0000 1.860e-08 1.860e-08 ( 0.01%)     0.5320 
_1154_                  AND2_X1                          0.0000    0.0000 2.042e-08 2.042e-08 ( 0.01%)     1.0640 
_1155_                  INV_X1                           0.0000    0.0000 1.010e-08 1.010e-08 ( 0.01%)     0.5320 
_1156_                  AND2_X1                          0.0000    0.0000 2.847e-08 2.847e-08 ( 0.02%)     1.0640 
_1157_                  INV_X1                           0.0000    0.0000 1.860e-08 1.860e-08 ( 0.01%)     0.5320 
_1158_                  AND2_X1                          0.0000    0.0000 2.050e-08 2.050e-08 ( 0.01%)     1.0640 
_1159_                  INV_X1                           0.0000    0.0000 1.010e-08 1.010e-08 ( 0.01%)     0.5320 
_1177_                  AND2_X1                          0.0000    0.0000 2.847e-08 2.847e-08 ( 0.02%)     1.0640 
_1184_                  AND2_X1                          0.0000    0.0000 2.166e-08 2.166e-08 ( 0.01%)     1.0640 
_1185_                  INV_X1                           0.0000    0.0000 1.010e-08 1.010e-08 ( 0.01%)     0.5320 
_1200_                  AND2_X1                          0.0000    0.0000 2.847e-08 2.847e-08 ( 0.02%)     1.0640 
_1216_                  AND2_X1                          0.0000    0.0000 2.051e-08 2.051e-08 ( 0.01%)     1.0640 
_1217_                  INV_X1                           0.0000    0.0000 1.010e-08 1.010e-08 ( 0.01%)     0.5320 
_1218_                  AND2_X1                          0.0000    0.0000 2.847e-08 2.847e-08 ( 0.02%)     1.0640 
_1228_                  AND2_X1                          0.0000    0.0000 2.320e-08 2.320e-08 ( 0.01%)     1.0640 
_1229_                  INV_X1                           0.0000    0.0000 1.010e-08 1.010e-08 ( 0.01%)     0.5320 
_1230_                  AND2_X1                          0.0000    0.0000 3.085e-08 3.085e-08 ( 0.02%)     1.0640 
_1231_                  INV_X1                           0.0000    0.0000 1.010e-08 1.010e-08 ( 0.01%)     0.5320 
_1232_                  AND2_X1                          0.0000    0.0000 2.062e-08 2.062e-08 ( 0.01%)     1.0640 
_1233_                  INV_X1                           0.0000    0.0000 1.010e-08 1.010e-08 ( 0.01%)     0.5320 
_1234_                  AND2_X1                          0.0000    0.0000 3.085e-08 3.085e-08 ( 0.02%)     1.0640 
_1235_                  AND2_X1                          0.0000    0.0000 2.062e-08 2.062e-08 ( 0.01%)     1.0640 
_1236_                  INV_X1                           0.0000    0.0000 1.010e-08 1.010e-08 ( 0.01%)     0.5320 
_1250_                  AND2_X1                          0.0000    0.0000 2.847e-08 2.847e-08 ( 0.02%)     1.0640 
_1251_                  AND2_X1                          0.0000    0.0000 2.847e-08 2.847e-08 ( 0.02%)     1.0640 
_1270_                  AND2_X1                          0.0000    0.0000 2.059e-08 2.059e-08 ( 0.01%)     1.0640 
_1271_                  AND2_X1                          0.0000    0.0000 2.035e-08 2.035e-08 ( 0.01%)     1.0640 
_1272_                  AND2_X1                          0.0000    0.0000 2.062e-08 2.062e-08 ( 0.01%)     1.0640 
_1273_                  AND2_X1                          0.0000    0.0000 2.059e-08 2.059e-08 ( 0.01%)     1.0640 
_1274_                  AND2_X1                          0.0000    0.0000 2.035e-08 2.035e-08 ( 0.01%)     1.0640 
_1275_                  AND2_X1                          0.0000    0.0000 2.062e-08 2.062e-08 ( 0.01%)     1.0640 
_1276_                  AND2_X1                          0.0000    0.0000 2.032e-08 2.032e-08 ( 0.01%)     1.0640 
_1277_                  AND2_X1                          0.0000    0.0000 2.032e-08 2.032e-08 ( 0.01%)     1.0640 
_1278_                  AND2_X1                          0.0000    0.0000 2.032e-08 2.032e-08 ( 0.01%)     1.0640 
_1279_                  INV_X1                           0.0000    0.0000 1.010e-08 1.010e-08 ( 0.01%)     0.5320 
_1345_                  INV_X1                           0.0000    0.0000 1.010e-08 1.010e-08 ( 0.01%)     0.5320 
_1346_                  INV_X1                           0.0000    0.0000 1.010e-08 1.010e-08 ( 0.01%)     0.5320 
_1347_                  INV_X1                           0.0000    0.0000 1.010e-08 1.010e-08 ( 0.01%)     0.5320 
_1348_                  INV_X1                           0.0000    0.0000 1.010e-08 1.010e-08 ( 0.01%)     0.5320 
_1349_                  INV_X1                           0.0000    0.0000 1.010e-08 1.010e-08 ( 0.01%)     0.5320 
_1350_                  INV_X1                           0.0000    0.0000 1.010e-08 1.010e-08 ( 0.01%)     0.5320 
_1351_                  INV_X1                           0.0000    0.0000 1.010e-08 1.010e-08 ( 0.01%)     0.5320 
_1352_                  INV_X1                           0.0000    0.0000 1.010e-08 1.010e-08 ( 0.01%)     0.5320 
_1353_                  INV_X1                           0.0000    0.0000 1.010e-08 1.010e-08 ( 0.01%)     0.5320 
_1354_                  INV_X1                           0.0000    0.0000 1.010e-08 1.010e-08 ( 0.01%)     0.5320 
_1355_                  INV_X1                           0.0000    0.0000 1.010e-08 1.010e-08 ( 0.01%)     0.5320 
_1356_                  INV_X1                           0.0000    0.0000 1.010e-08 1.010e-08 ( 0.01%)     0.5320 
_1357_                  INV_X1                           0.0000    0.0000 1.010e-08 1.010e-08 ( 0.01%)     0.5320 
_1358_                  INV_X1                           0.0000    0.0000 1.010e-08 1.010e-08 ( 0.01%)     0.5320 
_1359_                  INV_X1                           0.0000    0.0000 1.010e-08 1.010e-08 ( 0.01%)     0.5320 
_1360_                  INV_X1                           0.0000    0.0000 1.010e-08 1.010e-08 ( 0.01%)     0.5320 
_1361_                  INV_X1                           0.0000    0.0000 1.010e-08 1.010e-08 ( 0.01%)     0.5320 
_1362_                  INV_X1                           0.0000    0.0000 1.010e-08 1.010e-08 ( 0.01%)     0.5320 
_1363_                  INV_X1                           0.0000    0.0000 1.010e-08 1.010e-08 ( 0.01%)     0.5320 
_1364_                  INV_X1                           0.0000    0.0000 1.010e-08 1.010e-08 ( 0.01%)     0.5320 
_1365_                  INV_X1                           0.0000    0.0000 1.010e-08 1.010e-08 ( 0.01%)     0.5320 
_1366_                  INV_X1                           0.0000    0.0000 1.010e-08 1.010e-08 ( 0.01%)     0.5320 
_1367_                  INV_X1                           0.0000    0.0000 1.010e-08 1.010e-08 ( 0.01%)     0.5320 
_1368_                  INV_X1                           0.0000    0.0000 1.010e-08 1.010e-08 ( 0.01%)     0.5320 
_1369_                  INV_X1                           0.0000    0.0000 1.010e-08 1.010e-08 ( 0.01%)     0.5320 
_1370_                  INV_X1                           0.0000    0.0000 1.010e-08 1.010e-08 ( 0.01%)     0.5320 
_1371_                  INV_X1                           0.0000    0.0000 1.010e-08 1.010e-08 ( 0.01%)     0.5320 
_1372_                  INV_X1                           0.0000    0.0000 1.010e-08 1.010e-08 ( 0.01%)     0.5320 
_1373_                  INV_X1                           0.0000    0.0000 1.010e-08 1.010e-08 ( 0.01%)     0.5320 
_1374_                  INV_X1                           0.0000    0.0000 1.010e-08 1.010e-08 ( 0.01%)     0.5320 
_1375_                  INV_X1                           0.0000    0.0000 1.010e-08 1.010e-08 ( 0.01%)     0.5320 
_1376_                  INV_X1                           0.0000    0.0000 1.010e-08 1.010e-08 ( 0.01%)     0.5320 
_1377_                  INV_X1                           0.0000    0.0000 1.010e-08 1.010e-08 ( 0.01%)     0.5320 
_1378_                  INV_X1                           0.0000    0.0000 1.010e-08 1.010e-08 ( 0.01%)     0.5320 
_1385_                  AND2_X1                          0.0000    0.0000 2.048e-08 2.048e-08 ( 0.01%)     1.0640 
_1386_                  INV_X1                           0.0000    0.0000 1.010e-08 1.010e-08 ( 0.01%)     0.5320 
_1387_                  AND2_X1                          0.0000    0.0000 2.047e-08 2.047e-08 ( 0.01%)     1.0640 
_1388_                  INV_X1                           0.0000    0.0000 1.010e-08 1.010e-08 ( 0.01%)     0.5320 
_1389_                  AND2_X1                          0.0000    0.0000 2.047e-08 2.047e-08 ( 0.01%)     1.0640 
_1390_                  INV_X1                           0.0000    0.0000 1.010e-08 1.010e-08 ( 0.01%)     0.5320 
_1391_                  AND2_X1                          0.0000    0.0000 2.847e-08 2.847e-08 ( 0.02%)     1.0640 
_1398_                  AND2_X1                          0.0000    0.0000 2.047e-08 2.047e-08 ( 0.01%)     1.0640 
_1399_                  INV_X1                           0.0000    0.0000 1.010e-08 1.010e-08 ( 0.01%)     0.5320 
_1405_                  AND2_X1                          0.0000    0.0000 2.047e-08 2.047e-08 ( 0.01%)     1.0640 
_1406_                  INV_X1                           0.0000    0.0000 1.010e-08 1.010e-08 ( 0.01%)     0.5320 
_1407_                  AND2_X1                          0.0000    0.0000 2.047e-08 2.047e-08 ( 0.01%)     1.0640 
_1408_                  INV_X1                           0.0000    0.0000 1.010e-08 1.010e-08 ( 0.01%)     0.5320 
_1409_                  AND2_X1                          0.0000    0.0000 2.847e-08 2.847e-08 ( 0.02%)     1.0640 
_1417_                  AND2_X1                          0.0000    0.0000 2.047e-08 2.047e-08 ( 0.01%)     1.0640 
_1418_                  INV_X1                           0.0000    0.0000 1.010e-08 1.010e-08 ( 0.01%)     0.5320 
_1419_                  AND2_X1                          0.0000    0.0000 2.047e-08 2.047e-08 ( 0.01%)     1.0640 
_1420_                  INV_X1                           0.0000    0.0000 1.010e-08 1.010e-08 ( 0.01%)     0.5320 
_1421_                  AND2_X1                          0.0000    0.0000 2.847e-08 2.847e-08 ( 0.02%)     1.0640 
_1424_                  AND2_X1                          0.0000    0.0000 2.847e-08 2.847e-08 ( 0.02%)     1.0640 
_1431_                  AND2_X1                          0.0000    0.0000 2.047e-08 2.047e-08 ( 0.01%)     1.0640 
_1432_                  INV_X1                           0.0000    0.0000 1.010e-08 1.010e-08 ( 0.01%)     0.5320 
_1436_                  AND2_X1                          0.0000    0.0000 2.047e-08 2.047e-08 ( 0.01%)     1.0640 
_1437_                  INV_X1                           0.0000    0.0000 1.010e-08 1.010e-08 ( 0.01%)     0.5320 
_1440_                  AND2_X1                          0.0000    0.0000 2.047e-08 2.047e-08 ( 0.01%)     1.0640 
_1441_                  INV_X1                           0.0000    0.0000 1.010e-08 1.010e-08 ( 0.01%)     0.5320 
_1442_                  AND2_X1                          0.0000    0.0000 2.048e-08 2.048e-08 ( 0.01%)     1.0640 
_1443_                  INV_X1                           0.0000    0.0000 1.010e-08 1.010e-08 ( 0.01%)     0.5320 
_1444_                  AND2_X1                          0.0000    0.0000 2.847e-08 2.847e-08 ( 0.02%)     1.0640 
_1454_                  AND2_X1                          0.0000    0.0000 2.047e-08 2.047e-08 ( 0.01%)     1.0640 
_1455_                  INV_X1                           0.0000    0.0000 1.010e-08 1.010e-08 ( 0.01%)     0.5320 
_1457_                  AND2_X1                          0.0000    0.0000 2.048e-08 2.048e-08 ( 0.01%)     1.0640 
------------------------------------------------------------------------------------------------------------------------
Totals (732 cells)                                    9.100e-05 5.395e-05 1.419e-05 1.591e-04 (100.0%)   597.9694
1
