****************************************
Report : Averaged Power
Design : Rocket/alu (ALU)
Version: T-2022.03-SP3
Date   : Tue May 20 20:06:54 2025
****************************************



  Attributes
  ----------
      i  -  Including register clock pin internal power
      u  -  User defined power group

                        Internal  Switching  Leakage    Total
Power Group             Power     Power      Power      Power   (     %)  Attrs
--------------------------------------------------------------------------------
clock_network              0.0000    0.0000    0.0000    0.0000 ( 0.00%)  i
register                   0.0000    0.0000    0.0000    0.0000 ( 0.00%)  
combinational           1.658e-04 9.786e-05 2.350e-05 2.872e-04 (100.00%) 
sequential                 0.0000    0.0000    0.0000    0.0000 ( 0.00%)  
memory                     0.0000    0.0000    0.0000    0.0000 ( 0.00%)  
io_pad                     0.0000    0.0000    0.0000    0.0000 ( 0.00%)  
black_box                  0.0000    0.0000    0.0000    0.0000 ( 0.00%)  

  Net Switching Power  = 9.786e-05   (34.08%)
  Cell Internal Power  = 1.658e-04   (57.74%)
  Cell Leakage Power   = 2.350e-05   ( 8.18%)
                         ---------
Total Power            = 2.872e-04  (100.00%)

1
