****************************************
Report : Averaged Power
	-net_power
	-sort_by net_switching_power
	-nosplit
Design : Rocket/alu (ALU)
Version: T-2022.03-SP3
Date   : Tue May 20 20:06:54 2025
****************************************



  Attributes
  ----------
      a  -  Switching activity information / Switching power information annotated on net
      p  -  Propagated switching activity information on net
      d  -  Default switching activity used on net
      u  -  Net switching activity uninitialized
      m  -  Net is driven by multiple pins
      b  -  Net is a primary input (boundary net)

		Toggle rates reported with respect to time unit 1ns
--------------------------------------------------------------------------------
                                  Total      Static   Toggle   Switching
Net                         Vdd   Net Load   Prob.    Rate     Power      Attrs
--------------------------------------------------------------------------------
io_in2[1]                   1.10    0.086    0.086    0.0458   2.382e-06  p
io_in2[2]                   1.10    0.078    0.069    0.0496   2.326e-06  p
io_in2[0]                   1.10    0.090    0.055    0.0416   2.265e-06  p
io_in2[3]                   1.10    0.061    0.080    0.0525   1.927e-06  p
_0025_                      1.10    0.046    0.931    0.0492   1.380e-06  p
_0096_                      1.10    0.010    0.567    0.1482   9.370e-07  p
io_in2[4]                   1.10    0.027    0.069    0.0492   8.035e-07  p
io_adder_out[1]             1.10    0.009    0.566    0.1508   7.911e-07  p
io_adder_out[5]             1.10    0.009    0.540    0.1474   7.734e-07  p
io_adder_out[3]             1.10    0.009    0.554    0.1464   7.682e-07  p
io_adder_out[6]             1.10    0.009    0.537    0.1442   7.565e-07  p
io_adder_out[2]             1.10    0.009    0.548    0.1439   7.550e-07  p
io_adder_out[4]             1.10    0.009    0.540    0.1425   7.477e-07  p
io_adder_out[7]             1.10    0.009    0.525    0.1402   7.356e-07  p
io_adder_out[8]             1.10    0.009    0.536    0.1365   7.164e-07  p
io_adder_out[0]             1.10    0.009    0.505    0.1337   6.971e-07  p
io_adder_out[9]             1.10    0.009    0.516    0.1309   6.869e-07  p
io_adder_out[10]            1.10    0.009    0.536    0.1303   6.837e-07  p
io_adder_out[11]            1.10    0.009    0.538    0.1258   6.600e-07  p
_0024_                      1.10    0.021    0.920    0.0525   6.576e-07  p
io_adder_out[31]            1.10    0.010    0.419    0.1077   6.542e-07  p
io_in1[0]                   1.10    0.011    0.486    0.0966   6.435e-07  p
io_adder_out[12]            1.10    0.009    0.562    0.1199   6.290e-07  p
io_adder_out[13]            1.10    0.009    0.566    0.1157   6.070e-07  p
io_adder_out[14]            1.10    0.009    0.512    0.1156   6.066e-07  p
io_adder_out[15]            1.10    0.009    0.524    0.1113   5.840e-07  p
_0103_                      1.10    0.007    0.557    0.1396   5.778e-07  p
io_adder_out[22]            1.10    0.009    0.411    0.1099   5.769e-07  p
_0109_                      1.10    0.007    0.546    0.1385   5.731e-07  p
io_adder_out[18]            1.10    0.009    0.416    0.1091   5.727e-07  p
io_adder_out[27]            1.10    0.009    0.427    0.1090   5.718e-07  p
io_adder_out[16]            1.10    0.009    0.413    0.1089   5.714e-07  p
io_adder_out[25]            1.10    0.009    0.388    0.1088   5.712e-07  p
io_adder_out[23]            1.10    0.009    0.409    0.1083   5.684e-07  p
io_adder_out[29]            1.10    0.009    0.413    0.1082   5.675e-07  p
io_adder_out[21]            1.10    0.009    0.425    0.1078   5.658e-07  p
io_adder_out[17]            1.10    0.009    0.439    0.1077   5.652e-07  p
io_adder_out[28]            1.10    0.009    0.413    0.1076   5.648e-07  p
_0100_                      1.10    0.007    0.549    0.1365   5.644e-07  p
io_adder_out[26]            1.10    0.009    0.427    0.1072   5.624e-07  p
io_adder_out[24]            1.10    0.009    0.412    0.1067   5.601e-07  p
_0106_                      1.10    0.007    0.546    0.1352   5.589e-07  p
io_in1[13]                  1.10    0.010    0.543    0.0963   5.588e-07  p
io_adder_out[20]            1.10    0.009    0.395    0.1060   5.564e-07  p
io_adder_out[19]            1.10    0.009    0.402    0.1059   5.556e-07  p
io_in1[11]                  1.10    0.010    0.516    0.0957   5.555e-07  p
_0078_                      1.10    0.007    0.529    0.1376   5.533e-07  p
io_in1[15]                  1.10    0.010    0.501    0.0952   5.525e-07  p
io_in1[1]                   1.10    0.008    0.538    0.1118   5.497e-07  p
_0075_                      1.10    0.007    0.520    0.1364   5.488e-07  p
io_adder_out[30]            1.10    0.009    0.389    0.1046   5.487e-07  p
_0116_                      1.10    0.007    0.534    0.1316   5.442e-07  p
io_in1[23]                  1.10    0.010    0.387    0.0936   5.433e-07  p
_0070_                      1.10    0.007    0.516    0.1288   5.180e-07  p
_0067_                      1.10    0.007    0.540    0.1283   5.162e-07  p
_0053_                      1.10    0.007    0.516    0.1272   5.118e-07  p
_0247_                      1.10    0.007    0.419    0.1232   5.096e-07  p
_0240_                      1.10    0.007    0.412    0.1231   5.091e-07  p
_0060_                      1.10    0.007    0.561    0.1259   5.064e-07  p
_0212_                      1.10    0.007    0.408    0.1222   5.050e-07  p
_0136_                      1.10    0.007    0.416    0.1220   5.049e-07  p
_0139_                      1.10    0.007    0.432    0.1221   5.047e-07  p
_0030_                      1.10    0.007    0.409    0.1249   5.025e-07  p
_0057_                      1.10    0.007    0.567    0.1249   5.021e-07  p
_0202_                      1.10    0.007    0.412    0.1234   5.008e-07  p
_0232_                      1.10    0.007    0.436    0.1243   5.002e-07  p
_0218_                      1.10    0.007    0.394    0.1243   5.000e-07  p
_0050_                      1.10    0.007    0.533    0.1243   4.997e-07  p
_0042_                      1.10    0.007    0.411    0.1237   4.979e-07  p
_0254_                      1.10    0.007    0.397    0.1202   4.968e-07  p
_0064_                      1.10    0.007    0.538    0.1233   4.959e-07  p
_0225_                      1.10    0.007    0.420    0.1230   4.946e-07  p
_0033_                      1.10    0.007    0.418    0.1229   4.943e-07  p
_0337_                      1.10    0.008    0.487    0.0966   4.905e-07  p
io_in1[5]                   1.10    0.008    0.513    0.0990   4.867e-07  p
_0036_                      1.10    0.007    0.404    0.1207   4.858e-07  p
_0039_                      1.10    0.007    0.407    0.1206   4.851e-07  p
io_in1[14]                  1.10    0.008    0.490    0.0977   4.805e-07  p
io_in1[10]                  1.10    0.008    0.518    0.0977   4.803e-07  p
io_in1[3]                   1.10    0.008    0.519    0.0972   4.783e-07  p
io_in1[12]                  1.10    0.008    0.545    0.0972   4.783e-07  p
io_in1[2]                   1.10    0.008    0.522    0.0972   4.779e-07  p
io_in1[8]                   1.10    0.008    0.506    0.0970   4.773e-07  p
io_in1[4]                   1.10    0.008    0.514    0.0957   4.709e-07  p
io_in1[9]                   1.10    0.008    0.496    0.0957   4.709e-07  p
io_in1[7]                   1.10    0.008    0.496    0.0956   4.701e-07  p
io_in1[6]                   1.10    0.008    0.497    0.0953   4.689e-07  p
io_in1[22]                  1.10    0.008    0.390    0.0945   4.647e-07  p
io_in1[27]                  1.10    0.008    0.403    0.0942   4.631e-07  p
io_in1[25]                  1.10    0.008    0.364    0.0939   4.617e-07  p
io_in1[18]                  1.10    0.008    0.395    0.0933   4.591e-07  p
io_in1[29]                  1.10    0.008    0.389    0.0933   4.587e-07  p
io_in1[16]                  1.10    0.008    0.386    0.0928   4.563e-07  p
_0261_                      1.10    0.006    0.421    0.1229   4.556e-07  p
io_in1[21]                  1.10    0.008    0.399    0.0924   4.547e-07  p
io_in1[28]                  1.10    0.008    0.388    0.0924   4.545e-07  p
io_in1[26]                  1.10    0.008    0.403    0.0921   4.531e-07  p
io_in1[17]                  1.10    0.008    0.417    0.0916   4.505e-07  p
io_in1[24]                  1.10    0.008    0.390    0.0911   4.481e-07  p
io_in1[19]                  1.10    0.008    0.381    0.0902   4.435e-07  p
io_in1[30]                  1.10    0.008    0.366    0.0898   4.419e-07  p
io_in1[20]                  1.10    0.008    0.371    0.0896   4.407e-07  p
io_in1[31]                  1.10    0.008    0.396    0.0936   4.336e-07  p
_0165_                      1.10    0.004    0.540    0.1471   3.594e-07  p
_0161_                      1.10    0.004    0.554    0.1462   3.570e-07  p
_0167_                      1.10    0.004    0.538    0.1440   3.517e-07  p
_0159_                      1.10    0.004    0.548    0.1437   3.510e-07  p
_0163_                      1.10    0.004    0.541    0.1425   3.480e-07  p
_0169_                      1.10    0.004    0.525    0.1402   3.424e-07  p
_0156_                      1.10    0.004    0.506    0.1339   3.224e-07  p
_0172_                      1.10    0.004    0.516    0.1307   3.193e-07  p
_0174_                      1.10    0.004    0.536    0.1302   3.180e-07  p
_0155_                      1.10    0.004    0.536    0.1364   3.175e-07  p
_0177_                      1.10    0.004    0.538    0.1257   3.070e-07  p
_0023_                      1.10    0.010    0.931    0.0496   3.044e-07  p
_0264_                      1.10    0.004    0.421    0.1234   2.992e-07  p
_0179_                      1.10    0.004    0.563    0.1198   2.926e-07  p
_0182_                      1.10    0.004    0.566    0.1156   2.823e-07  p
_0186_                      1.10    0.004    0.524    0.1110   2.712e-07  p
_0154_                      1.10    0.004    0.512    0.1155   2.690e-07  p
_0190_                      1.10    0.004    0.417    0.1090   2.663e-07  p
_0235_                      1.10    0.004    0.427    0.1089   2.659e-07  p
_0221_                      1.10    0.004    0.388    0.1088   2.656e-07  p
_0204_                      1.10    0.004    0.409    0.1082   2.644e-07  p
_0249_                      1.10    0.004    0.413    0.1081   2.640e-07  p
_0196_                      1.10    0.004    0.425    0.1077   2.630e-07  p
_0242_                      1.10    0.004    0.413    0.1075   2.627e-07  p
_0228_                      1.10    0.004    0.427    0.1071   2.616e-07  p
_0214_                      1.10    0.004    0.412    0.1066   2.605e-07  p
_0194_                      1.10    0.004    0.395    0.1060   2.590e-07  p
_0192_                      1.10    0.004    0.402    0.1059   2.586e-07  p
_0151_                      1.10    0.004    0.411    0.1098   2.557e-07  p
_0256_                      1.10    0.004    0.389    0.1045   2.552e-07  p
_0153_                      1.10    0.004    0.413    0.1087   2.532e-07  p
_0152_                      1.10    0.004    0.439    0.1075   2.504e-07  p
_0360_                      1.10    0.053    0.959    0.0071   2.280e-07  p
_0411_                      1.10    0.003    0.487    0.1258   1.993e-07  p
_0341_                      1.10    0.003    0.515    0.1241   1.967e-07  p
_0470_                      1.10    0.003    0.376    0.1227   1.966e-07  p
_0643_                      1.10    0.003    0.470    0.1226   1.965e-07  p
_0338_                      1.10    0.003    0.544    0.1239   1.963e-07  p
_0484_                      1.10    0.003    0.414    0.1224   1.960e-07  p
_0523_                      1.10    0.003    0.370    0.1223   1.959e-07  p
_0434_                      1.10    0.003    0.391    0.1222   1.958e-07  p
_0573_                      1.10    0.003    0.376    0.1218   1.952e-07  p
_0469_                      1.10    0.003    0.526    0.1232   1.951e-07  p
_0656_                      1.10    0.003    0.495    0.1210   1.938e-07  p
_0433_                      1.10    0.003    0.537    0.1223   1.938e-07  p
_0375_                      1.10    0.003    0.511    0.1213   1.923e-07  p
_0542_                      1.10    0.003    0.373    0.1197   1.918e-07  p
_0483_                      1.10    0.003    0.506    0.1210   1.916e-07  p
_0342_                      1.10    0.003    0.398    0.1222   1.915e-07  p
_0506_                      1.10    0.003    0.505    0.1209   1.915e-07  p
_0507_                      1.10    0.003    0.386    0.1191   1.909e-07  p
_0583_                      1.10    0.003    0.375    0.1191   1.909e-07  p
_0625_                      1.10    0.003    0.522    0.1191   1.909e-07  p
_0340_                      1.10    0.003    0.501    0.1202   1.905e-07  p
_0541_                      1.10    0.003    0.506    0.1202   1.903e-07  p
_0377_                      1.10    0.003    0.503    0.1201   1.903e-07  p
_0557_                      1.10    0.003    0.380    0.1188   1.903e-07  p
_0412_                      1.10    0.003    0.372    0.1185   1.898e-07  p
_0432_                      1.10    0.003    0.504    0.1196   1.895e-07  p
_0410_                      1.10    0.003    0.506    0.1195   1.892e-07  p
_0617_                      1.10    0.003    0.512    0.1178   1.887e-07  p
_0622_                      1.10    0.003    0.375    0.1177   1.885e-07  p
_0648_                      1.10    0.003    0.377    0.1175   1.882e-07  p
_0404_                      1.10    0.003    0.488    0.1200   1.881e-07  p
_0522_                      1.10    0.003    0.481    0.1187   1.881e-07  p
_0540_                      1.10    0.003    0.521    0.1198   1.876e-07  p
_0430_                      1.10    0.003    0.541    0.1196   1.874e-07  p
_0510_                      1.10    0.003    0.488    0.1179   1.869e-07  p
_0609_                      1.10    0.003    0.373    0.1162   1.862e-07  p
_0466_                      1.10    0.003    0.532    0.1185   1.857e-07  p
_0451_                      1.10    0.003    0.502    0.1171   1.857e-07  p
_0482_                      1.10    0.003    0.515    0.1184   1.854e-07  p
_0505_                      1.10    0.003    0.516    0.1184   1.854e-07  p
_0604_                      1.10    0.003    0.490    0.1157   1.853e-07  p
_0379_                      1.10    0.003    0.497    0.1168   1.852e-07  p
_0325_                      1.10    0.003    0.514    0.1180   1.849e-07  p
_0586_                      1.10    0.003    0.493    0.1151   1.844e-07  p
_0545_                      1.10    0.003    0.479    0.1160   1.838e-07  p
_0468_                      1.10    0.003    0.493    0.1160   1.838e-07  p
_0570_                      1.10    0.003    0.468    0.1143   1.832e-07  p
_0635_                      1.10    0.003    0.394    0.1141   1.829e-07  p
_0596_                      1.10    0.003    0.372    0.1141   1.827e-07  p
_0521_                      1.10    0.003    0.493    0.1167   1.827e-07  p
_0381_                      1.10    0.003    0.492    0.1136   1.821e-07  p
_0560_                      1.10    0.003    0.495    0.1136   1.821e-07  p
_0512_                      1.10    0.003    0.479    0.1135   1.819e-07  p
_0409_                      1.10    0.003    0.514    0.1144   1.812e-07  p
_0339_                      1.10    0.003    0.523    0.1143   1.811e-07  p
_0538_                      1.10    0.003    0.389    0.1152   1.804e-07  p
_0526_                      1.10    0.003    0.487    0.1136   1.801e-07  p
_0431_                      1.10    0.003    0.517    0.1149   1.799e-07  p
_0396_                      1.10    0.003    0.384    0.1147   1.797e-07  p
_0332_                      1.10    0.003    0.501    0.1139   1.785e-07  p
_0437_                      1.10    0.003    0.497    0.1125   1.783e-07  p
_0407_                      1.10    0.003    0.507    0.1136   1.781e-07  p
_0426_                      1.10    0.003    0.388    0.1135   1.779e-07  p
_0309_                      1.10    0.003    0.389    0.1134   1.777e-07  p
_0400_                      1.10    0.003    0.489    0.1134   1.776e-07  p
_0503_                      1.10    0.003    0.387    0.1133   1.776e-07  p
_0453_                      1.10    0.003    0.489    0.1120   1.776e-07  p
_0429_                      1.10    0.003    0.487    0.1132   1.773e-07  p
_0265_                      1.10    0.003    0.420    0.1076   1.772e-07  p
_0467_                      1.10    0.003    0.506    0.1131   1.771e-07  p
_0465_                      1.10    0.003    0.518    0.1130   1.771e-07  p
_0403_                      1.10    0.003    0.516    0.1126   1.764e-07  p
_0487_                      1.10    0.003    0.479    0.1110   1.760e-07  p
_0428_                      1.10    0.003    0.547    0.1120   1.755e-07  p
_0336_                      1.10    0.003    0.541    0.1120   1.755e-07  p
_0324_                      1.10    0.003    0.514    0.1117   1.751e-07  p
_0547_                      1.10    0.003    0.470    0.1092   1.750e-07  p
_0519_                      1.10    0.003    0.410    0.1114   1.746e-07  p
_0293_                      1.10    0.003    0.414    0.1112   1.743e-07  p
_0480_                      1.10    0.003    0.386    0.1112   1.743e-07  p
_0455_                      1.10    0.003    0.483    0.1088   1.743e-07  p
_0317_                      1.10    0.003    0.514    0.1110   1.740e-07  p
_0301_                      1.10    0.003    0.386    0.1108   1.737e-07  p
_0439_                      1.10    0.003    0.488    0.1094   1.734e-07  p
_0395_                      1.10    0.003    0.386    0.1106   1.733e-07  p
_0462_                      1.10    0.003    0.384    0.1106   1.733e-07  p
_0392_                      1.10    0.003    0.384    0.1105   1.732e-07  p
_0528_                      1.10    0.003    0.476    0.1080   1.731e-07  p
_0331_                      1.10    0.003    0.519    0.1103   1.729e-07  p
_0464_                      1.10    0.003    0.533    0.1101   1.726e-07  p
_0422_                      1.10    0.003    0.376    0.1099   1.723e-07  p
_0323_                      1.10    0.003    0.490    0.1098   1.721e-07  p
_0424_                      1.10    0.003    0.389    0.1096   1.717e-07  p
_0388_                      1.10    0.003    0.392    0.1089   1.706e-07  p
_0344_                      1.10    0.003    0.469    0.1074   1.703e-07  p
_0489_                      1.10    0.003    0.472    0.1062   1.702e-07  p
_0408_                      1.10    0.003    0.518    0.1087   1.702e-07  p
_0461_                      1.10    0.003    0.389    0.1083   1.697e-07  p
_0406_                      1.10    0.003    0.512    0.1081   1.693e-07  p
_0441_                      1.10    0.003    0.482    0.1056   1.692e-07  p
_0335_                      1.10    0.003    0.522    0.1075   1.684e-07  p
_0328_                      1.10    0.003    0.491    0.1072   1.679e-07  p
_0401_                      1.10    0.003    0.519    0.1069   1.675e-07  p
_0308_                      1.10    0.003    0.386    0.1066   1.671e-07  p
_0292_                      1.10    0.003    0.372    0.1065   1.669e-07  p
_0405_                      1.10    0.003    0.505    0.1062   1.664e-07  p
_0425_                      1.10    0.003    0.407    0.1060   1.662e-07  p
_0399_                      1.10    0.003    0.533    0.1060   1.661e-07  p
_0398_                      1.10    0.003    0.491    0.1059   1.660e-07  p
_0316_                      1.10    0.003    0.549    0.1058   1.657e-07  p
_0384_                      1.10    0.003    0.378    0.1056   1.655e-07  p
_0345_                      1.10    0.003    0.445    0.1043   1.654e-07  p
_0460_                      1.10    0.003    0.386    0.1055   1.653e-07  p
_0394_                      1.10    0.003    0.383    0.1052   1.649e-07  p
_0300_                      1.10    0.003    0.384    0.1051   1.647e-07  p
_0386_                      1.10    0.003    0.390    0.1049   1.644e-07  p
_0289_                      1.10    0.003    0.411    0.1047   1.641e-07  p
_0348_                      1.10    0.003    0.439    0.1034   1.639e-07  p
_0313_                      1.10    0.003    0.511    0.1045   1.637e-07  p
_0320_                      1.10    0.003    0.519    0.1045   1.637e-07  p
_0297_                      1.10    0.003    0.391    0.1042   1.633e-07  p
_0458_                      1.10    0.003    0.389    0.1037   1.625e-07  p
_0402_                      1.10    0.003    0.513    0.1036   1.623e-07  p
_0285_                      1.10    0.003    0.394    0.1034   1.621e-07  p
_0351_                      1.10    0.003    0.433    0.1005   1.594e-07  p
_0391_                      1.10    0.003    0.378    0.1017   1.593e-07  p
_0393_                      1.10    0.003    0.395    0.1012   1.586e-07  p
_0390_                      1.10    0.003    0.395    0.1010   1.583e-07  p
_0307_                      1.10    0.003    0.405    0.0999   1.565e-07  p
_0304_                      1.10    0.003    0.389    0.0992   1.554e-07  p
_0354_                      1.10    0.003    0.430    0.0989   1.551e-07  p
_0260_                      1.10    0.003    0.387    0.1001   1.550e-07  p
_0329_                      1.10    0.003    0.520    0.0989   1.550e-07  p
_0387_                      1.10    0.003    0.383    0.0987   1.546e-07  p
_0319_                      1.10    0.003    0.521    0.0978   1.532e-07  p
_0312_                      1.10    0.003    0.491    0.0977   1.530e-07  p
_0333_                      1.10    0.003    0.524    0.0973   1.525e-07  p
_0315_                      1.10    0.003    0.537    0.0973   1.525e-07  p
_0334_                      1.10    0.003    0.520    0.0972   1.523e-07  p
_0322_                      1.10    0.003    0.511    0.0970   1.521e-07  p
_0314_                      1.10    0.003    0.548    0.0964   1.510e-07  p
_0318_                      1.10    0.003    0.516    0.0958   1.501e-07  p
_0321_                      1.10    0.003    0.492    0.0957   1.500e-07  p
_0326_                      1.10    0.003    0.496    0.0957   1.500e-07  p
_0330_                      1.10    0.003    0.512    0.0956   1.498e-07  p
_0327_                      1.10    0.003    0.495    0.0954   1.495e-07  p
_0311_                      1.10    0.003    0.508    0.0951   1.491e-07  p
_0296_                      1.10    0.003    0.394    0.0946   1.483e-07  p
_0287_                      1.10    0.003    0.405    0.0944   1.480e-07  p
_0290_                      1.10    0.003    0.366    0.0939   1.472e-07  p
_0295_                      1.10    0.003    0.382    0.0937   1.468e-07  p
_0303_                      1.10    0.003    0.390    0.0933   1.463e-07  p
_0283_                      1.10    0.003    0.391    0.0933   1.462e-07  p
_0306_                      1.10    0.003    0.379    0.0927   1.453e-07  p
_0298_                      1.10    0.003    0.396    0.0925   1.449e-07  p
_0284_                      1.10    0.003    0.383    0.0924   1.448e-07  p
_0288_                      1.10    0.003    0.396    0.0921   1.443e-07  p
_0305_                      1.10    0.003    0.415    0.0916   1.436e-07  p
_0291_                      1.10    0.003    0.390    0.0912   1.429e-07  p
_0302_                      1.10    0.003    0.389    0.0903   1.415e-07  p
_0280_                      1.10    0.003    0.363    0.0898   1.408e-07  p
_0299_                      1.10    0.003    0.371    0.0897   1.405e-07  p
_0022_                      1.10    0.005    0.914    0.0458   1.366e-07  p
_0085_                      1.10    0.004    0.079    0.0529   1.292e-07  p
_0076_                      1.10    0.004    0.064    0.0520   1.271e-07  p
io_in2[6]                   1.10    0.004    0.064    0.0515   1.241e-07  p
_0088_                      1.10    0.004    0.070    0.0499   1.219e-07  p
_0082_                      1.10    0.004    0.070    0.0496   1.211e-07  p
_0079_                      1.10    0.004    0.071    0.0482   1.177e-07  p
_0073_                      1.10    0.004    0.054    0.0475   1.160e-07  p
io_in2[5]                   1.10    0.004    0.071    0.0477   1.150e-07  p
_0371_                      1.10    0.001    0.567    0.1508   1.146e-07  p
_0047_                      1.10    0.005    0.047    0.0345   1.134e-07  p
_0091_                      1.10    0.004    0.088    0.0464   1.133e-07  p
io_in2[7]                   1.10    0.004    0.054    0.0468   1.129e-07  p
io_out[1]                   1.10    0.001    0.553    0.1482   1.126e-07  p
_0097_                      1.10    0.001    0.433    0.1482   1.124e-07  p
_0420_                      1.10    0.001    0.553    0.1479   1.120e-07  p
_0054_                      1.10    0.005    0.046    0.0339   1.113e-07  p
_0199_                      1.10    0.005    0.043    0.0338   1.110e-07  p
_0414_                      1.10    0.001    0.549    0.1448   1.101e-07  p
_0419_                      1.10    0.001    0.549    0.1448   1.097e-07  p
io_out[3]                   1.10    0.001    0.540    0.1436   1.091e-07  p
io_out[5]                   1.10    0.001    0.527    0.1434   1.090e-07  p
_0516_                      1.10    0.001    0.526    0.1433   1.085e-07  p
_0478_                      1.10    0.001    0.540    0.1429   1.082e-07  p
_0515_                      1.10    0.001    0.526    0.1425   1.079e-07  p
io_out[6]                   1.10    0.001    0.526    0.1412   1.073e-07  p
io_out[2]                   1.10    0.001    0.534    0.1402   1.066e-07  p
_0061_                      1.10    0.005    0.043    0.0324   1.065e-07  p
_0472_                      1.10    0.001    0.537    0.1396   1.062e-07  p
io_out[4]                   1.10    0.001    0.532    0.1392   1.058e-07  p
_0477_                      1.10    0.001    0.537    0.1397   1.058e-07  p
_0514_                      1.10    0.001    0.522    0.1394   1.055e-07  p
io_out[7]                   1.10    0.001    0.512    0.1376   1.046e-07  p
_0443_                      1.10    0.001    0.529    0.1370   1.041e-07  p
_0517_                      1.10    0.001    0.521    0.1369   1.041e-07  p
_0449_                      1.10    0.001    0.530    0.1373   1.040e-07  p
_0448_                      1.10    0.001    0.529    0.1370   1.037e-07  p
_0094_                      1.10    0.004    0.055    0.0422   1.032e-07  p
_0497_                      1.10    0.001    0.528    0.1360   1.030e-07  p
_0491_                      1.10    0.001    0.527    0.1350   1.026e-07  p
_0496_                      1.10    0.001    0.527    0.1350   1.022e-07  p
io_out[8]                   1.10    0.001    0.523    0.1340   1.018e-07  p
_0536_                      1.10    0.001    0.507    0.1339   1.018e-07  p
_0266_                      1.10    0.001    0.507    0.1333   1.013e-07  p
_0071_                      1.10    0.004    0.047    0.0413   1.008e-07  p
io_out[0]                   1.10    0.001    0.496    0.1318   1.002e-07  p
_0370_                      1.10    0.001    0.496    0.1318   9.983e-08  p
_0555_                      1.10    0.001    0.518    0.1300   9.883e-08  p
io_out[9]                   1.10    0.001    0.507    0.1298   9.868e-08  p
io_out[10]                  1.10    0.001    0.522    0.1287   9.778e-08  p
io_in2[8]                   1.10    0.004    0.047    0.0405   9.771e-08  p
_0361_                      1.10    0.001    0.491    0.1284   9.763e-08  p
_0002_                      1.10    0.001    0.751    0.1288   9.755e-08  p
_0369_                      1.10    0.001    0.491    0.1287   9.743e-08  p
_0368_                      1.10    0.001    0.491    0.1284   9.725e-08  p
_0001_                      1.10    0.001    0.717    0.1267   9.630e-08  p
_0262_                      1.10    0.001    0.579    0.1229   9.549e-08  p
_0568_                      1.10    0.001    0.502    0.1254   9.537e-08  p
_0581_                      1.10    0.001    0.518    0.1249   9.497e-08  p
_0068_                      1.10    0.004    0.048    0.0389   9.491e-08  p
io_out[11]                  1.10    0.001    0.524    0.1242   9.441e-08  p
_0818_                      1.10    0.001    0.741    0.1241   9.395e-08  p
_0642_                      1.10    0.001    0.470    0.1226   9.281e-08  p
io_in2[31]                  1.10    0.005    0.044    0.0328   9.280e-08  p
io_in2[9]                   1.10    0.004    0.048    0.0382   9.212e-08  p
_0647_                      1.10    0.001    0.391    0.1211   9.188e-08  p
_0374_                      1.10    0.001    0.511    0.1212   9.179e-08  p
io_out[12]                  1.10    0.001    0.547    0.1208   9.178e-08  p
_0520_                      1.10    0.001    0.376    0.1205   9.160e-08  p
_0655_                      1.10    0.001    0.495    0.1209   9.155e-08  p
_0594_                      1.10    0.001    0.520    0.1203   9.144e-08  p
_0005_                      1.10    0.001    0.718    0.1202   9.138e-08  p
_0481_                      1.10    0.001    0.417    0.1201   9.126e-08  p
_0463_                      1.10    0.001    0.384    0.1200   9.122e-08  p
_0572_                      1.10    0.001    0.383    0.1199   9.098e-08  p
_0376_                      1.10    0.001    0.503    0.1200   9.087e-08  p
_0621_                      1.10    0.001    0.387    0.1188   9.018e-08  p
_0624_                      1.10    0.001    0.522    0.1191   9.016e-08  p
_0427_                      1.10    0.001    0.395    0.1182   8.986e-08  p
_0310_                      1.10    0.001    0.395    0.1180   8.971e-08  p
_0021_                      1.10    0.004    0.945    0.0416   8.958e-08  p
io_out[14]                  1.10    0.001    0.502    0.1177   8.946e-08  p
_0582_                      1.10    0.001    0.385    0.1178   8.944e-08  p
_0556_                      1.10    0.001    0.390    0.1178   8.941e-08  p
_0509_                      1.10    0.001    0.488    0.1178   8.924e-08  p
io_out[13]                  1.10    0.001    0.557    0.1172   8.909e-08  p
_0616_                      1.10    0.001    0.512    0.1176   8.908e-08  p
_0479_                      1.10    0.001    0.414    0.1168   8.878e-08  p
_0450_                      1.10    0.001    0.502    0.1171   8.871e-08  p
_0607_                      1.10    0.001    0.542    0.1166   8.862e-08  p
_0378_                      1.10    0.001    0.497    0.1167   8.840e-08  p
_0817_                      1.10    0.001    0.749    0.1162   8.835e-08  p
_0809_                      1.10    0.001    0.600    0.1165   8.822e-08  p
_0504_                      1.10    0.001    0.391    0.1159   8.807e-08  p
_0539_                      1.10    0.001    0.380    0.1159   8.807e-08  p
_0048_                      1.10    0.001    0.540    0.1185   8.802e-08  p
_0518_                      1.10    0.001    0.375    0.1157   8.795e-08  p
_0423_                      1.10    0.001    0.393    0.1157   8.792e-08  p
_0544_                      1.10    0.001    0.479    0.1159   8.776e-08  p
_0608_                      1.10    0.001    0.388    0.1156   8.774e-08  p
_0603_                      1.10    0.001    0.490    0.1157   8.760e-08  p
_0634_                      1.10    0.001    0.407    0.1149   8.721e-08  p
_0585_                      1.10    0.001    0.492    0.1149   8.705e-08  p
_0805_                      1.10    0.001    0.600    0.1145   8.702e-08  p
_0201_                      1.10    0.001    0.421    0.1171   8.696e-08  p
_0803_                      1.10    0.001    0.595    0.1148   8.692e-08  p
_0397_                      1.10    0.001    0.371    0.1141   8.668e-08  p
_0459_                      1.10    0.001    0.385    0.1141   8.668e-08  p
_0502_                      1.10    0.001    0.391    0.1141   8.668e-08  p
_0294_                      1.10    0.001    0.394    0.1139   8.659e-08  p
_0569_                      1.10    0.001    0.468    0.1143   8.652e-08  p
_0595_                      1.10    0.001    0.383    0.1139   8.644e-08  p
_0620_                      1.10    0.001    0.553    0.1135   8.627e-08  p
_0056_                      1.10    0.001    0.578    0.1161   8.627e-08  p
_0813_                      1.10    0.001    0.600    0.1134   8.624e-08  p
_0633_                      1.10    0.001    0.498    0.1133   8.612e-08  p
_0380_                      1.10    0.001    0.492    0.1136   8.600e-08  p
_0525_                      1.10    0.001    0.487    0.1136   8.600e-08  p
_0559_                      1.10    0.001    0.495    0.1136   8.600e-08  p
_0511_                      1.10    0.001    0.479    0.1134   8.591e-08  p
_0065_                      1.10    0.004    0.041    0.0350   8.557e-08  p
io_out[15]                  1.10    0.001    0.517    0.1125   8.550e-08  p
_0436_                      1.10    0.001    0.497    0.1124   8.511e-08  p
_0063_                      1.10    0.001    0.549    0.1145   8.509e-08  p
_0452_                      1.10    0.001    0.489    0.1119   8.477e-08  p
_0031_                      1.10    0.004    0.047    0.0345   8.437e-08  p
_0043_                      1.10    0.004    0.044    0.0345   8.437e-08  p
_0389_                      1.10    0.001    0.371    0.1110   8.433e-08  p
_0808_                      1.10    0.001    0.612    0.1109   8.429e-08  p
_0223_                      1.10    0.004    0.044    0.0345   8.418e-08  p
io_out[16]                  1.10    0.001    0.401    0.1107   8.411e-08  p
io_in2[10]                  1.10    0.004    0.041    0.0349   8.408e-08  p
io_out[22]                  1.10    0.001    0.403    0.1106   8.405e-08  p
_0486_                      1.10    0.001    0.479    0.1110   8.403e-08  p
_0537_                      1.10    0.001    0.384    0.1105   8.399e-08  p
_0238_                      1.10    0.004    0.046    0.0344   8.398e-08  p
_0034_                      1.10    0.004    0.044    0.0343   8.378e-08  p
io_out[18]                  1.10    0.001    0.403    0.1101   8.368e-08  p
io_out[27]                  1.10    0.001    0.414    0.1098   8.343e-08  p
_0457_                      1.10    0.001    0.379    0.1097   8.340e-08  p
_0210_                      1.10    0.004    0.043    0.0341   8.338e-08  p
_0045_                      1.10    0.004    0.047    0.0341   8.318e-08  p
_0009_                      1.10    0.001    0.720    0.1097   8.310e-08  p
io_out[25]                  1.10    0.001    0.375    0.1093   8.309e-08  p
io_out[21]                  1.10    0.001    0.409    0.1093   8.306e-08  p
_0646_                      1.10    0.001    0.512    0.1092   8.299e-08  p
_0028_                      1.10    0.004    0.043    0.0340   8.298e-08  p
_0037_                      1.10    0.004    0.042    0.0340   8.298e-08  p
_0230_                      1.10    0.004    0.043    0.0340   8.298e-08  p
_0252_                      1.10    0.004    0.043    0.0340   8.298e-08  p
_0814_                      1.10    0.001    0.597    0.1095   8.295e-08  p
io_out[17]                  1.10    0.001    0.424    0.1091   8.291e-08  p
_0040_                      1.10    0.004    0.043    0.0339   8.278e-08  p
_0058_                      1.10    0.004    0.043    0.0339   8.278e-08  p
_0438_                      1.10    0.001    0.488    0.1093   8.276e-08  p
_0546_                      1.10    0.001    0.470    0.1092   8.270e-08  p
io_out[23]                  1.10    0.001    0.394    0.1087   8.263e-08  p
_0051_                      1.10    0.004    0.044    0.0338   8.259e-08  p
_0245_                      1.10    0.004    0.044    0.0338   8.259e-08  p
_0286_                      1.10    0.001    0.394    0.1086   8.257e-08  p
_0006_                      1.10    0.001    0.726    0.1090   8.255e-08  p
io_out[31]                  1.10    0.001    0.405    0.1086   8.253e-08  p
_0806_                      1.10    0.001    0.629    0.1089   8.249e-08  p
io_out[29]                  1.10    0.001    0.397    0.1085   8.244e-08  p
_0216_                      1.10    0.004    0.044    0.0337   8.239e-08  p
_0454_                      1.10    0.001    0.483    0.1088   8.236e-08  p
io_out[28]                  1.10    0.001    0.398    0.1083   8.229e-08  p
io_out[26]                  1.10    0.001    0.411    0.1082   8.219e-08  p
io_out[24]                  1.10    0.001    0.394    0.1079   8.198e-08  p
io_out[19]                  1.10    0.001    0.390    0.1078   8.195e-08  p
_0421_                      1.10    0.001    0.389    0.1078   8.192e-08  p
_0527_                      1.10    0.001    0.476    0.1080   8.175e-08  p
io_in2[15]                  1.10    0.004    0.046    0.0339   8.172e-08  p
io_in2[21]                  1.10    0.004    0.046    0.0339   8.172e-08  p
io_in2[26]                  1.10    0.004    0.044    0.0339   8.172e-08  p
io_out[20]                  1.10    0.001    0.386    0.1074   8.164e-08  p
_0008_                      1.10    0.001    0.697    0.1074   8.163e-08  p
io_in2[17]                  1.10    0.004    0.043    0.0338   8.152e-08  p
_0713_                      1.10    0.001    0.400    0.1070   8.135e-08  p
io_in2[28]                  1.10    0.004    0.045    0.0337   8.113e-08  p
io_in2[24]                  1.10    0.004    0.043    0.0336   8.094e-08  p
_0758_                      1.10    0.001    0.411    0.1063   8.083e-08  p
_0357_                      1.10    0.053    0.013    0.0025   8.077e-08  p
io_in2[20]                  1.10    0.004    0.043    0.0335   8.074e-08  p
_0740_                      1.10    0.001    0.372    0.1061   8.067e-08  p
_0677_                      1.10    0.001    0.399    0.1059   8.049e-08  p
_0659_                      1.10    0.001    0.396    0.1058   8.040e-08  p
io_in2[16]                  1.10    0.004    0.047    0.0333   8.035e-08  p
io_in2[19]                  1.10    0.004    0.042    0.0333   8.035e-08  p
_0488_                      1.10    0.001    0.472    0.1061   8.033e-08  p
io_in2[27]                  1.10    0.004    0.043    0.0332   8.015e-08  p
_0704_                      1.10    0.001    0.405    0.1053   8.002e-08  p
_0776_                      1.10    0.001    0.393    0.1052   7.996e-08  p
io_in2[12]                  1.10    0.004    0.043    0.0332   7.995e-08  p
io_in2[13]                  1.10    0.004    0.045    0.0332   7.995e-08  p
io_in2[18]                  1.10    0.004    0.043    0.0332   7.995e-08  p
io_in2[23]                  1.10    0.004    0.043    0.0332   7.995e-08  p
io_in2[29]                  1.10    0.004    0.044    0.0332   7.995e-08  p
io_in2[30]                  1.10    0.004    0.043    0.0332   7.995e-08  p
_0440_                      1.10    0.001    0.482    0.1055   7.987e-08  p
_0767_                      1.10    0.001    0.394    0.1050   7.984e-08  p
io_in2[22]                  1.10    0.004    0.042    0.0331   7.976e-08  p
io_out[30]                  1.10    0.001    0.378    0.1048   7.966e-08  p
_0722_                      1.10    0.001    0.390    0.1048   7.965e-08  p
_0794_                      1.10    0.001    0.401    0.1048   7.965e-08  p
_0282_                      1.10    0.001    0.393    0.1048   7.963e-08  p
_0385_                      1.10    0.001    0.366    0.1047   7.957e-08  p
io_in2[14]                  1.10    0.004    0.044    0.0330   7.956e-08  p
_0668_                      1.10    0.001    0.419    0.1045   7.941e-08  p
io_in2[25]                  1.10    0.004    0.043    0.0329   7.937e-08  p
_0749_                      1.10    0.001    0.407    0.1042   7.922e-08  p
_0731_                      1.10    0.001    0.390    0.1040   7.907e-08  p
_0695_                      1.10    0.001    0.382    0.1034   7.860e-08  p
_0346_                      1.10    0.001    0.438    0.1033   7.854e-08  p
_0686_                      1.10    0.001    0.386    0.1032   7.845e-08  p
_0785_                      1.10    0.001    0.373    0.1016   7.724e-08  p
io_in2[11]                  1.10    0.004    0.043    0.0317   7.642e-08  p
_0349_                      1.10    0.001    0.433    0.1005   7.637e-08  p
io_fn[3]                    1.10    0.119    0.003    0.0011   7.630e-08  p
_0352_                      1.10    0.001    0.430    0.0988   7.514e-08  p
_0383_                      1.10    0.001    0.365    0.0973   7.397e-08  p
_0279_                      1.10    0.143    0.010    0.0009   7.373e-08  p
_0027_                      1.10    0.001    0.604    0.0936   7.275e-08  p
_0281_                      1.10    0.001    0.396    0.0935   7.100e-08  p
_0804_                      1.10    0.001    0.699    0.0857   6.511e-08  p
_0105_                      1.10    0.004    0.042    0.0274   6.387e-08  p
_0111_                      1.10    0.004    0.043    0.0255   6.231e-08  p
_0102_                      1.10    0.004    0.041    0.0262   6.102e-08  p
_0113_                      1.10    0.004    0.033    0.0249   6.072e-08  p
_0108_                      1.10    0.004    0.043    0.0258   6.008e-08  p
_0115_                      1.10    0.004    0.029    0.0238   5.553e-08  p
_0810_                      1.10    0.001    0.751    0.0706   5.346e-08  p
_0120_                      1.10    0.004    0.026    0.0210   5.138e-08  p
_0007_                      1.10    0.001    0.860    0.0666   5.064e-08  p
_0815_                      1.10    0.001    0.745    0.0668   5.056e-08  p
_0099_                      1.10    0.004    0.038    0.0217   5.051e-08  p
_0807_                      1.10    0.001    0.753    0.0661   5.027e-08  p
_0003_                      1.10    0.001    0.886    0.0651   4.933e-08  p
_0118_                      1.10    0.004    0.023    0.0198   4.840e-08  p
_0010_                      1.10    0.001    0.852    0.0614   4.650e-08  p
_0125_                      1.10    0.004    0.023    0.0188   4.581e-08  p
_0130_                      1.10    0.004    0.023    0.0183   4.462e-08  p
_0816_                      1.10    0.001    0.796    0.0585   4.448e-08  p
_0143_                      1.10    0.004    0.022    0.0180   4.403e-08  p
_0000_                      1.10    0.001    0.901    0.0578   4.396e-08  p
_0141_                      1.10    0.004    0.022    0.0179   4.383e-08  p
_0145_                      1.10    0.004    0.022    0.0179   4.383e-08  p
io_fn[0]                    1.10    0.014    0.034    0.0052   4.292e-08  p
_0147_                      1.10    0.004    0.021    0.0174   4.244e-08  p
_0219_                      1.10    0.004    0.021    0.0174   4.244e-08  p
_0135_                      1.10    0.004    0.023    0.0182   4.236e-08  p
_0149_                      1.10    0.004    0.021    0.0173   4.224e-08  p
_0233_                      1.10    0.004    0.020    0.0173   4.224e-08  p
_0226_                      1.10    0.004    0.020    0.0172   4.204e-08  p
_0138_                      1.10    0.004    0.022    0.0179   4.179e-08  p
_0209_                      1.10    0.004    0.021    0.0174   4.046e-08  p
_0251_                      1.10    0.004    0.020    0.0174   4.046e-08  p
_0237_                      1.10    0.004    0.020    0.0173   4.027e-08  p
_0244_                      1.10    0.004    0.020    0.0173   4.027e-08  p
_0259_                      1.10    0.003    0.035    0.0256   3.970e-08  p
_0090_                      1.10    0.001    0.914    0.0451   3.349e-08  p
_0095_                      1.10    0.004    0.018    0.0143   3.335e-08  p
_0176_                      1.10    0.003    0.024    0.0196   3.229e-08  p
_0181_                      1.10    0.003    0.024    0.0186   3.068e-08  p
_0093_                      1.10    0.001    0.946    0.0412   3.059e-08  p
_0185_                      1.10    0.003    0.022    0.0181   2.981e-08  p
_0811_                      1.10    0.001    0.795    0.0380   2.881e-08  p
_0203_                      1.10    0.003    0.021    0.0173   2.847e-08  p
io_fn[1]                    1.10    0.011    0.020    0.0044   2.838e-08  p
_0812_                      1.10    0.001    0.798    0.0358   2.719e-08  p
_0258_                      1.10    0.003    0.020    0.0173   2.659e-08  p
_0011_                      1.10    0.001    0.910    0.0340   2.576e-08  p
_0026_                      1.10    0.001    0.956    0.0328   2.433e-08  p
_0121_                      1.10    0.003    0.015    0.0147   2.324e-08  p
_0059_                      1.10    0.003    0.014    0.0122   1.905e-08  p
_0110_                      1.10    0.001    0.025    0.0233   1.766e-08  p
_0016_                      1.10    0.003    0.045    0.0100   1.648e-08  p
_0107_                      1.10    0.001    0.024    0.0210   1.587e-08  p
_0029_                      1.10    0.003    0.011    0.0100   1.564e-08  p
_0112_                      1.10    0.001    0.018    0.0204   1.547e-08  p
_0131_                      1.10    0.003    0.013    0.0098   1.545e-08  p
_0126_                      1.10    0.003    0.010    0.0095   1.500e-08  p
_0104_                      1.10    0.001    0.022    0.0195   1.479e-08  p
_0052_                      1.10    0.003    0.009    0.0094   1.471e-08  p
_0066_                      1.10    0.003    0.009    0.0085   1.348e-08  p
_0114_                      1.10    0.001    0.014    0.0177   1.340e-08  p
_0474_                      1.10    0.001    0.021    0.0169   1.315e-08  p
_0086_                      1.10    0.001    0.021    0.0169   1.287e-08  p
_0101_                      1.10    0.001    0.019    0.0166   1.254e-08  p
_0492_                      1.10    0.001    0.019    0.0161   1.249e-08  p
_0445_                      1.10    0.001    0.022    0.0159   1.236e-08  p
_0083_                      1.10    0.001    0.019    0.0162   1.234e-08  p
_0089_                      1.10    0.001    0.022    0.0159   1.209e-08  p
_0004_                      1.10    0.001    0.947    0.0159   1.206e-08  p
_0416_                      1.10    0.001    0.029    0.0155   1.205e-08  p
_0092_                      1.10    0.001    0.029    0.0154   1.172e-08  p
_0014_                      1.10    0.002    0.957    0.0094   1.138e-08  p
_0150_                      1.10    0.003    0.009    0.0073   1.134e-08  p
_0117_                      1.10    0.001    0.013    0.0149   1.131e-08  p
_0128_                      1.10    0.001    0.017    0.0145   1.129e-08  p
_0363_                      1.10    0.001    0.018    0.0143   1.113e-08  p
_0129_                      1.10    0.001    0.017    0.0145   1.100e-08  p
_0365_                      1.10    0.055    0.001    0.0003   1.076e-08  p
_0499_                      1.10    0.001    0.019    0.0137   1.062e-08  p
_0019_                      1.10    0.004    0.980    0.0044   1.052e-08  p
_0080_                      1.10    0.001    0.019    0.0138   1.046e-08  p
_0362_                      1.10    0.053    0.001    0.0003   1.040e-08  p
_0207_                      1.10    0.001    0.015    0.0133   1.034e-08  p
_0208_                      1.10    0.001    0.015    0.0133   1.008e-08  p
_0119_                      1.10    0.001    0.012    0.0132   9.983e-09  p
_0124_                      1.10    0.001    0.015    0.0131   9.953e-09  p
_0549_                      1.10    0.001    0.015    0.0127   9.833e-09  p
io_cmp_out                  1.10    0.001    0.063    0.0128   9.741e-09  p
_0531_                      1.10    0.001    0.015    0.0125   9.707e-09  p
_0074_                      1.10    0.001    0.015    0.0127   9.620e-09  p
_0133_                      1.10    0.001    0.013    0.0122   9.517e-09  p
_0077_                      1.10    0.001    0.015    0.0125   9.497e-09  p
_0752_                      1.10    0.001    0.014    0.0122   9.485e-09  p
_0575_                      1.10    0.001    0.014    0.0121   9.391e-09  p
_0612_                      1.10    0.001    0.014    0.0120   9.327e-09  p
_0044_                      1.10    0.001    0.014    0.0122   9.311e-09  p
_0069_                      1.10    0.001    0.014    0.0122   9.311e-09  p
_0134_                      1.10    0.001    0.013    0.0122   9.275e-09  p
_0671_                      1.10    0.001    0.014    0.0119   9.264e-09  p
_0224_                      1.10    0.001    0.014    0.0121   9.218e-09  p
_0234_                      1.10    0.001    0.015    0.0119   8.997e-09  p
_0146_                      1.10    0.001    0.015    0.0118   8.967e-09  p
_0708_                      1.10    0.001    0.014    0.0114   8.821e-09  p
_0032_                      1.10    0.001    0.014    0.0114   8.692e-09  p
io_fn[2]                    1.10    0.014    0.009    0.0010   8.644e-09  p
_0144_                      1.10    0.001    0.014    0.0113   8.566e-09  p
_0680_                      1.10    0.001    0.014    0.0109   8.505e-09  p
_0137_                      1.10    0.001    0.013    0.0112   8.504e-09  p
_0041_                      1.10    0.001    0.014    0.0111   8.445e-09  p
_0220_                      1.10    0.001    0.013    0.0110   8.350e-09  p
_0012_                      1.10    0.001    0.956    0.0110   8.320e-09  p
_0735_                      1.10    0.001    0.013    0.0104   8.094e-09  p
_0020_                      1.10    0.003    0.966    0.0052   8.051e-09  p
_0211_                      1.10    0.001    0.012    0.0106   8.043e-09  p
_0255_                      1.10    0.001    0.014    0.0105   7.950e-09  p
_0248_                      1.10    0.001    0.013    0.0102   7.734e-09  p
_0356_                      1.10    0.003    0.972    0.0048   7.662e-09  p
_0716_                      1.10    0.001    0.011    0.0096   7.493e-09  p
_0013_                      1.10    0.001    0.957    0.0098   7.395e-09  p
_0098_                      1.10    0.001    0.009    0.0095   7.210e-09  p
_0599_                      1.10    0.001    0.010    0.0093   7.209e-09  p
_0062_                      1.10    0.001    0.010    0.0094   7.115e-09  p
_0015_                      1.10    0.001    0.043    0.0094   7.087e-09  p
_0072_                      1.10    0.001    0.010    0.0093   7.053e-09  p
_0627_                      1.10    0.001    0.011    0.0091   7.051e-09  p
_0637_                      1.10    0.001    0.009    0.0090   6.988e-09  p
_0055_                      1.10    0.001    0.011    0.0092   6.960e-09  p
_0563_                      1.10    0.001    0.010    0.0090   6.956e-09  p
_0770_                      1.10    0.001    0.011    0.0086   6.703e-09  p
_0122_                      1.10    0.001    0.008    0.0088   6.682e-09  p
_0239_                      1.10    0.001    0.011    0.0088   6.682e-09  p
_0589_                      1.10    0.001    0.009    0.0086   6.671e-09  p
_0241_                      1.10    0.001    0.010    0.0086   6.502e-09  p
_0798_                      1.10    0.001    0.010    0.0075   5.818e-09  p
_0725_                      1.10    0.001    0.009    0.0073   5.691e-09  p
_0200_                      1.10    0.001    0.009    0.0074   5.608e-09  p
_0662_                      1.10    0.001    0.009    0.0072   5.596e-09  p
_0142_                      1.10    0.001    0.008    0.0073   5.546e-09  p
_0123_                      1.10    0.001    0.008    0.0073   5.516e-09  p
_0246_                      1.10    0.001    0.007    0.0072   5.506e-09  p
_0779_                      1.10    0.001    0.007    0.0071   5.502e-09  p
_0046_                      1.10    0.001    0.009    0.0072   5.475e-09  p
_0689_                      1.10    0.001    0.008    0.0070   5.470e-09  p
_0038_                      1.10    0.001    0.008    0.0071   5.413e-09  p
_0132_                      1.10    0.001    0.010    0.0070   5.321e-09  p
_0253_                      1.10    0.001    0.007    0.0069   5.228e-09  p
_0789_                      1.10    0.001    0.007    0.0066   5.154e-09  p
_0213_                      1.10    0.001    0.008    0.0068   5.146e-09  p
_0650_                      1.10    0.001    0.007    0.0066   5.122e-09  p
_0049_                      1.10    0.001    0.007    0.0067   5.073e-09  p
_0742_                      1.10    0.001    0.007    0.0061   4.743e-09  p
_0217_                      1.10    0.001    0.007    0.0062   4.702e-09  p
_0140_                      1.10    0.001    0.008    0.0062   4.684e-09  p
_0127_                      1.10    0.001    0.006    0.0061   4.640e-09  p
_0148_                      1.10    0.001    0.007    0.0059   4.499e-09  p
_0035_                      1.10    0.001    0.006    0.0056   4.269e-09  p
_0698_                      1.10    0.001    0.006    0.0055   4.237e-09  p
_0645_                      1.10    0.001    0.004    0.0056   4.221e-09  p
_0667_                      1.10    0.001    0.005    0.0056   4.221e-09  p
_0231_                      1.10    0.001    0.005    0.0054   4.114e-09  p
_0761_                      1.10    0.001    0.005    0.0052   4.079e-09  p
_0694_                      1.10    0.001    0.004    0.0054   4.067e-09  p
_0227_                      1.10    0.001    0.007    0.0052   3.975e-09  p
_0676_                      1.10    0.001    0.004    0.0050   3.821e-09  p
_0685_                      1.10    0.001    0.003    0.0048   3.636e-09  p
_0606_                      1.10    0.001    0.004    0.0048   3.605e-09  p
_0619_                      1.10    0.001    0.005    0.0048   3.605e-09  p
_0580_                      1.10    0.001    0.004    0.0047   3.574e-09  p
_0567_                      1.10    0.001    0.005    0.0046   3.482e-09  p
_0703_                      1.10    0.001    0.004    0.0046   3.482e-09  p
_0757_                      1.10    0.001    0.004    0.0045   3.420e-09  p
_0535_                      1.10    0.001    0.004    0.0045   3.389e-09  p
_0632_                      1.10    0.001    0.004    0.0045   3.389e-09  p
_0802_                      1.10    0.001    0.004    0.0045   3.389e-09  p
_0739_                      1.10    0.001    0.004    0.0044   3.359e-09  p
_0658_                      1.10    0.001    0.004    0.0044   3.328e-09  p
_0359_                      1.10    0.001    0.974    0.0043   3.320e-09  p
_0712_                      1.10    0.001    0.004    0.0044   3.297e-09  p
_0730_                      1.10    0.001    0.003    0.0044   3.297e-09  p
_0766_                      1.10    0.001    0.003    0.0044   3.297e-09  p
_0554_                      1.10    0.001    0.005    0.0042   3.174e-09  p
_0748_                      1.10    0.001    0.004    0.0042   3.174e-09  p
_0793_                      1.10    0.001    0.005    0.0042   3.174e-09  p
_0206_                      1.10    0.001    0.006    0.0041   3.093e-09  p
_0593_                      1.10    0.001    0.004    0.0041   3.081e-09  p
_0721_                      1.10    0.001    0.003    0.0041   3.081e-09  p
_0775_                      1.10    0.001    0.004    0.0041   3.081e-09  p
_0158_                      1.10    0.004    0.001    0.0013   3.032e-09  p
_0784_                      1.10    0.001    0.004    0.0039   2.989e-09  p
_0471_                      1.10    0.001    0.003    0.0036   2.722e-09  p
_0508_                      1.10    0.001    0.004    0.0035   2.660e-09  p
_0343_                      1.10    0.001    0.004    0.0034   2.598e-09  p
_0485_                      1.10    0.001    0.004    0.0034   2.598e-09  p
_0524_                      1.10    0.001    0.003    0.0034   2.598e-09  p
_0795_                      1.10    0.001    0.003    0.0034   2.598e-09  p
_0792_                      1.10    0.001    0.004    0.0034   2.588e-09  p
_0615_                      1.10    0.001    0.003    0.0033   2.506e-09  p
_0787_                      1.10    0.001    0.003    0.0033   2.475e-09  p
_0579_                      1.10    0.001    0.004    0.0033   2.465e-09  p
_0160_                      1.10    0.004    0.001    0.0011   2.464e-09  p
_0610_                      1.10    0.001    0.003    0.0032   2.444e-09  p
_0641_                      1.10    0.001    0.003    0.0032   2.444e-09  p
_0665_                      1.10    0.001    0.004    0.0032   2.444e-09  p
_0413_                      1.10    0.001    0.004    0.0032   2.413e-09  p
_0435_                      1.10    0.001    0.004    0.0032   2.413e-09  p
_0574_                      1.10    0.001    0.003    0.0032   2.413e-09  p
_0765_                      1.10    0.001    0.002    0.0032   2.403e-09  p
_0353_                      1.10    0.024    0.000    0.0002   2.400e-09  p
_0602_                      1.10    0.001    0.003    0.0031   2.382e-09  p
_0674_                      1.10    0.001    0.003    0.0031   2.351e-09  p
_0760_                      1.10    0.001    0.002    0.0031   2.351e-09  p
_0558_                      1.10    0.001    0.004    0.0031   2.320e-09  p
_0597_                      1.10    0.001    0.003    0.0031   2.320e-09  p
_0636_                      1.10    0.001    0.003    0.0031   2.320e-09  p
_0157_                      1.10    0.004    0.002    0.0011   2.300e-09  p
_0783_                      1.10    0.001    0.003    0.0030   2.280e-09  p
_0660_                      1.10    0.001    0.003    0.0030   2.258e-09  p
_0669_                      1.10    0.001    0.002    0.0029   2.227e-09  p
_0684_                      1.10    0.001    0.002    0.0029   2.219e-09  p
_0756_                      1.10    0.001    0.003    0.0029   2.219e-09  p
_0774_                      1.10    0.001    0.003    0.0029   2.219e-09  p
_0693_                      1.10    0.001    0.002    0.0028   2.157e-09  p
_0747_                      1.10    0.001    0.003    0.0028   2.157e-09  p
_0543_                      1.10    0.001    0.003    0.0028   2.134e-09  p
_0623_                      1.10    0.001    0.002    0.0028   2.103e-09  p
_0755_                      1.10    0.001    0.003    0.0028   2.095e-09  p
_0584_                      1.10    0.001    0.003    0.0027   2.042e-09  p
_0750_                      1.10    0.001    0.002    0.0027   2.042e-09  p
_0711_                      1.10    0.001    0.002    0.0026   1.972e-09  p
_0654_                      1.10    0.001    0.003    0.0025   1.918e-09  p
_0692_                      1.10    0.001    0.002    0.0025   1.918e-09  p
_0738_                      1.10    0.001    0.002    0.0025   1.910e-09  p
_0276_                      1.10    0.004    0.008    0.0008   1.904e-09  p
_0701_                      1.10    0.001    0.002    0.0025   1.887e-09  p
_0687_                      1.10    0.001    0.002    0.0024   1.856e-09  p
_0706_                      1.10    0.001    0.002    0.0024   1.856e-09  p
_0733_                      1.10    0.001    0.002    0.0024   1.856e-09  p
_0649_                      1.10    0.001    0.002    0.0024   1.794e-09  p
_0644_                      1.10    0.001    0.001    0.0024   1.787e-09  p
_0666_                      1.10    0.001    0.002    0.0024   1.787e-09  p
_0720_                      1.10    0.001    0.002    0.0024   1.787e-09  p
_0729_                      1.10    0.001    0.002    0.0024   1.787e-09  p
_0696_                      1.10    0.001    0.002    0.0023   1.763e-09  p
_0017_                      1.10    0.003    0.997    0.0011   1.623e-09  p
_0702_                      1.10    0.001    0.002    0.0021   1.602e-09  p
_0018_                      1.10    0.003    0.991    0.0010   1.595e-09  p
_0162_                      1.10    0.004    0.001    0.0007   1.516e-09  p
_0164_                      1.10    0.004    0.001    0.0007   1.516e-09  p
_0728_                      1.10    0.001    0.002    0.0020   1.516e-09  p
_0675_                      1.10    0.001    0.002    0.0020   1.479e-09  p
_0732_                      1.10    0.001    0.002    0.0019   1.454e-09  p
_0270_                      1.10    0.003    0.002    0.0009   1.434e-09  p
_0683_                      1.10    0.001    0.002    0.0019   1.423e-09  p
_0657_                      1.10    0.001    0.002    0.0019   1.417e-09  p
_0723_                      1.10    0.001    0.002    0.0018   1.392e-09  p
_0678_                      1.10    0.001    0.002    0.0018   1.361e-09  p
_0355_                      1.10    0.001    0.989    0.0017   1.360e-09  p
_0705_                      1.10    0.001    0.002    0.0017   1.330e-09  p
_0719_                      1.10    0.001    0.001    0.0017   1.299e-09  p
_0631_                      1.10    0.001    0.001    0.0017   1.294e-09  p
_0273_                      1.10    0.003    0.002    0.0008   1.290e-09  p
_0275_                      1.10    0.003    0.002    0.0008   1.276e-09  p
_0605_                      1.10    0.001    0.001    0.0016   1.233e-09  p
_0751_                      1.10    0.001    0.001    0.0016   1.206e-09  p
_0170_                      1.10    0.004    0.000    0.0005   1.193e-09  p
_0183_                      1.10    0.004    0.000    0.0005   1.193e-09  p
_0187_                      1.10    0.004    0.000    0.0005   1.193e-09  p
_0188_                      1.10    0.004    0.000    0.0005   1.193e-09  p
_0197_                      1.10    0.004    0.000    0.0005   1.193e-09  p
_0626_                      1.10    0.001    0.001    0.0015   1.175e-09  p
_0714_                      1.10    0.001    0.001    0.0015   1.175e-09  p
_0566_                      1.10    0.001    0.001    0.0015   1.171e-09  p
_0166_                      1.10    0.004    0.000    0.0005   1.137e-09  p
_0168_                      1.10    0.004    0.000    0.0005   1.137e-09  p
_0171_                      1.10    0.004    0.000    0.0005   1.137e-09  p
_0173_                      1.10    0.004    0.000    0.0005   1.137e-09  p
_0175_                      1.10    0.004    0.000    0.0005   1.137e-09  p
_0178_                      1.10    0.004    0.000    0.0005   1.137e-09  p
_0180_                      1.10    0.004    0.000    0.0005   1.137e-09  p
_0184_                      1.10    0.004    0.000    0.0005   1.137e-09  p
_0189_                      1.10    0.004    0.000    0.0005   1.137e-09  p
_0191_                      1.10    0.004    0.000    0.0005   1.137e-09  p
_0193_                      1.10    0.004    0.000    0.0005   1.137e-09  p
_0195_                      1.10    0.004    0.000    0.0005   1.137e-09  p
_0571_                      1.10    0.001    0.001    0.0015   1.114e-09  p
_0618_                      1.10    0.001    0.001    0.0015   1.109e-09  p
_0561_                      1.10    0.001    0.001    0.0014   1.052e-09  p
_0553_                      1.10    0.001    0.002    0.0014   1.048e-09  p
_0592_                      1.10    0.001    0.001    0.0014   1.048e-09  p
_0263_                      1.10    0.001    0.001    0.0014   1.028e-09  p
_0746_                      1.10    0.001    0.001    0.0013   1.021e-09  p
_0587_                      1.10    0.001    0.001    0.0013   9.899e-10  p
_0741_                      1.10    0.001    0.001    0.0013   9.589e-10  p
_0198_                      1.10    0.004    0.000    0.0004   9.476e-10  p
_0205_                      1.10    0.004    0.000    0.0004   9.476e-10  p
_0215_                      1.10    0.004    0.000    0.0004   9.476e-10  p
_0222_                      1.10    0.004    0.000    0.0004   9.476e-10  p
_0229_                      1.10    0.004    0.000    0.0004   9.476e-10  p
_0236_                      1.10    0.004    0.000    0.0004   9.476e-10  p
_0243_                      1.10    0.004    0.000    0.0004   9.476e-10  p
_0250_                      1.10    0.004    0.000    0.0004   9.476e-10  p
_0278_                      1.10    0.001    0.010    0.0012   9.169e-10  p
_0759_                      1.10    0.001    0.001    0.0012   8.971e-10  p
_0548_                      1.10    0.001    0.001    0.0011   8.661e-10  p
_0773_                      1.10    0.001    0.001    0.0011   8.661e-10  p
_0267_                      1.10    0.001    0.001    0.0011   8.043e-10  p
_0534_                      1.10    0.001    0.001    0.0011   8.011e-10  p
_0801_                      1.10    0.001    0.001    0.0011   8.011e-10  p
_0084_                      1.10    0.001    0.002    0.0011   7.859e-10  p
_0372_                      1.10    0.001    0.000    0.0010   7.588e-10  p
_0490_                      1.10    0.001    0.001    0.0010   7.424e-10  p
_0529_                      1.10    0.001    0.001    0.0010   7.424e-10  p
_0768_                      1.10    0.001    0.001    0.0010   7.424e-10  p
_0087_                      1.10    0.001    0.001    0.0010   7.255e-10  p
_0782_                      1.10    0.001    0.001    0.0009   7.115e-10  p
_0796_                      1.10    0.001    0.001    0.0009   6.805e-10  p
_0257_                      1.10    0.003    0.000    0.0004   6.257e-10  p
_0513_                      1.10    0.001    0.000    0.0008   6.187e-10  p
_0081_                      1.10    0.001    0.001    0.0008   6.045e-10  p
_0777_                      1.10    0.001    0.001    0.0008   5.877e-10  p
_0786_                      1.10    0.001    0.001    0.0008   5.877e-10  p
_0350_                      1.10    0.012    0.000    0.81e-4  5.707e-10  p
_0456_                      1.10    0.001    0.001    0.0007   5.568e-10  p
_0272_                      1.10    0.001    0.001    0.0007   5.546e-10  p
_0271_                      1.10    0.001    0.001    0.0007   4.930e-10  p
_0277_                      1.10    0.001    0.008    0.0004   3.389e-10  p
_0442_                      1.10    0.001    0.000    0.0004   3.093e-10  p
_0347_                      1.10    0.005    0.000    0.81e-4  2.668e-10  p
_0358_                      1.10    0.001    0.000    0.0002   1.856e-10  p
_0382_                      1.10    0.001    0.000    0.0002   1.856e-10  p
_0501_                      1.10    0.001    0.000    0.0002   1.856e-10  p
_0552_                      1.10    0.001    0.000    0.0002   1.849e-10  p
_0664_                      1.10    0.001    0.000    0.0002   1.849e-10  p
_0268_                      1.10    0.001    0.000    0.0002   1.265e-10  p
_0274_                      1.10    0.001    0.000    0.0002   1.237e-10  p
_0373_                      1.10    0.001    0.000    0.0002   1.237e-10  p
_0444_                      1.10    0.001    0.000    0.0002   1.237e-10  p
_0498_                      1.10    0.001    0.000    0.0002   1.237e-10  p
_0550_                      1.10    0.001    0.000    0.0002   1.237e-10  p
_0562_                      1.10    0.001    0.000    0.0002   1.237e-10  p
_0628_                      1.10    0.001    0.000    0.0002   1.237e-10  p
_0753_                      1.10    0.001    0.000    0.0002   1.237e-10  p
_0447_                      1.10    0.001    0.000    0.0002   1.233e-10  p
_0565_                      1.10    0.001    0.000    0.0002   1.233e-10  p
_0630_                      1.10    0.001    0.000    0.0002   1.233e-10  p
_0640_                      1.10    0.001    0.000    0.0002   1.233e-10  p
_0653_                      1.10    0.001    0.000    0.0002   1.233e-10  p
_0663_                      1.10    0.001    0.000    0.0002   1.233e-10  p
_0673_                      1.10    0.001    0.000    0.0002   1.233e-10  p
_0700_                      1.10    0.001    0.000    0.0002   1.233e-10  p
_0710_                      1.10    0.001    0.000    0.0002   1.233e-10  p
_0717_                      1.10    0.001    0.000    0.0002   1.233e-10  p
_0718_                      1.10    0.001    0.000    0.0002   1.233e-10  p
_0727_                      1.10    0.001    0.000    0.0002   1.233e-10  p
_0772_                      1.10    0.001    0.000    0.0002   1.233e-10  p
_0781_                      1.10    0.001    0.000    0.0002   1.233e-10  p
_0791_                      1.10    0.001    0.000    0.0002   1.233e-10  p
_0800_                      1.10    0.001    0.000    0.0002   1.233e-10  p
_0269_                      1.10    0.001    0.000    0.81e-4  6.187e-11  p
_0364_                      1.10    0.001    0.000    0.81e-4  6.187e-11  p
_0415_                      1.10    0.001    0.000    0.81e-4  6.187e-11  p
_0598_                      1.10    0.001    0.000    0.81e-4  6.187e-11  p
_0638_                      1.10    0.001    0.000    0.81e-4  6.187e-11  p
_0651_                      1.10    0.001    0.000    0.81e-4  6.187e-11  p
_0661_                      1.10    0.001    0.000    0.81e-4  6.187e-11  p
_0670_                      1.10    0.001    0.000    0.81e-4  6.187e-11  p
_0679_                      1.10    0.001    0.000    0.81e-4  6.187e-11  p
_0697_                      1.10    0.001    0.000    0.81e-4  6.187e-11  p
_0707_                      1.10    0.001    0.000    0.81e-4  6.187e-11  p
_0724_                      1.10    0.001    0.000    0.81e-4  6.187e-11  p
_0734_                      1.10    0.001    0.000    0.81e-4  6.187e-11  p
_0769_                      1.10    0.001    0.000    0.81e-4  6.187e-11  p
_0778_                      1.10    0.001    0.000    0.81e-4  6.187e-11  p
_0788_                      1.10    0.001    0.000    0.81e-4  6.187e-11  p
_0797_                      1.10    0.001    0.000    0.81e-4  6.187e-11  p
_0367_                      1.10    0.001    0.000    0.81e-4  6.163e-11  p
_0418_                      1.10    0.001    0.000    0.81e-4  6.163e-11  p
_0475_                      1.10    0.001    0.000    0.81e-4  6.163e-11  p
_0476_                      1.10    0.001    0.000    0.81e-4  6.163e-11  p
_0500_                      1.10    0.001    0.000    0.81e-4  6.163e-11  p
_0532_                      1.10    0.001    0.000    0.81e-4  6.163e-11  p
_0533_                      1.10    0.001    0.000    0.81e-4  6.163e-11  p
_0551_                      1.10    0.001    0.000    0.81e-4  6.163e-11  p
_0577_                      1.10    0.001    0.000    0.81e-4  6.163e-11  p
_0578_                      1.10    0.001    0.000    0.81e-4  6.163e-11  p
_0590_                      1.10    0.001    0.000    0.81e-4  6.163e-11  p
_0591_                      1.10    0.001    0.000    0.81e-4  6.163e-11  p
_0601_                      1.10    0.001    0.000    0.81e-4  6.163e-11  p
_0613_                      1.10    0.001    0.000    0.81e-4  6.163e-11  p
_0614_                      1.10    0.001    0.000    0.81e-4  6.163e-11  p
_0639_                      1.10    0.001    0.000    0.81e-4  6.163e-11  p
_0652_                      1.10    0.001    0.000    0.81e-4  6.163e-11  p
_0672_                      1.10    0.001    0.000    0.81e-4  6.163e-11  p
_0682_                      1.10    0.001    0.000    0.81e-4  6.163e-11  p
_0690_                      1.10    0.001    0.000    0.81e-4  6.163e-11  p
_0691_                      1.10    0.001    0.000    0.81e-4  6.163e-11  p
_0699_                      1.10    0.001    0.000    0.81e-4  6.163e-11  p
_0709_                      1.10    0.001    0.000    0.81e-4  6.163e-11  p
_0726_                      1.10    0.001    0.000    0.81e-4  6.163e-11  p
_0737_                      1.10    0.001    0.000    0.81e-4  6.163e-11  p
_0744_                      1.10    0.001    0.000    0.81e-4  6.163e-11  p
_0745_                      1.10    0.001    0.000    0.81e-4  6.163e-11  p
_0754_                      1.10    0.001    0.000    0.81e-4  6.163e-11  p
_0763_                      1.10    0.001    0.000    0.81e-4  6.163e-11  p
_0764_                      1.10    0.001    0.000    0.81e-4  6.163e-11  p
_0771_                      1.10    0.001    0.000    0.81e-4  6.163e-11  p
_0780_                      1.10    0.001    0.000    0.81e-4  6.163e-11  p
_0790_                      1.10    0.001    0.000    0.81e-4  6.163e-11  p
_0799_                      1.10    0.001    0.000    0.81e-4  6.163e-11  p
_0366_                      1.10    0.001    0.000    0.0000      0.0000  p
_0417_                      1.10    0.001    0.000    0.0000      0.0000  p
_0446_                      1.10    0.001    0.000    0.0000      0.0000  p
_0473_                      1.10    0.001    0.000    0.0000      0.0000  p
_0493_                      1.10    0.001    0.000    0.0000      0.0000  p
_0494_                      1.10    0.001    0.000    0.0000      0.0000  p
_0495_                      1.10    0.001    0.000    0.0000      0.0000  p
_0530_                      1.10    0.001    0.000    0.0000      0.0000  p
_0564_                      1.10    0.001    0.000    0.0000      0.0000  p
_0576_                      1.10    0.001    0.000    0.0000      0.0000  p
_0588_                      1.10    0.001    0.000    0.0000      0.0000  p
_0600_                      1.10    0.001    0.000    0.0000      0.0000  p
_0611_                      1.10    0.001    0.000    0.0000      0.0000  p
_0629_                      1.10    0.001    0.000    0.0000      0.0000  p
_0681_                      1.10    0.001    0.000    0.0000      0.0000  p
_0688_                      1.10    0.001    0.000    0.0000      0.0000  p
_0715_                      1.10    0.001    0.000    0.0000      0.0000  p
_0736_                      1.10    0.001    0.000    0.0000      0.0000  p
_0743_                      1.10    0.001    0.000    0.0000      0.0000  p
_0762_                      1.10    0.001    0.000    0.0000      0.0000  p
--------------------------------------------------------------------------------
Total (952 nets)                                               1.255e-04 Watt

1
