****************************************
Report : Averaged Power
	-cell_power
	-sort_by cell_internal_power
	-nosplit
	-area
Design : Rocket/bpu (BreakpointUnit)
Version: T-2022.03-SP3
Date   : Tue May 20 20:06:54 2025
****************************************



  Attributes
  ----------
      a  -  Annotated internal | leakage | switching power 
      b  -  Black-box (unresolved) cell
      c  -  Clock pin internal power only
      d  -  Does not include clock pin internal power
      h  -  Hierarchical cell

                        Lib Cell                      Internal  Switching Leakage   Total
Cell                    Name                          Power     Power     Power     Power    (     %)      Area   Attrs
------------------------------------------------------------------------------------------------------------------------
_565_                   XOR2_X1                       8.642e-07 1.553e-07 2.490e-08 1.044e-06 ( 0.82%)     1.5960 
_622_                   XOR2_X1                       8.600e-07 1.545e-07 2.490e-08 1.039e-06 ( 0.82%)     1.5960 
_566_                   XOR2_X1                       8.519e-07 1.525e-07 2.489e-08 1.029e-06 ( 0.81%)     1.5960 
_625_                   XOR2_X1                       8.512e-07 1.523e-07 2.491e-08 1.028e-06 ( 0.81%)     1.5960 
_577_                   XOR2_X1                       8.510e-07 1.529e-07 2.490e-08 1.029e-06 ( 0.81%)     1.5960 
_675_                   XOR2_X1                       8.438e-07 1.510e-07 2.491e-08 1.020e-06 ( 0.80%)     1.5960 
_674_                   XOR2_X1                       8.375e-07 1.505e-07 2.489e-08 1.013e-06 ( 0.80%)     1.5960 
_578_                   XOR2_X1                       8.337e-07 1.492e-07 2.491e-08 1.008e-06 ( 0.80%)     1.5960 
_737_                   OR2_X1                        6.172e-07 1.793e-07 2.352e-08 8.201e-07 ( 0.65%)     1.0640 
_645_                   AND2_X1                       5.798e-07 1.828e-07 2.963e-08 7.923e-07 ( 0.63%)     1.0640 
_740_                   OR2_X1                        5.448e-07 1.587e-07 2.604e-08 7.296e-07 ( 0.58%)     1.0640 
_739_                   AND2_X1                       5.128e-07 1.618e-07 2.511e-08 6.997e-07 ( 0.55%)     1.0640 
_628_                   AND2_X1                       5.120e-07 3.009e-07 2.261e-08 8.356e-07 ( 0.66%)     1.0640 
_747_                   OR2_X1                        5.100e-07 1.481e-07 2.340e-08 6.815e-07 ( 0.54%)     1.0640 
_702_                   OR2_X1                        5.059e-07 1.501e-07 2.586e-08 6.818e-07 ( 0.54%)     1.0640 
_595_                   AND2_X1                       5.054e-07 3.948e-07 2.516e-08 9.254e-07 ( 0.73%)     1.0640 
_742_                   OR2_X1                        5.053e-07 1.534e-07 2.348e-08 6.822e-07 ( 0.54%)     1.0640 
_748_                   AND2_X1                       5.031e-07 1.564e-07 2.457e-08 6.841e-07 ( 0.54%)     1.0640 
_696_                   AND2_X1                       5.016e-07 1.523e-07 2.451e-08 6.784e-07 ( 0.54%)     1.0640 
_570_                   AND2_X1                       4.997e-07 3.068e-07 2.516e-08 8.317e-07 ( 0.66%)     1.0640 
_580_                   OR2_X1                        4.995e-07 1.485e-07 2.075e-08 6.688e-07 ( 0.53%)     1.0640 
_716_                   AND2_X1                       4.978e-07 1.517e-07 2.458e-08 6.741e-07 ( 0.53%)     1.0640 
_567_                   OR2_X1                        4.950e-07 3.148e-07 2.269e-08 8.326e-07 ( 0.66%)     1.0640 
_713_                   AND2_X1                       4.946e-07 1.502e-07 2.454e-08 6.693e-07 ( 0.53%)     1.0640 
_684_                   AND2_X1                       4.942e-07 3.096e-07 2.513e-08 8.288e-07 ( 0.65%)     1.0640 
_676_                   OR2_X1                        4.883e-07 3.969e-07 2.270e-08 9.079e-07 ( 0.72%)     1.0640 
_620_                   AND2_X1                       4.882e-07 1.545e-07 2.966e-08 6.724e-07 ( 0.53%)     1.0640 
_602_                   AND2_X1                       4.882e-07 2.976e-07 2.502e-08 8.108e-07 ( 0.64%)     1.0640 
_685_                   AND2_X1                       4.881e-07 1.520e-07 2.263e-08 6.628e-07 ( 0.52%)     1.0640 
_609_                   AND2_X1                       4.853e-07 1.509e-07 2.453e-08 6.607e-07 ( 0.52%)     1.0640 
_707_                   AND2_X1                       4.852e-07 1.560e-07 2.507e-08 6.663e-07 ( 0.53%)     1.0640 
_629_                   AND2_X1                       4.837e-07 1.534e-07 2.967e-08 6.667e-07 ( 0.53%)     1.0640 
_579_                   OR2_X1                        4.834e-07 3.070e-07 2.270e-08 8.132e-07 ( 0.64%)     1.0640 
_641_                   AND2_X1                       4.814e-07 1.527e-07 2.964e-08 6.637e-07 ( 0.52%)     1.0640 
_636_                   AND2_X1                       4.812e-07 1.530e-07 2.967e-08 6.638e-07 ( 0.52%)     1.0640 
_690_                   OR2_X1                        4.806e-07 1.465e-07 2.007e-08 6.472e-07 ( 0.51%)     1.0640 
_626_                   OR2_X1                        4.803e-07 2.386e-07 2.271e-08 7.416e-07 ( 0.59%)     1.0640 
_623_                   AND2_X1                       4.799e-07 1.563e-07 2.967e-08 6.659e-07 ( 0.53%)     1.0640 
_663_                   AND2_X1                       4.796e-07 1.515e-07 2.965e-08 6.608e-07 ( 0.52%)     1.0640 
_631_                   AND2_X1                       4.783e-07 1.520e-07 2.962e-08 6.600e-07 ( 0.52%)     1.0640 
_661_                   AND2_X1                       4.776e-07 1.514e-07 2.965e-08 6.587e-07 ( 0.52%)     1.0640 
_597_                   AND2_X1                       4.765e-07 1.502e-07 2.968e-08 6.565e-07 ( 0.52%)     1.0640 
_557_                   AND2_X1                       4.764e-07 1.510e-07 2.967e-08 6.570e-07 ( 0.52%)     1.0640 
_600_                   AND2_X1                       4.762e-07 1.551e-07 2.965e-08 6.609e-07 ( 0.52%)     1.0640 
_574_                   AND2_X1                       4.762e-07 3.057e-07 3.025e-08 8.122e-07 ( 0.64%)     1.0640 
_705_                   OR2_X1                        4.752e-07 1.539e-07 2.171e-08 6.508e-07 ( 0.51%)     1.0640 
_634_                   AND2_X1                       4.748e-07 1.528e-07 2.490e-08 6.524e-07 ( 0.51%)     1.0640 
_651_                   AND2_X1                       4.747e-07 1.502e-07 2.967e-08 6.545e-07 ( 0.52%)     1.0640 
_604_                   AND2_X1                       4.745e-07 1.541e-07 2.966e-08 6.583e-07 ( 0.52%)     1.0640 
_632_                   OR2_X1                        4.742e-07 1.528e-07 2.266e-08 6.496e-07 ( 0.51%)     1.0640 
_652_                   AND2_X1                       4.742e-07 1.495e-07 2.963e-08 6.533e-07 ( 0.52%)     1.0640 
_672_                   AND2_X1                       4.733e-07 1.491e-07 2.511e-08 6.474e-07 ( 0.51%)     1.0640 
_552_                   AND2_X1                       4.732e-07 1.491e-07 2.509e-08 6.474e-07 ( 0.51%)     1.0640 
_555_                   AND2_X1                       4.722e-07 1.502e-07 2.967e-08 6.521e-07 ( 0.51%)     1.0640 
_697_                   OR2_X1                        4.720e-07 1.486e-07 2.271e-08 6.433e-07 ( 0.51%)     1.0640 
_559_                   AND2_X1                       4.702e-07 1.449e-07 2.509e-08 6.401e-07 ( 0.51%)     1.0640 
_749_                   AND2_X1                       4.702e-07 1.513e-07 2.510e-08 6.465e-07 ( 0.51%)     1.0640 
_717_                   OR2_X1                        4.693e-07 1.476e-07 2.272e-08 6.397e-07 ( 0.50%)     1.0640 
_560_                   OR2_X1                        4.693e-07 1.449e-07 2.271e-08 6.368e-07 ( 0.50%)     1.0640 
_587_                   AND2_X1                       4.677e-07 1.488e-07 2.967e-08 6.462e-07 ( 0.51%)     1.0640 
_584_                   AND2_X1                       4.667e-07 1.484e-07 2.967e-08 6.448e-07 ( 0.51%)     1.0640 
_711_                   AND2_X1                       4.659e-07 1.509e-07 3.008e-08 6.468e-07 ( 0.51%)     1.0640 
_606_                   AND2_X1                       4.641e-07 1.476e-07 2.965e-08 6.414e-07 ( 0.51%)     1.0640 
_615_                   AND2_X1                       4.630e-07 1.541e-07 2.966e-08 6.467e-07 ( 0.51%)     1.0640 
_610_                   AND2_X1                       4.622e-07 1.424e-07 2.510e-08 6.297e-07 ( 0.50%)     1.0640 
_562_                   OR2_X1                        4.621e-07 1.553e-07 2.395e-08 6.413e-07 ( 0.51%)     1.0640 
_706_                   OR2_X1                        4.620e-07 1.587e-07 2.395e-08 6.447e-07 ( 0.51%)     1.0640 
_665_                   AND2_X1                       4.607e-07 1.419e-07 2.504e-08 6.277e-07 ( 0.50%)     1.0640 
_666_                   OR2_X1                        4.600e-07 1.447e-07 2.268e-08 6.274e-07 ( 0.50%)     1.0640 
_653_                   OR2_X1                        4.581e-07 1.440e-07 2.267e-08 6.247e-07 ( 0.49%)     1.0640 
_594_                   OR2_X1                        4.574e-07 1.570e-07 2.386e-08 6.383e-07 ( 0.50%)     1.0640 
_695_                   AND2_X1                       4.570e-07 1.464e-07 2.782e-08 6.312e-07 ( 0.50%)     1.0640 
_630_                   OR2_X1                        4.562e-07 1.499e-07 2.389e-08 6.299e-07 ( 0.50%)     1.0640 
_637_                   OR2_X1                        4.557e-07 1.564e-07 2.392e-08 6.360e-07 ( 0.50%)     1.0640 
_563_                   OR2_X1                        4.555e-07 1.496e-07 2.397e-08 6.291e-07 ( 0.50%)     1.0640 
_714_                   OR2_X1                        4.555e-07 1.469e-07 2.269e-08 6.250e-07 ( 0.49%)     1.0640 
_550_                   OR2_X1                        4.550e-07 1.494e-07 2.397e-08 6.283e-07 ( 0.50%)     1.0640 
_710_                   AND2_X1                       4.546e-07 1.482e-07 2.907e-08 6.319e-07 ( 0.50%)     1.0640 
_642_                   OR2_X1                        4.541e-07 1.492e-07 2.400e-08 6.272e-07 ( 0.50%)     1.0640 
_664_                   OR2_X1                        4.529e-07 1.555e-07 2.398e-08 6.324e-07 ( 0.50%)     1.0640 
_683_                   OR2_X1                        4.527e-07 1.554e-07 2.388e-08 6.320e-07 ( 0.50%)     1.0640 
_671_                   OR2_X1                        4.514e-07 1.550e-07 2.391e-08 6.303e-07 ( 0.50%)     1.0640 
_558_                   OR2_X1                        4.512e-07 1.549e-07 2.392e-08 6.301e-07 ( 0.50%)     1.0640 
_569_                   OR2_X1                        4.512e-07 1.548e-07 2.385e-08 6.299e-07 ( 0.50%)     1.0640 
_568_                   OR2_X1                        4.508e-07 1.480e-07 2.388e-08 6.227e-07 ( 0.49%)     1.0640 
_662_                   OR2_X1                        4.505e-07 1.480e-07 2.397e-08 6.224e-07 ( 0.49%)     1.0640 
_605_                   OR2_X1                        4.484e-07 1.473e-07 2.395e-08 6.197e-07 ( 0.49%)     1.0640 
_715_                   AND2_X1                       4.483e-07 1.437e-07 2.779e-08 6.198e-07 ( 0.49%)     1.0640 
_670_                   OR2_X1                        4.478e-07 1.470e-07 2.398e-08 6.188e-07 ( 0.49%)     1.0640 
_682_                   OR2_X1                        4.475e-07 1.469e-07 2.388e-08 6.183e-07 ( 0.49%)     1.0640 
_593_                   OR2_X1                        4.471e-07 1.469e-07 2.397e-08 6.180e-07 ( 0.49%)     1.0640 
_556_                   OR2_X1                        4.467e-07 1.468e-07 2.392e-08 6.174e-07 ( 0.49%)     1.0640 
_551_                   OR2_X1                        4.460e-07 1.531e-07 2.392e-08 6.230e-07 ( 0.49%)     1.0640 
_745_                   AND2_X1                       4.451e-07 1.419e-07 3.026e-08 6.173e-07 ( 0.49%)     1.0640 
_701_                   OR2_X1                        4.434e-07 1.457e-07 2.628e-08 6.154e-07 ( 0.49%)     1.0640 
_688_                   OR2_X1                        4.433e-07 1.457e-07 2.629e-08 6.152e-07 ( 0.49%)     1.0640 
_588_                   OR2_X1                        4.430e-07 1.521e-07 2.391e-08 6.189e-07 ( 0.49%)     1.0640 
_585_                   OR2_X1                        4.414e-07 1.450e-07 2.390e-08 6.104e-07 ( 0.48%)     1.0640 
_689_                   OR2_X1                        4.404e-07 1.428e-07 2.199e-08 6.052e-07 ( 0.48%)     1.0640 
_607_                   OR2_X1                        4.396e-07 1.509e-07 2.397e-08 6.144e-07 ( 0.48%)     1.0640 
_703_                   OR2_X1                        4.363e-07 1.452e-07 2.200e-08 6.035e-07 ( 0.48%)     1.0640 
_736_                   XOR2_X1                       3.738e-07 1.828e-07 4.755e-08 6.041e-07 ( 0.48%)     1.5960 
_614_                   AND2_X1                       3.610e-07 1.076e-07 2.164e-08 4.902e-07 ( 0.39%)     1.0640 
_743_                   AND2_X1                       3.582e-07 1.118e-07 2.523e-08 4.952e-07 ( 0.39%)     1.0640 
_750_                   AND2_X1                       3.518e-07 1.119e-07 2.276e-08 4.865e-07 ( 0.38%)     1.0640 
_718_                   OR2_X1                        3.471e-07 1.074e-07 2.209e-08 4.766e-07 ( 0.38%)     1.0640 
_613_                   AND2_X1                       3.461e-07 1.126e-07 2.531e-08 4.840e-07 ( 0.38%)     1.0640 
_616_                   AND2_X1                       3.355e-07 1.091e-07 2.533e-08 4.699e-07 ( 0.37%)     1.0640 
_599_                   XOR2_X1                       3.073e-07 1.474e-07 4.735e-08 5.020e-07 ( 0.40%)     1.5960 
_738_                   XOR2_X1                       3.058e-07 1.535e-07 4.740e-08 5.067e-07 ( 0.40%)     1.5960 
_741_                   XOR2_X1                       3.057e-07 1.495e-07 4.752e-08 5.027e-07 ( 0.40%)     1.5960 
_633_                   XOR2_X1                       3.048e-07 1.560e-07 4.758e-08 5.084e-07 ( 0.40%)     1.5960 
_601_                   XOR2_X1                       3.031e-07 1.551e-07 4.747e-08 5.056e-07 ( 0.40%)     1.5960 
_746_                   XOR2_X1                       2.994e-07 1.510e-07 4.745e-08 4.978e-07 ( 0.39%)     1.5960 
_844_                   XOR2_X1                       2.726e-07 4.881e-08 2.487e-08 3.463e-07 ( 0.27%)     1.5960 
_851_                   XOR2_X1                       2.679e-07 4.801e-08 2.476e-08 3.407e-07 ( 0.27%)     1.5960 
_853_                   XOR2_X1                       2.631e-07 4.714e-08 2.489e-08 3.351e-07 ( 0.26%)     1.5960 
_842_                   XOR2_X1                       2.624e-07 4.720e-08 2.489e-08 3.345e-07 ( 0.26%)     1.5960 
_852_                   XOR2_X1                       2.521e-07 4.535e-08 2.482e-08 3.223e-07 ( 0.25%)     1.5960 
_774_                   XOR2_X1                       2.473e-07 4.448e-08 2.519e-08 3.169e-07 ( 0.25%)     1.5960 
_777_                   XOR2_X1                       2.461e-07 4.409e-08 2.518e-08 3.153e-07 ( 0.25%)     1.5960 
_786_                   XOR2_X1                       2.412e-07 4.323e-08 2.520e-08 3.097e-07 ( 0.24%)     1.5960 
_635_                   AND2_X1                       2.406e-07 1.464e-07 2.283e-08 4.099e-07 ( 0.32%)     1.0640 
_765_                   XOR2_X1                       2.392e-07 4.286e-08 2.528e-08 3.073e-07 ( 0.24%)     1.5960 
_698_                   OR2_X1                        2.367e-07 7.229e-08 2.128e-08 3.303e-07 ( 0.26%)     1.0640 
_686_                   AND2_X1                       2.359e-07 1.465e-07 2.293e-08 4.053e-07 ( 0.32%)     1.0640 
_687_                   AND2_X1                       2.328e-07 7.102e-08 2.113e-08 3.250e-07 ( 0.26%)     1.0640 
_691_                   AND2_X1                       2.282e-07 1.136e-07 2.846e-08 3.702e-07 ( 0.29%)     1.0640 
_581_                   OR2_X1                        2.280e-07 1.136e-07 2.273e-08 3.643e-07 ( 0.29%)     1.0640 
_694_                   AND2_X1                       2.226e-07 7.257e-08 3.070e-08 3.259e-07 ( 0.26%)     1.0640 
_704_                   AND2_X1                       2.213e-07 7.078e-08 2.844e-08 3.205e-07 ( 0.25%)     1.0640 
_575_                   AND2_X1                       2.184e-07 6.732e-08 2.289e-08 3.086e-07 ( 0.24%)     1.0640 
_513_                   INV_X1                        2.136e-07 1.553e-07 1.436e-08 3.832e-07 ( 0.30%)     0.5320 
_502_                   INV_X1                        2.112e-07 1.534e-07 1.430e-08 3.789e-07 ( 0.30%)     0.5320 
_494_                   INV_X1                        2.102e-07 1.527e-07 1.440e-08 3.773e-07 ( 0.30%)     0.5320 
_495_                   INV_X1                        2.095e-07 1.521e-07 1.438e-08 3.759e-07 ( 0.30%)     0.5320 
_497_                   INV_X1                        2.087e-07 1.530e-07 1.433e-08 3.760e-07 ( 0.30%)     0.5320 
_496_                   INV_X1                        2.086e-07 1.514e-07 1.438e-08 3.744e-07 ( 0.30%)     0.5320 
_500_                   INV_X1                        2.086e-07 1.516e-07 1.432e-08 3.745e-07 ( 0.30%)     0.5320 
_507_                   INV_X1                        2.081e-07 1.536e-07 1.427e-08 3.760e-07 ( 0.30%)     0.5320 
_515_                   INV_X1                        2.067e-07 1.515e-07 1.433e-08 3.725e-07 ( 0.29%)     0.5320 
_503_                   INV_X1                        2.056e-07 1.508e-07 1.435e-08 3.707e-07 ( 0.29%)     0.5320 
_514_                   INV_X1                        2.050e-07 3.123e-07 1.437e-08 5.316e-07 ( 0.42%)     0.5320 
_516_                   INV_X1                        2.048e-07 1.502e-07 1.432e-08 3.693e-07 ( 0.29%)     0.5320 
_511_                   INV_X1                        2.041e-07 1.498e-07 1.433e-08 3.682e-07 ( 0.29%)     0.5320 
_498_                   INV_X1                        2.040e-07 1.520e-07 1.429e-08 3.703e-07 ( 0.29%)     0.5320 
_512_                   INV_X1                        2.033e-07 3.119e-07 1.437e-08 5.296e-07 ( 0.42%)     0.5320 
_505_                   INV_X1                        2.029e-07 1.488e-07 1.432e-08 3.659e-07 ( 0.29%)     0.5320 
_506_                   INV_X1                        2.024e-07 1.484e-07 1.431e-08 3.651e-07 ( 0.29%)     0.5320 
_508_                   INV_X1                        2.017e-07 1.503e-07 1.437e-08 3.664e-07 ( 0.29%)     0.5320 
_504_                   INV_X1                        2.013e-07 1.476e-07 1.437e-08 3.633e-07 ( 0.29%)     0.5320 
_501_                   INV_X1                        2.001e-07 3.070e-07 1.438e-08 5.215e-07 ( 0.41%)     0.5320 
_509_                   INV_X1                        1.980e-07 3.090e-07 1.426e-08 5.213e-07 ( 0.41%)     0.5320 
_499_                   INV_X1                        1.975e-07 3.068e-07 1.428e-08 5.186e-07 ( 0.41%)     0.5320 
_510_                   INV_X1                        1.966e-07 3.091e-07 1.429e-08 5.200e-07 ( 0.41%)     0.5320 
_955_                   OR2_X1                        1.918e-07 5.571e-08 2.388e-08 2.714e-07 ( 0.21%)     1.0640 
_677_                   INV_X1                        1.821e-07 1.457e-07 1.651e-08 3.442e-07 ( 0.27%)     0.5320 
_942_                   OR2_X1                        1.815e-07 5.272e-08 2.377e-08 2.580e-07 ( 0.20%)     1.0640 
_627_                   INV_X1                        1.813e-07 1.525e-07 1.645e-08 3.502e-07 ( 0.28%)     0.5320 
_596_                   INV_X1                        1.803e-07 1.496e-07 1.226e-08 3.421e-07 ( 0.27%)     0.5320 
_877_                   AND2_X1                       1.787e-07 5.701e-08 2.954e-08 2.652e-07 ( 0.21%)     1.0640 
_872_                   AND2_X1                       1.694e-07 5.395e-08 2.962e-08 2.530e-07 ( 0.20%)     1.0640 
_885_                   AND2_X1                       1.691e-07 5.377e-08 2.960e-08 2.525e-07 ( 0.20%)     1.0640 
_884_                   AND2_X1                       1.691e-07 5.395e-08 2.957e-08 2.526e-07 ( 0.20%)     1.0640 
_865_                   AND2_X1                       1.671e-07 5.342e-08 2.961e-08 2.502e-07 ( 0.20%)     1.0640 
_944_                   OR2_X1                        1.667e-07 4.839e-08 2.325e-08 2.383e-07 ( 0.19%)     1.0640 
_857_                   AND2_X1                       1.666e-07 5.179e-08 2.443e-08 2.428e-07 ( 0.19%)     1.0640 
_858_                   AND2_X1                       1.665e-07 5.179e-08 2.443e-08 2.427e-07 ( 0.19%)     1.0640 
_946_                   AND2_X1                       1.663e-07 5.536e-08 2.970e-08 2.514e-07 ( 0.20%)     1.0640 
_870_                   AND2_X1                       1.653e-07 5.283e-08 2.959e-08 2.477e-07 ( 0.20%)     1.0640 
_898_                   AND2_X1                       1.642e-07 4.992e-08 2.469e-08 2.388e-07 ( 0.19%)     1.0640 
_875_                   AND2_X1                       1.630e-07 5.200e-08 2.961e-08 2.446e-07 ( 0.19%)     1.0640 
_850_                   AND2_X1                       1.622e-07 1.043e-07 2.961e-08 2.961e-07 ( 0.23%)     1.0640 
_873_                   OR2_X1                        1.610e-07 5.293e-08 2.411e-08 2.381e-07 ( 0.19%)     1.0640 
_901_                   AND2_X1                       1.607e-07 4.881e-08 2.462e-08 2.342e-07 ( 0.18%)     1.0640 
_958_                   OR2_X1                        1.596e-07 4.857e-08 2.566e-08 2.338e-07 ( 0.18%)     1.0640 
_866_                   OR2_X1                        1.588e-07 5.220e-08 2.414e-08 2.352e-07 ( 0.19%)     1.0640 
_833_                   AND2_X1                       1.585e-07 5.067e-08 2.962e-08 2.388e-07 ( 0.19%)     1.0640 
_871_                   OR2_X1                        1.573e-07 5.400e-08 2.422e-08 2.355e-07 ( 0.19%)     1.0640 
_843_                   AND2_X1                       1.529e-07 5.008e-08 2.964e-08 2.326e-07 ( 0.18%)     1.0640 
_839_                   AND2_X1                       1.511e-07 4.819e-08 2.955e-08 2.288e-07 ( 0.18%)     1.0640 
_834_                   OR2_X1                        1.508e-07 5.179e-08 2.408e-08 2.267e-07 ( 0.18%)     1.0640 
_957_                   AND2_X1                       1.503e-07 4.733e-08 2.489e-08 2.226e-07 ( 0.18%)     1.0640 
_838_                   AND2_X1                       1.495e-07 9.535e-08 2.952e-08 2.744e-07 ( 0.22%)     1.0640 
_836_                   AND2_X1                       1.483e-07 4.714e-08 2.965e-08 2.251e-07 ( 0.18%)     1.0640 
_949_                   AND2_X1                       1.482e-07 4.419e-08 2.289e-08 2.153e-07 ( 0.17%)     1.0640 
_840_                   AND2_X1                       1.480e-07 4.720e-08 2.965e-08 2.248e-07 ( 0.18%)     1.0640 
_815_                   AND2_X1                       1.472e-07 8.974e-08 2.590e-08 2.629e-07 ( 0.21%)     1.0640 
_820_                   AND2_X1                       1.466e-07 4.371e-08 2.532e-08 2.156e-07 ( 0.17%)     1.0640 
_845_                   OR2_X1                        1.461e-07 1.185e-07 2.267e-08 2.873e-07 ( 0.23%)     1.0640 
_899_                   OR2_X1                        1.452e-07 4.686e-08 2.263e-08 2.147e-07 ( 0.17%)     1.0640 
_874_                   OR2_X1                        1.451e-07 4.581e-08 2.262e-08 2.135e-07 ( 0.17%)     1.0640 
_770_                   AND2_X1                       1.447e-07 9.211e-08 2.990e-08 2.667e-07 ( 0.21%)     1.0640 
_913_                   AND2_X1                       1.441e-07 4.375e-08 2.370e-08 2.116e-07 ( 0.17%)     1.0640 
_948_                   AND2_X1                       1.438e-07 4.623e-08 2.482e-08 2.148e-07 ( 0.17%)     1.0640 
_764_                   OR2_X1                        1.438e-07 4.281e-08 2.479e-08 2.114e-07 ( 0.17%)     1.0640 
_947_                   AND2_X1                       1.435e-07 4.413e-08 2.489e-08 2.126e-07 ( 0.17%)     1.0640 
_835_                   AND2_X1                       1.421e-07 4.535e-08 2.959e-08 2.171e-07 ( 0.17%)     1.0640 
_811_                   OR2_X1                        1.409e-07 4.347e-08 2.335e-08 2.077e-07 ( 0.16%)     1.0640 
_886_                   OR2_X1                        1.405e-07 4.425e-08 2.260e-08 2.074e-07 ( 0.16%)     1.0640 
_783_                   AND2_X1                       1.405e-07 4.474e-08 2.991e-08 2.152e-07 ( 0.17%)     1.0640 
_915_                   AND2_X1                       1.401e-07 4.249e-08 2.503e-08 2.076e-07 ( 0.16%)     1.0640 
_803_                   AND2_X1                       1.400e-07 4.473e-08 2.989e-08 2.146e-07 ( 0.17%)     1.0640 
_772_                   AND2_X1                       1.394e-07 4.448e-08 2.989e-08 2.138e-07 ( 0.17%)     1.0640 
_810_                   AND2_X1                       1.393e-07 4.453e-08 2.992e-08 2.137e-07 ( 0.17%)     1.0640 
_856_                   AND2_X1                       1.392e-07 4.138e-08 2.298e-08 2.035e-07 ( 0.16%)     1.0640 
_796_                   AND2_X1                       1.390e-07 4.425e-08 2.989e-08 2.131e-07 ( 0.17%)     1.0640 
_776_                   AND2_X1                       1.387e-07 4.427e-08 2.988e-08 2.129e-07 ( 0.17%)     1.0640 
_807_                   AND2_X1                       1.387e-07 4.434e-08 2.991e-08 2.130e-07 ( 0.17%)     1.0640 
_809_                   AND2_X1                       1.386e-07 4.423e-08 2.995e-08 2.128e-07 ( 0.17%)     1.0640 
_762_                   AND2_X1                       1.385e-07 8.816e-08 2.998e-08 2.566e-07 ( 0.20%)     1.0640 
_751_                   AND2_X1                       1.384e-07 4.420e-08 2.162e-08 2.042e-07 ( 0.16%)     1.0640 
_902_                   OR2_X1                        1.382e-07 4.357e-08 2.261e-08 2.044e-07 ( 0.16%)     1.0640 
_798_                   AND2_X1                       1.378e-07 4.244e-08 2.582e-08 2.061e-07 ( 0.16%)     1.0640 
_799_                   OR2_X1                        1.377e-07 4.343e-08 2.326e-08 2.044e-07 ( 0.16%)     1.0640 
_794_                   AND2_X1                       1.376e-07 4.399e-08 2.992e-08 2.115e-07 ( 0.17%)     1.0640 
_790_                   AND2_X1                       1.376e-07 4.238e-08 2.588e-08 2.059e-07 ( 0.16%)     1.0640 
_808_                   OR2_X1                        1.375e-07 4.247e-08 2.322e-08 2.032e-07 ( 0.16%)     1.0640 
_778_                   OR2_X1                        1.374e-07 4.321e-08 2.320e-08 2.038e-07 ( 0.16%)     1.0640 
_819_                   AND2_X1                       1.373e-07 4.572e-08 2.942e-08 2.125e-07 ( 0.17%)     1.0640 
_780_                   AND2_X1                       1.368e-07 4.490e-08 2.991e-08 2.116e-07 ( 0.17%)     1.0640 
_936_                   OR2_X1                        1.366e-07 4.554e-08 2.488e-08 2.070e-07 ( 0.16%)     1.0640 
_854_                   OR2_X1                        1.364e-07 6.774e-08 2.265e-08 2.268e-07 ( 0.18%)     1.0640 
_927_                   AND2_X1                       1.364e-07 4.431e-08 2.950e-08 2.102e-07 ( 0.17%)     1.0640 
_771_                   AND2_X1                       1.360e-07 4.340e-08 2.990e-08 2.093e-07 ( 0.17%)     1.0640 
_766_                   OR2_X1                        1.360e-07 4.287e-08 2.347e-08 2.023e-07 ( 0.16%)     1.0640 
_914_                   OR2_X1                        1.354e-07 4.360e-08 2.335e-08 2.023e-07 ( 0.16%)     1.0640 
_806_                   AND2_X1                       1.353e-07 4.318e-08 2.986e-08 2.084e-07 ( 0.16%)     1.0640 
_761_                   AND2_X1                       1.349e-07 4.303e-08 2.996e-08 2.078e-07 ( 0.16%)     1.0640 
_805_                   AND2_X1                       1.345e-07 4.290e-08 2.993e-08 2.073e-07 ( 0.16%)     1.0640 
_837_                   OR2_X1                        1.341e-07 4.235e-08 2.265e-08 1.991e-07 ( 0.16%)     1.0640 
_922_                   OR2_X1                        1.339e-07 4.200e-08 2.337e-08 1.993e-07 ( 0.16%)     1.0640 
_784_                   OR2_X1                        1.337e-07 4.591e-08 2.298e-08 2.026e-07 ( 0.16%)     1.0640 
_925_                   AND2_X1                       1.335e-07 4.442e-08 2.943e-08 2.073e-07 ( 0.16%)     1.0640 
_792_                   AND2_X1                       1.332e-07 4.433e-08 2.987e-08 2.074e-07 ( 0.16%)     1.0640 
_804_                   OR2_X1                        1.330e-07 4.371e-08 2.304e-08 1.997e-07 ( 0.16%)     1.0640 
_797_                   OR2_X1                        1.322e-07 4.540e-08 2.304e-08 2.007e-07 ( 0.16%)     1.0640 
_719_                   OR2_X1                        1.313e-07 4.082e-08 2.034e-08 1.924e-07 ( 0.15%)     1.0640 
_860_                   OR2_X1                        1.312e-07 4.133e-08 2.254e-08 1.950e-07 ( 0.15%)     1.0640 
_720_                   AND2_X1                       1.311e-07 3.978e-08 2.823e-08 1.991e-07 ( 0.16%)     1.0640 
_795_                   OR2_X1                        1.308e-07 4.298e-08 2.293e-08 1.967e-07 ( 0.16%)     1.0640 
_781_                   OR2_X1                        1.307e-07 4.292e-08 2.296e-08 1.966e-07 ( 0.16%)     1.0640 
_917_                   AND2_X1                       1.210e-07 3.670e-08 2.582e-08 1.835e-07 ( 0.14%)     1.0640 
_916_                   OR2_X1                        1.177e-07 3.766e-08 2.257e-08 1.779e-07 ( 0.14%)     1.0640 
_928_                   OR2_X1                        1.167e-07 3.630e-08 2.256e-08 1.756e-07 ( 0.14%)     1.0640 
_826_                   AND2_X1                       1.156e-07 3.744e-08 2.614e-08 1.792e-07 ( 0.14%)     1.0640 
_954_                   XOR2_X1                       1.137e-07 5.679e-08 4.786e-08 2.183e-07 ( 0.17%)     1.5960 
_822_                   AND2_X1                       1.127e-07 3.652e-08 2.623e-08 1.754e-07 ( 0.14%)     1.0640 
_785_                   OR2_X1                        1.125e-07 3.582e-08 2.279e-08 1.711e-07 ( 0.14%)     1.0640 
_859_                   AND2_X1                       1.123e-07 3.479e-08 2.513e-08 1.723e-07 ( 0.14%)     1.0640 
_861_                   OR2_X1                        1.109e-07 3.522e-08 2.245e-08 1.686e-07 ( 0.13%)     1.0640 
_787_                   OR2_X1                        1.103e-07 3.510e-08 2.267e-08 1.681e-07 ( 0.13%)     1.0640 
_956_                   XOR2_X1                       1.076e-07 5.517e-08 4.765e-08 2.104e-07 ( 0.17%)     1.5960 
_941_                   XOR2_X1                       1.076e-07 5.374e-08 4.777e-08 2.091e-07 ( 0.17%)     1.5960 
_903_                   OR2_X1                        1.071e-07 3.328e-08 2.217e-08 1.625e-07 ( 0.13%)     1.0640 
_951_                   AND2_X1                       1.045e-07 3.383e-08 2.510e-08 1.634e-07 ( 0.13%)     1.0640 
_950_                   XOR2_X1                       1.037e-07 5.315e-08 4.760e-08 2.044e-07 ( 0.16%)     1.5960 
_919_                   AND2_X1                       9.964e-08 3.023e-08 2.629e-08 1.562e-07 ( 0.12%)     1.0640 
_827_                   AND2_X1                       9.872e-08 3.149e-08 2.340e-08 1.536e-07 ( 0.12%)     1.0640 
_900_                   AND2_X1                       9.806e-08 3.124e-08 2.721e-08 1.565e-07 ( 0.12%)     1.0640 
_918_                   OR2_X1                        9.723e-08 3.102e-08 2.217e-08 1.504e-07 ( 0.12%)     1.0640 
_943_                   XOR2_X1                       9.643e-08 4.933e-08 4.732e-08 1.931e-07 ( 0.15%)     1.5960 
_823_                   AND2_X1                       9.271e-08 2.838e-08 2.336e-08 1.445e-07 ( 0.11%)     1.0640 
_813_                   XOR2_X1                       8.824e-08 4.323e-08 4.634e-08 1.778e-07 ( 0.14%)     1.5960 
_814_                   XOR2_X1                       8.805e-08 4.569e-08 4.645e-08 1.802e-07 ( 0.14%)     1.5960 
_825_                   XOR2_X1                       8.768e-08 4.550e-08 4.647e-08 1.797e-07 ( 0.14%)     1.5960 
_930_                   AND2_X1                       8.684e-08 2.635e-08 2.649e-08 1.397e-07 ( 0.11%)     1.0640 
_921_                   AND2_X1                       8.676e-08 2.642e-08 2.648e-08 1.397e-07 ( 0.11%)     1.0640 
_929_                   OR2_X1                        8.638e-08 2.703e-08 2.184e-08 1.353e-07 ( 0.11%)     1.0640 
_582_                   INV_X1                        8.632e-08 7.259e-08 1.807e-08 1.770e-07 ( 0.14%)     0.5320 
_824_                   XOR2_X1                       8.615e-08 4.220e-08 4.669e-08 1.750e-07 ( 0.14%)     1.5960 
_926_                   AND2_X1                       8.612e-08 2.728e-08 2.602e-08 1.394e-07 ( 0.11%)     1.0640 
_617_                   AND2_X1                       8.603e-08 2.767e-08 2.164e-08 1.353e-07 ( 0.11%)     1.0640 
_821_                   XOR2_X1                       8.554e-08 4.385e-08 4.641e-08 1.758e-07 ( 0.14%)     1.5960 
_692_                   INV_X1                        8.514e-08 7.075e-08 1.065e-08 1.665e-07 ( 0.13%)     0.5320 
_920_                   OR2_X1                        8.472e-08 2.700e-08 2.192e-08 1.336e-07 ( 0.11%)     1.0640 
_708_                   AND2_X1                       8.351e-08 4.018e-08 2.265e-08 1.463e-07 ( 0.12%)     1.0640 
_721_                   OR2_X1                        7.958e-08 2.473e-08 2.148e-08 1.258e-07 ( 0.10%)     1.0640 
_722_                   AND2_X1                       7.943e-08 2.410e-08 2.834e-08 1.319e-07 ( 0.10%)     1.0640 
_932_                   AND2_X1                       7.872e-08 2.388e-08 2.659e-08 1.292e-07 ( 0.10%)     1.0640 
_931_                   OR2_X1                        7.672e-08 2.450e-08 2.182e-08 1.230e-07 ( 0.10%)     1.0640 
_788_                   OR2_X1                        7.499e-08 3.726e-08 2.248e-08 1.347e-07 ( 0.11%)     1.0640 
_905_                   AND2_X1                       7.425e-08 2.252e-08 2.735e-08 1.241e-07 ( 0.10%)     1.0640 
_904_                   OR2_X1                        7.422e-08 2.311e-08 2.079e-08 1.181e-07 ( 0.09%)     1.0640 
_924_                   AND2_X1                       7.365e-08 2.243e-08 2.663e-08 1.227e-07 ( 0.10%)     1.0640 
_952_                   AND2_X1                       7.342e-08 2.346e-08 2.225e-08 1.191e-07 ( 0.09%)     1.0640 
_793_                   AND2_X1                       7.252e-08 4.400e-08 2.445e-08 1.410e-07 ( 0.11%)     1.0640 
_485_                   INV_X1                        7.184e-08 5.416e-08 1.450e-08 1.405e-07 ( 0.11%)     0.5320 
_487_                   INV_X1                        7.085e-08 5.342e-08 1.453e-08 1.388e-07 ( 0.11%)     0.5320 
_923_                   OR2_X1                        7.079e-08 2.292e-08 2.244e-08 1.162e-07 ( 0.09%)     1.0640 
_828_                   AND2_X1                       7.018e-08 2.254e-08 2.307e-08 1.158e-07 ( 0.09%)     1.0640 
_486_                   INV_X1                        7.007e-08 5.283e-08 1.460e-08 1.375e-07 ( 0.11%)     0.5320 
_862_                   OR2_X1                        6.991e-08 3.474e-08 2.268e-08 1.273e-07 ( 0.10%)     1.0640 
_829_                   AND2_X1                       6.983e-08 4.250e-08 2.270e-08 1.350e-07 ( 0.11%)     1.0640 
_933_                   OR2_X1                        6.966e-08 2.155e-08 2.229e-08 1.135e-07 ( 0.09%)     1.0640 
_488_                   INV_X1                        6.720e-08 5.067e-08 1.448e-08 1.323e-07 ( 0.10%)     0.5320 
_934_                   AND2_X1                       6.698e-08 2.229e-08 3.030e-08 1.196e-07 ( 0.09%)     1.0640 
_937_                   OR2_X1                        6.617e-08 2.098e-08 2.217e-08 1.093e-07 ( 0.09%)     1.0640 
_912_                   AND2_X1                       6.462e-08 2.107e-08 3.031e-08 1.160e-07 ( 0.09%)     1.0640 
_906_                   OR2_X1                        6.186e-08 1.886e-08 2.204e-08 1.028e-07 ( 0.08%)     1.0640 
_493_                   INV_X1                        5.957e-08 4.492e-08 1.347e-08 1.180e-07 ( 0.09%)     0.5320 
_489_                   INV_X1                        5.933e-08 4.473e-08 1.352e-08 1.176e-07 ( 0.09%)     0.5320 
_908_                   AND2_X1                       5.918e-08 1.923e-08 2.877e-08 1.072e-07 ( 0.08%)     1.0640 
_490_                   INV_X1                        5.892e-08 4.442e-08 1.352e-08 1.169e-07 ( 0.09%)     0.5320 
_491_                   INV_X1                        5.834e-08 4.399e-08 1.341e-08 1.157e-07 ( 0.09%)     0.5320 
_492_                   INV_X1                        5.607e-08 8.962e-08 1.344e-08 1.591e-07 ( 0.13%)     0.5320 
_864_                   AND2_X1                       5.584e-08 3.395e-08 2.173e-08 1.115e-07 ( 0.09%)     1.0640 
_910_                   AND2_X1                       5.525e-08 1.676e-08 2.757e-08 9.959e-08 ( 0.08%)     1.0640 
_846_                   INV_X1                        5.436e-08 4.350e-08 1.596e-08 1.138e-07 ( 0.09%)     0.5320 
_909_                   OR2_X1                        5.343e-08 1.720e-08 2.266e-08 9.329e-08 ( 0.07%)     1.0640 
_897_                   AND2_X1                       5.162e-08 1.683e-08 3.058e-08 9.903e-08 ( 0.08%)     1.0640 
_855_                   INV_X1                        5.147e-08 4.329e-08 1.605e-08 1.108e-07 ( 0.09%)     0.5320 
_484_                   INV_X1                        4.641e-08 1.013e-07 1.102e-08 1.587e-07 ( 0.13%)     0.5320 
_953_                   AND2_X1                       4.590e-08 1.412e-08 2.170e-08 8.171e-08 ( 0.06%)     1.0640 
_959_                   AND2_X1                       4.308e-08 1.382e-08 2.322e-08 8.012e-08 ( 0.06%)     1.0640 
_709_                   INV_X1                        3.013e-08 2.567e-08 1.024e-08 6.604e-08 ( 0.05%)     0.5320 
_583_                   AND2_X1                       3.002e-08 1.822e-08 2.100e-08 6.924e-08 ( 0.05%)     1.0640 
_725_                   AND2_X1                       2.922e-08 8.874e-09 2.065e-08 5.875e-08 ( 0.05%)     1.0640 
_723_                   OR2_X1                        2.833e-08 8.524e-09 2.303e-08 5.989e-08 ( 0.05%)     1.0640 
_789_                   INV_X1                        2.829e-08 2.276e-08 1.655e-08 6.760e-08 ( 0.05%)     0.5320 
_712_                   OR2_X1                        2.776e-08 9.033e-09 2.201e-08 5.881e-08 ( 0.05%)     1.0640 
_724_                   AND2_X1                       2.774e-08 9.232e-09 3.084e-08 6.782e-08 ( 0.05%)     1.0640 
_863_                   INV_X1                        2.639e-08 2.220e-08 1.745e-08 6.604e-08 ( 0.05%)     0.5320 
_960_                   AND2_X1                       2.503e-08 8.063e-09 2.130e-08 5.439e-08 ( 0.04%)     1.0640 
_962_                   OR2_X1                        2.363e-08 1.385e-08 2.793e-08 6.541e-08 ( 0.05%)     1.0640 
_961_                   AND2_X1                       2.189e-08 6.841e-09 2.105e-08 4.978e-08 ( 0.04%)     1.0640 
_752_                   AND2_X1                       1.362e-08 4.363e-09 2.066e-08 3.865e-08 ( 0.03%)     1.0640 
_935_                   AND2_X1                       6.596e-09 2.034e-09 2.252e-08 3.115e-08 ( 0.02%)     1.0640 
_753_                   AND2_X1                       2.587e-09 8.221e-10 2.036e-08 2.377e-08 ( 0.02%)     1.0640 
_618_                   AND2_X1                       2.152e-09 6.956e-10 2.050e-08 2.335e-08 ( 0.02%)     1.0640 
_619_                   AND2_X1                       1.675e-09 9.985e-10 2.040e-08 2.308e-08 ( 0.02%)     1.0640 
_756_                   OR2_X1                        1.660e-09 4.836e-10 2.858e-08 3.072e-08 ( 0.02%)     1.0640 
_755_                   AND2_X1                       1.616e-09 4.930e-10 2.036e-08 2.247e-08 ( 0.02%)     1.0640 
_754_                   AND2_X1                       1.590e-09 5.059e-10 2.033e-08 2.242e-08 ( 0.02%)     1.0640 
_700_                   AND2_X1                       1.518e-09 4.949e-10 3.085e-08 3.286e-08 ( 0.03%)     1.0640 
_726_                   OR2_X1                        1.472e-09 4.930e-10 1.938e-08 2.135e-08 ( 0.02%)     1.0640 
_483_                   INV_X1                           0.0000    0.0000 1.010e-08 1.010e-08 ( 0.01%)     0.5320 
_517_                   INV_X1                           0.0000    0.0000 1.010e-08 1.010e-08 ( 0.01%)     0.5320 
_518_                   INV_X1                           0.0000    0.0000 1.010e-08 1.010e-08 ( 0.01%)     0.5320 
_519_                   INV_X1                           0.0000    0.0000 1.010e-08 1.010e-08 ( 0.01%)     0.5320 
_520_                   INV_X1                           0.0000    0.0000 1.010e-08 1.010e-08 ( 0.01%)     0.5320 
_521_                   INV_X1                           0.0000    0.0000 1.010e-08 1.010e-08 ( 0.01%)     0.5320 
_522_                   INV_X1                           0.0000    0.0000 1.010e-08 1.010e-08 ( 0.01%)     0.5320 
_523_                   INV_X1                           0.0000    0.0000 1.010e-08 1.010e-08 ( 0.01%)     0.5320 
_524_                   INV_X1                           0.0000    0.0000 1.010e-08 1.010e-08 ( 0.01%)     0.5320 
_525_                   INV_X1                           0.0000    0.0000 1.010e-08 1.010e-08 ( 0.01%)     0.5320 
_526_                   INV_X1                           0.0000    0.0000 1.010e-08 1.010e-08 ( 0.01%)     0.5320 
_527_                   INV_X1                           0.0000    0.0000 1.010e-08 1.010e-08 ( 0.01%)     0.5320 
_528_                   INV_X1                           0.0000    0.0000 1.010e-08 1.010e-08 ( 0.01%)     0.5320 
_529_                   INV_X1                           0.0000    0.0000 1.010e-08 1.010e-08 ( 0.01%)     0.5320 
_530_                   INV_X1                           0.0000    0.0000 1.010e-08 1.010e-08 ( 0.01%)     0.5320 
_531_                   INV_X1                           0.0000    0.0000 1.010e-08 1.010e-08 ( 0.01%)     0.5320 
_532_                   INV_X1                           0.0000    0.0000 1.010e-08 1.010e-08 ( 0.01%)     0.5320 
_533_                   INV_X1                           0.0000    0.0000 1.010e-08 1.010e-08 ( 0.01%)     0.5320 
_534_                   INV_X1                           0.0000    0.0000 1.010e-08 1.010e-08 ( 0.01%)     0.5320 
_535_                   INV_X1                           0.0000    0.0000 1.010e-08 1.010e-08 ( 0.01%)     0.5320 
_536_                   INV_X1                           0.0000    0.0000 1.010e-08 1.010e-08 ( 0.01%)     0.5320 
_537_                   INV_X1                           0.0000    0.0000 1.010e-08 1.010e-08 ( 0.01%)     0.5320 
_538_                   INV_X1                           0.0000    0.0000 1.010e-08 1.010e-08 ( 0.01%)     0.5320 
_539_                   INV_X1                           0.0000    0.0000 1.010e-08 1.010e-08 ( 0.01%)     0.5320 
_540_                   INV_X1                           0.0000    0.0000 1.010e-08 1.010e-08 ( 0.01%)     0.5320 
_541_                   INV_X1                           0.0000    0.0000 1.010e-08 1.010e-08 ( 0.01%)     0.5320 
_542_                   INV_X1                           0.0000    0.0000 1.010e-08 1.010e-08 ( 0.01%)     0.5320 
_543_                   INV_X1                           0.0000    0.0000 1.010e-08 1.010e-08 ( 0.01%)     0.5320 
_544_                   INV_X1                           0.0000    0.0000 1.010e-08 1.010e-08 ( 0.01%)     0.5320 
_545_                   INV_X1                           0.0000    0.0000 1.010e-08 1.010e-08 ( 0.01%)     0.5320 
_546_                   INV_X1                           0.0000    0.0000 1.010e-08 1.010e-08 ( 0.01%)     0.5320 
_547_                   INV_X1                           0.0000    0.0000 1.010e-08 1.010e-08 ( 0.01%)     0.5320 
_548_                   INV_X1                           0.0000    0.0000 1.010e-08 1.010e-08 ( 0.01%)     0.5320 
_549_                   INV_X1                           0.0000    0.0000 1.010e-08 1.010e-08 ( 0.01%)     0.5320 
_553_                   AND2_X1                          0.0000    0.0000 2.048e-08 2.048e-08 ( 0.02%)     1.0640 
_554_                   AND2_X1                          0.0000    0.0000 2.047e-08 2.047e-08 ( 0.02%)     1.0640 
_561_                   OR2_X1                           0.0000    0.0000 2.142e-08 2.142e-08 ( 0.02%)     1.0640 
_564_                   AND2_X1                          0.0000    0.0000 2.047e-08 2.047e-08 ( 0.02%)     1.0640 
_571_                   AND2_X1                          0.0000    0.0000 2.048e-08 2.048e-08 ( 0.02%)     1.0640 
_572_                   OR2_X1                           0.0000    0.0000 2.142e-08 2.142e-08 ( 0.02%)     1.0640 
_573_                   AND2_X1                          0.0000    0.0000 2.847e-08 2.847e-08 ( 0.02%)     1.0640 
_576_                   OR2_X1                           0.0000    0.0000 2.858e-08 2.858e-08 ( 0.02%)     1.0640 
_586_                   OR2_X1                           0.0000    0.0000 2.144e-08 2.144e-08 ( 0.02%)     1.0640 
_589_                   OR2_X1                           0.0000    0.0000 2.145e-08 2.145e-08 ( 0.02%)     1.0640 
_590_                   OR2_X1                           0.0000    0.0000 2.141e-08 2.141e-08 ( 0.02%)     1.0640 
_591_                   OR2_X1                           0.0000    0.0000 2.137e-08 2.137e-08 ( 0.02%)     1.0640 
_592_                   AND2_X1                          0.0000    0.0000 2.847e-08 2.847e-08 ( 0.02%)     1.0640 
_598_                   OR2_X1                           0.0000    0.0000 2.138e-08 2.138e-08 ( 0.02%)     1.0640 
_603_                   OR2_X1                           0.0000    0.0000 2.145e-08 2.145e-08 ( 0.02%)     1.0640 
_608_                   OR2_X1                           0.0000    0.0000 2.141e-08 2.141e-08 ( 0.02%)     1.0640 
_611_                   AND2_X1                          0.0000    0.0000 2.847e-08 2.847e-08 ( 0.02%)     1.0640 
_612_                   AND2_X1                          0.0000    0.0000 2.847e-08 2.847e-08 ( 0.02%)     1.0640 
_621_                   OR2_X1                           0.0000    0.0000 2.144e-08 2.144e-08 ( 0.02%)     1.0640 
_624_                   OR2_X1                           0.0000    0.0000 2.140e-08 2.140e-08 ( 0.02%)     1.0640 
_638_                   OR2_X1                           0.0000    0.0000 2.142e-08 2.142e-08 ( 0.02%)     1.0640 
_639_                   OR2_X1                           0.0000    0.0000 2.146e-08 2.146e-08 ( 0.02%)     1.0640 
_640_                   AND2_X1                          0.0000    0.0000 2.847e-08 2.847e-08 ( 0.02%)     1.0640 
_643_                   OR2_X1                           0.0000    0.0000 2.151e-08 2.151e-08 ( 0.02%)     1.0640 
_644_                   OR2_X1                           0.0000    0.0000 2.145e-08 2.145e-08 ( 0.02%)     1.0640 
_646_                   OR2_X1                           0.0000    0.0000 2.209e-08 2.209e-08 ( 0.02%)     1.0640 
_647_                   OR2_X1                           0.0000    0.0000 2.153e-08 2.153e-08 ( 0.02%)     1.0640 
_648_                   OR2_X1                           0.0000    0.0000 2.142e-08 2.142e-08 ( 0.02%)     1.0640 
_649_                   AND2_X1                          0.0000    0.0000 2.847e-08 2.847e-08 ( 0.02%)     1.0640 
_650_                   AND2_X1                          0.0000    0.0000 2.847e-08 2.847e-08 ( 0.02%)     1.0640 
_654_                   OR2_X1                           0.0000    0.0000 2.337e-08 2.337e-08 ( 0.02%)     1.0640 
_655_                   AND2_X1                          0.0000    0.0000 2.847e-08 2.847e-08 ( 0.02%)     1.0640 
_656_                   OR2_X1                           0.0000    0.0000 2.148e-08 2.148e-08 ( 0.02%)     1.0640 
_657_                   OR2_X1                           0.0000    0.0000 2.146e-08 2.146e-08 ( 0.02%)     1.0640 
_658_                   OR2_X1                           0.0000    0.0000 2.148e-08 2.148e-08 ( 0.02%)     1.0640 
_659_                   AND2_X1                          0.0000    0.0000 2.847e-08 2.847e-08 ( 0.02%)     1.0640 
_660_                   AND2_X1                          0.0000    0.0000 2.847e-08 2.847e-08 ( 0.02%)     1.0640 
_667_                   OR2_X1                           0.0000    0.0000 2.337e-08 2.337e-08 ( 0.02%)     1.0640 
_668_                   AND2_X1                          0.0000    0.0000 2.847e-08 2.847e-08 ( 0.02%)     1.0640 
_669_                   OR2_X1                           0.0000    0.0000 2.142e-08 2.142e-08 ( 0.02%)     1.0640 
_673_                   AND2_X1                          0.0000    0.0000 2.047e-08 2.047e-08 ( 0.02%)     1.0640 
_678_                   AND2_X1                          0.0000    0.0000 2.048e-08 2.048e-08 ( 0.02%)     1.0640 
_679_                   OR2_X1                           0.0000    0.0000 2.139e-08 2.139e-08 ( 0.02%)     1.0640 
_680_                   OR2_X1                           0.0000    0.0000 2.139e-08 2.139e-08 ( 0.02%)     1.0640 
_681_                   AND2_X1                          0.0000    0.0000 2.847e-08 2.847e-08 ( 0.02%)     1.0640 
_693_                   OR2_X1                           0.0000    0.0000 1.919e-08 1.919e-08 ( 0.02%)     1.0640 
_699_                   OR2_X1                           0.0000    0.0000 1.920e-08 1.920e-08 ( 0.02%)     1.0640 
_727_                   OR2_X1                           0.0000    0.0000 1.817e-08 1.817e-08 ( 0.01%)     1.0640 
_728_                   AND2_X1                          0.0000    0.0000 3.085e-08 3.085e-08 ( 0.02%)     1.0640 
_729_                   INV_X1                           0.0000    0.0000 1.010e-08 1.010e-08 ( 0.01%)     0.5320 
_730_                   OR2_X1                           0.0000    0.0000 1.817e-08 1.817e-08 ( 0.01%)     1.0640 
_731_                   AND2_X1                          0.0000    0.0000 3.085e-08 3.085e-08 ( 0.02%)     1.0640 
_732_                   AND2_X1                          0.0000    0.0000 2.062e-08 2.062e-08 ( 0.02%)     1.0640 
_733_                   AND2_X1                          0.0000    0.0000 2.032e-08 2.032e-08 ( 0.02%)     1.0640 
_734_                   AND2_X1                          0.0000    0.0000 2.032e-08 2.032e-08 ( 0.02%)     1.0640 
_735_                   AND2_X1                          0.0000    0.0000 2.032e-08 2.032e-08 ( 0.02%)     1.0640 
_744_                   AND2_X1                          0.0000    0.0000 2.847e-08 2.847e-08 ( 0.02%)     1.0640 
_757_                   AND2_X1                          0.0000    0.0000 2.059e-08 2.059e-08 ( 0.02%)     1.0640 
_758_                   AND2_X1                          0.0000    0.0000 2.032e-08 2.032e-08 ( 0.02%)     1.0640 
_759_                   AND2_X1                          0.0000    0.0000 2.062e-08 2.062e-08 ( 0.02%)     1.0640 
_760_                   AND2_X1                          0.0000    0.0000 2.051e-08 2.051e-08 ( 0.02%)     1.0640 
_763_                   OR2_X1                           0.0000    0.0000 2.062e-08 2.062e-08 ( 0.02%)     1.0640 
_767_                   OR2_X1                           0.0000    0.0000 2.077e-08 2.077e-08 ( 0.02%)     1.0640 
_768_                   OR2_X1                           0.0000    0.0000 2.055e-08 2.055e-08 ( 0.02%)     1.0640 
_769_                   AND2_X1                          0.0000    0.0000 2.847e-08 2.847e-08 ( 0.02%)     1.0640 
_773_                   OR2_X1                           0.0000    0.0000 2.081e-08 2.081e-08 ( 0.02%)     1.0640 
_775_                   OR2_X1                           0.0000    0.0000 2.083e-08 2.083e-08 ( 0.02%)     1.0640 
_779_                   OR2_X1                           0.0000    0.0000 2.077e-08 2.077e-08 ( 0.02%)     1.0640 
_782_                   OR2_X1                           0.0000    0.0000 2.076e-08 2.076e-08 ( 0.02%)     1.0640 
_791_                   AND2_X1                          0.0000    0.0000 2.847e-08 2.847e-08 ( 0.02%)     1.0640 
_800_                   OR2_X1                           0.0000    0.0000 2.080e-08 2.080e-08 ( 0.02%)     1.0640 
_801_                   OR2_X1                           0.0000    0.0000 2.080e-08 2.080e-08 ( 0.02%)     1.0640 
_802_                   AND2_X1                          0.0000    0.0000 2.847e-08 2.847e-08 ( 0.02%)     1.0640 
_812_                   OR2_X1                           0.0000    0.0000 2.064e-08 2.064e-08 ( 0.02%)     1.0640 
_816_                   OR2_X1                           0.0000    0.0000 2.072e-08 2.072e-08 ( 0.02%)     1.0640 
_817_                   OR2_X1                           0.0000    0.0000 2.070e-08 2.070e-08 ( 0.02%)     1.0640 
_818_                   OR2_X1                           0.0000    0.0000 2.090e-08 2.090e-08 ( 0.02%)     1.0640 
_830_                   OR2_X1                           0.0000    0.0000 2.181e-08 2.181e-08 ( 0.02%)     1.0640 
_831_                   OR2_X1                           0.0000    0.0000 2.156e-08 2.156e-08 ( 0.02%)     1.0640 
_832_                   OR2_X1                           0.0000    0.0000 2.146e-08 2.146e-08 ( 0.02%)     1.0640 
_841_                   OR2_X1                           0.0000    0.0000 2.145e-08 2.145e-08 ( 0.02%)     1.0640 
_847_                   OR2_X1                           0.0000    0.0000 2.154e-08 2.154e-08 ( 0.02%)     1.0640 
_848_                   OR2_X1                           0.0000    0.0000 2.175e-08 2.175e-08 ( 0.02%)     1.0640 
_849_                   OR2_X1                           0.0000    0.0000 2.162e-08 2.162e-08 ( 0.02%)     1.0640 
_867_                   OR2_X1                           0.0000    0.0000 2.158e-08 2.158e-08 ( 0.02%)     1.0640 
_868_                   OR2_X1                           0.0000    0.0000 2.163e-08 2.163e-08 ( 0.02%)     1.0640 
_869_                   AND2_X1                          0.0000    0.0000 2.847e-08 2.847e-08 ( 0.02%)     1.0640 
_876_                   OR2_X1                           0.0000    0.0000 2.169e-08 2.169e-08 ( 0.02%)     1.0640 
_878_                   OR2_X1                           0.0000    0.0000 2.136e-08 2.136e-08 ( 0.02%)     1.0640 
_879_                   OR2_X1                           0.0000    0.0000 2.176e-08 2.176e-08 ( 0.02%)     1.0640 
_880_                   OR2_X1                           0.0000    0.0000 2.160e-08 2.160e-08 ( 0.02%)     1.0640 
_881_                   OR2_X1                           0.0000    0.0000 2.176e-08 2.176e-08 ( 0.02%)     1.0640 
_882_                   AND2_X1                          0.0000    0.0000 2.847e-08 2.847e-08 ( 0.02%)     1.0640 
_883_                   AND2_X1                          0.0000    0.0000 2.847e-08 2.847e-08 ( 0.02%)     1.0640 
_887_                   OR2_X1                           0.0000    0.0000 2.318e-08 2.318e-08 ( 0.02%)     1.0640 
_888_                   AND2_X1                          0.0000    0.0000 2.847e-08 2.847e-08 ( 0.02%)     1.0640 
_889_                   OR2_X1                           0.0000    0.0000 2.157e-08 2.157e-08 ( 0.02%)     1.0640 
_890_                   OR2_X1                           0.0000    0.0000 2.156e-08 2.156e-08 ( 0.02%)     1.0640 
_891_                   OR2_X1                           0.0000    0.0000 2.157e-08 2.157e-08 ( 0.02%)     1.0640 
_892_                   AND2_X1                          0.0000    0.0000 2.847e-08 2.847e-08 ( 0.02%)     1.0640 
_893_                   AND2_X1                          0.0000    0.0000 2.847e-08 2.847e-08 ( 0.02%)     1.0640 
_894_                   OR2_X1                           0.0000    0.0000 2.294e-08 2.294e-08 ( 0.02%)     1.0640 
_895_                   AND2_X1                          0.0000    0.0000 2.847e-08 2.847e-08 ( 0.02%)     1.0640 
_896_                   OR2_X1                           0.0000    0.0000 2.158e-08 2.158e-08 ( 0.02%)     1.0640 
_907_                   AND2_X1                          0.0000    0.0000 2.847e-08 2.847e-08 ( 0.02%)     1.0640 
_911_                   OR2_X1                           0.0000    0.0000 1.989e-08 1.989e-08 ( 0.02%)     1.0640 
_938_                   OR2_X1                           0.0000    0.0000 2.121e-08 2.121e-08 ( 0.02%)     1.0640 
_939_                   XOR2_X1                          0.0000    0.0000 4.296e-08 4.296e-08 ( 0.03%)     1.5960 
_940_                   AND2_X1                          0.0000    0.0000 3.085e-08 3.085e-08 ( 0.02%)     1.0640 
_945_                   AND2_X1                          0.0000    0.0000 2.847e-08 2.847e-08 ( 0.02%)     1.0640 
_963_                   AND2_X1                          0.0000    0.0000 2.059e-08 2.059e-08 ( 0.02%)     1.0640 
_964_                   AND2_X1                          0.0000    0.0000 2.034e-08 2.034e-08 ( 0.02%)     1.0640 
_965_                   AND2_X1                          0.0000    0.0000 2.062e-08 2.062e-08 ( 0.02%)     1.0640 
_966_                   AND2_X1                          0.0000    0.0000 2.059e-08 2.059e-08 ( 0.02%)     1.0640 
_967_                   AND2_X1                          0.0000    0.0000 2.034e-08 2.034e-08 ( 0.02%)     1.0640 
_968_                   AND2_X1                          0.0000    0.0000 2.062e-08 2.062e-08 ( 0.02%)     1.0640 
_969_                   AND2_X1                          0.0000    0.0000 2.032e-08 2.032e-08 ( 0.02%)     1.0640 
_970_                   AND2_X1                          0.0000    0.0000 2.032e-08 2.032e-08 ( 0.02%)     1.0640 
_971_                   AND2_X1                          0.0000    0.0000 2.032e-08 2.032e-08 ( 0.02%)     1.0640 
------------------------------------------------------------------------------------------------------------------------
Totals (489 cells)                                    8.330e-05 3.192e-05 1.147e-05 1.267e-04 (100.0%)   497.4195
1
