****************************************
Report : Averaged Power
	-net_power
	-sort_by net_switching_power
	-nosplit
Design : Rocket/bpu (BreakpointUnit)
Version: T-2022.03-SP3
Date   : Tue May 20 20:06:54 2025
****************************************



  Attributes
  ----------
      a  -  Switching activity information / Switching power information annotated on net
      p  -  Propagated switching activity information on net
      d  -  Default switching activity used on net
      u  -  Net switching activity uninitialized
      m  -  Net is driven by multiple pins
      b  -  Net is a primary input (boundary net)

		Toggle rates reported with respect to time unit 1ns
--------------------------------------------------------------------------------
                                  Total      Static   Toggle   Switching
Net                         Vdd   Net Load   Prob.    Rate     Power      Attrs
--------------------------------------------------------------------------------
io_pc[1]                    1.10    0.010    0.514    0.2414   1.503e-06  p
io_pc[15]                   1.10    0.010    0.500    0.2032   1.266e-06  p
io_pc[19]                   1.10    0.010    0.492    0.1984   1.235e-06  p
io_pc[2]                    1.10    0.010    0.497    0.1976   1.230e-06  p
io_pc[3]                    1.10    0.010    0.510    0.1974   1.229e-06  p
io_pc[13]                   1.10    0.010    0.494    0.2017   1.191e-06  p
io_pc[28]                   1.10    0.010    0.500    0.2042   1.187e-06  p
io_pc[4]                    1.10    0.010    0.506    0.2008   1.186e-06  p
io_pc[5]                    1.10    0.010    0.503    0.2001   1.181e-06  p
io_pc[6]                    1.10    0.010    0.503    0.1992   1.176e-06  p
io_pc[29]                   1.10    0.010    0.502    0.2013   1.170e-06  p
io_pc[10]                   1.10    0.010    0.496    0.1994   1.159e-06  p
io_pc[7]                    1.10    0.009    0.497    0.2013   1.078e-06  p
io_pc[30]                   1.10    0.009    0.497    0.1993   1.068e-06  p
io_pc[27]                   1.10    0.009    0.502    0.2011   1.064e-06  p
io_pc[16]                   1.10    0.009    0.500    0.1983   1.063e-06  p
io_pc[31]                   1.10    0.009    0.496    0.1976   1.058e-06  p
io_pc[20]                   1.10    0.009    0.496    0.1957   1.048e-06  p
io_pc[11]                   1.10    0.009    0.503    0.1979   1.047e-06  p
io_pc[21]                   1.10    0.009    0.495    0.1952   1.046e-06  p
io_pc[26]                   1.10    0.009    0.497    0.1970   1.042e-06  p
io_pc[17]                   1.10    0.009    0.502    0.1942   1.040e-06  p
io_pc[22]                   1.10    0.008    0.490    0.2021   1.018e-06  p
io_pc[14]                   1.10    0.008    0.496    0.2011   9.690e-07  p
io_pc[12]                   1.10    0.008    0.517    0.2007   9.670e-07  p
io_pc[18]                   1.10    0.008    0.505    0.1996   9.615e-07  p
io_pc[8]                    1.10    0.007    0.492    0.2000   9.026e-07  p
io_pc[9]                    1.10    0.007    0.492    0.1978   8.927e-07  p
io_pc[23]                   1.10    0.007    0.502    0.1978   8.925e-07  p
io_pc[24]                   1.10    0.007    0.489    0.1992   8.315e-07  p
io_pc[0]                    1.10    0.007    0.502    0.1993   8.088e-07  p
io_pc[25]                   1.10    0.006    0.493    0.1993   7.262e-07  p
io_ea[1]                    1.10    0.013    0.549    0.0750   5.807e-07  p
io_ea[2]                    1.10    0.013    0.525    0.0710   5.496e-07  p
io_ea[3]                    1.10    0.013    0.538    0.0710   5.492e-07  p
io_status_debug             1.10    0.021    0.107    0.0429   5.343e-07  p
io_ea[4]                    1.10    0.013    0.520    0.0684   5.294e-07  p
io_ea[5]                    1.10    0.012    0.518    0.0712   5.285e-07  p
io_ea[7]                    1.10    0.012    0.521    0.0703   5.216e-07  p
io_ea[6]                    1.10    0.012    0.529    0.0695   5.159e-07  p
io_ea[9]                    1.10    0.012    0.515    0.0667   4.944e-07  p
io_ea[12]                   1.10    0.013    0.547    0.0634   4.907e-07  p
io_ea[14]                   1.10    0.013    0.504    0.0623   4.819e-07  p
io_ea[11]                   1.10    0.013    0.502    0.0621   4.806e-07  p
io_ea[15]                   1.10    0.013    0.528    0.0597   4.617e-07  p
io_ea[27]                   1.10    0.013    0.404    0.0586   4.532e-07  p
io_ea[26]                   1.10    0.013    0.407    0.0582   4.507e-07  p
io_ea[19]                   1.10    0.013    0.378    0.0582   4.504e-07  p
io_ea[28]                   1.10    0.013    0.398    0.0571   4.422e-07  p
io_ea[17]                   1.10    0.013    0.417    0.0568   4.397e-07  p
io_ea[29]                   1.10    0.012    0.396    0.0591   4.386e-07  p
io_ea[25]                   1.10    0.013    0.374    0.0566   4.384e-07  p
io_ea[20]                   1.10    0.013    0.387    0.0565   4.371e-07  p
io_ea[21]                   1.10    0.012    0.402    0.0588   4.365e-07  p
io_ea[10]                   1.10    0.011    0.509    0.0645   4.339e-07  p
io_ea[22]                   1.10    0.012    0.402    0.0584   4.335e-07  p
io_ea[23]                   1.10    0.012    0.389    0.0579   4.292e-07  p
_193_                       1.10    0.003    0.753    0.1961   3.969e-07  p
io_ea[18]                   1.10    0.011    0.391    0.0588   3.958e-07  p
_112_                       1.10    0.003    0.253    0.1967   3.948e-07  p
io_ea[16]                   1.10    0.011    0.393    0.0586   3.942e-07  p
io_ea[8]                    1.10    0.010    0.519    0.0659   3.925e-07  p
io_ea[0]                    1.10    0.010    0.489    0.0651   3.759e-07  p
io_ea[24]                   1.10    0.011    0.393    0.0578   3.706e-07  p
io_ea[13]                   1.10    0.010    0.557    0.0608   3.622e-07  p
io_ea[31]                   1.10    0.010    0.397    0.0588   3.503e-07  p
io_ea[30]                   1.10    0.010    0.364    0.0564   3.356e-07  p
_084_                       1.10    0.003    0.753    0.2007   3.148e-07  p
_031_                       1.10    0.003    0.498    0.2013   3.123e-07  p
_029_                       1.10    0.003    0.498    0.2011   3.119e-07  p
_201_                       1.10    0.003    0.256    0.1956   3.096e-07  p
_027_                       1.10    0.003    0.507    0.1993   3.091e-07  p
_026_                       1.10    0.003    0.511    0.1992   3.090e-07  p
_096_                       1.10    0.003    0.752    0.1961   3.070e-07  p
_018_                       1.10    0.003    0.497    0.1979   3.070e-07  p
_087_                       1.10    0.003    0.261    0.1982   3.068e-07  p
_016_                       1.10    0.003    0.508    0.1978   3.068e-07  p
_091_                       1.10    0.003    0.253    0.1950   3.057e-07  p
_145_                       1.10    0.003    0.253    0.1962   3.009e-07  p
_119_                       1.10    0.003    0.251    0.1941   2.976e-07  p
_143_                       1.10    0.002    0.747    0.1962   2.386e-07  p
_162_                       1.10    0.001    0.514    0.2414   1.828e-07  p
_253_                       1.10    0.001    0.486    0.2414   1.828e-07  p
_254_                       1.10    0.001    0.486    0.2414   1.793e-07  p
_256_                       1.10    0.001    0.243    0.2136   1.618e-07  p
_257_                       1.10    0.001    0.243    0.2136   1.587e-07  p
_223_                       1.10    0.001    0.500    0.2042   1.587e-07  p
_111_                       1.10    0.001    0.510    0.2021   1.570e-07  p
_154_                       1.10    0.001    0.503    0.2013   1.564e-07  p
_265_                       1.10    0.001    0.503    0.2013   1.564e-07  p
_140_                       1.10    0.001    0.496    0.2011   1.563e-07  p
_150_                       1.10    0.001    0.483    0.2007   1.560e-07  p
_224_                       1.10    0.001    0.247    0.2007   1.560e-07  p
_181_                       1.10    0.001    0.497    0.2001   1.555e-07  p
_200_                       1.10    0.001    0.508    0.2000   1.554e-07  p
_030_                       1.10    0.001    0.500    0.2042   1.553e-07  p
_079_                       1.10    0.001    0.500    0.2042   1.553e-07  p
_082_                       1.10    0.001    0.500    0.2042   1.553e-07  p
_117_                       1.10    0.001    0.505    0.1996   1.551e-07  p
_118_                       1.10    0.001    0.495    0.1996   1.551e-07  p
_188_                       1.10    0.001    0.504    0.1994   1.550e-07  p
_075_                       1.10    0.001    0.503    0.1993   1.549e-07  p
_086_                       1.10    0.001    0.511    0.1992   1.548e-07  p
_137_                       1.10    0.001    0.500    0.2032   1.545e-07  p
_139_                       1.10    0.001    0.500    0.2032   1.545e-07  p
_121_                       1.10    0.001    0.500    0.1983   1.541e-07  p
_132_                       1.10    0.001    0.500    0.1983   1.541e-07  p
_222_                       1.10    0.001    0.769    0.2072   1.539e-07  p
_024_                       1.10    0.001    0.510    0.2021   1.536e-07  p
_255_                       1.10    0.001    0.503    0.1976   1.535e-07  p
_259_                       1.10    0.001    0.490    0.1974   1.534e-07  p
_019_                       1.10    0.001    0.506    0.2017   1.534e-07  p
_146_                       1.10    0.001    0.494    0.2017   1.534e-07  p
_068_                       1.10    0.001    0.503    0.1970   1.531e-07  p
_014_                       1.10    0.001    0.503    0.2013   1.530e-07  p
_153_                       1.10    0.001    0.497    0.2013   1.530e-07  p
_094_                       1.10    0.001    0.502    0.2011   1.529e-07  p
_149_                       1.10    0.001    0.753    0.1966   1.528e-07  p
_151_                       1.10    0.001    0.247    0.1966   1.528e-07  p
_011_                       1.10    0.001    0.494    0.2008   1.527e-07  p
_158_                       1.10    0.001    0.506    0.2008   1.527e-07  p
_083_                       1.10    0.001    0.502    0.2013   1.525e-07  p
_144_                       1.10    0.001    0.253    0.1962   1.525e-07  p
_142_                       1.10    0.001    0.496    0.2011   1.523e-07  p
_213_                       1.10    0.001    0.496    0.2011   1.523e-07  p
_012_                       1.10    0.001    0.497    0.2001   1.521e-07  p
_105_                       1.10    0.001    0.504    0.1957   1.521e-07  p
_015_                       1.10    0.001    0.508    0.2000   1.520e-07  p
_202_                       1.10    0.001    0.256    0.1956   1.520e-07  p
_148_                       1.10    0.001    0.517    0.2007   1.520e-07  p
_233_                       1.10    0.001    0.505    0.1996   1.517e-07  p
_017_                       1.10    0.001    0.504    0.1994   1.516e-07  p
_032_                       1.10    0.001    0.503    0.1993   1.515e-07  p
_180_                       1.10    0.001    0.503    0.2001   1.515e-07  p
_013_                       1.10    0.001    0.497    0.1992   1.514e-07  p
_178_                       1.10    0.001    0.503    0.1992   1.514e-07  p
_266_                       1.10    0.001    0.249    0.1947   1.513e-07  p
_192_                       1.10    0.001    0.496    0.1994   1.510e-07  p
_074_                       1.10    0.001    0.497    0.1993   1.510e-07  p
_263_                       1.10    0.001    0.498    0.1993   1.510e-07  p
_124_                       1.10    0.001    0.498    0.1942   1.509e-07  p
_126_                       1.10    0.001    0.498    0.1942   1.509e-07  p
_228_                       1.10    0.001    0.249    0.1992   1.509e-07  p
_020_                       1.10    0.001    0.500    0.1983   1.508e-07  p
_191_                       1.10    0.001    0.503    0.1979   1.505e-07  p
_025_                       1.10    0.001    0.498    0.1978   1.503e-07  p
_114_                       1.10    0.001    0.492    0.1984   1.502e-07  p
_168_                       1.10    0.001    0.497    0.1976   1.502e-07  p
_230_                       1.10    0.001    0.500    0.1983   1.502e-07  p
_033_                       1.10    0.001    0.504    0.1976   1.502e-07  p
_072_                       1.10    0.001    0.496    0.1976   1.502e-07  p
_219_                       1.10    0.001    0.261    0.1982   1.501e-07  p
_147_                       1.10    0.001    0.506    0.2017   1.499e-07  p
_028_                       1.10    0.001    0.503    0.1970   1.498e-07  p
_080_                       1.10    0.001    0.498    0.2013   1.496e-07  p
_113_                       1.10    0.001    0.747    0.1967   1.496e-07  p
_169_                       1.10    0.001    0.510    0.1974   1.495e-07  p
_258_                       1.10    0.001    0.490    0.1974   1.495e-07  p
_067_                       1.10    0.001    0.498    0.2011   1.494e-07  p
_095_                       1.10    0.001    0.497    0.1970   1.492e-07  p
_159_                       1.10    0.001    0.494    0.2008   1.492e-07  p
_069_                       1.10    0.001    0.248    0.1961   1.491e-07  p
_189_                       1.10    0.001    0.247    0.1961   1.491e-07  p
_022_                       1.10    0.001    0.504    0.1957   1.488e-07  p
_104_                       1.10    0.001    0.496    0.1957   1.488e-07  p
_214_                       1.10    0.001    0.747    0.1962   1.486e-07  p
_097_                       1.10    0.001    0.752    0.1961   1.485e-07  p
_023_                       1.10    0.001    0.505    0.1952   1.484e-07  p
_101_                       1.10    0.001    0.495    0.1952   1.484e-07  p
_227_                       1.10    0.001    0.747    0.1950   1.482e-07  p
_264_                       1.10    0.001    0.498    0.1993   1.481e-07  p
_085_                       1.10    0.001    0.507    0.1993   1.480e-07  p
_179_                       1.10    0.001    0.497    0.1992   1.480e-07  p
_234_                       1.10    0.001    0.747    0.1949   1.476e-07  p
_021_                       1.10    0.001    0.498    0.1942   1.476e-07  p
_123_                       1.10    0.001    0.502    0.1942   1.476e-07  p
_116_                       1.10    0.001    0.508    0.1984   1.474e-07  p
_122_                       1.10    0.001    0.500    0.1983   1.473e-07  p
_187_                       1.10    0.001    0.497    0.1979   1.470e-07  p
_199_                       1.10    0.001    0.508    0.1978   1.469e-07  p
_110_                       1.10    0.001    0.498    0.1978   1.469e-07  p
_231_                       1.10    0.001    0.750    0.1890   1.469e-07  p
_073_                       1.10    0.001    0.504    0.1976   1.468e-07  p
_207_                       1.10    0.001    0.818    0.1886   1.465e-07  p
_203_                       1.10    0.003    0.064    0.0934   1.465e-07  p
_152_                       1.10    0.003    0.065    0.0955   1.464e-07  p
_212_                       1.10    0.001    0.189    0.1925   1.464e-07  p
_218_                       1.10    0.001    0.248    0.1961   1.457e-07  p
_194_                       1.10    0.001    0.247    0.1961   1.457e-07  p
_205_                       1.10    0.001    0.247    0.1961   1.457e-07  p
_220_                       1.10    0.001    0.816    0.1868   1.452e-07  p
_102_                       1.10    0.001    0.505    0.1952   1.450e-07  p
_076_                       1.10    0.001    0.253    0.1950   1.449e-07  p
_077_                       1.10    0.001    0.747    0.1950   1.449e-07  p
_183_                       1.10    0.001    0.752    0.1911   1.447e-07  p
_170_                       1.10    0.001    0.751    0.1901   1.440e-07  p
_232_                       1.10    0.001    0.189    0.1890   1.437e-07  p
_206_                       1.10    0.001    0.818    0.1886   1.428e-07  p
_127_                       1.10    0.001    0.260    0.1917   1.424e-07  p
_182_                       1.10    0.001    0.248    0.1911   1.419e-07  p
_262_                       1.10    0.001    0.248    0.1911   1.419e-07  p
_361_                       1.10    0.003    0.689    0.0586   1.185e-07  p
_098_                       1.10    0.002    0.937    0.0934   1.136e-07  p
_208_                       1.10    0.002    0.064    0.0934   1.136e-07  p
_130_                       1.10    0.001    0.129    0.1449   1.126e-07  p
_267_                       1.10    0.001    0.124    0.1440   1.119e-07  p
_260_                       1.10    0.001    0.124    0.1505   1.118e-07  p
_133_                       1.10    0.001    0.126    0.1404   1.091e-07  p
_131_                       1.10    0.001    0.129    0.1449   1.076e-07  p
_235_                       1.10    0.001    0.874    0.1418   1.074e-07  p
_366_                       1.10    0.003    0.519    0.0659   1.043e-07  p
_001_                       1.10    0.004    0.893    0.0429   1.013e-07  p
_354_                       1.10    0.003    0.557    0.0608   9.535e-08  p
_286_                       1.10    0.003    0.397    0.0588   9.211e-08  p
_331_                       1.10    0.003    0.432    0.0585   8.974e-08  p
_009_                       1.10    0.003    0.607    0.0578   8.962e-08  p
_278_                       1.10    0.003    0.364    0.0563   8.816e-08  p
_099_                       1.10    0.001    0.063    0.0934   7.259e-08  p
_211_                       1.10    0.001    0.065    0.0955   7.257e-08  p
_215_                       1.10    0.001    0.935    0.0955   7.229e-08  p
_204_                       1.10    0.001    0.064    0.0934   7.102e-08  p
_221_                       1.10    0.001    0.064    0.0935   7.078e-08  p
_209_                       1.10    0.001    0.936    0.0934   7.075e-08  p
_370_                       1.10    0.002    0.700    0.0557   6.774e-08  p
_092_                       1.10    0.001    0.065    0.0906   6.732e-08  p
_393_                       1.10    0.001    0.549    0.0750   5.701e-08  p
_470_                       1.10    0.001    0.451    0.0750   5.679e-08  p
_471_                       1.10    0.001    0.451    0.0750   5.571e-08  p
_462_                       1.10    0.001    0.483    0.0712   5.536e-08  p
_472_                       1.10    0.001    0.476    0.0710   5.517e-08  p
_002_                       1.10    0.001    0.483    0.0712   5.416e-08  p
_387_                       1.10    0.001    0.471    0.0695   5.400e-08  p
_388_                       1.10    0.001    0.517    0.0712   5.395e-08  p
_400_                       1.10    0.001    0.538    0.0710   5.395e-08  p
_401_                       1.10    0.001    0.524    0.0710   5.377e-08  p
_457_                       1.10    0.001    0.462    0.0710   5.374e-08  p
_004_                       1.10    0.001    0.479    0.0703   5.342e-08  p
_381_                       1.10    0.001    0.521    0.0703   5.342e-08  p
_466_                       1.10    0.001    0.481    0.0684   5.315e-08  p
_389_                       1.10    0.001    0.483    0.0712   5.293e-08  p
_003_                       1.10    0.001    0.471    0.0695   5.283e-08  p
_386_                       1.10    0.001    0.529    0.0695   5.283e-08  p
_458_                       1.10    0.001    0.462    0.0710   5.272e-08  p
_382_                       1.10    0.001    0.479    0.0703   5.220e-08  p
_391_                       1.10    0.001    0.519    0.0684   5.200e-08  p
_350_                       1.10    0.001    0.485    0.0667   5.179e-08  p
_373_                       1.10    0.001    0.485    0.0667   5.179e-08  p
_374_                       1.10    0.001    0.485    0.0667   5.179e-08  p
_005_                       1.10    0.001    0.485    0.0667   5.067e-08  p
_349_                       1.10    0.001    0.515    0.0667   5.067e-08  p
_359_                       1.10    0.001    0.509    0.0645   5.008e-08  p
_414_                       1.10    0.001    0.519    0.0659   4.992e-08  p
_459_                       1.10    0.001    0.512    0.0651   4.933e-08  p
_360_                       1.10    0.001    0.509    0.0645   4.881e-08  p
_417_                       1.10    0.001    0.509    0.0645   4.881e-08  p
_474_                       1.10    0.001    0.280    0.0625   4.857e-08  p
_460_                       1.10    0.001    0.512    0.0651   4.839e-08  p
_355_                       1.10    0.001    0.547    0.0634   4.819e-08  p
_367_                       1.10    0.001    0.547    0.0634   4.801e-08  p
_473_                       1.10    0.001    0.280    0.0625   4.733e-08  p
_356_                       1.10    0.001    0.502    0.0621   4.720e-08  p
_358_                       1.10    0.001    0.502    0.0621   4.720e-08  p
_352_                       1.10    0.001    0.504    0.0623   4.714e-08  p
_369_                       1.10    0.001    0.504    0.0623   4.714e-08  p
_415_                       1.10    0.001    0.700    0.0603   4.686e-08  p
_464_                       1.10    0.001    0.289    0.0595   4.623e-08  p
_300_                       1.10    0.001    0.605    0.0591   4.591e-08  p
_390_                       1.10    0.001    0.730    0.0603   4.581e-08  p
_335_                       1.10    0.001    0.598    0.0588   4.572e-08  p
_330_                       1.10    0.001    0.609    0.0588   4.569e-08  p
_452_                       1.10    0.001    0.402    0.0601   4.554e-08  p
_341_                       1.10    0.001    0.607    0.0586   4.550e-08  p
_313_                       1.10    0.001    0.598    0.0584   4.540e-08  p
_351_                       1.10    0.001    0.528    0.0597   4.535e-08  p
_368_                       1.10    0.001    0.528    0.0597   4.535e-08  p
_010_                       1.10    0.001    0.605    0.0591   4.492e-08  p
_296_                       1.10    0.001    0.393    0.0578   4.490e-08  p
_299_                       1.10    0.001    0.395    0.0591   4.474e-08  p
_006_                       1.10    0.001    0.598    0.0588   4.473e-08  p
_319_                       1.10    0.001    0.402    0.0588   4.473e-08  p
_326_                       1.10    0.001    0.391    0.0588   4.453e-08  p
_288_                       1.10    0.001    0.404    0.0585   4.448e-08  p
_290_                       1.10    0.001    0.404    0.0585   4.448e-08  p
_441_                       1.10    0.001    0.594    0.0572   4.442e-08  p
_007_                       1.10    0.001    0.598    0.0584   4.442e-08  p
_323_                       1.10    0.001    0.393    0.0586   4.434e-08  p
_308_                       1.10    0.001    0.410    0.0570   4.433e-08  p
_443_                       1.10    0.001    0.568    0.0585   4.431e-08  p
_292_                       1.10    0.001    0.407    0.0582   4.427e-08  p
_312_                       1.10    0.001    0.402    0.0584   4.425e-08  p
_402_                       1.10    0.001    0.716    0.0584   4.425e-08  p
_325_                       1.10    0.001    0.378    0.0582   4.423e-08  p
_268_                       1.10    0.001    0.031    0.0569   4.420e-08  p
_465_                       1.10    0.001    0.289    0.0595   4.419e-08  p
_463_                       1.10    0.001    0.293    0.0594   4.413e-08  p
_293_                       1.10    0.001    0.407    0.0582   4.409e-08  p
_309_                       1.10    0.003    0.233    0.0287   4.400e-08  p
_008_                       1.10    0.001    0.611    0.0579   4.399e-08  p
_310_                       1.10    0.001    0.389    0.0579   4.399e-08  p
_337_                       1.10    0.001    0.614    0.0564   4.385e-08  p
_429_                       1.10    0.001    0.393    0.0578   4.375e-08  p
_320_                       1.10    0.001    0.598    0.0588   4.371e-08  p
_336_                       1.10    0.001    0.598    0.0588   4.371e-08  p
_430_                       1.10    0.001    0.562    0.0561   4.360e-08  p
_418_                       1.10    0.001    0.709    0.0575   4.357e-08  p
_362_                       1.10    0.001    0.311    0.0586   4.350e-08  p
_327_                       1.10    0.001    0.568    0.0585   4.347e-08  p
_315_                       1.10    0.001    0.590    0.0571   4.343e-08  p
_287_                       1.10    0.001    0.398    0.0571   4.340e-08  p
_371_                       1.10    0.001    0.300    0.0557   4.329e-08  p
_302_                       1.10    0.001    0.398    0.0571   4.323e-08  p
_329_                       1.10    0.001    0.622    0.0582   4.323e-08  p
_294_                       1.10    0.001    0.594    0.0568   4.321e-08  p
_322_                       1.10    0.001    0.417    0.0568   4.318e-08  p
_277_                       1.10    0.001    0.374    0.0566   4.303e-08  p
_311_                       1.10    0.001    0.611    0.0579   4.298e-08  p
_297_                       1.10    0.001    0.607    0.0578   4.292e-08  p
_321_                       1.10    0.001    0.386    0.0564   4.290e-08  p
_282_                       1.10    0.001    0.554    0.0564   4.287e-08  p
_281_                       1.10    0.001    0.374    0.0566   4.286e-08  p
_280_                       1.10    0.001    0.364    0.0563   4.281e-08  p
_345_                       1.10    0.003    0.228    0.0277   4.250e-08  p
_431_                       1.10    0.001    0.562    0.0561   4.249e-08  p
_324_                       1.10    0.001    0.594    0.0572   4.247e-08  p
_314_                       1.10    0.001    0.410    0.0571   4.244e-08  p
_306_                       1.10    0.001    0.410    0.0570   4.238e-08  p
_353_                       1.10    0.001    0.700    0.0557   4.235e-08  p
_340_                       1.10    0.001    0.583    0.0568   4.220e-08  p
_438_                       1.10    0.001    0.560    0.0555   4.200e-08  p
_372_                       1.10    0.001    0.300    0.0557   4.138e-08  p
_376_                       1.10    0.001    0.724    0.0544   4.133e-08  p
_236_                       1.10    0.001    0.970    0.0525   4.082e-08  p
_225_                       1.10    0.002    0.017    0.0330   4.018e-08  p
_237_                       1.10    0.001    0.970    0.0525   3.978e-08  p
_432_                       1.10    0.001    0.663    0.0485   3.766e-08  p
_342_                       1.10    0.001    0.323    0.0482   3.744e-08  p
_304_                       1.10    0.002    0.758    0.0306   3.726e-08  p
_433_                       1.10    0.001    0.663    0.0485   3.670e-08  p
_338_                       1.10    0.001    0.320    0.0470   3.652e-08  p
_444_                       1.10    0.001    0.667    0.0479   3.630e-08  p
_301_                       1.10    0.001    0.658    0.0471   3.582e-08  p
_377_                       1.10    0.001    0.782    0.0465   3.522e-08  p
_303_                       1.10    0.001    0.689    0.0463   3.510e-08  p
_375_                       1.10    0.001    0.213    0.0468   3.479e-08  p
_378_                       1.10    0.002    0.865    0.0286   3.474e-08  p
_380_                       1.10    0.003    0.114    0.0221   3.395e-08  p
_467_                       1.10    0.001    0.192    0.0435   3.383e-08  p
_419_                       1.10    0.001    0.791    0.0439   3.328e-08  p
_343_                       1.10    0.001    0.272    0.0405   3.149e-08  p
_416_                       1.10    0.001    0.140    0.0411   3.124e-08  p
_434_                       1.10    0.001    0.722    0.0399   3.102e-08  p
_435_                       1.10    0.001    0.722    0.0399   3.023e-08  p
_339_                       1.10    0.001    0.274    0.0382   2.838e-08  p
_134_                       1.10    0.001    0.017    0.0356   2.767e-08  p
_442_                       1.10    0.001    0.160    0.0359   2.728e-08  p
_445_                       1.10    0.001    0.748    0.0348   2.703e-08  p
_436_                       1.10    0.001    0.747    0.0347   2.700e-08  p
_437_                       1.10    0.001    0.747    0.0347   2.642e-08  p
_446_                       1.10    0.001    0.748    0.0348   2.635e-08  p
_226_                       1.10    0.001    0.983    0.0330   2.567e-08  p
_238_                       1.10    0.001    0.984    0.0318   2.473e-08  p
_447_                       1.10    0.001    0.761    0.0315   2.450e-08  p
_239_                       1.10    0.001    0.984    0.0318   2.410e-08  p
_448_                       1.10    0.001    0.761    0.0315   2.388e-08  p
_468_                       1.10    0.001    0.132    0.0302   2.346e-08  p
_420_                       1.10    0.001    0.858    0.0297   2.311e-08  p
_439_                       1.10    0.001    0.766    0.0295   2.292e-08  p
_305_                       1.10    0.001    0.242    0.0306   2.276e-08  p
_344_                       1.10    0.001    0.233    0.0290   2.254e-08  p
_421_                       1.10    0.001    0.858    0.0297   2.252e-08  p
_440_                       1.10    0.001    0.766    0.0295   2.243e-08  p
_450_                       1.10    0.001    0.233    0.0287   2.229e-08  p
_379_                       1.10    0.001    0.135    0.0286   2.220e-08  p
_449_                       1.10    0.001    0.767    0.0290   2.155e-08  p
_428_                       1.10    0.001    0.228    0.0277   2.107e-08  p
_453_                       1.10    0.001    0.772    0.0277   2.098e-08  p
_424_                       1.10    0.001    0.874    0.0254   1.923e-08  p
_422_                       1.10    0.001    0.874    0.0254   1.886e-08  p
_100_                       1.10    0.003    0.004    0.0119   1.822e-08  p
_425_                       1.10    0.001    0.886    0.0221   1.720e-08  p
_413_                       1.10    0.001    0.114    0.0221   1.683e-08  p
_426_                       1.10    0.001    0.886    0.0221   1.676e-08  p
_469_                       1.10    0.001    0.088    0.0190   1.412e-08  p
_478_                       1.10    0.003    0.062    0.0090   1.385e-08  p
_475_                       1.10    0.001    0.092    0.0178   1.382e-08  p
_241_                       1.10    0.001    0.004    0.0119   9.232e-09  p
_229_                       1.10    0.001    0.996    0.0119   9.033e-09  p
_242_                       1.10    0.001    0.004    0.0117   8.874e-09  p
_240_                       1.10    0.001    0.995    0.0115   8.524e-09  p
_476_                       1.10    0.001    0.067    0.0104   8.063e-09  p
_477_                       1.10    0.001    0.062    0.0090   6.841e-09  p
_269_                       1.10    0.001    0.002    0.0056   4.363e-09  p
_451_                       1.10    0.001    0.005    0.0027   2.034e-09  p
_136_                       1.10    0.003    0.000    0.0007   9.985e-10  p
_270_                       1.10    0.001    0.000    0.0011   8.221e-10  p
_135_                       1.10    0.001    0.000    0.0009   6.956e-10  p
_271_                       1.10    0.001    0.000    0.0007   5.059e-10  p
_217_                       1.10    0.001    0.000    0.0007   4.949e-10  p
_243_                       1.10    0.001    1.000    0.0007   4.930e-10  p
_272_                       1.10    0.001    0.000    0.0007   4.930e-10  p
_273_                       1.10    0.001    0.000    0.0007   4.836e-10  p
_000_                       1.10    0.003    1.000    0.0000      0.0000  p
_034_                       1.10    0.004    1.000    0.0000      0.0000  p
_035_                       1.10    0.008    1.000    0.0000      0.0000  p
_036_                       1.10    0.011    1.000    0.0000      0.0000  p
_037_                       1.10    0.011    1.000    0.0000      0.0000  p
_038_                       1.10    0.011    1.000    0.0000      0.0000  p
_039_                       1.10    0.008    1.000    0.0000      0.0000  p
_040_                       1.10    0.005    1.000    0.0000      0.0000  p
_041_                       1.10    0.005    1.000    0.0000      0.0000  p
_042_                       1.10    0.005    1.000    0.0000      0.0000  p
_043_                       1.10    0.004    1.000    0.0000      0.0000  p
_044_                       1.10    0.004    1.000    0.0000      0.0000  p
_045_                       1.10    0.001    1.000    0.0000      0.0000  p
_046_                       1.10    0.003    1.000    0.0000      0.0000  p
_047_                       1.10    0.007    1.000    0.0000      0.0000  p
_048_                       1.10    0.005    1.000    0.0000      0.0000  p
_049_                       1.10    0.004    1.000    0.0000      0.0000  p
_050_                       1.10    0.005    1.000    0.0000      0.0000  p
_051_                       1.10    0.007    1.000    0.0000      0.0000  p
_052_                       1.10    0.008    1.000    0.0000      0.0000  p
_053_                       1.10    0.008    1.000    0.0000      0.0000  p
_054_                       1.10    0.011    1.000    0.0000      0.0000  p
_055_                       1.10    0.008    1.000    0.0000      0.0000  p
_056_                       1.10    0.005    1.000    0.0000      0.0000  p
_057_                       1.10    0.004    1.000    0.0000      0.0000  p
_058_                       1.10    0.004    1.000    0.0000      0.0000  p
_059_                       1.10    0.001    1.000    0.0000      0.0000  p
_060_                       1.10    0.003    1.000    0.0000      0.0000  p
_061_                       1.10    0.003    1.000    0.0000      0.0000  p
_062_                       1.10    0.003    1.000    0.0000      0.0000  p
_063_                       1.10    0.003    1.000    0.0000      0.0000  p
_064_                       1.10    0.005    1.000    0.0000      0.0000  p
_065_                       1.10    0.005    1.000    0.0000      0.0000  p
_066_                       1.10    0.003    1.000    0.0000      0.0000  p
_070_                       1.10    0.003    0.000    0.0000      0.0000  p
_071_                       1.10    0.001    0.000    0.0000      0.0000  p
_078_                       1.10    0.001    1.000    0.0000      0.0000  p
_081_                       1.10    0.001    0.000    0.0000      0.0000  p
_088_                       1.10    0.001    0.000    0.0000      0.0000  p
_089_                       1.10    0.003    1.000    0.0000      0.0000  p
_090_                       1.10    0.001    1.000    0.0000      0.0000  p
_093_                       1.10    0.001    0.000    0.0000      0.0000  p
_103_                       1.10    0.001    1.000    0.0000      0.0000  p
_106_                       1.10    0.003    1.000    0.0000      0.0000  p
_107_                       1.10    0.001    1.000    0.0000      0.0000  p
_108_                       1.10    0.001    1.000    0.0000      0.0000  p
_109_                       1.10    0.003    1.000    0.0000      0.0000  p
_115_                       1.10    0.001    1.000    0.0000      0.0000  p
_120_                       1.10    0.003    1.000    0.0000      0.0000  p
_125_                       1.10    0.003    1.000    0.0000      0.0000  p
_128_                       1.10    0.001    1.000    0.0000      0.0000  p
_129_                       1.10    0.001    1.000    0.0000      0.0000  p
_138_                       1.10    0.001    1.000    0.0000      0.0000  p
_141_                       1.10    0.001    1.000    0.0000      0.0000  p
_155_                       1.10    0.001    1.000    0.0000      0.0000  p
_156_                       1.10    0.001    1.000    0.0000      0.0000  p
_157_                       1.10    0.003    1.000    0.0000      0.0000  p
_160_                       1.10    0.001    1.000    0.0000      0.0000  p
_161_                       1.10    0.001    1.000    0.0000      0.0000  p
_163_                       1.10    0.001    1.000    0.0000      0.0000  p
_164_                       1.10    0.001    1.000    0.0000      0.0000  p
_165_                       1.10    0.001    1.000    0.0000      0.0000  p
_166_                       1.10    0.001    1.000    0.0000      0.0000  p
_167_                       1.10    0.001    1.000    0.0000      0.0000  p
_171_                       1.10    0.001    1.000    0.0000      0.0000  p
_172_                       1.10    0.001    1.000    0.0000      0.0000  p
_173_                       1.10    0.001    1.000    0.0000      0.0000  p
_174_                       1.10    0.001    1.000    0.0000      0.0000  p
_175_                       1.10    0.001    1.000    0.0000      0.0000  p
_176_                       1.10    0.003    1.000    0.0000      0.0000  p
_177_                       1.10    0.001    1.000    0.0000      0.0000  p
_184_                       1.10    0.001    1.000    0.0000      0.0000  p
_185_                       1.10    0.001    1.000    0.0000      0.0000  p
_186_                       1.10    0.001    1.000    0.0000      0.0000  p
_190_                       1.10    0.001    0.000    0.0000      0.0000  p
_195_                       1.10    0.001    0.000    0.0000      0.0000  p
_196_                       1.10    0.001    1.000    0.0000      0.0000  p
_197_                       1.10    0.001    1.000    0.0000      0.0000  p
_198_                       1.10    0.001    1.000    0.0000      0.0000  p
_210_                       1.10    0.001    1.000    0.0000      0.0000  p
_216_                       1.10    0.001    1.000    0.0000      0.0000  p
_244_                       1.10    0.003    1.000    0.0000      0.0000  p
_245_                       1.10    0.002    0.000    0.0000      0.0000  p
_246_                       1.10    0.001    1.000    0.0000      0.0000  p
_247_                       1.10    0.001    1.000    0.0000      0.0000  p
_248_                       1.10    0.001    0.000    0.0000      0.0000  p
_249_                       1.10    0.001    0.000    0.0000      0.0000  p
_250_                       1.10    0.004    0.000    0.0000      0.0000  p
_251_                       1.10    0.004    0.000    0.0000      0.0000  p
_252_                       1.10    0.003    0.000    0.0000      0.0000  p
_261_                       1.10    0.001    1.000    0.0000      0.0000  p
_274_                       1.10    0.001    0.000    0.0000      0.0000  p
_275_                       1.10    0.003    0.000    0.0000      0.0000  p
_276_                       1.10    0.001    0.000    0.0000      0.0000  p
_279_                       1.10    0.001    1.000    0.0000      0.0000  p
_283_                       1.10    0.001    1.000    0.0000      0.0000  p
_284_                       1.10    0.001    1.000    0.0000      0.0000  p
_285_                       1.10    0.003    1.000    0.0000      0.0000  p
_289_                       1.10    0.001    1.000    0.0000      0.0000  p
_291_                       1.10    0.001    1.000    0.0000      0.0000  p
_295_                       1.10    0.001    1.000    0.0000      0.0000  p
_298_                       1.10    0.003    1.000    0.0000      0.0000  p
_307_                       1.10    0.001    1.000    0.0000      0.0000  p
_316_                       1.10    0.001    1.000    0.0000      0.0000  p
_317_                       1.10    0.001    1.000    0.0000      0.0000  p
_318_                       1.10    0.003    1.000    0.0000      0.0000  p
_328_                       1.10    0.001    1.000    0.0000      0.0000  p
_332_                       1.10    0.003    1.000    0.0000      0.0000  p
_333_                       1.10    0.001    1.000    0.0000      0.0000  p
_334_                       1.10    0.001    1.000    0.0000      0.0000  p
_346_                       1.10    0.003    1.000    0.0000      0.0000  p
_347_                       1.10    0.001    1.000    0.0000      0.0000  p
_348_                       1.10    0.001    1.000    0.0000      0.0000  p
_357_                       1.10    0.001    1.000    0.0000      0.0000  p
_363_                       1.10    0.003    1.000    0.0000      0.0000  p
_364_                       1.10    0.001    1.000    0.0000      0.0000  p
_365_                       1.10    0.001    1.000    0.0000      0.0000  p
_383_                       1.10    0.001    1.000    0.0000      0.0000  p
_384_                       1.10    0.001    1.000    0.0000      0.0000  p
_385_                       1.10    0.003    1.000    0.0000      0.0000  p
_392_                       1.10    0.001    1.000    0.0000      0.0000  p
_394_                       1.10    0.001    1.000    0.0000      0.0000  p
_395_                       1.10    0.001    1.000    0.0000      0.0000  p
_396_                       1.10    0.001    1.000    0.0000      0.0000  p
_397_                       1.10    0.001    1.000    0.0000      0.0000  p
_398_                       1.10    0.001    1.000    0.0000      0.0000  p
_399_                       1.10    0.001    1.000    0.0000      0.0000  p
_403_                       1.10    0.001    1.000    0.0000      0.0000  p
_404_                       1.10    0.001    1.000    0.0000      0.0000  p
_405_                       1.10    0.001    1.000    0.0000      0.0000  p
_406_                       1.10    0.003    1.000    0.0000      0.0000  p
_407_                       1.10    0.001    1.000    0.0000      0.0000  p
_408_                       1.10    0.001    1.000    0.0000      0.0000  p
_409_                       1.10    0.001    1.000    0.0000      0.0000  p
_410_                       1.10    0.001    1.000    0.0000      0.0000  p
_411_                       1.10    0.001    1.000    0.0000      0.0000  p
_412_                       1.10    0.001    1.000    0.0000      0.0000  p
_423_                       1.10    0.001    1.000    0.0000      0.0000  p
_427_                       1.10    0.001    1.000    0.0000      0.0000  p
_454_                       1.10    0.003    1.000    0.0000      0.0000  p
_455_                       1.10    0.001    1.000    0.0000      0.0000  p
_456_                       1.10    0.001    0.000    0.0000      0.0000  p
_461_                       1.10    0.001    1.000    0.0000      0.0000  p
_479_                       1.10    0.001    0.000    0.0000      0.0000  p
_480_                       1.10    0.003    0.000    0.0000      0.0000  p
_481_                       1.10    0.001    0.000    0.0000      0.0000  p
_482_                       1.10    0.003    0.000    0.0000      0.0000  p
io_bp_0_address[0]          1.10    0.006    0.000    0.0000      0.0000  p
io_bp_0_address[1]          1.10    0.006    0.000    0.0000      0.0000  p
io_bp_0_address[2]          1.10    0.006    0.000    0.0000      0.0000  p
io_bp_0_address[3]          1.10    0.005    0.000    0.0000      0.0000  p
io_bp_0_address[4]          1.10    0.006    0.000    0.0000      0.0000  p
io_bp_0_address[5]          1.10    0.008    0.000    0.0000      0.0000  p
io_bp_0_address[6]          1.10    0.008    0.000    0.0000      0.0000  p
io_bp_0_address[7]          1.10    0.008    0.000    0.0000      0.0000  p
io_bp_0_address[8]          1.10    0.006    0.000    0.0000      0.0000  p
io_bp_0_address[9]          1.10    0.009    0.000    0.0000      0.0000  p
io_bp_0_address[10]         1.10    0.012    0.000    0.0000      0.0000  p
io_bp_0_address[11]         1.10    0.014    0.000    0.0000      0.0000  p
io_bp_0_address[12]         1.10    0.008    0.000    0.0000      0.0000  p
io_bp_0_address[13]         1.10    0.006    0.000    0.0000      0.0000  p
io_bp_0_address[14]         1.10    0.010    0.000    0.0000      0.0000  p
io_bp_0_address[15]         1.10    0.010    0.000    0.0000      0.0000  p
io_bp_0_address[16]         1.10    0.006    0.000    0.0000      0.0000  p
io_bp_0_address[17]         1.10    0.006    0.000    0.0000      0.0000  p
io_bp_0_address[18]         1.10    0.005    0.000    0.0000      0.0000  p
io_bp_0_address[19]         1.10    0.005    0.000    0.0000      0.0000  p
io_bp_0_address[20]         1.10    0.006    0.000    0.0000      0.0000  p
io_bp_0_address[21]         1.10    0.008    0.000    0.0000      0.0000  p
io_bp_0_address[22]         1.10    0.008    0.000    0.0000      0.0000  p
io_bp_0_address[23]         1.10    0.008    0.000    0.0000      0.0000  p
io_bp_0_address[24]         1.10    0.011    0.000    0.0000      0.0000  p
io_bp_0_address[25]         1.10    0.010    0.000    0.0000      0.0000  p
io_bp_0_address[26]         1.10    0.012    0.000    0.0000      0.0000  p
io_bp_0_address[27]         1.10    0.014    0.000    0.0000      0.0000  p
io_bp_0_address[28]         1.10    0.012    0.000    0.0000      0.0000  p
io_bp_0_address[29]         1.10    0.012    0.000    0.0000      0.0000  p
io_bp_0_address[30]         1.10    0.006    0.000    0.0000      0.0000  p
io_bp_0_address[31]         1.10    0.006    0.000    0.0000      0.0000  p
io_bp_0_control_action      1.10    0.011    0.000    0.0000      0.0000  p
io_bp_0_control_r           1.10    0.004    0.000    0.0000      0.0000  p
io_bp_0_control_tmatch[0]   1.10    0.013    0.000    0.0000      0.0000  p
io_bp_0_control_tmatch[1]   1.10    0.008    0.000    0.0000      0.0000  p
io_bp_0_control_w           1.10    0.004    0.000    0.0000      0.0000  p
io_bp_0_control_x           1.10    0.004    0.000    0.0000      0.0000  p
io_debug_if                 1.10    0.001    0.000    0.0000      0.0000  p
io_debug_ld                 1.10    0.001    0.000    0.0000      0.0000  p
io_debug_st                 1.10    0.001    0.000    0.0000      0.0000  p
io_xcpt_if                  1.10    0.005    0.000    0.0000      0.0000  p
io_xcpt_ld                  1.10    0.001    0.000    0.0000      0.0000  p
io_xcpt_st                  1.10    0.001    0.000    0.0000      0.0000  p
--------------------------------------------------------------------------------
Total (592 nets)                                               8.114e-05 Watt

1
