****************************************
Report : Averaged Power
	-net_power
	-sort_by net_switching_power
	-nosplit
Design : Rocket/ibuf (IBuf)
Version: T-2022.03-SP3
Date   : Tue May 20 20:06:54 2025
****************************************



  Attributes
  ----------
      a  -  Switching activity information / Switching power information annotated on net
      p  -  Propagated switching activity information on net
      d  -  Default switching activity used on net
      u  -  Net switching activity uninitialized
      m  -  Net is driven by multiple pins
      b  -  Net is a primary input (boundary net)

		Toggle rates reported with respect to time unit 1ns
--------------------------------------------------------------------------------
                                  Total      Static   Toggle   Switching
Net                         Vdd   Net Load   Prob.    Rate     Power      Attrs
--------------------------------------------------------------------------------
io_inst_0_bits_inst_rs2[2]  1.10    1.170    0.428    0.3859   2.733e-04  p
io_inst_0_bits_inst_rs1[2]  1.10    0.956    0.391    0.4251   2.460e-04  p
io_inst_0_bits_inst_rs1[1]  1.10    0.527    0.586    0.4716   1.503e-04  p
io_inst_0_bits_inst_rs2[0]  1.10    0.353    0.421    0.3939   8.415e-05  p
io_inst_0_bits_inst_rs2[1]  1.10    0.351    0.429    0.3957   8.412e-05  p
io_inst_0_bits_inst_rs1[0]  1.10    0.291    0.474    0.4069   7.165e-05  p
io_inst_0_bits_inst_rs1[3]  1.10    0.178    0.517    0.4827   5.187e-05  p
io_inst_0_bits_inst_rs2[3]  1.10    0.119    0.671    0.3704   2.674e-05  p
_075_                       1.10    0.136    0.121    0.2146   1.769e-05  p
io_inst_0_bits_inst_rs1[4]  1.10    0.073    0.254    0.3129   1.380e-05  p
io_inst_0_bits_inst_rd[2]   1.10    0.045    0.542    0.3992   1.087e-05  p
io_inst_0_bits_rvc          1.10    0.043    0.600    0.3027   7.884e-06  p
exp/_0008_                  1.10    0.040    0.400    0.3027   7.376e-06  p
io_inst_0_bits_raw[12]      1.10    0.038    0.565    0.3013   6.851e-06  p
io_inst_0_bits_inst_bits[13] 1.10   0.027    0.650    0.3926   6.380e-06  p
io_inst_0_bits_raw[8]       1.10    0.034    0.569    0.3011   6.190e-06  p
io_inst_0_bits_inst_bits[25] 1.10   0.024    0.424    0.4120   5.968e-06  p
io_inst_0_bits_inst_rs2[4]  1.10    0.030    0.273    0.3066   5.647e-06  p
nBufValid                   1.10    0.128    0.022    0.0684   5.286e-06  p
io_inst_0_bits_inst_bits[26] 1.10   0.017    0.414    0.4910   4.938e-06  p
io_inst_0_bits_inst_bits[27] 1.10   0.018    0.373    0.4578   4.917e-06  p
io_inst_0_bits_raw[7]       1.10    0.026    0.558    0.3074   4.810e-06  p
io_inst_0_bits_inst_bits[12] 1.10   0.018    0.511    0.4332   4.639e-06  p
io_inst_0_bits_raw[14]      1.10    0.025    0.572    0.3077   4.630e-06  p
io_inst_0_bits_raw[10]      1.10    0.025    0.570    0.3012   4.547e-06  p
io_inst_0_bits_inst_rd[1]   1.10    0.019    0.541    0.3943   4.528e-06  p
io_inst_0_bits_raw[1]       1.10    0.023    0.561    0.3023   4.224e-06  p
io_inst_0_bits_raw[9]       1.10    0.022    0.566    0.3073   4.127e-06  p
io_inst_0_bits_raw[6]       1.10    0.022    0.566    0.3034   4.111e-06  p
io_inst_0_bits_inst_rd[0]   1.10    0.017    0.556    0.4045   4.069e-06  p
io_inst_0_bits_inst_bits[24] 1.10   0.015    0.388    0.4491   4.025e-06  p
io_inst_0_bits_inst_bits[21] 1.10   0.016    0.346    0.4077   3.928e-06  p
io_inst_0_bits_raw[11]      1.10    0.021    0.580    0.3005   3.844e-06  p
io_inst_0_bits_raw[4]       1.10    0.020    0.564    0.3024   3.747e-06  p
io_inst_0_bits_inst_bits[23] 1.10   0.012    0.484    0.4785   3.566e-06  p
io_inst_0_bits_inst_bits[28] 1.10   0.016    0.304    0.3708   3.494e-06  p
io_inst_0_bits_raw[2]       1.10    0.019    0.565    0.3046   3.436e-06  p
io_inst_0_bits_inst_bits[20] 1.10   0.014    0.339    0.4094   3.419e-06  p
_056_                       1.10    0.026    0.521    0.2131   3.373e-06  p
io_inst_0_bits_inst_rd[4]   1.10    0.016    0.430    0.3386   3.321e-06  p
io_inst_0_bits_inst_bits[22] 1.10   0.012    0.405    0.4463   3.315e-06  p
io_inst_0_bits_inst_bits[29] 1.10   0.015    0.290    0.3656   3.210e-06  p
_055_                       1.10    0.024    0.492    0.2127   3.128e-06  p
io_inst_0_bits_inst_rd[3]   1.10    0.015    0.734    0.3472   3.125e-06  p
io_inst_0_bits_raw[0]       1.10    0.017    0.572    0.3018   3.109e-06  p
io_inst_0_bits_raw[13]      1.10    0.016    0.558    0.3021   2.910e-06  p
io_inst_0_bits_inst_bits[14] 1.10   0.014    0.370    0.3460   2.880e-06  p
io_inst_0_bits_inst_bits[30] 1.10   0.014    0.275    0.3290   2.787e-06  p
io_inst_0_bits_inst_bits[31] 1.10   0.014    0.267    0.3090   2.703e-06  p
exp/_0600_                  1.10    0.015    0.264    0.2854   2.605e-06  p
io_inst_0_bits_raw[3]       1.10    0.014    0.564    0.3071   2.591e-06  p
io_inst_0_bits_raw[5]       1.10    0.014    0.562    0.3027   2.559e-06  p
exp/_0589_                  1.10    0.013    0.428    0.3077   2.407e-06  p
io_inst_0_bits_raw[15]      1.10    0.012    0.564    0.3040   2.250e-06  p
exp/_0601_                  1.10    0.013    0.736    0.2854   2.242e-06  p
io_kill                     1.10    0.009    0.561    0.4153   2.171e-06  p
exp/_0591_                  1.10    0.011    0.439    0.3023   2.095e-06  p
exp/_0001_                  1.10    0.015    0.165    0.2290   2.091e-06  p
io_inst_0_bits_inst_bits[4] 1.10    0.008    0.586    0.4428   2.021e-06  p
_076_                       1.10    0.025    0.943    0.1247   1.872e-06  p
exp/_0163_                  1.10    0.009    0.552    0.3329   1.846e-06  p
io_inst_0_bits_inst_bits[5] 1.10    0.008    0.581    0.3871   1.780e-06  p
_bufMask_T[0]               1.10    0.040    0.978    0.0697   1.701e-06  p
exp/_0042_                  1.10    0.017    0.907    0.1594   1.620e-06  p
exp/_0330_                  1.10    0.008    0.580    0.3259   1.616e-06  p
io_pc[1]                    1.10    0.010    0.514    0.2414   1.503e-06  p
exp/_0041_                  1.10    0.015    0.093    0.1594   1.494e-06  p
exp/_0046_                  1.10    0.013    0.097    0.1709   1.357e-06  p
exp/_0039_                  1.10    0.008    0.738    0.2775   1.274e-06  p
io_pc[15]                   1.10    0.010    0.500    0.2032   1.266e-06  p
exp/_0590_                  1.10    0.007    0.442    0.3021   1.265e-06  p
exp/_0599_                  1.10    0.007    0.607    0.3046   1.262e-06  p
_184_                       1.10    0.040    0.985    0.0520   1.258e-06  p
exp/_0283_                  1.10    0.008    0.192    0.2713   1.242e-06  p
io_pc[19]                   1.10    0.010    0.492    0.1984   1.235e-06  p
io_pc[2]                    1.10    0.010    0.497    0.1976   1.230e-06  p
io_pc[3]                    1.10    0.010    0.510    0.1974   1.229e-06  p
_053_                       1.10    0.007    0.400    0.3027   1.223e-06  p
exp/_0191_                  1.10    0.008    0.867    0.2377   1.203e-06  p
_060_                       1.10    0.007    0.763    0.2705   1.201e-06  p
io_pc[13]                   1.10    0.010    0.494    0.2017   1.191e-06  p
io_pc[28]                   1.10    0.010    0.500    0.2042   1.187e-06  p
io_pc[4]                    1.10    0.010    0.506    0.2008   1.186e-06  p
io_pc[5]                    1.10    0.010    0.503    0.2001   1.181e-06  p
io_pc[6]                    1.10    0.010    0.503    0.1992   1.176e-06  p
io_pc[29]                   1.10    0.010    0.502    0.2013   1.170e-06  p
io_pc[10]                   1.10    0.010    0.496    0.1994   1.159e-06  p
exp/_0090_                  1.10    0.014    0.925    0.1355   1.157e-06  p
exp/_0002_                  1.10    0.008    0.835    0.2290   1.151e-06  p
io_inst_0_bits_inst_bits[3] 1.10    0.005    0.405    0.3982   1.128e-06  p
exp/_0089_                  1.10    0.013    0.075    0.1355   1.084e-06  p
io_pc[7]                    1.10    0.009    0.497    0.2013   1.078e-06  p
exp/_0048_                  1.10    0.011    0.099    0.1624   1.076e-06  p
exp/_0170_                  1.10    0.004    0.656    0.4463   1.074e-06  p
io_pc[30]                   1.10    0.009    0.497    0.1993   1.068e-06  p
io_pc[27]                   1.10    0.009    0.502    0.2011   1.064e-06  p
io_pc[16]                   1.10    0.009    0.500    0.1983   1.063e-06  p
io_pc[31]                   1.10    0.009    0.496    0.1976   1.058e-06  p
exp/_0015_                  1.10    0.006    0.735    0.2793   1.053e-06  p
io_pc[20]                   1.10    0.009    0.496    0.1957   1.048e-06  p
io_pc[11]                   1.10    0.009    0.503    0.1979   1.047e-06  p
io_pc[21]                   1.10    0.009    0.495    0.1952   1.046e-06  p
io_pc[26]                   1.10    0.009    0.497    0.1970   1.042e-06  p
io_pc[17]                   1.10    0.009    0.502    0.1942   1.040e-06  p
exp/_0047_                  1.10    0.010    0.903    0.1709   1.021e-06  p
io_pc[22]                   1.10    0.008    0.490    0.2021   1.018e-06  p
exp/_0598_                  1.10    0.005    0.393    0.3046   9.835e-07  p
io_inst_0_bits_inst_bits[6] 1.10    0.005    0.399    0.3429   9.833e-07  p
exp/_0304_                  1.10    0.005    0.774    0.3423   9.748e-07  p
io_pc[14]                   1.10    0.008    0.496    0.2011   9.690e-07  p
io_pc[12]                   1.10    0.008    0.517    0.2007   9.670e-07  p
io_pc[18]                   1.10    0.008    0.505    0.1996   9.615e-07  p
exp/_0012_                  1.10    0.012    0.068    0.1293   9.159e-07  p
io_pc[8]                    1.10    0.007    0.492    0.2000   9.026e-07  p
io_pc[9]                    1.10    0.007    0.492    0.1978   8.927e-07  p
io_pc[23]                   1.10    0.007    0.502    0.1978   8.925e-07  p
exp/_0595_                  1.10    0.005    0.397    0.3064   8.889e-07  p
exp/_0251_                  1.10    0.003    0.738    0.4258   8.691e-07  p
io_inst_0_bits_inst_bits[2] 1.10    0.003    0.587    0.4198   8.426e-07  p
io_pc[24]                   1.10    0.007    0.489    0.1992   8.315e-07  p
io_pc[0]                    1.10    0.007    0.502    0.1993   8.088e-07  p
exp/_0248_                  1.10    0.004    0.466    0.3323   8.070e-07  p
exp/_0164_                  1.10    0.004    0.448    0.3329   8.020e-07  p
exp/_0141_                  1.10    0.008    0.907    0.1728   8.002e-07  p
io_imem_ready               1.10    0.009    0.932    0.1516   7.902e-07  p
io_inst_0_bits_inst_bits[18] 1.10   0.003    0.508    0.4952   7.761e-07  p
io_inst_0_bits_inst_bits[16] 1.10   0.003    0.587    0.4948   7.754e-07  p
exp/_0004_                  1.10    0.005    0.179    0.2371   7.694e-07  p
exp/_0140_                  1.10    0.009    0.936    0.1435   7.558e-07  p
exp/_0148_                  1.10    0.004    0.597    0.3063   7.335e-07  p
exp/_0592_                  1.10    0.004    0.428    0.3018   7.268e-07  p
io_pc[25]                   1.10    0.006    0.493    0.1993   7.262e-07  p
io_inst_0_bits_inst_bits[17] 1.10   0.003    0.390    0.4493   7.028e-07  p
io_inst_0_bits_inst_bits[9] 1.10    0.003    0.533    0.4347   6.799e-07  p
exp/_0049_                  1.10    0.007    0.901    0.1624   6.710e-07  p
io_inst_0_bits_inst_bits[15] 1.10   0.003    0.474    0.4281   6.697e-07  p
exp/_0029_                  1.10    0.006    0.893    0.1737   6.655e-07  p
io_inst_0_bits_inst_bits[7] 1.10    0.003    0.500    0.4210   6.586e-07  p
exp/_0311_                  1.10    0.003    0.424    0.4164   6.531e-07  p
exp/_0597_                  1.10    0.004    0.322    0.2703   6.518e-07  p
io_inst_0_bits_inst_bits[8] 1.10    0.003    0.484    0.4097   6.421e-07  p
exp/_0335_                  1.10    0.003    0.327    0.3955   6.203e-07  p
io_inst_0_bits_inst_bits[10] 1.10   0.003    0.675    0.3860   6.050e-07  p
exp/_0220_                  1.10    0.005    0.915    0.1834   5.954e-07  p
exp/_0020_                  1.10    0.007    0.077    0.1420   5.877e-07  p
exp/_0308_                  1.10    0.003    0.236    0.3610   5.784e-07  p
exp/_0026_                  1.10    0.003    0.732    0.2849   5.759e-07  p
exp/_0005_                  1.10    0.004    0.821    0.2371   5.718e-07  p
exp/_0263_                  1.10    0.003    0.507    0.3643   5.702e-07  p
exp/_0084_                  1.10    0.012    0.966    0.0787   5.697e-07  p
exp/_0028_                  1.10    0.005    0.107    0.1737   5.696e-07  p
exp/_0434_                  1.10    0.003    0.751    0.3548   5.684e-07  p
io_inst_0_bits_inst_bits[11] 1.10   0.003    0.492    0.3595   5.623e-07  p
exp/_0168_                  1.10    0.006    0.074    0.1497   5.617e-07  p
exp/_0010_                  1.10    0.004    0.167    0.2279   5.611e-07  p
exp/_0024_                  1.10    0.003    0.747    0.2743   5.552e-07  p
io_inst_0_bits_raw[21]      1.10    0.004    0.503    0.2272   5.479e-07  p
exp/_0011_                  1.10    0.004    0.833    0.2279   5.476e-07  p
io_inst_0_bits_raw[23]      1.10    0.004    0.491    0.2253   5.471e-07  p
io_inst_0_bits_raw[18]      1.10    0.004    0.498    0.2285   5.471e-07  p
io_inst_0_bits_raw[24]      1.10    0.004    0.503    0.2231   5.416e-07  p
io_inst_0_bits_raw[22]      1.10    0.004    0.505    0.2224   5.401e-07  p
io_inst_0_bits_raw[20]      1.10    0.004    0.485    0.2240   5.400e-07  p
io_inst_0_bits_raw[19]      1.10    0.004    0.501    0.2223   5.322e-07  p
exp/_0094_                  1.10    0.012    0.964    0.0749   5.289e-07  p
_093_                       1.10    0.003    0.591    0.3208   5.281e-07  p
exp/_0250_                  1.10    0.003    0.456    0.3346   5.248e-07  p
exp/_0365_                  1.10    0.003    0.204    0.3292   5.154e-07  p
io_inst_0_bits_inst_bits[19] 1.10   0.003    0.260    0.3247   5.089e-07  p
exp/_0528_                  1.10    0.003    0.532    0.3308   5.073e-07  p
exp/_0414_                  1.10    0.004    0.838    0.2265   4.924e-07  p
exp/_0350_                  1.10    0.003    0.206    0.3039   4.767e-07  p
exp/_0586_                  1.10    0.003    0.430    0.3012   4.766e-07  p
exp/_0524_                  1.10    0.004    0.891    0.1971   4.719e-07  p
exp/_0588_                  1.10    0.003    0.436    0.3040   4.715e-07  p
exp/_0021_                  1.10    0.005    0.923    0.1420   4.654e-07  p
exp/_0217_                  1.10    0.009    0.039    0.0890   4.643e-07  p
exp/_0018_                  1.10    0.003    0.833    0.2292   4.633e-07  p
exp/_0587_                  1.10    0.003    0.435    0.3013   4.621e-07  p
exp/_0087_                  1.10    0.010    0.034    0.0753   4.546e-07  p
exp/_0031_                  1.10    0.005    0.928    0.1343   4.397e-07  p
exp/_0030_                  1.10    0.005    0.072    0.1343   4.378e-07  p
exp/_0040_                  1.10    0.003    0.262    0.2775   4.351e-07  p
exp/_0098_                  1.10    0.013    0.023    0.0558   4.339e-07  p
exp/_0016_                  1.10    0.003    0.265    0.2793   4.283e-07  p
exp/_0013_                  1.10    0.005    0.932    0.1293   4.257e-07  p
io_inst_0_bits_xcpt0_ae_inst 1.10   0.003    0.498    0.2067   4.185e-07  p
exp/_0007_                  1.10    0.003    0.304    0.2610   4.181e-07  p
exp/_0139_                  1.10    0.005    0.064    0.1435   4.163e-07  p
exp/_0380_                  1.10    0.002    0.823    0.3063   4.132e-07  p
exp/_0342_                  1.10    0.002    0.469    0.3373   4.102e-07  p
_072_                       1.10    0.003    0.590    0.2582   4.090e-07  p
exp/_0505_                  1.10    0.002    0.477    0.3360   4.086e-07  p
exp/_0132_                  1.10    0.005    0.059    0.1229   4.069e-07  p
exp/_0034_                  1.10    0.013    0.020    0.0508   4.023e-07  p
exp/_0320_                  1.10    0.003    0.247    0.2560   4.016e-07  p
exp/_0083_                  1.10    0.008    0.034    0.0787   4.010e-07  p
exp/_0035_                  1.10    0.013    0.980    0.0508   3.961e-07  p
exp/_0161_                  1.10    0.006    0.048    0.1038   3.874e-07  p
_065_                       1.10    0.004    0.153    0.1784   3.848e-07  p
exp/_0347_                  1.10    0.003    0.124    0.2443   3.831e-07  p
exp/_0321_                  1.10    0.003    0.866    0.2446   3.831e-07  p
io_inst_0_valid             1.10    0.003    0.464    0.2462   3.819e-07  p
exp/_0287_                  1.10    0.003    0.176    0.2333   3.699e-07  p
exp/_0421_                  1.10    0.003    0.174    0.2313   3.660e-07  p
exp/_0075_                  1.10    0.014    0.016    0.0437   3.613e-07  p
exp/_0245_                  1.10    0.001    0.536    0.4644   3.608e-07  p
exp/_0060_                  1.10    0.003    0.832    0.2289   3.577e-07  p
io_inst_0_bits_raw[29]      1.10    0.003    0.506    0.2277   3.570e-07  p
exp/_0133_                  1.10    0.003    0.871    0.2327   3.570e-07  p
exp/_0095_                  1.10    0.004    0.930    0.1499   3.559e-07  p
exp/_0243_                  1.10    0.001    0.537    0.4580   3.559e-07  p
exp/_0449_                  1.10    0.001    0.540    0.4573   3.553e-07  p
io_inst_0_bits_raw[26]      1.10    0.003    0.510    0.2265   3.551e-07  p
io_inst_0_bits_raw[28]      1.10    0.003    0.498    0.2257   3.539e-07  p
io_inst_0_bits_raw[30]      1.10    0.003    0.509    0.2257   3.538e-07  p
io_inst_0_bits_xcpt1_ae_inst 1.10   0.003    0.202    0.2255   3.538e-07  p
io_inst_0_bits_raw[16]      1.10    0.003    0.511    0.2227   3.530e-07  p
exp/_0244_                  1.10    0.001    0.528    0.4635   3.510e-07  p
exp/_0577_                  1.10    0.001    0.393    0.4628   3.504e-07  p
io_inst_0_bits_raw[31]      1.10    0.003    0.498    0.2232   3.499e-07  p
exp/_0353_                  1.10    0.001    0.385    0.4611   3.492e-07  p
exp/_0475_                  1.10    0.001    0.490    0.4471   3.474e-07  p
io_inst_0_bits_raw[27]      1.10    0.003    0.518    0.2208   3.462e-07  p
io_inst_0_bits_raw[17]      1.10    0.003    0.490    0.2202   3.452e-07  p
exp/_0253_                  1.10    0.001    0.720    0.4544   3.441e-07  p
exp/_0227_                  1.10    0.001    0.506    0.4406   3.424e-07  p
io_inst_0_bits_raw[25]      1.10    0.003    0.488    0.2183   3.423e-07  p
_097_                       1.10    0.002    0.778    0.2807   3.413e-07  p
exp/_0332_                  1.10    0.001    0.340    0.4502   3.409e-07  p
exp/_0419_                  1.10    0.001    0.545    0.4384   3.407e-07  p
exp/_0225_                  1.10    0.001    0.507    0.4370   3.396e-07  p
exp/_0392_                  1.10    0.001    0.477    0.4440   3.375e-07  p
exp/_0448_                  1.10    0.001    0.515    0.4454   3.373e-07  p
exp/_0201_                  1.10    0.001    0.535    0.4536   3.370e-07  p
exp/_0242_                  1.10    0.001    0.500    0.4433   3.357e-07  p
_057_                       1.10    0.003    0.259    0.2107   3.341e-07  p
exp/_0226_                  1.10    0.001    0.498    0.4405   3.336e-07  p
exp/_0352_                  1.10    0.001    0.360    0.4403   3.334e-07  p
exp/_0386_                  1.10    0.001    0.544    0.4400   3.332e-07  p
exp/_0387_                  1.10    0.001    0.555    0.4461   3.314e-07  p
exp/_0447_                  1.10    0.001    0.553    0.4259   3.309e-07  p
exp/_0526_                  1.10    0.001    0.557    0.4245   3.299e-07  p
exp/_0531_                  1.10    0.001    0.557    0.4326   3.283e-07  p
exp/_0198_                  1.10    0.001    0.486    0.4318   3.283e-07  p
exp/_0527_                  1.10    0.001    0.548    0.4318   3.283e-07  p
exp/_0374_                  1.10    0.001    0.319    0.4219   3.278e-07  p
exp/_0291_                  1.10    0.001    0.559    0.4311   3.277e-07  p
exp/_0550_                  1.10    0.001    0.539    0.4217   3.277e-07  p
exp/_0396_                  1.10    0.001    0.601    0.4211   3.272e-07  p
exp/_0540_                  1.10    0.001    0.542    0.4195   3.260e-07  p
exp/_0066_                  1.10    0.003    0.920    0.1624   3.259e-07  p
exp/_0571_                  1.10    0.001    0.339    0.4278   3.239e-07  p
exp/_0441_                  1.10    0.001    0.558    0.4167   3.238e-07  p
exp/_0252_                  1.10    0.001    0.262    0.4258   3.237e-07  p
exp/_0442_                  1.10    0.001    0.534    0.4246   3.228e-07  p
exp/_0385_                  1.10    0.001    0.574    0.4151   3.225e-07  p
exp/_0474_                  1.10    0.001    0.464    0.4258   3.225e-07  p
exp/_0241_                  1.10    0.001    0.544    0.4139   3.216e-07  p
exp/_0224_                  1.10    0.001    0.467    0.4220   3.196e-07  p
exp/_0176_                  1.10    0.001    0.693    0.4209   3.187e-07  p
exp/_0223_                  1.10    0.003    0.890    0.2028   3.180e-07  p
_099_                       1.10    0.003    0.501    0.1975   3.164e-07  p
exp/_0366_                  1.10    0.001    0.261    0.4061   3.155e-07  p
exp/_0471_                  1.10    0.001    0.530    0.4233   3.145e-07  p
exp/_0525_                  1.10    0.001    0.519    0.4150   3.143e-07  p
_052_                       1.10    0.003    0.500    0.2000   3.131e-07  a
exp/_0360_                  1.10    0.003    0.159    0.1995   3.129e-07  p
exp/_0197_                  1.10    0.001    0.525    0.4013   3.118e-07  p
exp/_0470_                  1.10    0.001    0.503    0.4113   3.114e-07  p
exp/_0463_                  1.10    0.001    0.525    0.4003   3.111e-07  p
exp/_0382_                  1.10    0.001    0.554    0.3974   3.088e-07  p
exp/_0469_                  1.10    0.001    0.512    0.4066   3.086e-07  p
exp/_0561_                  1.10    0.003    0.115    0.1948   3.083e-07  p
exp/_0417_                  1.10    0.001    0.441    0.4054   3.082e-07  p
exp/_0240_                  1.10    0.001    0.516    0.4068   3.081e-07  p
exp/_0549_                  1.10    0.001    0.502    0.4068   3.081e-07  p
exp/_0403_                  1.10    0.001    0.607    0.4058   3.080e-07  p
exp/_0539_                  1.10    0.001    0.503    0.4064   3.078e-07  p
exp/_0383_                  1.10    0.001    0.545    0.4036   3.068e-07  p
exp/_0467_                  1.10    0.001    0.503    0.4035   3.067e-07  p
exp/_0490_                  1.10    0.001    0.472    0.4124   3.063e-07  p
exp/_0569_                  1.10    0.001    0.702    0.4045   3.063e-07  p
exp/_0465_                  1.10    0.001    0.526    0.4117   3.058e-07  p
exp/_0489_                  1.10    0.001    0.462    0.4033   3.054e-07  p
exp/_0194_                  1.10    0.001    0.534    0.3926   3.051e-07  p
exp/_0182_                  1.10    0.001    0.508    0.4006   3.034e-07  p
exp/_0488_                  1.10    0.001    0.484    0.3901   3.031e-07  p
exp/_0183_                  1.10    0.001    0.513    0.4001   3.030e-07  p
exp/_0181_                  1.10    0.001    0.492    0.3990   3.022e-07  p
exp/_0464_                  1.10    0.001    0.513    0.3985   3.018e-07  p
exp/_0125_                  1.10    0.001    0.665    0.3862   3.001e-07  p
exp/_0294_                  1.10    0.001    0.625    0.3960   2.999e-07  p
exp/_0402_                  1.10    0.001    0.624    0.3857   2.997e-07  p
exp/_0260_                  1.10    0.001    0.770    0.3951   2.992e-07  p
exp/_0177_                  1.10    0.001    0.711    0.3840   2.983e-07  p
io_inst_0_bits_replay       1.10    0.003    0.259    0.1927   2.983e-07  p
exp/_0486_                  1.10    0.001    0.492    0.3837   2.982e-07  p
exp/_0351_                  1.10    0.003    0.154    0.1903   2.979e-07  p
exp/_0195_                  1.10    0.001    0.508    0.3915   2.976e-07  p
exp/_0072_                  1.10    0.005    0.959    0.0900   2.969e-07  p
exp/_0261_                  1.10    0.001    0.779    0.3804   2.956e-07  p
exp/_0222_                  1.10    0.001    0.514    0.3949   2.934e-07  p
exp/_0175_                  1.10    0.001    0.730    0.3774   2.932e-07  p
exp/_0436_                  1.10    0.001    0.485    0.3774   2.932e-07  p
exp/_0481_                  1.10    0.001    0.492    0.3768   2.928e-07  p
exp/_0221_                  1.10    0.001    0.485    0.3853   2.917e-07  p
exp/_0239_                  1.10    0.001    0.554    0.3753   2.916e-07  p
exp/_0462_                  1.10    0.001    0.500    0.3843   2.910e-07  p
exp/_0522_                  1.10    0.001    0.558    0.3840   2.908e-07  p
exp/_0548_                  1.10    0.001    0.545    0.3741   2.907e-07  p
exp/_0501_                  1.10    0.001    0.500    0.3912   2.906e-07  p
exp/_0487_                  1.10    0.001    0.466    0.3824   2.896e-07  p
exp/_0437_                  1.10    0.001    0.476    0.3807   2.894e-07  p
exp/_0118_                  1.10    0.001    0.255    0.3724   2.893e-07  p
exp/_0482_                  1.10    0.001    0.483    0.3795   2.885e-07  p
exp/_0538_                  1.10    0.001    0.550    0.3711   2.884e-07  p
exp/_0413_                  1.10    0.001    0.534    0.3876   2.879e-07  p
exp/_0145_                  1.10    0.001    0.745    0.3694   2.871e-07  p
exp/_0411_                  1.10    0.001    0.511    0.3693   2.870e-07  p
exp/_0460_                  1.10    0.001    0.532    0.3688   2.866e-07  p
exp/_0546_                  1.10    0.001    0.554    0.3687   2.865e-07  p
exp/_0174_                  1.10    0.001    0.727    0.3778   2.861e-07  p
exp/_0547_                  1.10    0.001    0.536    0.3777   2.860e-07  p
exp/_0450_                  1.10    0.001    0.211    0.3772   2.856e-07  p
exp/_0536_                  1.10    0.001    0.557    0.3671   2.853e-07  p
exp/_0418_                  1.10    0.001    0.456    0.3667   2.850e-07  p
exp/_0537_                  1.10    0.001    0.541    0.3748   2.839e-07  p
exp/_0180_                  1.10    0.001    0.418    0.3746   2.837e-07  p
exp/_0073_                  1.10    0.010    0.018    0.0469   2.826e-07  p
exp/_0523_                  1.10    0.001    0.566    0.3792   2.817e-07  p
exp/_0331_                  1.10    0.001    0.540    0.3617   2.811e-07  p
exp/_0238_                  1.10    0.001    0.541    0.3704   2.805e-07  p
exp/_0412_                  1.10    0.001    0.501    0.3702   2.803e-07  p
exp/_0459_                  1.10    0.001    0.523    0.3689   2.793e-07  p
exp/_0193_                  1.10    0.001    0.536    0.3678   2.792e-07  p
exp/_0410_                  1.10    0.001    0.503    0.3672   2.781e-07  p
exp/_0458_                  1.10    0.001    0.537    0.3573   2.776e-07  p
exp/_0497_                  1.10    0.001    0.461    0.3639   2.766e-07  p
exp/_0435_                  1.10    0.001    0.463    0.3635   2.753e-07  p
exp/_0480_                  1.10    0.001    0.470    0.3628   2.747e-07  p
exp/_0545_                  1.10    0.001    0.526    0.3623   2.744e-07  p
exp/_0535_                  1.10    0.001    0.528    0.3621   2.742e-07  p
exp/_0247_                  1.10    0.003    0.896    0.1787   2.741e-07  p
_094_                       1.10    0.001    0.591    0.3526   2.740e-07  p
exp/_0324_                  1.10    0.001    0.567    0.3526   2.740e-07  p
exp/_0520_                  1.10    0.001    0.575    0.3684   2.737e-07  p
exp/_0237_                  1.10    0.001    0.576    0.3514   2.731e-07  p
exp/_0314_                  1.10    0.004    0.941    0.1147   2.727e-07  p
exp/_0122_                  1.10    0.001    0.252    0.3573   2.717e-07  p
exp/_0215_                  1.10    0.001    0.507    0.3587   2.716e-07  p
exp/_0570_                  1.10    0.001    0.759    0.3491   2.713e-07  p
exp/_0306_                  1.10    0.001    0.620    0.3483   2.707e-07  p
exp/_0216_                  1.10    0.001    0.521    0.3639   2.704e-07  p
exp/_0428_                  1.10    0.001    0.563    0.3467   2.694e-07  p
exp/_0166_                  1.10    0.004    0.052    0.1101   2.671e-07  p
exp/_0289_                  1.10    0.001    0.499    0.3437   2.671e-07  p
exp/_0498_                  1.10    0.001    0.493    0.3435   2.669e-07  p
exp/_0560_                  1.10    0.001    0.635    0.3423   2.660e-07  p
exp/_0120_                  1.10    0.001    0.253    0.3580   2.659e-07  p
exp/_0192_                  1.10    0.001    0.510    0.3509   2.657e-07  p
exp/_0119_                  1.10    0.001    0.237    0.3496   2.647e-07  p
exp/_0344_                  1.10    0.003    0.095    0.1652   2.646e-07  p
exp/_0493_                  1.10    0.001    0.510    0.3401   2.643e-07  p
exp/_0246_                  1.10    0.001    0.191    0.3484   2.639e-07  p
exp/_0399_                  1.10    0.001    0.531    0.3389   2.634e-07  p
exp/_0427_                  1.10    0.001    0.538    0.3465   2.624e-07  p
exp/_0343_                  1.10    0.001    0.531    0.3373   2.621e-07  p
exp/_0280_                  1.10    0.001    0.396    0.3454   2.615e-07  p
exp/_0401_                  1.10    0.001    0.522    0.3449   2.612e-07  p
exp/_0022_                  1.10    0.004    0.055    0.1099   2.612e-07  p
exp/_0506_                  1.10    0.001    0.523    0.3360   2.611e-07  p
exp/_0207_                  1.10    0.001    0.541    0.3355   2.607e-07  p
exp/_0305_                  1.10    0.001    0.226    0.3423   2.602e-07  p
exp/_0422_                  1.10    0.003    0.100    0.1641   2.597e-07  p
exp/_0349_                  1.10    0.001    0.627    0.3325   2.584e-07  p
exp/_0050_                  1.10    0.005    0.958    0.0870   2.579e-07  p
exp/_0534_                  1.10    0.001    0.564    0.3317   2.577e-07  p
exp/_0519_                  1.10    0.001    0.576    0.3393   2.575e-07  p
exp/_0503_                  1.10    0.001    0.398    0.3313   2.575e-07  p
exp/_0388_                  1.10    0.002    0.127    0.2114   2.571e-07  p
exp/_0178_                  1.10    0.001    0.263    0.3382   2.561e-07  p
exp/_0110_                  1.10    0.001    0.218    0.3288   2.555e-07  p
exp/_0187_                  1.10    0.001    0.398    0.3372   2.554e-07  p
exp/_0301_                  1.10    0.001    0.362    0.3372   2.553e-07  p
exp/_0052_                  1.10    0.003    0.094    0.1626   2.550e-07  p
exp/_0409_                  1.10    0.001    0.560    0.3274   2.544e-07  p
exp/_0398_                  1.10    0.001    0.528    0.3354   2.540e-07  p
exp/_0323_                  1.10    0.001    0.789    0.3339   2.538e-07  p
_066_                       1.10    0.001    0.600    0.3350   2.537e-07  p
_067_                       1.10    0.001    0.400    0.3350   2.537e-07  p
exp/_0230_                  1.10    0.001    0.432    0.3262   2.534e-07  p
exp/_0457_                  1.10    0.001    0.569    0.3257   2.531e-07  p
exp/_0544_                  1.10    0.001    0.564    0.3254   2.528e-07  p
exp/_0395_                  1.10    0.001    0.448    0.3335   2.525e-07  p
exp/_0496_                  1.10    0.001    0.551    0.3245   2.522e-07  p
exp/_0264_                  1.10    0.001    0.769    0.3242   2.519e-07  p
exp/_0208_                  1.10    0.001    0.179    0.3310   2.507e-07  p
exp/_0249_                  1.10    0.001    0.674    0.3221   2.503e-07  p
exp/_0357_                  1.10    0.003    0.076    0.1597   2.500e-07  p
exp/_0204_                  1.10    0.001    0.536    0.3299   2.498e-07  p
exp/_0426_                  1.10    0.001    0.565    0.3206   2.491e-07  p
exp/_0099_                  1.10    0.007    0.977    0.0558   2.487e-07  p
exp/_0476_                  1.10    0.001    0.160    0.3277   2.481e-07  p
exp/_0111_                  1.10    0.001    0.217    0.3263   2.481e-07  p
exp/_0580_                  1.10    0.001    0.547    0.3267   2.479e-07  p
exp/_0581_                  1.10    0.001    0.548    0.3260   2.475e-07  p
exp/_0144_                  1.10    0.001    0.801    0.3182   2.472e-07  p
exp/_0429_                  1.10    0.001    0.231    0.3251   2.471e-07  p
exp/_0236_                  1.10    0.001    0.659    0.3256   2.471e-07  p
exp/_0518_                  1.10    0.001    0.551    0.3240   2.454e-07  p
exp/_0558_                  1.10    0.001    0.829    0.3234   2.449e-07  p
exp/_0454_                  1.10    0.001    0.265    0.3139   2.439e-07  p
exp/_0582_                  1.10    0.001    0.547    0.3211   2.437e-07  p
exp/_0381_                  1.10    0.001    0.554    0.3204   2.432e-07  p
exp/_0369_                  1.10    0.001    0.568    0.3127   2.430e-07  p
exp/_0425_                  1.10    0.001    0.565    0.3179   2.413e-07  p
exp/_0124_                  1.10    0.001    0.415    0.3184   2.411e-07  p
exp/_0510_                  1.10    0.001    0.398    0.3094   2.404e-07  p
exp/_0296_                  1.10    0.001    0.267    0.3167   2.398e-07  p
exp/_0327_                  1.10    0.001    0.808    0.3155   2.395e-07  p
exp/_0559_                  1.10    0.001    0.838    0.3081   2.394e-07  p
exp/_0416_                  1.10    0.001    0.798    0.3080   2.393e-07  p
_123_                       1.10    0.001    0.554    0.3156   2.390e-07  p
exp/_0328_                  1.10    0.001    0.800    0.3216   2.389e-07  p
_178_                       1.10    0.001    0.560    0.3153   2.388e-07  p
_153_                       1.10    0.001    0.557    0.3149   2.384e-07  p
exp/_0147_                  1.10    0.001    0.403    0.3063   2.380e-07  p
_143_                       1.10    0.001    0.548    0.3140   2.378e-07  p
_108_                       1.10    0.001    0.557    0.3138   2.376e-07  p
exp/_0300_                  1.10    0.001    0.344    0.3135   2.374e-07  p
exp/_0171_                  1.10    0.001    0.808    0.3134   2.373e-07  p
exp/_0286_                  1.10    0.001    0.367    0.3133   2.373e-07  p
exp/_0541_                  1.10    0.001    0.190    0.3130   2.370e-07  p
_128_                       1.10    0.001    0.553    0.3118   2.362e-07  p
_118_                       1.10    0.001    0.553    0.3115   2.359e-07  p
_163_                       1.10    0.001    0.568    0.3108   2.353e-07  p
_138_                       1.10    0.001    0.555    0.3103   2.350e-07  p
_183_                       1.10    0.001    0.553    0.3099   2.347e-07  p
exp/_0551_                  1.10    0.001    0.185    0.3097   2.346e-07  p
_168_                       1.10    0.001    0.554    0.3096   2.344e-07  p
exp/_0173_                  1.10    0.001    0.801    0.3014   2.342e-07  p
_068_                       1.10    0.003    0.913    0.1496   2.341e-07  p
_158_                       1.10    0.001    0.560    0.3087   2.338e-07  p
_113_                       1.10    0.001    0.546    0.3086   2.337e-07  p
_148_                       1.10    0.001    0.558    0.3077   2.330e-07  p
_133_                       1.10    0.001    0.552    0.3075   2.329e-07  p
exp/_0081_                  1.10    0.003    0.943    0.1159   2.327e-07  p
exp/_0297_                  1.10    0.001    0.651    0.2990   2.324e-07  p
exp/_0228_                  1.10    0.001    0.163    0.3065   2.321e-07  p
_173_                       1.10    0.001    0.547    0.3064   2.320e-07  p
exp/_0596_                  1.10    0.001    0.603    0.3064   2.320e-07  p
exp/_0270_                  1.10    0.001    0.394    0.3063   2.320e-07  p
exp/_0288_                  1.10    0.001    0.399    0.3063   2.319e-07  p
exp/_0438_                  1.10    0.001    0.210    0.2982   2.317e-07  p
exp/_0254_                  1.10    0.001    0.841    0.3117   2.316e-07  p
exp/_0415_                  1.10    0.001    0.803    0.2974   2.311e-07  p
exp/_0074_                  1.10    0.008    0.982    0.0469   2.311e-07  p
_062_                       1.10    0.001    0.389    0.3031   2.300e-07  p
_063_                       1.10    0.001    0.611    0.3031   2.300e-07  p
_059_                       1.10    0.001    0.605    0.3024   2.290e-07  p
exp/_0585_                  1.10    0.001    0.420    0.3005   2.284e-07  p
exp/_0077_                  1.10    0.007    0.021    0.0544   2.263e-07  p
exp/_0542_                  1.10    0.001    0.357    0.2975   2.262e-07  p
exp/_0532_                  1.10    0.001    0.351    0.2967   2.256e-07  p
exp/_0303_                  1.10    0.001    0.334    0.2961   2.251e-07  p
exp/_0584_                  1.10    0.001    0.431    0.3011   2.237e-07  p
exp/_0027_                  1.10    0.001    0.268    0.2849   2.214e-07  p
exp/_0103_                  1.10    0.001    0.181    0.2893   2.199e-07  p
exp/_0071_                  1.10    0.004    0.041    0.0900   2.187e-07  p
exp/_0231_                  1.10    0.001    0.342    0.2874   2.185e-07  p
_098_                       1.10    0.001    0.222    0.2807   2.181e-07  p
exp/_0085_                  1.10    0.001    0.184    0.2935   2.180e-07  p
exp/_0517_                  1.10    0.001    0.233    0.2878   2.179e-07  p
exp/_0507_                  1.10    0.001    0.211    0.2797   2.173e-07  p
exp/_0444_                  1.10    0.003    0.077    0.1365   2.163e-07  p
exp/_0516_                  1.10    0.001    0.231    0.2843   2.153e-07  p
exp/_0521_                  1.10    0.004    0.964    0.0897   2.147e-07  p
exp/_0371_                  1.10    0.001    0.229    0.2833   2.146e-07  p
exp/_0017_                  1.10    0.001    0.734    0.2830   2.143e-07  p
exp/_0513_                  1.10    0.001    0.226    0.2822   2.137e-07  p
exp/_0284_                  1.10    0.001    0.808    0.2713   2.108e-07  p
exp/_0554_                  1.10    0.001    0.854    0.2778   2.103e-07  p
exp/_0572_                  1.10    0.001    0.149    0.2686   2.087e-07  p
exp/_0056_                  1.10    0.003    0.950    0.1036   2.078e-07  p
exp/_0299_                  1.10    0.001    0.324    0.2736   2.072e-07  p
exp/_0338_                  1.10    0.005    0.025    0.0627   2.054e-07  p
exp/_0160_                  1.10    0.001    0.323    0.2701   2.054e-07  p
exp/_0188_                  1.10    0.001    0.321    0.2700   2.053e-07  p
exp/_0100_                  1.10    0.003    0.057    0.1310   2.051e-07  p
exp/_0209_                  1.10    0.001    0.321    0.2695   2.049e-07  p
exp/_0266_                  1.10    0.001    0.323    0.2685   2.041e-07  p
exp/_0322_                  1.10    0.001    0.853    0.2622   2.037e-07  p
exp/_0025_                  1.10    0.001    0.253    0.2743   2.037e-07  p
exp/_0391_                  1.10    0.001    0.852    0.2621   2.037e-07  p
exp/_0179_                  1.10    0.001    0.320    0.2674   2.025e-07  p
exp/_0186_                  1.10    0.001    0.324    0.2673   2.024e-07  p
exp/_0285_                  1.10    0.001    0.319    0.2670   2.022e-07  p
exp/_0363_                  1.10    0.001    0.221    0.2657   2.020e-07  p
exp/_0512_                  1.10    0.001    0.220    0.2660   2.014e-07  p
exp/_0138_                  1.10    0.003    0.943    0.1312   2.012e-07  p
exp/_0567_                  1.10    0.001    0.849    0.2682   1.993e-07  p
exp/_0568_                  1.10    0.001    0.853    0.2560   1.989e-07  p
exp/_0078_                  1.10    0.006    0.979    0.0544   1.953e-07  p
_107_                       1.10    0.001    0.740    0.2502   1.944e-07  p
_100_                       1.10    0.001    0.479    0.2554   1.941e-07  p
exp/_0069_                  1.10    0.001    0.150    0.2498   1.941e-07  p
exp/_0576_                  1.10    0.001    0.187    0.2563   1.941e-07  p
_112_                       1.10    0.001    0.733    0.2495   1.939e-07  p
_142_                       1.10    0.001    0.733    0.2482   1.929e-07  p
_127_                       1.10    0.001    0.728    0.2478   1.925e-07  p
_152_                       1.10    0.001    0.737    0.2469   1.919e-07  p
_090_                       1.10    0.001    0.471    0.2528   1.918e-07  p
_177_                       1.10    0.001    0.744    0.2464   1.914e-07  p
_078_                       1.10    0.001    0.478    0.2515   1.909e-07  p
_182_                       1.10    0.001    0.735    0.2457   1.909e-07  p
_073_                       1.10    0.001    0.291    0.2453   1.906e-07  p
exp/_0375_                  1.10    0.001    0.137    0.2502   1.902e-07  p
_079_                       1.10    0.001    0.478    0.2502   1.899e-07  p
exp/_0258_                  1.10    0.003    0.950    0.1183   1.896e-07  p
_147_                       1.10    0.001    0.737    0.2439   1.895e-07  p
_080_                       1.10    0.001    0.471    0.2496   1.894e-07  p
_162_                       1.10    0.001    0.743    0.2437   1.894e-07  p
_081_                       1.10    0.001    0.487    0.2493   1.892e-07  p
_137_                       1.10    0.001    0.738    0.2435   1.892e-07  p
_077_                       1.10    0.001    0.470    0.2490   1.890e-07  p
exp/_0565_                  1.10    0.001    0.128    0.2431   1.889e-07  p
_085_                       1.10    0.001    0.461    0.2488   1.888e-07  p
_117_                       1.10    0.001    0.737    0.2429   1.887e-07  p
_082_                       1.10    0.001    0.483    0.2486   1.887e-07  p
_157_                       1.10    0.001    0.742    0.2428   1.886e-07  p
_167_                       1.10    0.001    0.739    0.2425   1.884e-07  p
_092_                       1.10    0.001    0.478    0.2472   1.876e-07  p
_084_                       1.10    0.001    0.475    0.2472   1.876e-07  p
_086_                       1.10    0.001    0.476    0.2471   1.875e-07  p
_087_                       1.10    0.001    0.474    0.2471   1.875e-07  p
_089_                       1.10    0.001    0.470    0.2461   1.868e-07  p
_091_                       1.10    0.001    0.458    0.2460   1.867e-07  p
exp/_0070_                  1.10    0.001    0.146    0.2451   1.863e-07  p
_088_                       1.10    0.001    0.457    0.2448   1.858e-07  p
exp/_0006_                  1.10    0.001    0.288    0.2440   1.848e-07  p
exp/_0377_                  1.10    0.001    0.209    0.2437   1.845e-07  p
exp/_0593_                  1.10    0.001    0.175    0.2367   1.839e-07  p
exp/_0269_                  1.10    0.007    0.018    0.0443   1.833e-07  p
exp/_0093_                  1.10    0.004    0.036    0.0749   1.831e-07  p
_122_                       1.10    0.001    0.733    0.2355   1.830e-07  p
exp/_0552_                  1.10    0.001    0.872    0.2352   1.828e-07  p
exp/_0400_                  1.10    0.001    0.141    0.2403   1.827e-07  p
_083_                       1.10    0.001    0.459    0.2403   1.824e-07  p
exp/_0313_                  1.10    0.003    0.059    0.1147   1.818e-07  p
exp/_0082_                  1.10    0.003    0.057    0.1159   1.818e-07  p
_102_                       1.10    0.001    0.488    0.2325   1.807e-07  p
exp/_0278_                  1.10    0.001    0.115    0.2376   1.806e-07  p
_132_                       1.10    0.001    0.729    0.2319   1.802e-07  p
exp/_0065_                  1.10    0.001    0.867    0.2379   1.801e-07  p
exp/_0068_                  1.10    0.001    0.133    0.2364   1.794e-07  p
exp/_0594_                  1.10    0.001    0.825    0.2367   1.792e-07  p
exp/_0333_                  1.10    0.001    0.236    0.2352   1.788e-07  p
_172_                       1.10    0.001    0.727    0.2294   1.783e-07  p
exp/_0553_                  1.10    0.001    0.128    0.2352   1.781e-07  p
exp/_0019_                  1.10    0.001    0.167    0.2292   1.781e-07  p
exp/_0158_                  1.10    0.001    0.108    0.2286   1.776e-07  p
exp/_0451_                  1.10    0.001    0.213    0.2316   1.761e-07  p
exp/_0373_                  1.10    0.001    0.116    0.2317   1.755e-07  p
exp/_0473_                  1.10    0.001    0.880    0.2251   1.749e-07  p
exp/_0583_                  1.10    0.001    0.874    0.2300   1.746e-07  p
exp/_0509_                  1.10    0.001    0.203    0.2285   1.737e-07  p
exp/_0255_                  1.10    0.003    0.956    0.1095   1.736e-07  p
exp/_0494_                  1.10    0.001    0.105    0.2290   1.734e-07  p
exp/_0495_                  1.10    0.001    0.202    0.2281   1.734e-07  p
exp/_0431_                  1.10    0.001    0.203    0.2280   1.733e-07  p
exp/_0557_                  1.10    0.001    0.895    0.2218   1.723e-07  p
exp/_0143_                  1.10    0.001    0.865    0.2209   1.717e-07  p
exp/_0376_                  1.10    0.001    0.201    0.2265   1.715e-07  p
exp/_0515_                  1.10    0.001    0.201    0.2257   1.710e-07  p
exp/_0477_                  1.10    0.001    0.199    0.2246   1.708e-07  p
exp/_0167_                  1.10    0.003    0.948    0.1101   1.705e-07  p
exp/_0023_                  1.10    0.003    0.945    0.1099   1.704e-07  p
exp/_0362_                  1.10    0.001    0.195    0.2248   1.702e-07  p
exp/_0367_                  1.10    0.001    0.110    0.2239   1.702e-07  p
exp/_0397_                  1.10    0.001    0.134    0.2212   1.675e-07  p
exp/_0364_                  1.10    0.001    0.147    0.2210   1.674e-07  p
exp/_0277_                  1.10    0.001    0.108    0.2207   1.672e-07  p
exp/_0054_                  1.10    0.004    0.034    0.0773   1.668e-07  p
exp/_0378_                  1.10    0.001    0.804    0.2234   1.660e-07  p
exp/_0430_                  1.10    0.001    0.193    0.2178   1.649e-07  p
exp/_0404_                  1.10    0.001    0.804    0.2203   1.637e-07  p
exp/_0563_                  1.10    0.001    0.890    0.2104   1.635e-07  p
exp/_0491_                  1.10    0.002    0.070    0.1336   1.624e-07  p
exp/_0500_                  1.10    0.003    0.048    0.1036   1.622e-07  p
exp/_0172_                  1.10    0.001    0.912    0.2075   1.612e-07  p
_096_                       1.10    0.001    0.122    0.2150   1.597e-07  p
exp/_0361_                  1.10    0.001    0.101    0.2109   1.597e-07  p
exp/_0564_                  1.10    0.001    0.110    0.2104   1.593e-07  p
_074_                       1.10    0.001    0.139    0.2045   1.589e-07  p
_121_                       1.10    0.001    0.746    0.2028   1.576e-07  p
_131_                       1.10    0.001    0.740    0.2023   1.572e-07  p
_171_                       1.10    0.001    0.737    0.2023   1.572e-07  p
exp/_0389_                  1.10    0.001    0.873    0.2114   1.571e-07  p
_103_                       1.10    0.001    0.253    0.2072   1.569e-07  p
_151_                       1.10    0.001    0.759    0.2002   1.556e-07  p
_141_                       1.10    0.001    0.756    0.1999   1.553e-07  p
exp/_0346_                  1.10    0.001    0.105    0.2050   1.552e-07  p
exp/_0155_                  1.10    0.001    0.090    0.1997   1.552e-07  p
_126_                       1.10    0.001    0.750    0.1993   1.549e-07  p
exp/_0210_                  1.10    0.005    0.018    0.0468   1.548e-07  p
_181_                       1.10    0.001    0.758    0.1988   1.545e-07  p
_101_                       1.10    0.001    0.162    0.2038   1.543e-07  p
_156_                       1.10    0.001    0.764    0.1974   1.534e-07  p
_110_                       1.10    0.001    0.734    0.2064   1.533e-07  p
_115_                       1.10    0.001    0.744    0.2056   1.527e-07  p
_180_                       1.10    0.001    0.744    0.2055   1.526e-07  p
_116_                       1.10    0.001    0.759    0.1963   1.525e-07  p
_176_                       1.10    0.001    0.766    0.1956   1.520e-07  p
_140_                       1.10    0.001    0.744    0.2044   1.518e-07  p
_155_                       1.10    0.001    0.749    0.2041   1.516e-07  p
_125_                       1.10    0.001    0.751    0.2040   1.516e-07  p
_146_                       1.10    0.001    0.759    0.1947   1.513e-07  p
_166_                       1.10    0.001    0.761    0.1945   1.512e-07  p
_161_                       1.10    0.001    0.765    0.1944   1.511e-07  p
_135_                       1.10    0.001    0.745    0.2028   1.507e-07  p
_150_                       1.10    0.001    0.747    0.2024   1.504e-07  p
_175_                       1.10    0.001    0.747    0.2021   1.501e-07  p
_165_                       1.10    0.001    0.748    0.2021   1.501e-07  p
_136_                       1.10    0.001    0.760    0.1930   1.500e-07  p
_105_                       1.10    0.001    0.746    0.2011   1.494e-07  p
exp/_0271_                  1.10    0.001    0.883    0.1919   1.491e-07  p
_160_                       1.10    0.001    0.755    0.2005   1.489e-07  p
_130_                       1.10    0.001    0.759    0.1996   1.483e-07  p
exp/_0159_                  1.10    0.001    0.087    0.1944   1.476e-07  p
exp/_0165_                  1.10    0.001    0.889    0.1986   1.475e-07  p
exp/_0101_                  1.10    0.001    0.907    0.1897   1.474e-07  p
exp/_0102_                  1.10    0.001    0.093    0.1897   1.474e-07  p
exp/_0579_                  1.10    0.001    0.095    0.1941   1.470e-07  p
_145_                       1.10    0.001    0.749    0.1978   1.470e-07  p
_106_                       1.10    0.001    0.762    0.1875   1.457e-07  p
_120_                       1.10    0.001    0.759    0.1952   1.450e-07  p
exp/_0393_                  1.10    0.001    0.106    0.1866   1.450e-07  p
exp/_0107_                  1.10    0.005    0.017    0.0439   1.445e-07  p
_111_                       1.10    0.001    0.755    0.1858   1.443e-07  p
exp/_0156_                  1.10    0.001    0.085    0.1897   1.442e-07  p
exp/_0504_                  1.10    0.001    0.088    0.1901   1.440e-07  p
_170_                       1.10    0.001    0.763    0.1936   1.438e-07  p
exp/_0555_                  1.10    0.001    0.915    0.1836   1.427e-07  p
exp/_0309_                  1.10    0.001    0.090    0.1876   1.421e-07  p
exp/_0334_                  1.10    0.001    0.090    0.1870   1.416e-07  p
exp/_0274_                  1.10    0.002    0.950    0.1155   1.404e-07  p
exp/_0359_                  1.10    0.001    0.154    0.1852   1.402e-07  p
exp/_0337_                  1.10    0.010    0.008    0.0229   1.372e-07  p
exp/_0212_                  1.10    0.003    0.039    0.0851   1.334e-07  p
exp/_0096_                  1.10    0.003    0.040    0.0852   1.333e-07  p
_064_                       1.10    0.001    0.847    0.1784   1.325e-07  p
exp/_0108_                  1.10    0.005    0.983    0.0439   1.316e-07  p
exp/_0199_                  1.10    0.003    0.038    0.0840   1.315e-07  p
exp/_0259_                  1.10    0.001    0.929    0.1685   1.310e-07  p
exp/_0142_                  1.10    0.001    0.093    0.1728   1.308e-07  p
exp/_0043_                  1.10    0.003    0.038    0.0834   1.306e-07  p
exp/_0061_                  1.10    0.003    0.964    0.0814   1.276e-07  p
exp/_0190_                  1.10    0.003    0.034    0.0813   1.275e-07  p
exp/_0233_                  1.10    0.003    0.038    0.0810   1.271e-07  p
exp/_0000_                  1.10    0.001    0.097    0.1630   1.267e-07  p
exp/_0440_                  1.10    0.001    0.082    0.1661   1.258e-07  p
exp/_0439_                  1.10    0.001    0.082    0.1626   1.236e-07  p
exp/_0064_                  1.10    0.001    0.907    0.1590   1.236e-07  p
exp/_0276_                  1.10    0.001    0.069    0.1630   1.235e-07  p
exp/_0053_                  1.10    0.001    0.906    0.1626   1.232e-07  p
exp/_0067_                  1.10    0.001    0.080    0.1624   1.230e-07  p
exp/_0154_                  1.10    0.001    0.924    0.1646   1.223e-07  p
exp/_0407_                  1.10    0.001    0.082    0.1572   1.222e-07  p
exp/_0055_                  1.10    0.003    0.966    0.0773   1.212e-07  p
exp/_0354_                  1.10    0.001    0.069    0.1524   1.184e-07  p
exp/_0213_                  1.10    0.003    0.029    0.0753   1.181e-07  p
exp/_0234_                  1.10    0.003    0.028    0.0738   1.157e-07  p
exp/_0088_                  1.10    0.003    0.966    0.0753   1.155e-07  p
exp/_0406_                  1.10    0.001    0.080    0.1522   1.152e-07  p
exp/_0229_                  1.10    0.003    0.032    0.0734   1.148e-07  p
exp/_0091_                  1.10    0.004    0.020    0.0465   1.146e-07  p
exp/_0279_                  1.10    0.001    0.073    0.1506   1.141e-07  p
exp/_0339_                  1.10    0.001    0.064    0.1485   1.125e-07  p
exp/_0499_                  1.10    0.003    0.030    0.0718   1.124e-07  p
exp/_0169_                  1.10    0.001    0.926    0.1497   1.112e-07  p
exp/_0479_                  1.10    0.004    0.018    0.0456   1.099e-07  p
exp/_0292_                  1.10    0.001    0.066    0.1450   1.098e-07  p
exp/_0556_                  1.10    0.001    0.934    0.1472   1.094e-07  p
exp/_0423_                  1.10    0.001    0.079    0.1441   1.091e-07  p
_054_                       1.10    0.003    0.022    0.0697   1.091e-07  p
io_inst_0_ready             1.10    0.006    0.989    0.0296   1.090e-07  p
exp/_0256_                  1.10    0.001    0.079    0.1412   1.070e-07  p
_051_                       1.10    0.003    0.978    0.0684   1.061e-07  p
exp/_0573_                  1.10    0.001    0.064    0.1395   1.057e-07  p
exp/_0492_                  1.10    0.001    0.930    0.1336   1.038e-07  p
exp/_0262_                  1.10    0.001    0.059    0.1360   1.030e-07  p
exp/_0009_                  1.10    0.001    0.922    0.1346   9.996e-08  p
exp/_0566_                  1.10    0.001    0.057    0.1311   9.967e-08  p
exp/_0058_                  1.10    0.003    0.027    0.0632   9.899e-08  p
exp/_0130_                  1.10    0.001    0.068    0.1292   9.818e-08  p
exp/_0062_                  1.10    0.001    0.056    0.1286   9.775e-08  p
exp/_0032_                  1.10    0.001    0.062    0.1283   9.750e-08  p
exp/_0059_                  1.10    0.001    0.059    0.1311   9.739e-08  p
exp/_0135_                  1.10    0.001    0.059    0.1299   9.649e-08  p
exp/_0424_                  1.10    0.001    0.931    0.1297   9.634e-08  p
exp/_0200_                  1.10    0.001    0.058    0.1270   9.617e-08  p
exp/_0131_                  1.10    0.001    0.932    0.1292   9.594e-08  p
exp/_0307_                  1.10    0.005    0.010    0.0289   9.559e-08  p
exp/_0033_                  1.10    0.001    0.938    0.1283   9.528e-08  p
exp/_0372_                  1.10    0.001    0.061    0.1250   9.469e-08  p
exp/_0092_                  1.10    0.004    0.984    0.0388   9.427e-08  p
_069_                       1.10    0.001    0.943    0.1238   9.195e-08  p
exp/_0202_                  1.10    0.003    0.022    0.0569   9.114e-08  p
exp/_0079_                  1.10    0.003    0.022    0.0570   8.931e-08  p
exp/_0318_                  1.10    0.001    0.049    0.1165   8.825e-08  p
exp/_0275_                  1.10    0.001    0.050    0.1155   8.745e-08  p
exp/_0146_                  1.10    0.001    0.049    0.1145   8.705e-08  p
exp/_0433_                  1.10    0.003    0.022    0.0535   8.392e-08  p
exp/_0086_                  1.10    0.001    0.055    0.1092   8.302e-08  p
exp/_0104_                  1.10    0.001    0.056    0.1073   8.154e-08  p
buf__pc[5]                  1.10    0.003    0.502    0.0520   8.149e-08  p
buf__pc[7]                  1.10    0.003    0.468    0.0520   8.149e-08  p
buf__data[2]                1.10    0.003    0.484    0.0514   8.146e-08  p
buf__data[8]                1.10    0.003    0.495    0.0514   8.146e-08  p
buf__pc[22]                 1.10    0.003    0.499    0.0519   8.129e-08  p
exp/_0384_                  1.10    0.001    0.047    0.1073   8.125e-08  p
buf__data[12]               1.10    0.003    0.498    0.0512   8.120e-08  p
buf__data[4]                1.10    0.003    0.501    0.0511   8.107e-08  p
buf__data[10]               1.10    0.003    0.513    0.0511   8.107e-08  p
exp/_0106_                  1.10    0.003    0.021    0.0511   8.102e-08  p
buf__xcpt_ae_inst           1.10    0.003    0.499    0.0517   8.098e-08  p
exp/_0162_                  1.10    0.001    0.952    0.1038   8.069e-08  p
exp/_0057_                  1.10    0.001    0.050    0.1036   8.047e-08  p
exp/_0562_                  1.10    0.001    0.050    0.1060   8.030e-08  p
buf__data[11]               1.10    0.003    0.524    0.0507   8.030e-08  p
buf__pc[8]                  1.10    0.003    0.493    0.0512   8.027e-08  p
buf__pc[29]                 1.10    0.003    0.501    0.0509   7.983e-08  p
buf__pc[14]                 1.10    0.003    0.504    0.0509   7.976e-08  p
buf__pc[19]                 1.10    0.003    0.482    0.0509   7.976e-08  p
buf__data[5]                1.10    0.003    0.485    0.0503   7.972e-08  p
buf__pc[4]                  1.10    0.003    0.496    0.0509   7.970e-08  p
exp/_0105_                  1.10    0.001    0.944    0.1073   7.968e-08  p
buf__data[6]                1.10    0.003    0.511    0.0503   7.965e-08  p
buf__data[14]               1.10    0.003    0.503    0.0503   7.965e-08  p
buf__data[15]               1.10    0.003    0.498    0.0501   7.946e-08  p
buf__pc[13]                 1.10    0.003    0.500    0.0507   7.945e-08  p
buf__replay                 1.10    0.003    0.499    0.0501   7.939e-08  p
buf__pc[26]                 1.10    0.003    0.501    0.0507   7.938e-08  p
buf__data[9]                1.10    0.003    0.486    0.0500   7.933e-08  p
buf__pc[10]                 1.10    0.003    0.462    0.0506   7.932e-08  p
buf__pc[9]                  1.10    0.003    0.498    0.0505   7.919e-08  p
buf__pc[23]                 1.10    0.003    0.489    0.0505   7.919e-08  p
buf__pc[18]                 1.10    0.003    0.499    0.0505   7.913e-08  p
buf__pc[16]                 1.10    0.003    0.520    0.0504   7.900e-08  p
buf__data[7]                1.10    0.003    0.470    0.0498   7.894e-08  p
buf__pc[24]                 1.10    0.003    0.478    0.0504   7.894e-08  p
buf__data[3]                1.10    0.003    0.471    0.0498   7.888e-08  p
buf__pc[3]                  1.10    0.003    0.457    0.0503   7.887e-08  p
buf__pc[6]                  1.10    0.003    0.518    0.0502   7.868e-08  p
buf__pc[11]                 1.10    0.003    0.491    0.0502   7.868e-08  p
buf__pc[12]                 1.10    0.003    0.489    0.0502   7.868e-08  p
buf__pc[21]                 1.10    0.003    0.507    0.0500   7.843e-08  p
buf__pc[0]                  1.10    0.003    0.526    0.0499   7.817e-08  p
exp/_0394_                  1.10    0.001    0.048    0.1029   7.796e-08  p
buf__pc[28]                 1.10    0.003    0.494    0.0496   7.779e-08  p
buf__pc[31]                 1.10    0.003    0.505    0.0496   7.772e-08  p
buf__pc[27]                 1.10    0.003    0.487    0.0493   7.728e-08  p
buf__pc[25]                 1.10    0.003    0.485    0.0491   7.690e-08  p
buf__pc[15]                 1.10    0.003    0.492    0.0488   7.645e-08  p
buf__pc[20]                 1.10    0.003    0.498    0.0488   7.645e-08  p
buf__pc[30]                 1.10    0.003    0.512    0.0485   7.607e-08  p
buf__data[13]               1.10    0.003    0.524    0.0480   7.604e-08  p
exp/_0356_                  1.10    0.001    0.049    0.0999   7.565e-08  p
exp/_0117_                  1.10    0.001    0.039    0.0994   7.525e-08  p
buf__pc[2]                  1.10    0.003    0.489    0.0476   7.466e-08  p
_050_                       1.10    0.001    0.020    0.0850   7.460e-08  p
exp/_0345_                  1.10    0.001    0.047    0.0983   7.448e-08  p
exp/_0340_                  1.10    0.001    0.045    0.0951   7.392e-08  p
buf__pc[17]                 1.10    0.003    0.479    0.0471   7.377e-08  p
exp/_0329_                  1.10    0.001    0.960    0.0976   7.252e-08  p
exp/_0109_                  1.10    0.001    0.038    0.0948   7.179e-08  p
exp/_0336_                  1.10    0.001    0.038    0.0941   7.152e-08  p
buf__data[0]                1.10    0.003    0.626    0.0448   7.101e-08  p
exp/_0153_                  1.10    0.001    0.041    0.0934   7.075e-08  p
exp/_0116_                  1.10    0.001    0.037    0.0929   7.032e-08  p
buf__data[1]                1.10    0.003    0.626    0.0443   7.017e-08  p
exp/_0218_                  1.10    0.001    0.961    0.0890   6.915e-08  p
exp/_0115_                  1.10    0.001    0.963    0.0929   6.898e-08  p
exp/_0502_                  1.10    0.001    0.960    0.0885   6.880e-08  p
exp/_0257_                  1.10    0.001    0.966    0.0883   6.861e-08  p
exp/_0080_                  1.10    0.001    0.038    0.0874   6.622e-08  p
_070_                       1.10    0.003    0.988    0.0317   6.470e-08  p
exp/_0097_                  1.10    0.001    0.960    0.0852   6.449e-08  p
exp/_0575_                  1.10    0.001    0.034    0.0836   6.332e-08  p
exp/_0273_                  1.10    0.001    0.038    0.0824   6.261e-08  p
exp/_0063_                  1.10    0.001    0.960    0.0836   6.209e-08  p
exp/_0196_                  1.10    0.003    0.016    0.0393   6.147e-08  p
exp/_0455_                  1.10    0.001    0.034    0.0804   6.116e-08  p
exp/_0126_                  1.10    0.001    0.034    0.0787   6.112e-08  p
exp/_0514_                  1.10    0.001    0.034    0.0789   5.998e-08  p
exp/_0317_                  1.10    0.001    0.032    0.0792   5.996e-08  p
exp/_0466_                  1.10    0.001    0.968    0.0770   5.985e-08  p
exp/_0408_                  1.10    0.001    0.033    0.0786   5.973e-08  p
exp/_0127_                  1.10    0.001    0.966    0.0787   5.956e-08  p
exp/_0134_                  1.10    0.001    0.035    0.0759   5.750e-08  p
exp/_0483_                  1.10    0.001    0.034    0.0740   5.748e-08  p
_005_                       1.10    0.001    0.502    0.0654   5.740e-08  p
_004_                       1.10    0.001    0.496    0.0651   5.711e-08  p
_029_                       1.10    0.001    0.501    0.0649   5.690e-08  p
_007_                       1.10    0.001    0.468    0.0645   5.661e-08  p
_042_                       1.10    0.001    0.513    0.0643   5.644e-08  p
_013_                       1.10    0.001    0.500    0.0642   5.633e-08  p
_018_                       1.10    0.001    0.499    0.0641   5.622e-08  p
_044_                       1.10    0.001    0.499    0.0641   5.622e-08  p
_041_                       1.10    0.001    0.486    0.0638   5.597e-08  p
_046_                       1.10    0.001    0.503    0.0638   5.594e-08  p
_024_                       1.10    0.001    0.479    0.0637   5.590e-08  p
_048_                       1.10    0.001    0.499    0.0637   5.590e-08  p
_008_                       1.10    0.001    0.493    0.0636   5.579e-08  p
_010_                       1.10    0.001    0.462    0.0633   5.551e-08  p
_039_                       1.10    0.001    0.470    0.0632   5.547e-08  p
_034_                       1.10    0.001    0.485    0.0632   5.544e-08  p
_036_                       1.10    0.001    0.501    0.0631   5.536e-08  p
_043_                       1.10    0.001    0.524    0.0630   5.529e-08  p
_037_                       1.10    0.001    0.485    0.0629   5.519e-08  p
_019_                       1.10    0.001    0.482    0.0629   5.515e-08  p
_022_                       1.10    0.001    0.500    0.0628   5.511e-08  p
_026_                       1.10    0.001    0.502    0.0628   5.508e-08  p
_006_                       1.10    0.001    0.519    0.0627   5.497e-08  p
_023_                       1.10    0.001    0.489    0.0627   5.497e-08  p
_000_                       1.10    0.001    0.526    0.0623   5.469e-08  p
_040_                       1.10    0.001    0.496    0.0623   5.462e-08  p
_035_                       1.10    0.001    0.471    0.0622   5.458e-08  p
exp/_0149_                  1.10    0.006    0.005    0.0145   5.437e-08  p
_016_                       1.10    0.001    0.520    0.0620   5.437e-08  p
_049_                       1.10    0.001    0.499    0.0620   5.437e-08  p
_011_                       1.10    0.001    0.491    0.0619   5.433e-08  p
_012_                       1.10    0.001    0.490    0.0619   5.433e-08  p
_014_                       1.10    0.001    0.504    0.0618   5.422e-08  p
_038_                       1.10    0.001    0.511    0.0617   5.415e-08  p
exp/_0355_                  1.10    0.001    0.027    0.0712   5.413e-08  p
_009_                       1.10    0.001    0.498    0.0617   5.412e-08  p
_047_                       1.10    0.001    0.498    0.0616   5.404e-08  p
_003_                       1.10    0.001    0.457    0.0615   5.394e-08  p
_020_                       1.10    0.001    0.498    0.0613   5.379e-08  p
_021_                       1.10    0.001    0.506    0.0613   5.376e-08  p
_028_                       1.10    0.001    0.494    0.0611   5.362e-08  p
_002_                       1.10    0.001    0.490    0.0611   5.358e-08  p
_015_                       1.10    0.001    0.493    0.0611   5.358e-08  p
_031_                       1.10    0.001    0.505    0.0610   5.351e-08  p
_025_                       1.10    0.001    0.486    0.0605   5.304e-08  p
_030_                       1.10    0.001    0.512    0.0602   5.279e-08  p
_045_                       1.10    0.001    0.524    0.0600   5.265e-08  p
_027_                       1.10    0.001    0.487    0.0598   5.247e-08  p
_058_                       1.10    0.003    0.010    0.0333   5.211e-08  p
exp/_0472_                  1.10    0.001    0.974    0.0663   5.154e-08  p
_017_                       1.10    0.001    0.480    0.0584   5.122e-08  p
exp/_0293_                  1.10    0.001    0.025    0.0640   4.869e-08  p
_033_                       1.10    0.001    0.626    0.0550   4.826e-08  p
exp/_0432_                  1.10    0.001    0.026    0.0632   4.801e-08  p
exp/_0452_                  1.10    0.001    0.026    0.0625   4.754e-08  p
exp/_0420_                  1.10    0.001    0.025    0.0623   4.739e-08  p
_032_                       1.10    0.001    0.626    0.0537   4.708e-08  p
exp/_0316_                  1.10    0.001    0.024    0.0589   4.459e-08  p
exp/_0157_                  1.10    0.001    0.023    0.0585   4.431e-08  p
exp/_0219_                  1.10    0.001    0.023    0.0562   4.275e-08  p
exp/_0136_                  1.10    0.001    0.022    0.0530   4.120e-08  p
exp/_0137_                  1.10    0.001    0.978    0.0530   4.120e-08  p
exp/_0044_                  1.10    0.001    0.021    0.0528   4.104e-08  p
exp/_0390_                  1.10    0.001    0.979    0.0527   4.095e-08  p
exp/_0326_                  1.10    0.001    0.019    0.0527   3.987e-08  p
exp/_0045_                  1.10    0.001    0.979    0.0528   3.924e-08  p
exp/_0203_                  1.10    0.001    0.019    0.0509   3.867e-08  p
exp/_0298_                  1.10    0.001    0.020    0.0508   3.864e-08  p
exp/_0281_                  1.10    0.003    0.008    0.0238   3.820e-08  p
exp/_0152_                  1.10    0.001    0.019    0.0503   3.809e-08  p
exp/_0272_                  1.10    0.001    0.019    0.0492   3.740e-08  p
exp/_0446_                  1.10    0.001    0.019    0.0487   3.691e-08  p
exp/_0578_                  1.10    0.001    0.019    0.0483   3.658e-08  p
exp/_0036_                  1.10    0.001    0.019    0.0477   3.625e-08  p
exp/_0037_                  1.10    0.001    0.981    0.0477   3.611e-08  p
exp/_0574_                  1.10    0.001    0.017    0.0463   3.510e-08  p
exp/_0038_                  1.10    0.001    0.982    0.0470   3.494e-08  p
exp/_0341_                  1.10    0.001    0.018    0.0454   3.449e-08  p
exp/_0121_                  1.10    0.001    0.983    0.0435   3.380e-08  p
exp/_0511_                  1.10    0.001    0.017    0.0443   3.352e-08  p
_109_                       1.10    0.001    0.015    0.0435   3.310e-08  p
exp/_0114_                  1.10    0.001    0.983    0.0426   3.307e-08  p
exp/_0051_                  1.10    0.001    0.982    0.0437   3.249e-08  p
_104_                       1.10    0.001    0.014    0.0425   3.233e-08  p
exp/_0113_                  1.10    0.001    0.017    0.0426   3.223e-08  p
exp/_0443_                  1.10    0.001    0.017    0.0422   3.205e-08  p
exp/_0014_                  1.10    0.001    0.016    0.0411   3.121e-08  p
exp/_0123_                  1.10    0.001    0.015    0.0395   2.989e-08  p
exp/_0003_                  1.10    0.001    0.016    0.0391   2.976e-08  p
_144_                       1.10    0.001    0.011    0.0365   2.778e-08  p
exp/_0235_                  1.10    0.001    0.013    0.0364   2.765e-08  p
exp/_0348_                  1.10    0.001    0.014    0.0363   2.745e-08  p
_159_                       1.10    0.001    0.011    0.0358   2.719e-08  p
_134_                       1.10    0.001    0.011    0.0356   2.710e-08  p
exp/_0214_                  1.10    0.001    0.013    0.0356   2.704e-08  p
_114_                       1.10    0.001    0.011    0.0355   2.700e-08  p
_174_                       1.10    0.001    0.011    0.0354   2.694e-08  p
_164_                       1.10    0.001    0.011    0.0352   2.673e-08  p
_179_                       1.10    0.001    0.011    0.0346   2.632e-08  p
_169_                       1.10    0.001    0.011    0.0342   2.601e-08  p
_119_                       1.10    0.001    0.010    0.0339   2.574e-08  p
exp/_0205_                  1.10    0.001    0.988    0.0339   2.564e-08  p
exp/_0453_                  1.10    0.001    0.988    0.0342   2.539e-08  p
exp/_0206_                  1.10    0.001    0.988    0.0326   2.529e-08  p
_124_                       1.10    0.001    0.011    0.0332   2.521e-08  p
exp/_0189_                  1.10    0.001    0.013    0.0330   2.502e-08  p
_139_                       1.10    0.001    0.010    0.0327   2.487e-08  p
exp/_0302_                  1.10    0.001    0.013    0.0326   2.465e-08  p
_154_                       1.10    0.001    0.010    0.0319   2.428e-08  p
_129_                       1.10    0.001    0.010    0.0318   2.419e-08  p
exp/_0379_                  1.10    0.001    0.011    0.0315   2.391e-08  p
_071_                       1.10    0.001    0.012    0.0317   2.355e-08  p
_149_                       1.10    0.001    0.010    0.0310   2.354e-08  p
exp/_0529_                  1.10    0.001    0.010    0.0299   2.321e-08  p
exp/_0310_                  1.10    0.001    0.009    0.0262   1.984e-08  p
exp/_0530_                  1.10    0.001    0.009    0.0259   1.960e-08  p
exp/_0456_                  1.10    0.001    0.010    0.0254   1.933e-08  p
exp/_0267_                  1.10    0.001    0.009    0.0254   1.930e-08  p
exp/_0485_                  1.10    0.001    0.009    0.0255   1.929e-08  p
exp/_0325_                  1.10    0.001    0.009    0.0252   1.912e-08  p
exp/_0468_                  1.10    0.001    0.008    0.0251   1.904e-08  p
exp/_0533_                  1.10    0.001    0.009    0.0247   1.875e-08  p
exp/_0112_                  1.10    0.004    0.002    0.0077   1.863e-08  p
exp/_0478_                  1.10    0.001    0.009    0.0244   1.853e-08  p
exp/_0370_                  1.10    0.001    0.009    0.0243   1.843e-08  p
exp/_0543_                  1.10    0.001    0.009    0.0242   1.837e-08  p
exp/_0211_                  1.10    0.001    0.008    0.0238   1.813e-08  p
exp/_0268_                  1.10    0.001    0.009    0.0239   1.812e-08  p
exp/_0265_                  1.10    0.001    0.008    0.0238   1.807e-08  p
exp/_0295_                  1.10    0.001    0.008    0.0232   1.763e-08  p
exp/_0232_                  1.10    0.001    0.008    0.0230   1.751e-08  p
exp/_0445_                  1.10    0.004    0.002    0.0072   1.723e-08  p
exp/_0312_                  1.10    0.001    0.008    0.0227   1.723e-08  p
exp/_0290_                  1.10    0.001    0.007    0.0224   1.695e-08  p
exp/_0315_                  1.10    0.001    0.008    0.0222   1.689e-08  p
exp/_0282_                  1.10    0.001    0.007    0.0223   1.689e-08  p
exp/_0129_                  1.10    0.001    0.993    0.0197   1.530e-08  p
exp/_0128_                  1.10    0.001    0.007    0.0197   1.491e-08  p
exp/_0508_                  1.10    0.001    0.007    0.0194   1.472e-08  p
exp/_0358_                  1.10    0.001    0.005    0.0165   1.256e-08  p
exp/_0405_                  1.10    0.001    0.005    0.0160   1.213e-08  p
exp/_0319_                  1.10    0.001    0.005    0.0143   1.087e-08  p
exp/_0184_                  1.10    0.003    0.002    0.0068   1.084e-08  p
exp/_0150_                  1.10    0.001    0.995    0.0145   1.076e-08  p
exp/_0368_                  1.10    0.001    0.003    0.0122   9.244e-09  p
exp/_0151_                  1.10    0.001    0.002    0.0076   5.731e-09  p
exp/_0185_                  1.10    0.001    0.002    0.0063   4.764e-09  p
exp/_0076_                  1.10    0.001    0.001    0.0035   2.660e-09  p
exp/_0484_                  1.10    0.001    0.001    0.0035   2.650e-09  p
exp/_0461_                  1.10    0.001    0.001    0.0029   2.219e-09  p
buf__pc[1]                  1.10    0.003    0.989    0.0013   2.041e-09  p
_095_                       1.10    0.001    0.001    0.0026   1.972e-09  p
_061_                       1.10    0.001    0.999    0.0021   1.644e-09  p
_001_                       1.10    0.001    0.990    0.0011   9.281e-10  p
_185_                       1.10    0.000    0.474    0.0501      0.0000  p
_186_                       1.10    0.000    0.011    0.0015      0.0000  p
_187_                       1.10    0.000    0.510    0.0481      0.0000  p
_188_                       1.10    0.000    0.543    0.0507      0.0000  p
_189_                       1.10    0.000    0.504    0.0511      0.0000  p
_190_                       1.10    0.000    0.498    0.0524      0.0000  p
_191_                       1.10    0.000    0.481    0.0505      0.0000  p
_192_                       1.10    0.000    0.532    0.0522      0.0000  p
_193_                       1.10    0.000    0.507    0.0516      0.0000  p
_194_                       1.10    0.000    0.502    0.0508      0.0000  p
_195_                       1.10    0.000    0.538    0.0509      0.0000  p
_196_                       1.10    0.000    0.509    0.0506      0.0000  p
_197_                       1.10    0.000    0.510    0.0505      0.0000  p
_198_                       1.10    0.000    0.500    0.0513      0.0000  p
_199_                       1.10    0.000    0.496    0.0511      0.0000  p
_200_                       1.10    0.000    0.507    0.0490      0.0000  p
_201_                       1.10    0.000    0.480    0.0508      0.0000  p
_202_                       1.10    0.000    0.520    0.0475      0.0000  p
_203_                       1.10    0.000    0.501    0.0508      0.0000  p
_204_                       1.10    0.000    0.518    0.0511      0.0000  p
_205_                       1.10    0.000    0.502    0.0492      0.0000  p
_206_                       1.10    0.000    0.493    0.0505      0.0000  p
_207_                       1.10    0.000    0.500    0.0522      0.0000  p
_208_                       1.10    0.000    0.511    0.0511      0.0000  p
_209_                       1.10    0.000    0.521    0.0506      0.0000  p
_210_                       1.10    0.000    0.515    0.0494      0.0000  p
_211_                       1.10    0.000    0.498    0.0511      0.0000  p
_212_                       1.10    0.000    0.513    0.0497      0.0000  p
_213_                       1.10    0.000    0.506    0.0499      0.0000  p
_214_                       1.10    0.000    0.499    0.0514      0.0000  p
_215_                       1.10    0.000    0.488    0.0488      0.0000  p
_216_                       1.10    0.000    0.495    0.0500      0.0000  p
_217_                       1.10    0.000    0.374    0.0451      0.0000  p
_218_                       1.10    0.000    0.374    0.0446      0.0000  p
_219_                       1.10    0.000    0.516    0.0516      0.0000  p
_220_                       1.10    0.000    0.529    0.0501      0.0000  p
_221_                       1.10    0.000    0.499    0.0514      0.0000  p
_222_                       1.10    0.000    0.515    0.0507      0.0000  p
_223_                       1.10    0.000    0.489    0.0507      0.0000  p
_224_                       1.10    0.000    0.530    0.0502      0.0000  p
_225_                       1.10    0.000    0.505    0.0516      0.0000  p
_226_                       1.10    0.000    0.514    0.0503      0.0000  p
_227_                       1.10    0.000    0.487    0.0516      0.0000  p
_228_                       1.10    0.000    0.476    0.0509      0.0000  p
_229_                       1.10    0.000    0.502    0.0516      0.0000  p
_230_                       1.10    0.000    0.476    0.0482      0.0000  p
_231_                       1.10    0.000    0.497    0.0505      0.0000  p
_232_                       1.10    0.000    0.502    0.0505      0.0000  p
_233_                       1.10    0.000    0.501    0.0522      0.0000  p
_234_                       1.10    0.000    0.501    0.0504      0.0000  p
clock                       1.10    4.460    0.500    4.0000      0.0000  ab
io_imem_bits_data[0]        1.10    0.003    0.500    0.2000      0.0000  db
io_imem_bits_data[1]        1.10    0.003    0.500    0.2000      0.0000  db
io_imem_bits_data[2]        1.10    0.003    0.500    0.2000      0.0000  db
io_imem_bits_data[3]        1.10    0.003    0.500    0.2000      0.0000  db
io_imem_bits_data[4]        1.10    0.003    0.500    0.2000      0.0000  db
io_imem_bits_data[5]        1.10    0.003    0.500    0.2000      0.0000  db
io_imem_bits_data[6]        1.10    0.003    0.500    0.2000      0.0000  db
io_imem_bits_data[7]        1.10    0.003    0.500    0.2000      0.0000  db
io_imem_bits_data[8]        1.10    0.003    0.500    0.2000      0.0000  db
io_imem_bits_data[9]        1.10    0.003    0.500    0.2000      0.0000  db
io_imem_bits_data[10]       1.10    0.003    0.500    0.2000      0.0000  db
io_imem_bits_data[11]       1.10    0.003    0.500    0.2000      0.0000  db
io_imem_bits_data[12]       1.10    0.003    0.500    0.2000      0.0000  db
io_imem_bits_data[13]       1.10    0.003    0.500    0.2000      0.0000  db
io_imem_bits_data[14]       1.10    0.003    0.500    0.2000      0.0000  db
io_imem_bits_data[15]       1.10    0.003    0.500    0.2000      0.0000  db
io_imem_bits_data[16]       1.10    0.004    0.500    0.2000      0.0000  db
io_imem_bits_data[17]       1.10    0.004    0.500    0.2000      0.0000  db
io_imem_bits_data[18]       1.10    0.004    0.500    0.2000      0.0000  db
io_imem_bits_data[19]       1.10    0.004    0.500    0.2000      0.0000  db
io_imem_bits_data[20]       1.10    0.004    0.500    0.2000      0.0000  db
io_imem_bits_data[21]       1.10    0.004    0.500    0.2000      0.0000  db
io_imem_bits_data[22]       1.10    0.004    0.500    0.2000      0.0000  db
io_imem_bits_data[23]       1.10    0.004    0.500    0.2000      0.0000  db
io_imem_bits_data[24]       1.10    0.004    0.500    0.2000      0.0000  db
io_imem_bits_data[25]       1.10    0.004    0.500    0.2000      0.0000  db
io_imem_bits_data[26]       1.10    0.004    0.500    0.2000      0.0000  db
io_imem_bits_data[27]       1.10    0.004    0.500    0.2000      0.0000  db
io_imem_bits_data[28]       1.10    0.004    0.500    0.2000      0.0000  db
io_imem_bits_data[29]       1.10    0.004    0.500    0.2000      0.0000  db
io_imem_bits_data[30]       1.10    0.004    0.500    0.2000      0.0000  db
io_imem_bits_data[31]       1.10    0.004    0.500    0.2000      0.0000  db
io_imem_bits_pc[0]          1.10    0.003    0.500    0.2000      0.0000  db
io_imem_bits_pc[1]          1.10    0.008    0.500    0.2000      0.0000  db
io_imem_bits_pc[2]          1.10    0.003    0.500    0.2000      0.0000  db
io_imem_bits_pc[3]          1.10    0.003    0.500    0.2000      0.0000  db
io_imem_bits_pc[4]          1.10    0.003    0.500    0.2000      0.0000  db
io_imem_bits_pc[5]          1.10    0.003    0.500    0.2000      0.0000  db
io_imem_bits_pc[6]          1.10    0.003    0.500    0.2000      0.0000  db
io_imem_bits_pc[7]          1.10    0.003    0.500    0.2000      0.0000  db
io_imem_bits_pc[8]          1.10    0.003    0.500    0.2000      0.0000  db
io_imem_bits_pc[9]          1.10    0.003    0.500    0.2000      0.0000  db
io_imem_bits_pc[10]         1.10    0.003    0.500    0.2000      0.0000  db
io_imem_bits_pc[11]         1.10    0.003    0.500    0.2000      0.0000  db
io_imem_bits_pc[12]         1.10    0.003    0.500    0.2000      0.0000  db
io_imem_bits_pc[13]         1.10    0.003    0.500    0.2000      0.0000  db
io_imem_bits_pc[14]         1.10    0.003    0.500    0.2000      0.0000  db
io_imem_bits_pc[15]         1.10    0.003    0.500    0.2000      0.0000  db
io_imem_bits_pc[16]         1.10    0.003    0.500    0.2000      0.0000  db
io_imem_bits_pc[17]         1.10    0.003    0.500    0.2000      0.0000  db
io_imem_bits_pc[18]         1.10    0.003    0.500    0.2000      0.0000  db
io_imem_bits_pc[19]         1.10    0.003    0.500    0.2000      0.0000  db
io_imem_bits_pc[20]         1.10    0.003    0.500    0.2000      0.0000  db
io_imem_bits_pc[21]         1.10    0.003    0.500    0.2000      0.0000  db
io_imem_bits_pc[22]         1.10    0.003    0.500    0.2000      0.0000  db
io_imem_bits_pc[23]         1.10    0.003    0.500    0.2000      0.0000  db
io_imem_bits_pc[24]         1.10    0.003    0.500    0.2000      0.0000  db
io_imem_bits_pc[25]         1.10    0.003    0.500    0.2000      0.0000  db
io_imem_bits_pc[26]         1.10    0.003    0.500    0.2000      0.0000  db
io_imem_bits_pc[27]         1.10    0.003    0.500    0.2000      0.0000  db
io_imem_bits_pc[28]         1.10    0.003    0.500    0.2000      0.0000  db
io_imem_bits_pc[29]         1.10    0.003    0.500    0.2000      0.0000  db
io_imem_bits_pc[30]         1.10    0.003    0.500    0.2000      0.0000  db
io_imem_bits_pc[31]         1.10    0.003    0.500    0.2000      0.0000  db
io_imem_bits_replay         1.10    0.003    0.500    0.2000      0.0000  db
io_imem_bits_xcpt_ae_inst   1.10    0.004    0.500    0.2000      0.0000  db
io_imem_valid               1.10    0.005    0.500    0.2000      0.0000  db
reset                       1.10    0.019    0.500    0.2000      0.0000  db
--------------------------------------------------------------------------------
Total (1075 nets)                                              1.461e-03 Watt

1
