****************************************
Report : Averaged Power
	-cell_power
	-sort_by cell_internal_power
	-nosplit
	-area
Design : Rocket/bpu (BreakpointUnit)
Version: T-2022.03-SP3
Date   : Tue May 20 11:35:13 2025
****************************************



  Attributes
  ----------
      a  -  Annotated internal | leakage | switching power 
      b  -  Black-box (unresolved) cell
      c  -  Clock pin internal power only
      d  -  Does not include clock pin internal power
      h  -  Hierarchical cell

                        Lib Cell                      Internal  Switching Leakage   Total
Cell                    Name                          Power     Power     Power     Power    (     %)      Area   Attrs
------------------------------------------------------------------------------------------------------------------------
_1108_                  AND2_X1                       6.963e-07 3.287e-07 2.482e-08 1.050e-06 ( 0.66%)     1.0640 
_0961_                  AND2_X1                       6.617e-07 3.287e-07 2.958e-08 1.020e-06 ( 0.64%)     1.0640 
_1106_                  AND2_X1                       6.506e-07 3.287e-07 2.974e-08 1.009e-06 ( 0.64%)     1.0640 
_1113_                  AND2_X1                       5.566e-07 2.628e-07 2.663e-08 8.460e-07 ( 0.53%)     1.0640 
_1111_                  AND2_X1                       5.350e-07 2.628e-07 2.512e-08 8.229e-07 ( 0.52%)     1.0640 
_1126_                  AND2_X1                       5.237e-07 2.473e-07 2.455e-08 7.955e-07 ( 0.50%)     1.0640 
_1124_                  AND2_X1                       5.236e-07 2.473e-07 2.454e-08 7.954e-07 ( 0.50%)     1.0640 
_1073_                  AND2_X1                       5.085e-07 2.413e-07 2.451e-08 7.743e-07 ( 0.49%)     1.0640 
_1067_                  AND2_X1                       5.064e-07 2.403e-07 2.444e-08 7.711e-07 ( 0.49%)     1.0640 
_0843_                  AND2_X1                       5.062e-07 3.942e-07 2.509e-08 9.254e-07 ( 0.58%)     1.0640 
_1040_                  AND2_X1                       5.052e-07 2.398e-07 2.459e-08 7.696e-07 ( 0.49%)     1.0640 
_0944_                  AND2_X1                       5.043e-07 3.988e-07 2.503e-08 9.282e-07 ( 0.59%)     1.0640 
_1117_                  AND2_X1                       5.027e-07 2.374e-07 2.461e-08 7.647e-07 ( 0.48%)     1.0640 
_0862_                  AND2_X1                       5.018e-07 3.909e-07 2.509e-08 9.178e-07 ( 0.58%)     1.0640 
_1115_                  AND2_X1                       5.010e-07 2.374e-07 2.448e-08 7.629e-07 ( 0.48%)     1.0640 
_0906_                  AND2_X1                       5.009e-07 4.050e-07 2.967e-08 9.356e-07 ( 0.59%)     1.0640 
_0847_                  AND2_X1                       5.004e-07 3.983e-07 2.965e-08 9.283e-07 ( 0.59%)     1.0640 
_1128_                  AND2_X1                       5.001e-07 1.557e-07 2.456e-08 6.803e-07 ( 0.43%)     1.0640 
_0912_                  AND2_X1                       4.988e-07 4.034e-07 2.969e-08 9.319e-07 ( 0.59%)     1.0640 
_0929_                  AND2_X1                       4.977e-07 4.025e-07 2.964e-08 9.298e-07 ( 0.59%)     1.0640 
_0841_                  AND2_X1                       4.966e-07 2.467e-07 2.966e-08 7.729e-07 ( 0.49%)     1.0640 
_0908_                  AND2_X1                       4.963e-07 1.542e-07 2.458e-08 6.751e-07 ( 0.43%)     1.0640 
_1122_                  AND2_X1                       4.955e-07 2.473e-07 2.966e-08 7.724e-07 ( 0.49%)     1.0640 
_1005_                  AND2_X1                       4.937e-07 3.846e-07 2.509e-08 9.034e-07 ( 0.57%)     1.0640 
_0830_                  AND2_X1                       4.933e-07 3.839e-07 2.492e-08 9.021e-07 ( 0.57%)     1.0640 
_0914_                  AND2_X1                       4.931e-07 1.468e-07 2.465e-08 6.645e-07 ( 0.42%)     1.0640 
_0942_                  AND2_X1                       4.931e-07 2.450e-07 2.965e-08 7.677e-07 ( 0.48%)     1.0640 
_0828_                  AND2_X1                       4.929e-07 2.449e-07 2.962e-08 7.674e-07 ( 0.48%)     1.0640 
_1022_                  AND2_X1                       4.924e-07 3.893e-07 2.505e-08 9.068e-07 ( 0.57%)     1.0640 
_1055_                  AND2_X1                       4.921e-07 2.468e-07 2.963e-08 7.685e-07 ( 0.49%)     1.0640 
_0924_                  AND2_X1                       4.920e-07 2.444e-07 2.966e-08 7.661e-07 ( 0.48%)     1.0640 
_0994_                  AND2_X1                       4.913e-07 3.045e-07 2.512e-08 8.209e-07 ( 0.52%)     1.0640 
_1110_                  AND2_X1                       4.910e-07 1.528e-07 2.456e-08 6.683e-07 ( 0.42%)     1.0640 
_1020_                  AND2_X1                       4.906e-07 2.437e-07 2.966e-08 7.640e-07 ( 0.48%)     1.0640 
_0948_                  AND2_X1                       4.903e-07 2.436e-07 2.966e-08 7.635e-07 ( 0.48%)     1.0640 
_0937_                  AND2_X1                       4.900e-07 2.888e-07 2.257e-08 8.013e-07 ( 0.51%)     1.0640 
_0892_                  AND2_X1                       4.890e-07 2.429e-07 2.967e-08 7.616e-07 ( 0.48%)     1.0640 
_0896_                  AND2_X1                       4.887e-07 3.027e-07 2.501e-08 8.164e-07 ( 0.52%)     1.0640 
_0990_                  AND2_X1                       4.876e-07 2.423e-07 2.965e-08 7.595e-07 ( 0.48%)     1.0640 
_0909_                  AND2_X1                       4.873e-07 2.965e-07 2.511e-08 8.089e-07 ( 0.51%)     1.0640 
_0826_                  AND2_X1                       4.873e-07 2.421e-07 2.967e-08 7.591e-07 ( 0.48%)     1.0640 
_1050_                  AND2_X1                       4.872e-07 1.514e-07 2.648e-08 6.650e-07 ( 0.42%)     1.0640 
_0946_                  AND2_X1                       4.872e-07 1.518e-07 2.254e-08 6.616e-07 ( 0.42%)     1.0640 
_0858_                  AND2_X1                       4.868e-07 2.419e-07 2.967e-08 7.583e-07 ( 0.48%)     1.0640 
_0876_                  AND2_X1                       4.864e-07 2.417e-07 2.968e-08 7.577e-07 ( 0.48%)     1.0640 
_1018_                  AND2_X1                       4.862e-07 2.416e-07 2.968e-08 7.574e-07 ( 0.48%)     1.0640 
_0955_                  AND2_X1                       4.856e-07 2.413e-07 2.967e-08 7.565e-07 ( 0.48%)     1.0640 
_0940_                  AND2_X1                       4.855e-07 2.412e-07 2.966e-08 7.564e-07 ( 0.48%)     1.0640 
_0894_                  AND2_X1                       4.847e-07 2.408e-07 2.964e-08 7.552e-07 ( 0.48%)     1.0640 
_0992_                  AND2_X1                       4.843e-07 2.406e-07 2.967e-08 7.546e-07 ( 0.48%)     1.0640 
_0839_                  AND2_X1                       4.841e-07 2.405e-07 2.965e-08 7.543e-07 ( 0.48%)     1.0640 
_0860_                  AND2_X1                       4.837e-07 2.403e-07 2.967e-08 7.537e-07 ( 0.48%)     1.0640 
_0915_                  AND2_X1                       4.834e-07 2.402e-07 2.964e-08 7.532e-07 ( 0.48%)     1.0640 
_0881_                  AND2_X1                       4.830e-07 2.400e-07 2.967e-08 7.527e-07 ( 0.48%)     1.0640 
_0899_                  AND2_X1                       4.828e-07 2.399e-07 2.967e-08 7.524e-07 ( 0.48%)     1.0640 
_0897_                  AND2_X1                       4.817e-07 1.500e-07 2.256e-08 6.543e-07 ( 0.41%)     1.0640 
_1069_                  AND2_X1                       4.813e-07 2.351e-07 2.519e-08 7.417e-07 ( 0.47%)     1.0640 
_0972_                  AND2_X1                       4.813e-07 2.391e-07 2.966e-08 7.501e-07 ( 0.47%)     1.0640 
_0849_                  AND2_X1                       4.810e-07 2.390e-07 2.968e-08 7.497e-07 ( 0.47%)     1.0640 
_1064_                  AND2_X1                       4.809e-07 2.425e-07 3.009e-08 7.535e-07 ( 0.48%)     1.0640 
_0869_                  AND2_X1                       4.791e-07 3.080e-07 3.025e-08 8.173e-07 ( 0.52%)     1.0640 
_0974_                  AND2_X1                       4.777e-07 2.374e-07 2.964e-08 7.447e-07 ( 0.47%)     1.0640 
_0873_                  AND2_X1                       4.772e-07 1.486e-07 2.256e-08 6.484e-07 ( 0.41%)     1.0640 
_1057_                  AND2_X1                       4.771e-07 2.414e-07 2.965e-08 7.481e-07 ( 0.47%)     1.0640 
_1024_                  AND2_X1                       4.756e-07 1.482e-07 2.260e-08 6.464e-07 ( 0.41%)     1.0640 
_1001_                  AND2_X1                       4.752e-07 2.361e-07 2.965e-08 7.410e-07 ( 0.47%)     1.0640 
_1062_                  AND2_X1                       4.733e-07 2.388e-07 2.906e-08 7.412e-07 ( 0.47%)     1.0640 
_1003_                  AND2_X1                       4.732e-07 2.351e-07 2.966e-08 7.379e-07 ( 0.47%)     1.0640 
_0886_                  AND2_X1                       4.731e-07 1.458e-07 2.512e-08 6.441e-07 ( 0.41%)     1.0640 
_1031_                  AND2_X1                       4.729e-07 2.239e-07 2.205e-08 7.188e-07 ( 0.45%)     1.0640 
_0857_                  AND2_X1                       4.705e-07 2.959e-07 3.024e-08 7.966e-07 ( 0.50%)     1.0640 
_0928_                  AND2_X1                       4.682e-07 1.493e-07 2.966e-08 6.472e-07 ( 0.41%)     1.0640 
_1129_                  AND2_X1                       4.678e-07 1.504e-07 2.508e-08 6.432e-07 ( 0.41%)     1.0640 
_1075_                  AND2_X1                       4.676e-07 1.504e-07 2.510e-08 6.430e-07 ( 0.41%)     1.0640 
_0920_                  AND2_X1                       4.676e-07 1.502e-07 2.499e-08 6.428e-07 ( 0.41%)     1.0640 
_1059_                  AND2_X1                       4.671e-07 1.499e-07 2.504e-08 6.420e-07 ( 0.41%)     1.0640 
_1012_                  AND2_X1                       4.668e-07 2.939e-07 3.026e-08 7.911e-07 ( 0.50%)     1.0640 
_0872_                  AND2_X1                       4.666e-07 2.999e-07 3.026e-08 7.968e-07 ( 0.50%)     1.0640 
_0851_                  AND2_X1                       4.648e-07 1.433e-07 2.516e-08 6.333e-07 ( 0.40%)     1.0640 
_0880_                  AND2_X1                       4.629e-07 1.476e-07 2.964e-08 6.402e-07 ( 0.40%)     1.0640 
_1028_                  AND2_X1                       4.619e-07 2.331e-07 2.906e-08 7.240e-07 ( 0.46%)     1.0640 
_0919_                  AND2_X1                       4.613e-07 1.535e-07 2.968e-08 6.444e-07 ( 0.41%)     1.0640 
_1048_                  AND2_X1                       4.610e-07 2.326e-07 2.905e-08 7.226e-07 ( 0.46%)     1.0640 
_0885_                  AND2_X1                       4.609e-07 1.533e-07 2.964e-08 6.439e-07 ( 0.41%)     1.0640 
_0935_                  AND2_X1                       4.608e-07 1.532e-07 2.967e-08 6.437e-07 ( 0.41%)     1.0640 
_0903_                  AND2_X1                       4.595e-07 1.465e-07 2.965e-08 6.357e-07 ( 0.40%)     1.0640 
_0976_                  AND2_X1                       4.570e-07 1.470e-07 2.499e-08 6.290e-07 ( 0.40%)     1.0640 
_1071_                  AND2_X1                       4.569e-07 2.269e-07 2.769e-08 7.115e-07 ( 0.45%)     1.0640 
_1042_                  AND2_X1                       4.555e-07 1.463e-07 2.501e-08 6.268e-07 ( 0.40%)     1.0640 
_0936_                  AND2_X1                       4.549e-07 1.463e-07 2.501e-08 6.262e-07 ( 0.40%)     1.0640 
_1121_                  AND2_X1                       4.523e-07 1.443e-07 3.026e-08 6.269e-07 ( 0.40%)     1.0640 
_1038_                  AND2_X1                       4.515e-07 2.243e-07 2.785e-08 7.037e-07 ( 0.44%)     1.0640 
_1051_                  AND2_X1                       4.505e-07 2.240e-07 2.776e-08 7.023e-07 ( 0.44%)     1.0640 
_1030_                  AND2_X1                       4.375e-07 1.431e-07 2.778e-08 6.083e-07 ( 0.38%)     1.0640 
_1119_                  AND2_X1                       3.500e-07 1.091e-07 2.527e-08 4.844e-07 ( 0.31%)     1.0640 
_1130_                  AND2_X1                       3.497e-07 1.112e-07 2.280e-08 4.837e-07 ( 0.31%)     1.0640 
_1076_                  AND2_X1                       3.492e-07 1.110e-07 2.284e-08 4.831e-07 ( 0.31%)     1.0640 
_0761_                  INV_X1                        2.781e-07 2.008e-07 1.465e-08 4.936e-07 ( 0.31%)     0.5320 
_0962_                  INV_X1                        2.496e-07 4.239e-07 1.465e-08 6.881e-07 ( 0.43%)     0.5320 
_1107_                  INV_X1                        2.465e-07 2.101e-07 1.406e-08 4.706e-07 ( 0.30%)     0.5320 
_1109_                  INV_X1                        2.463e-07 2.008e-07 1.465e-08 4.618e-07 ( 0.29%)     0.5320 
_1026_                  AND2_X1                       2.353e-07 1.116e-07 2.113e-08 3.680e-07 ( 0.23%)     1.0640 
_0947_                  AND2_X1                       2.343e-07 1.425e-07 2.281e-08 3.996e-07 ( 0.25%)     1.0640 
_0870_                  AND2_X1                       2.329e-07 7.179e-08 2.286e-08 3.275e-07 ( 0.21%)     1.0640 
_0921_                  AND2_X1                       2.325e-07 7.478e-08 2.295e-08 3.302e-07 ( 0.21%)     1.0640 
_1025_                  AND2_X1                       2.314e-07 1.439e-07 2.288e-08 3.982e-07 ( 0.25%)     1.0640 
_1043_                  AND2_X1                       2.287e-07 7.218e-08 2.264e-08 3.235e-07 ( 0.20%)     1.0640 
_0874_                  AND2_X1                       2.275e-07 7.313e-08 2.283e-08 3.235e-07 ( 0.20%)     1.0640 
_1053_                  AND2_X1                       2.241e-07 1.112e-07 2.844e-08 3.637e-07 ( 0.23%)     1.0640 
_0898_                  AND2_X1                       2.237e-07 6.892e-08 2.283e-08 3.155e-07 ( 0.20%)     1.0640 
_1036_                  AND2_X1                       2.234e-07 1.130e-07 3.070e-08 3.671e-07 ( 0.23%)     1.0640 
_1033_                  AND2_X1                       2.181e-07 7.130e-08 2.846e-08 3.179e-07 ( 0.20%)     1.0640 
_1436_                  AND2_X1                       2.092e-07 9.876e-08 2.464e-08 3.326e-07 ( 0.21%)     1.0640 
_0790_                  INV_X1                        2.087e-07 1.507e-07 1.433e-08 3.738e-07 ( 0.24%)     0.5320 
_0772_                  INV_X1                        2.072e-07 1.497e-07 1.439e-08 3.713e-07 ( 0.23%)     0.5320 
_0786_                  INV_X1                        2.072e-07 1.496e-07 1.448e-08 3.712e-07 ( 0.23%)     0.5320 
_0775_                  INV_X1                        2.068e-07 1.493e-07 1.436e-08 3.705e-07 ( 0.23%)     0.5320 
_0768_                  INV_X1                        2.062e-07 1.489e-07 1.437e-08 3.695e-07 ( 0.23%)     0.5320 
_0767_                  INV_X1                        2.061e-07 1.488e-07 1.434e-08 3.692e-07 ( 0.23%)     0.5320 
_0760_                  INV_X1                        2.058e-07 1.510e-07 1.436e-08 3.712e-07 ( 0.23%)     0.5320 
_0783_                  INV_X1                        2.055e-07 1.484e-07 1.432e-08 3.683e-07 ( 0.23%)     0.5320 
_0766_                  INV_X1                        2.049e-07 1.480e-07 1.437e-08 3.673e-07 ( 0.23%)     0.5320 
_0787_                  INV_X1                        2.048e-07 1.479e-07 1.431e-08 3.670e-07 ( 0.23%)     0.5320 
_0785_                  INV_X1                        2.046e-07 1.478e-07 1.432e-08 3.667e-07 ( 0.23%)     0.5320 
_0781_                  INV_X1                        2.044e-07 1.476e-07 1.429e-08 3.664e-07 ( 0.23%)     0.5320 
_0769_                  INV_X1                        2.044e-07 1.476e-07 1.429e-08 3.662e-07 ( 0.23%)     0.5320 
_0788_                  INV_X1                        2.042e-07 1.474e-07 1.437e-08 3.660e-07 ( 0.23%)     0.5320 
_0778_                  INV_X1                        2.041e-07 1.474e-07 1.431e-08 3.659e-07 ( 0.23%)     0.5320 
_0764_                  INV_X1                        2.041e-07 1.474e-07 1.433e-08 3.658e-07 ( 0.23%)     0.5320 
_0773_                  INV_X1                        2.041e-07 1.474e-07 1.435e-08 3.658e-07 ( 0.23%)     0.5320 
_0782_                  INV_X1                        2.037e-07 1.471e-07 1.440e-08 3.652e-07 ( 0.23%)     0.5320 
_0765_                  INV_X1                        2.036e-07 1.470e-07 1.431e-08 3.649e-07 ( 0.23%)     0.5320 
_0791_                  INV_X1                        2.035e-07 1.469e-07 1.440e-08 3.648e-07 ( 0.23%)     0.5320 
_0776_                  INV_X1                        2.033e-07 1.468e-07 1.424e-08 3.644e-07 ( 0.23%)     0.5320 
_0784_                  INV_X1                        2.033e-07 1.468e-07 1.433e-08 3.644e-07 ( 0.23%)     0.5320 
_0777_                  INV_X1                        2.032e-07 1.467e-07 1.441e-08 3.643e-07 ( 0.23%)     0.5320 
_0780_                  INV_X1                        2.030e-07 1.466e-07 1.430e-08 3.639e-07 ( 0.23%)     0.5320 
_0779_                  INV_X1                        2.029e-07 1.465e-07 1.431e-08 3.638e-07 ( 0.23%)     0.5320 
_0774_                  INV_X1                        2.028e-07 1.465e-07 1.441e-08 3.637e-07 ( 0.23%)     0.5320 
_0762_                  INV_X1                        2.023e-07 1.461e-07 1.433e-08 3.627e-07 ( 0.23%)     0.5320 
_0789_                  INV_X1                        2.022e-07 1.460e-07 1.427e-08 3.624e-07 ( 0.23%)     0.5320 
_0763_                  INV_X1                        2.008e-07 1.450e-07 1.442e-08 3.602e-07 ( 0.23%)     0.5320 
_0771_                  INV_X1                        1.998e-07 1.442e-07 1.438e-08 3.584e-07 ( 0.23%)     0.5320 
_0770_                  INV_X1                        1.989e-07 1.436e-07 1.433e-08 3.568e-07 ( 0.23%)     0.5320 
_1302_                  AND2_X1                       1.974e-07 9.876e-08 2.963e-08 3.258e-07 ( 0.21%)     1.0640 
_1112_                  INV_X1                        1.970e-07 1.679e-07 1.209e-08 3.770e-07 ( 0.24%)     0.5320 
_1114_                  INV_X1                        1.969e-07 1.605e-07 1.662e-08 3.740e-07 ( 0.24%)     0.5320 
_1434_                  AND2_X1                       1.955e-07 9.876e-08 2.969e-08 3.239e-07 ( 0.20%)     1.0640 
_0925_                  INV_X1                        1.855e-07 3.083e-07 1.436e-08 5.082e-07 ( 0.32%)     0.5320 
_1123_                  INV_X1                        1.854e-07 1.580e-07 1.436e-08 3.577e-07 ( 0.23%)     0.5320 
_1125_                  INV_X1                        1.854e-07 1.580e-07 1.434e-08 3.577e-07 ( 0.23%)     0.5320 
_1127_                  INV_X1                        1.852e-07 1.510e-07 1.436e-08 3.506e-07 ( 0.22%)     0.5320 
_0842_                  INV_X1                        1.850e-07 1.576e-07 1.433e-08 3.570e-07 ( 0.23%)     0.5320 
_0949_                  INV_X1                        1.849e-07 3.141e-07 1.434e-08 5.133e-07 ( 0.32%)     0.5320 
_1056_                  INV_X1                        1.849e-07 1.508e-07 1.215e-08 3.478e-07 ( 0.22%)     0.5320 
_0943_                  INV_X1                        1.837e-07 1.565e-07 1.439e-08 3.546e-07 ( 0.22%)     0.5320 
_0829_                  INV_X1                        1.836e-07 1.565e-07 1.448e-08 3.546e-07 ( 0.22%)     0.5320 
_0877_                  INV_X1                        1.834e-07 3.048e-07 1.429e-08 5.025e-07 ( 0.32%)     0.5320 
_0956_                  INV_X1                        1.831e-07 3.043e-07 1.433e-08 5.017e-07 ( 0.32%)     0.5320 
_1021_                  INV_X1                        1.828e-07 1.558e-07 1.437e-08 3.529e-07 ( 0.22%)     0.5320 
_1438_                  AND2_X1                       1.826e-07 5.685e-08 2.512e-08 2.646e-07 ( 0.17%)     1.0640 
_0916_                  INV_X1                        1.823e-07 3.029e-07 1.441e-08 4.996e-07 ( 0.32%)     0.5320 
_0882_                  INV_X1                        1.821e-07 3.027e-07 1.430e-08 4.991e-07 ( 0.32%)     0.5320 
_0900_                  INV_X1                        1.821e-07 3.093e-07 1.431e-08 5.057e-07 ( 0.32%)     0.5320 
_0893_                  INV_X1                        1.820e-07 1.484e-07 1.432e-08 3.447e-07 ( 0.22%)     0.5320 
_0907_                  INV_X1                        1.820e-07 1.542e-07 1.431e-08 3.505e-07 ( 0.22%)     0.5320 
_1065_                  INV_X1                        1.818e-07 1.550e-07 1.219e-08 3.490e-07 ( 0.22%)     0.5320 
_0848_                  INV_X1                        1.818e-07 1.474e-07 1.437e-08 3.436e-07 ( 0.22%)     0.5320 
_0973_                  INV_X1                        1.815e-07 3.083e-07 1.433e-08 5.042e-07 ( 0.32%)     0.5320 
_0991_                  INV_X1                        1.815e-07 1.480e-07 1.437e-08 3.438e-07 ( 0.22%)     0.5320 
_0850_                  INV_X1                        1.814e-07 3.082e-07 1.427e-08 5.038e-07 ( 0.32%)     0.5320 
_0827_                  INV_X1                        1.814e-07 1.479e-07 1.431e-08 3.436e-07 ( 0.22%)     0.5320 
_0913_                  INV_X1                        1.812e-07 1.536e-07 1.424e-08 3.490e-07 ( 0.22%)     0.5320 
_0859_                  INV_X1                        1.812e-07 1.478e-07 1.432e-08 3.433e-07 ( 0.22%)     0.5320 
_1058_                  INV_X1                        1.810e-07 1.542e-07 1.437e-08 3.496e-07 ( 0.22%)     0.5320 
_1019_                  INV_X1                        1.810e-07 1.476e-07 1.429e-08 3.428e-07 ( 0.22%)     0.5320 
_1074_                  INV_X1                        1.808e-07 1.474e-07 1.431e-08 3.425e-07 ( 0.22%)     0.5320 
_0941_                  INV_X1                        1.807e-07 1.474e-07 1.435e-08 3.424e-07 ( 0.22%)     0.5320 
_0930_                  INV_X1                        1.806e-07 1.465e-07 1.441e-08 3.415e-07 ( 0.22%)     0.5320 
_0895_                  INV_X1                        1.806e-07 1.539e-07 1.440e-08 3.489e-07 ( 0.22%)     0.5320 
_0993_                  INV_X1                        1.804e-07 1.538e-07 1.431e-08 3.485e-07 ( 0.22%)     0.5320 
_0975_                  INV_X1                        1.802e-07 3.127e-07 1.442e-08 5.074e-07 ( 0.32%)     0.5320 
_1068_                  INV_X1                        1.802e-07 1.536e-07 1.424e-08 3.480e-07 ( 0.22%)     0.5320 
_0861_                  INV_X1                        1.802e-07 1.536e-07 1.433e-08 3.481e-07 ( 0.22%)     0.5320 
_0840_                  INV_X1                        1.802e-07 1.469e-07 1.440e-08 3.415e-07 ( 0.22%)     0.5320 
_0844_                  INV_X1                        1.799e-07 1.459e-07 1.223e-08 3.381e-07 ( 0.21%)     0.5320 
_1041_                  INV_X1                        1.798e-07 1.532e-07 1.441e-08 3.474e-07 ( 0.22%)     0.5320 
_0945_                  INV_X1                        1.791e-07 1.518e-07 1.218e-08 3.432e-07 ( 0.22%)     0.5320 
_1063_                  INV_X1                        1.789e-07 1.459e-07 1.648e-08 3.413e-07 ( 0.22%)     0.5320 
_0863_                  INV_X1                        1.786e-07 1.514e-07 1.226e-08 3.422e-07 ( 0.22%)     0.5320 
_1116_                  INV_X1                        1.780e-07 1.517e-07 1.429e-08 3.439e-07 ( 0.22%)     0.5320 
_1118_                  INV_X1                        1.780e-07 1.517e-07 1.442e-08 3.441e-07 ( 0.22%)     0.5320 
_1317_                  AND2_X1                       1.778e-07 8.897e-08 2.983e-08 2.966e-07 ( 0.19%)     1.0640 
_1418_                  AND2_X1                       1.774e-07 8.377e-08 2.432e-08 2.855e-07 ( 0.18%)     1.0640 
_1002_                  INV_X1                        1.769e-07 1.442e-07 1.438e-08 3.355e-07 ( 0.21%)     0.5320 
_1416_                  AND2_X1                       1.768e-07 8.377e-08 2.477e-08 2.854e-07 ( 0.18%)     1.0640 
_1070_                  INV_X1                        1.763e-07 1.502e-07 1.230e-08 3.388e-07 ( 0.21%)     0.5320 
_1004_                  INV_X1                        1.763e-07 1.502e-07 1.433e-08 3.408e-07 ( 0.22%)     0.5320 
_1006_                  INV_X1                        1.756e-07 1.424e-07 1.221e-08 3.301e-07 ( 0.21%)     0.5320 
_0831_                  INV_X1                        1.752e-07 1.421e-07 1.220e-08 3.295e-07 ( 0.21%)     0.5320 
_1023_                  INV_X1                        1.749e-07 1.482e-07 1.224e-08 3.354e-07 ( 0.21%)     0.5320 
_1029_                  INV_X1                        1.746e-07 1.424e-07 1.650e-08 3.335e-07 ( 0.21%)     0.5320 
_1049_                  INV_X1                        1.743e-07 1.421e-07 1.651e-08 3.329e-07 ( 0.21%)     0.5320 
_1286_                  AND2_X1                       1.717e-07 8.615e-08 2.981e-08 2.877e-07 ( 0.18%)     1.0640 
_1347_                  AND2_X1                       1.709e-07 8.110e-08 2.401e-08 2.760e-07 ( 0.17%)     1.0640 
_1293_                  AND2_X1                       1.708e-07 8.565e-08 2.979e-08 2.862e-07 ( 0.18%)     1.0640 
_1341_                  AND2_X1                       1.701e-07 8.075e-08 2.406e-08 2.750e-07 ( 0.17%)     1.0640 
_1072_                  INV_X1                        1.700e-07 1.386e-07 1.169e-08 3.203e-07 ( 0.20%)     0.5320 
_1295_                  AND2_X1                       1.700e-07 8.525e-08 2.974e-08 2.850e-07 ( 0.18%)     1.0640 
_1298_                  AND2_X1                       1.690e-07 8.456e-08 2.986e-08 2.834e-07 ( 0.18%)     1.0640 
_1441_                  AND2_X1                       1.689e-07 7.976e-08 2.602e-08 2.747e-07 ( 0.17%)     1.0640 
_1039_                  INV_X1                        1.681e-07 1.371e-07 1.167e-08 3.168e-07 ( 0.20%)     0.5320 
_1052_                  INV_X1                        1.680e-07 1.431e-07 1.167e-08 3.228e-07 ( 0.20%)     0.5320 
_1032_                  INV_X1                        1.679e-07 1.431e-07 1.165e-08 3.226e-07 ( 0.20%)     0.5320 
_1315_                  AND2_X1                       1.674e-07 8.377e-08 2.973e-08 2.809e-07 ( 0.18%)     1.0640 
_1269_                  AND2_X1                       1.670e-07 1.361e-07 2.982e-08 3.329e-07 ( 0.21%)     1.0640 
_1280_                  AND2_X1                       1.669e-07 1.355e-07 2.980e-08 3.323e-07 ( 0.21%)     1.0640 
_1271_                  AND2_X1                       1.668e-07 5.182e-08 2.508e-08 2.437e-07 ( 0.15%)     1.0640 
_1424_                  AND2_X1                       1.666e-07 7.867e-08 2.342e-08 2.687e-07 ( 0.17%)     1.0640 
_1422_                  AND2_X1                       1.666e-07 7.867e-08 2.567e-08 2.710e-07 ( 0.17%)     1.0640 
_1282_                  AND2_X1                       1.661e-07 5.160e-08 2.503e-08 2.427e-07 ( 0.15%)     1.0640 
_1283_                  AND2_X1                       1.659e-07 5.160e-08 2.503e-08 2.425e-07 ( 0.15%)     1.0640 
_1248_                  AND2_X1                       1.654e-07 5.147e-08 2.535e-08 2.422e-07 ( 0.15%)     1.0640 
_1249_                  AND2_X1                       1.651e-07 4.921e-08 2.535e-08 2.396e-07 ( 0.15%)     1.0640 
_1439_                  AND2_X1                       1.627e-07 7.976e-08 2.575e-08 2.682e-07 ( 0.17%)     1.0640 
_1257_                  AND2_X1                       1.623e-07 8.140e-08 2.977e-08 2.734e-07 ( 0.17%)     1.0640 
_1252_                  AND2_X1                       1.610e-07 8.075e-08 2.979e-08 2.715e-07 ( 0.17%)     1.0640 
_1246_                  AND2_X1                       1.606e-07 8.055e-08 2.990e-08 2.711e-07 ( 0.17%)     1.0640 
_1217_                  AND2_X1                       1.601e-07 1.248e-07 2.636e-08 3.113e-07 ( 0.20%)     1.0640 
_1209_                  AND2_X1                       1.598e-07 1.266e-07 2.649e-08 3.128e-07 ( 0.20%)     1.0640 
_1297_                  AND2_X1                       1.590e-07 9.642e-08 2.531e-08 2.807e-07 ( 0.18%)     1.0640 
_1262_                  AND2_X1                       1.589e-07 7.971e-08 2.983e-08 2.685e-07 ( 0.17%)     1.0640 
_1250_                  AND2_X1                       1.581e-07 7.932e-08 2.980e-08 2.673e-07 ( 0.17%)     1.0640 
_1272_                  AND2_X1                       1.570e-07 9.549e-08 2.561e-08 2.781e-07 ( 0.18%)     1.0640 
_1420_                  AND2_X1                       1.565e-07 7.867e-08 3.000e-08 2.652e-07 ( 0.17%)     1.0640 
_1254_                  AND2_X1                       1.555e-07 9.436e-08 2.552e-08 2.754e-07 ( 0.17%)     1.0640 
_1428_                  AND2_X1                       1.554e-07 4.794e-08 2.576e-08 2.291e-07 ( 0.14%)     1.0640 
_1367_                  AND2_X1                       1.543e-07 7.323e-08 2.319e-08 2.507e-07 ( 0.16%)     1.0640 
_1255_                  AND2_X1                       1.543e-07 7.739e-08 2.965e-08 2.613e-07 ( 0.17%)     1.0640 
_1205_                  AND2_X1                       1.528e-07 7.665e-08 2.999e-08 2.594e-07 ( 0.16%)     1.0640 
_1266_                  AND2_X1                       1.527e-07 4.870e-08 2.949e-08 2.309e-07 ( 0.15%)     1.0640 
_1079_                  AND2_X1                       1.527e-07 7.209e-08 2.819e-08 2.530e-07 ( 0.16%)     1.0640 
_1204_                  AND2_X1                       1.523e-07 9.261e-08 2.632e-08 2.713e-07 ( 0.17%)     1.0640 
_1213_                  AND2_X1                       1.522e-07 7.635e-08 3.003e-08 2.586e-07 ( 0.16%)     1.0640 
_1224_                  AND2_X1                       1.515e-07 9.536e-08 2.967e-08 2.765e-07 ( 0.17%)     1.0640 
_1373_                  AND2_X1                       1.514e-07 7.185e-08 2.331e-08 2.465e-07 ( 0.16%)     1.0640 
_1165_                  AND2_X1                       1.512e-07 7.585e-08 3.004e-08 2.571e-07 ( 0.16%)     1.0640 
_1178_                  AND2_X1                       1.508e-07 1.229e-07 3.007e-08 3.038e-07 ( 0.19%)     1.0640 
_1349_                  AND2_X1                       1.507e-07 4.838e-08 2.561e-08 2.247e-07 ( 0.14%)     1.0640 
_1431_                  AND2_X1                       1.507e-07 5.015e-08 3.003e-08 2.309e-07 ( 0.15%)     1.0640 
_1077_                  AND2_X1                       1.507e-07 7.209e-08 2.165e-08 2.444e-07 ( 0.15%)     1.0640 
_1343_                  AND2_X1                       1.504e-07 7.333e-08 2.550e-08 2.492e-07 ( 0.16%)     1.0640 
_1180_                  AND2_X1                       1.503e-07 4.474e-08 2.590e-08 2.209e-07 ( 0.14%)     1.0640 
_1193_                  AND2_X1                       1.502e-07 9.118e-08 2.637e-08 2.678e-07 ( 0.17%)     1.0640 
_1175_                  AND2_X1                       1.499e-07 9.130e-08 2.628e-08 2.675e-07 ( 0.17%)     1.0640 
_1390_                  AND2_X1                       1.498e-07 7.561e-08 2.965e-08 2.551e-07 ( 0.16%)     1.0640 
_1146_                  AND2_X1                       1.498e-07 4.468e-08 2.581e-08 2.203e-07 ( 0.14%)     1.0640 
_1215_                  AND2_X1                       1.497e-07 7.506e-08 3.005e-08 2.548e-07 ( 0.16%)     1.0640 
_1200_                  AND2_X1                       1.495e-07 7.496e-08 3.005e-08 2.545e-07 ( 0.16%)     1.0640 
_1369_                  AND2_X1                       1.494e-07 7.293e-08 2.641e-08 2.487e-07 ( 0.16%)     1.0640 
_1191_                  AND2_X1                       1.483e-07 7.437e-08 3.006e-08 2.527e-07 ( 0.16%)     1.0640 
_1147_                  AND2_X1                       1.480e-07 7.387e-08 3.004e-08 2.519e-07 ( 0.16%)     1.0640 
_1172_                  AND2_X1                       1.479e-07 1.206e-07 3.003e-08 2.986e-07 ( 0.19%)     1.0640 
_1174_                  AND2_X1                       1.478e-07 4.591e-08 2.578e-08 2.195e-07 ( 0.14%)     1.0640 
_1185_                  AND2_X1                       1.477e-07 4.597e-08 2.581e-08 2.195e-07 ( 0.14%)     1.0640 
_1207_                  AND2_X1                       1.477e-07 7.407e-08 3.008e-08 2.518e-07 ( 0.16%)     1.0640 
_1189_                  AND2_X1                       1.472e-07 7.382e-08 3.002e-08 2.510e-07 ( 0.16%)     1.0640 
_1163_                  AND2_X1                       1.469e-07 4.569e-08 2.443e-08 2.170e-07 ( 0.14%)     1.0640 
_1426_                  AND2_X1                       1.468e-07 4.885e-08 3.008e-08 2.257e-07 ( 0.14%)     1.0640 
_1152_                  AND2_X1                       1.466e-07 4.516e-08 2.631e-08 2.180e-07 ( 0.14%)     1.0640 
_1160_                  AND2_X1                       1.462e-07 7.333e-08 3.003e-08 2.496e-07 ( 0.16%)     1.0640 
_1186_                  AND2_X1                       1.458e-07 4.689e-08 2.629e-08 2.190e-07 ( 0.14%)     1.0640 
_1144_                  AND2_X1                       1.458e-07 7.313e-08 3.004e-08 2.490e-07 ( 0.16%)     1.0640 
_1158_                  AND2_X1                       1.453e-07 7.288e-08 2.998e-08 2.482e-07 ( 0.16%)     1.0640 
_1169_                  AND2_X1                       1.453e-07 4.634e-08 2.928e-08 2.209e-07 ( 0.14%)     1.0640 
_1236_                  AND2_X1                       1.452e-07 4.831e-08 2.967e-08 2.232e-07 ( 0.14%)     1.0640 
_1387_                  AND2_X1                       1.450e-07 4.819e-08 2.963e-08 2.228e-07 ( 0.14%)     1.0640 
_1382_                  AND2_X1                       1.448e-07 4.660e-08 2.631e-08 2.177e-07 ( 0.14%)     1.0640 
_1319_                  AND2_X1                       1.447e-07 4.654e-08 2.570e-08 2.169e-07 ( 0.14%)     1.0640 
_1202_                  AND2_X1                       1.443e-07 7.239e-08 3.005e-08 2.468e-07 ( 0.16%)     1.0640 
_1375_                  AND2_X1                       1.442e-07 4.632e-08 2.629e-08 2.168e-07 ( 0.14%)     1.0640 
_1183_                  AND2_X1                       1.434e-07 7.194e-08 3.004e-08 2.454e-07 ( 0.16%)     1.0640 
_1259_                  AND2_X1                       1.426e-07 8.843e-08 2.549e-08 2.565e-07 ( 0.16%)     1.0640 
_1162_                  AND2_X1                       1.420e-07 4.569e-08 2.629e-08 2.140e-07 ( 0.14%)     1.0640 
_1151_                  AND2_X1                       1.419e-07 4.721e-08 2.927e-08 2.184e-07 ( 0.14%)     1.0640 
_1405_                  AND2_X1                       1.416e-07 4.705e-08 2.930e-08 2.180e-07 ( 0.14%)     1.0640 
_1199_                  AND2_X1                       1.385e-07 4.416e-08 2.969e-08 2.123e-07 ( 0.13%)     1.0640 
_1131_                  AND2_X1                       1.353e-07 4.322e-08 2.164e-08 2.001e-07 ( 0.13%)     1.0640 
_1376_                  AND2_X1                       1.252e-07 4.009e-08 2.489e-08 1.902e-07 ( 0.12%)     1.0640 
_1284_                  AND2_X1                       1.170e-07 3.788e-08 2.580e-08 1.807e-07 ( 0.11%)     1.0640 
_1211_                  AND2_X1                       1.118e-07 3.595e-08 2.495e-08 1.727e-07 ( 0.11%)     1.0640 
_1427_                  AND2_X1                       1.099e-07 3.349e-08 2.336e-08 1.668e-07 ( 0.11%)     1.0640 
_1432_                  AND2_X1                       1.090e-07 3.481e-08 2.363e-08 1.674e-07 ( 0.11%)     1.0640 
_1392_                  AND2_X1                       1.064e-07 3.415e-08 2.502e-08 1.656e-07 ( 0.10%)     1.0640 
_1164_                  AND2_X1                       1.061e-07 3.271e-08 2.493e-08 1.638e-07 ( 0.10%)     1.0640 
_1187_                  AND2_X1                       1.045e-07 3.361e-08 2.512e-08 1.632e-07 ( 0.10%)     1.0640 
_1345_                  AND2_X1                       1.023e-07 5.047e-08 2.649e-08 1.793e-07 ( 0.11%)     1.0640 
_1352_                  AND2_X1                       1.014e-07 4.790e-08 2.686e-08 1.762e-07 ( 0.11%)     1.0640 
_1350_                  AND2_X1                       9.980e-08 4.790e-08 2.356e-08 1.713e-07 ( 0.11%)     1.0640 
_1377_                  AND2_X1                       9.803e-08 4.711e-08 2.399e-08 1.691e-07 ( 0.11%)     1.0640 
_1380_                  AND2_X1                       9.347e-08 4.711e-08 2.931e-08 1.699e-07 ( 0.11%)     1.0640 
_1388_                  AND2_X1                       9.060e-08 4.433e-08 2.518e-08 1.601e-07 ( 0.10%)     1.0640 
_1393_                  AND2_X1                       9.009e-08 4.334e-08 2.368e-08 1.571e-07 ( 0.10%)     1.0640 
_1083_                  AND2_X1                       8.918e-08 4.211e-08 2.833e-08 1.596e-07 ( 0.10%)     1.0640 
_1081_                  AND2_X1                       8.809e-08 4.211e-08 2.080e-08 1.510e-07 ( 0.10%)     1.0640 
_1371_                  AND2_X1                       8.704e-08 4.250e-08 2.505e-08 1.546e-07 ( 0.10%)     1.0640 
_1385_                  AND2_X1                       8.667e-08 4.092e-08 2.579e-08 1.534e-07 ( 0.10%)     1.0640 
_1398_                  AND2_X1                       8.600e-08 4.334e-08 2.929e-08 1.586e-07 ( 0.10%)     1.0640 
_1260_                  AND2_X1                       8.480e-08 2.729e-08 2.349e-08 1.356e-07 ( 0.09%)     1.0640 
_1212_                  AND2_X1                       8.472e-08 2.612e-08 2.404e-08 1.349e-07 ( 0.09%)     1.0640 
_1037_                  INV_X1                        8.463e-08 6.901e-08 1.064e-08 1.643e-07 ( 0.10%)     0.5320 
_1383_                  AND2_X1                       8.391e-08 4.092e-08 2.531e-08 1.501e-07 ( 0.09%)     1.0640 
_1027_                  INV_X1                        8.359e-08 6.816e-08 1.066e-08 1.624e-07 ( 0.10%)     0.5320 
_1054_                  INV_X1                        8.340e-08 7.108e-08 1.063e-08 1.651e-07 ( 0.10%)     0.5320 
_1060_                  AND2_X1                       8.238e-08 3.963e-08 2.273e-08 1.447e-07 ( 0.09%)     1.0640 
_1188_                  AND2_X1                       8.153e-08 4.962e-08 2.400e-08 1.552e-07 ( 0.10%)     1.0640 
_1400_                  AND2_X1                       8.022e-08 3.929e-08 2.366e-08 1.432e-07 ( 0.09%)     1.0640 
_0729_                  INV_X1                        8.015e-08 6.033e-08 1.446e-08 1.549e-07 ( 0.10%)     0.5320 
_1237_                  AND2_X1                       7.835e-08 2.510e-08 2.519e-08 1.286e-07 ( 0.08%)     1.0640 
_1238_                  AND2_X1                       7.711e-08 4.693e-08 2.367e-08 1.477e-07 ( 0.09%)     1.0640 
_1261_                  AND2_X1                       7.584e-08 2.315e-08 2.212e-08 1.211e-07 ( 0.08%)     1.0640 
_1402_                  AND2_X1                       7.553e-08 2.514e-08 3.004e-08 1.307e-07 ( 0.08%)     1.0640 
_1303_                  INV_X1                        7.495e-08 1.246e-07 1.446e-08 2.140e-07 ( 0.14%)     0.5320 
_1435_                  INV_X1                        7.405e-08 6.311e-08 1.424e-08 1.514e-07 ( 0.10%)     0.5320 
_1437_                  INV_X1                        7.399e-08 6.033e-08 1.446e-08 1.488e-07 ( 0.09%)     0.5320 
_1406_                  AND2_X1                       7.398e-08 2.378e-08 2.649e-08 1.243e-07 ( 0.08%)     1.0640 
_1365_                  AND2_X1                       7.358e-08 3.721e-08 3.005e-08 1.408e-07 ( 0.09%)     1.0640 
_0730_                  INV_X1                        7.220e-08 5.435e-08 1.373e-08 1.403e-07 ( 0.09%)     0.5320 
_1354_                  AND2_X1                       7.204e-08 3.513e-08 2.241e-08 1.296e-07 ( 0.08%)     1.0640 
_1357_                  AND2_X1                       6.971e-08 3.513e-08 2.881e-08 1.337e-07 ( 0.08%)     1.0640 
_0735_                  INV_X1                        6.905e-08 5.263e-08 1.381e-08 1.355e-07 ( 0.09%)     0.5320 
_0734_                  INV_X1                        6.865e-08 5.232e-08 1.388e-08 1.349e-07 ( 0.09%)     0.5320 
_0732_                  INV_X1                        6.863e-08 5.166e-08 1.363e-08 1.339e-07 ( 0.08%)     0.5320 
_0733_                  INV_X1                        6.834e-08 5.208e-08 1.407e-08 1.345e-07 ( 0.08%)     0.5320 
_0731_                  INV_X1                        6.798e-08 5.118e-08 1.411e-08 1.333e-07 ( 0.08%)     0.5320 
_1318_                  INV_X1                        6.755e-08 1.172e-07 1.373e-08 1.985e-07 ( 0.13%)     0.5320 
_0736_                  INV_X1                        6.619e-08 4.933e-08 1.383e-08 1.294e-07 ( 0.08%)     0.5320 
_1287_                  INV_X1                        6.538e-08 1.087e-07 1.381e-08 1.878e-07 ( 0.12%)     0.5320 
_0740_                  INV_X1                        6.524e-08 4.972e-08 1.397e-08 1.289e-07 ( 0.08%)     0.5320 
_1361_                  AND2_X1                       6.518e-08 3.078e-08 2.738e-08 1.233e-07 ( 0.08%)     1.0640 
_0738_                  INV_X1                        6.501e-08 4.954e-08 1.377e-08 1.283e-07 ( 0.08%)     0.5320 
_0742_                  INV_X1                        6.473e-08 4.933e-08 1.387e-08 1.279e-07 ( 0.08%)     0.5320 
_0737_                  INV_X1                        6.457e-08 4.921e-08 1.348e-08 1.273e-07 ( 0.08%)     0.5320 
_1299_                  INV_X1                        6.419e-08 1.090e-07 1.363e-08 1.869e-07 ( 0.12%)     0.5320 
_1294_                  INV_X1                        6.417e-08 5.232e-08 1.388e-08 1.304e-07 ( 0.08%)     0.5320 
_1296_                  INV_X1                        6.392e-08 5.448e-08 1.407e-08 1.325e-07 ( 0.08%)     0.5320 
_0739_                  INV_X1                        6.389e-08 4.870e-08 1.375e-08 1.263e-07 ( 0.08%)     0.5320 
_1285_                  AND2_X1                       6.375e-08 3.882e-08 2.301e-08 1.256e-07 ( 0.08%)     1.0640 
_1316_                  INV_X1                        6.359e-08 1.080e-07 1.411e-08 1.857e-07 ( 0.12%)     0.5320 
_0743_                  INV_X1                        6.358e-08 4.845e-08 1.383e-08 1.259e-07 ( 0.08%)     0.5320 
_1359_                  AND2_X1                       6.314e-08 3.078e-08 2.183e-08 1.157e-07 ( 0.07%)     1.0640 
_1417_                  INV_X1                        6.281e-08 5.353e-08 1.460e-08 1.309e-07 ( 0.08%)     0.5320 
_1419_                  INV_X1                        6.276e-08 5.118e-08 1.411e-08 1.280e-07 ( 0.08%)     0.5320 
_0728_                  INV_X1                        6.242e-08 4.806e-08 1.313e-08 1.236e-07 ( 0.08%)     0.5320 
_0741_                  INV_X1                        6.203e-08 4.728e-08 1.437e-08 1.237e-07 ( 0.08%)     0.5320 
_1444_                  AND2_X1                       6.178e-08 1.957e-08 2.343e-08 1.048e-07 ( 0.07%)     1.0640 
_0745_                  INV_X1                        6.144e-08 4.682e-08 1.318e-08 1.214e-07 ( 0.08%)     0.5320 
_0747_                  INV_X1                        6.120e-08 4.664e-08 1.303e-08 1.209e-07 ( 0.08%)     0.5320 
_1247_                  INV_X1                        6.115e-08 1.039e-07 1.348e-08 1.785e-07 ( 0.11%)     0.5320 
_1270_                  INV_X1                        6.115e-08 5.182e-08 1.377e-08 1.267e-07 ( 0.08%)     0.5320 
_1258_                  INV_X1                        6.103e-08 5.201e-08 1.397e-08 1.270e-07 ( 0.08%)     0.5320 
_1281_                  INV_X1                        6.089e-08 5.160e-08 1.383e-08 1.263e-07 ( 0.08%)     0.5320 
_1339_                  AND2_X1                       6.086e-08 3.078e-08 3.052e-08 1.222e-07 ( 0.08%)     1.0640 
_1348_                  INV_X1                        6.081e-08 5.182e-08 1.377e-08 1.264e-07 ( 0.08%)     0.5320 
_0755_                  INV_X1                        6.080e-08 4.634e-08 1.299e-08 1.201e-07 ( 0.08%)     0.5320 
_0758_                  INV_X1                        6.056e-08 4.513e-08 1.298e-08 1.187e-07 ( 0.07%)     0.5320 
_1342_                  INV_X1                        6.055e-08 5.160e-08 1.383e-08 1.260e-07 ( 0.08%)     0.5320 
_1253_                  INV_X1                        6.055e-08 5.160e-08 1.387e-08 1.260e-07 ( 0.08%)     0.5320 
_1263_                  INV_X1                        6.049e-08 1.005e-07 1.375e-08 1.748e-07 ( 0.11%)     0.5320 
_0746_                  INV_X1                        6.017e-08 4.586e-08 1.294e-08 1.190e-07 ( 0.08%)     0.5320 
_0749_                  INV_X1                        6.009e-08 4.579e-08 1.297e-08 1.189e-07 ( 0.08%)     0.5320 
_1440_                  INV_X1                        5.981e-08 5.097e-08 1.275e-08 1.235e-07 ( 0.08%)     0.5320 
_1442_                  INV_X1                        5.980e-08 5.097e-08 1.595e-08 1.267e-07 ( 0.08%)     0.5320 
_0750_                  INV_X1                        5.961e-08 4.543e-08 1.294e-08 1.180e-07 ( 0.07%)     0.5320 
_1251_                  INV_X1                        5.942e-08 4.845e-08 1.383e-08 1.217e-07 ( 0.08%)     0.5320 
_0744_                  INV_X1                        5.937e-08 4.525e-08 1.284e-08 1.175e-07 ( 0.07%)     0.5320 
_0751_                  INV_X1                        5.918e-08 4.510e-08 1.305e-08 1.173e-07 ( 0.07%)     0.5320 
_1421_                  INV_X1                        5.899e-08 5.027e-08 1.313e-08 1.224e-07 ( 0.08%)     0.5320 
_1423_                  INV_X1                        5.899e-08 5.027e-08 1.558e-08 1.248e-07 ( 0.08%)     0.5320 
_1425_                  INV_X1                        5.894e-08 4.806e-08 1.313e-08 1.201e-07 ( 0.08%)     0.5320 
_0756_                  INV_X1                        5.878e-08 4.480e-08 1.304e-08 1.166e-07 ( 0.07%)     0.5320 
_0752_                  INV_X1                        5.870e-08 4.474e-08 1.288e-08 1.163e-07 ( 0.07%)     0.5320 
_0753_                  INV_X1                        5.862e-08 4.468e-08 1.298e-08 1.163e-07 ( 0.07%)     0.5320 
_0759_                  INV_X1                        5.842e-08 4.453e-08 1.320e-08 1.161e-07 ( 0.07%)     0.5320 
_0748_                  INV_X1                        5.803e-08 4.422e-08 1.297e-08 1.152e-07 ( 0.07%)     0.5320 
_1256_                  INV_X1                        5.798e-08 4.728e-08 1.437e-08 1.196e-07 ( 0.08%)     0.5320 
_0757_                  INV_X1                        5.767e-08 4.395e-08 1.299e-08 1.146e-07 ( 0.07%)     0.5320 
_0754_                  INV_X1                        5.759e-08 4.389e-08 1.301e-08 1.145e-07 ( 0.07%)     0.5320 
_1166_                  INV_X1                        5.757e-08 9.567e-08 1.299e-08 1.662e-07 ( 0.11%)     0.5320 
_1206_                  INV_X1                        5.742e-08 4.682e-08 1.318e-08 1.174e-07 ( 0.07%)     0.5320 
_1214_                  INV_X1                        5.720e-08 4.664e-08 1.303e-08 1.169e-07 ( 0.07%)     0.5320 
_1218_                  INV_X1                        5.695e-08 4.619e-08 1.432e-08 1.175e-07 ( 0.07%)     0.5320 
_1201_                  INV_X1                        5.689e-08 9.455e-08 1.297e-08 1.644e-07 ( 0.10%)     0.5320 
_1210_                  INV_X1                        5.681e-08 4.607e-08 1.425e-08 1.171e-07 ( 0.07%)     0.5320 
_1391_                  INV_X1                        5.669e-08 4.831e-08 1.438e-08 1.194e-07 ( 0.08%)     0.5320 
_1216_                  INV_X1                        5.628e-08 4.796e-08 1.294e-08 1.172e-07 ( 0.07%)     0.5320 
_1148_                  INV_X1                        5.606e-08 9.318e-08 1.298e-08 1.622e-07 ( 0.10%)     0.5320 
_1192_                  INV_X1                        5.576e-08 4.752e-08 1.294e-08 1.162e-07 ( 0.07%)     0.5320 
_1161_                  INV_X1                        5.566e-08 9.455e-08 1.304e-08 1.633e-07 ( 0.10%)     0.5320 
_1208_                  INV_X1                        5.554e-08 4.733e-08 1.284e-08 1.157e-07 ( 0.07%)     0.5320 
_1145_                  INV_X1                        5.551e-08 9.430e-08 1.298e-08 1.628e-07 ( 0.10%)     0.5320 
_1159_                  INV_X1                        5.531e-08 9.193e-08 1.320e-08 1.604e-07 ( 0.10%)     0.5320 
_1190_                  INV_X1                        5.531e-08 4.510e-08 1.305e-08 1.135e-07 ( 0.07%)     0.5320 
_1179_                  INV_X1                        5.522e-08 4.679e-08 1.288e-08 1.149e-07 ( 0.07%)     0.5320 
_1344_                  INV_X1                        5.498e-08 4.686e-08 1.321e-08 1.151e-07 ( 0.07%)     0.5320 
_1368_                  INV_X1                        5.491e-08 4.679e-08 1.288e-08 1.146e-07 ( 0.07%)     0.5320 
_1370_                  INV_X1                        5.468e-08 4.660e-08 1.437e-08 1.157e-07 ( 0.07%)     0.5320 
_1184_                  INV_X1                        5.463e-08 9.479e-08 1.298e-08 1.624e-07 ( 0.10%)     0.5320 
_1203_                  INV_X1                        5.428e-08 4.626e-08 1.297e-08 1.135e-07 ( 0.07%)     0.5320 
_1173_                  INV_X1                        5.417e-08 4.591e-08 1.301e-08 1.131e-07 ( 0.07%)     0.5320 
_1078_                  INV_X1                        5.405e-08 4.607e-08 1.040e-08 1.105e-07 ( 0.07%)     0.5320 
_1080_                  INV_X1                        5.405e-08 4.607e-08 1.831e-08 1.184e-07 ( 0.07%)     0.5320 
_1374_                  INV_X1                        5.387e-08 4.591e-08 1.301e-08 1.128e-07 ( 0.07%)     0.5320 
_0727_                  INV_X1                        4.354e-08 1.052e-07 1.108e-08 1.598e-07 ( 0.10%)     0.5320 
_1433_                  AND2_X1                       4.310e-08 1.385e-08 2.255e-08 7.950e-08 ( 0.05%)     1.0640 
_1346_                  INV_X1                        3.781e-08 3.083e-08 1.142e-08 8.006e-08 ( 0.05%)     0.5320 
_1351_                  INV_X1                        3.591e-08 3.061e-08 1.185e-08 7.837e-08 ( 0.05%)     0.5320 
_1353_                  INV_X1                        3.591e-08 3.061e-08 1.686e-08 8.338e-08 ( 0.05%)     0.5320 
_1378_                  INV_X1                        3.529e-08 2.878e-08 1.312e-08 7.719e-08 ( 0.05%)     0.5320 
_1381_                  INV_X1                        3.529e-08 2.878e-08 1.559e-08 7.965e-08 ( 0.05%)     0.5320 
_1389_                  INV_X1                        3.321e-08 2.708e-08 1.114e-08 7.143e-08 ( 0.05%)     0.5320 
_1399_                  INV_X1                        3.250e-08 2.770e-08 1.566e-08 7.586e-08 ( 0.05%)     0.5320 
_1394_                  INV_X1                        3.247e-08 2.648e-08 1.304e-08 7.199e-08 ( 0.05%)     0.5320 
_1372_                  INV_X1                        3.184e-08 2.597e-08 1.113e-08 6.894e-08 ( 0.04%)     0.5320 
_1085_                  AND2_X1                       3.168e-08 1.524e-08 2.057e-08 6.749e-08 ( 0.04%)     1.0640 
_1082_                  INV_X1                        3.157e-08 2.691e-08 1.025e-08 6.873e-08 ( 0.04%)     0.5320 
_1084_                  INV_X1                        3.157e-08 2.691e-08 1.846e-08 7.694e-08 ( 0.05%)     0.5320 
_1384_                  INV_X1                        3.068e-08 2.615e-08 1.300e-08 6.983e-08 ( 0.04%)     0.5320 
_1386_                  INV_X1                        3.066e-08 2.500e-08 1.571e-08 7.136e-08 ( 0.05%)     0.5320 
_0922_                  AND2_X1                       3.025e-08 9.738e-09 2.105e-08 6.105e-08 ( 0.04%)     1.0640 
_1061_                  INV_X1                        2.972e-08 2.533e-08 1.024e-08 6.528e-08 ( 0.04%)     0.5320 
_1401_                  INV_X1                        2.943e-08 2.400e-08 1.297e-08 6.640e-08 ( 0.04%)     0.5320 
_0875_                  AND2_X1                       2.849e-08 1.735e-08 2.102e-08 6.686e-08 ( 0.04%)     1.0640 
_1443_                  AND2_X1                       2.845e-08 8.796e-09 2.157e-08 5.881e-08 ( 0.04%)     1.0640 
_1088_                  AND2_X1                       2.842e-08 1.346e-08 2.065e-08 6.253e-08 ( 0.04%)     1.0640 
_1366_                  INV_X1                        2.788e-08 2.273e-08 1.295e-08 6.356e-08 ( 0.04%)     0.5320 
_1066_                  AND2_X1                       2.687e-08 8.403e-09 2.783e-08 6.311e-08 ( 0.04%)     1.0640 
_1087_                  AND2_X1                       2.641e-08 8.790e-09 3.084e-08 6.604e-08 ( 0.04%)     1.0640 
_1358_                  INV_X1                        2.634e-08 2.245e-08 1.736e-08 6.615e-08 ( 0.04%)     0.5320 
_1355_                  INV_X1                        2.632e-08 2.146e-08 1.134e-08 5.912e-08 ( 0.04%)     0.5320 
_1447_                  AND2_X1                       2.400e-08 1.133e-08 2.782e-08 6.315e-08 ( 0.04%)     1.0640 
_1445_                  AND2_X1                       2.322e-08 1.133e-08 2.209e-08 5.664e-08 ( 0.04%)     1.0640 
_1362_                  INV_X1                        2.308e-08 1.967e-08 1.743e-08 6.017e-08 ( 0.04%)     0.5320 
_1360_                  INV_X1                        2.308e-08 1.967e-08 1.128e-08 5.402e-08 ( 0.03%)     0.5320 
_1340_                  INV_X1                        2.306e-08 1.880e-08 1.128e-08 5.313e-08 ( 0.03%)     0.5320 
_1132_                  AND2_X1                       1.610e-08 5.154e-09 2.066e-08 4.191e-08 ( 0.03%)     1.0640 
_1086_                  INV_X1                        1.142e-08 9.310e-09 1.014e-08 3.087e-08 ( 0.02%)     0.5320 
_1089_                  INV_X1                        1.009e-08 8.600e-09 1.014e-08 2.883e-08 ( 0.02%)     0.5320 
_1448_                  INV_X1                        8.599e-09 1.429e-08 1.790e-08 4.079e-08 ( 0.03%)     0.5320 
_1446_                  INV_X1                        8.496e-09 7.241e-09 1.080e-08 2.654e-08 ( 0.02%)     0.5320 
_1403_                  AND2_X1                       5.630e-09 2.721e-09 2.349e-08 3.184e-08 ( 0.02%)     1.0640 
_1133_                  AND2_X1                       2.588e-09 8.221e-10 2.036e-08 2.378e-08 ( 0.02%)     1.0640 
_0923_                  AND2_X1                       2.259e-09 1.373e-09 2.037e-08 2.400e-08 ( 0.02%)     1.0640 
_1046_                  AND2_X1                       2.153e-09 1.089e-09 3.085e-08 3.409e-08 ( 0.02%)     1.0640 
_1090_                  AND2_X1                       2.091e-09 6.956e-10 3.080e-08 3.359e-08 ( 0.02%)     1.0640 
_1404_                  INV_X1                        2.040e-09 1.739e-09 1.014e-08 1.392e-08 ( 0.01%)     0.5320 
_1137_                  AND2_X1                       1.677e-09 7.917e-10 2.847e-08 3.093e-08 ( 0.02%)     1.0640 
_1135_                  AND2_X1                       1.663e-09 7.917e-10 2.036e-08 2.281e-08 ( 0.01%)     1.0640 
_1134_                  AND2_X1                       1.592e-09 5.059e-10 2.033e-08 2.242e-08 ( 0.01%)     1.0640 
_1047_                  INV_X1                        8.155e-10 6.650e-10 1.011e-08 1.159e-08 ( 0.01%)     0.5320 
_1136_                  INV_X1                        5.936e-10 5.059e-10 1.010e-08 1.120e-08 ( 0.01%)     0.5320 
_1138_                  INV_X1                        5.931e-10 4.836e-10 1.860e-08 1.968e-08 ( 0.01%)     0.5320 
_0726_                  INV_X1                           0.0000    0.0000 1.010e-08 1.010e-08 ( 0.01%)     0.5320 
_0792_                  INV_X1                           0.0000    0.0000 1.010e-08 1.010e-08 ( 0.01%)     0.5320 
_0793_                  INV_X1                           0.0000    0.0000 1.010e-08 1.010e-08 ( 0.01%)     0.5320 
_0794_                  INV_X1                           0.0000    0.0000 1.010e-08 1.010e-08 ( 0.01%)     0.5320 
_0795_                  INV_X1                           0.0000    0.0000 1.010e-08 1.010e-08 ( 0.01%)     0.5320 
_0796_                  INV_X1                           0.0000    0.0000 1.010e-08 1.010e-08 ( 0.01%)     0.5320 
_0797_                  INV_X1                           0.0000    0.0000 1.010e-08 1.010e-08 ( 0.01%)     0.5320 
_0798_                  INV_X1                           0.0000    0.0000 1.010e-08 1.010e-08 ( 0.01%)     0.5320 
_0799_                  INV_X1                           0.0000    0.0000 1.010e-08 1.010e-08 ( 0.01%)     0.5320 
_0800_                  INV_X1                           0.0000    0.0000 1.010e-08 1.010e-08 ( 0.01%)     0.5320 
_0801_                  INV_X1                           0.0000    0.0000 1.010e-08 1.010e-08 ( 0.01%)     0.5320 
_0802_                  INV_X1                           0.0000    0.0000 1.010e-08 1.010e-08 ( 0.01%)     0.5320 
_0803_                  INV_X1                           0.0000    0.0000 1.010e-08 1.010e-08 ( 0.01%)     0.5320 
_0804_                  INV_X1                           0.0000    0.0000 1.010e-08 1.010e-08 ( 0.01%)     0.5320 
_0805_                  INV_X1                           0.0000    0.0000 1.010e-08 1.010e-08 ( 0.01%)     0.5320 
_0806_                  INV_X1                           0.0000    0.0000 1.010e-08 1.010e-08 ( 0.01%)     0.5320 
_0807_                  INV_X1                           0.0000    0.0000 1.010e-08 1.010e-08 ( 0.01%)     0.5320 
_0808_                  INV_X1                           0.0000    0.0000 1.010e-08 1.010e-08 ( 0.01%)     0.5320 
_0809_                  INV_X1                           0.0000    0.0000 1.010e-08 1.010e-08 ( 0.01%)     0.5320 
_0810_                  INV_X1                           0.0000    0.0000 1.010e-08 1.010e-08 ( 0.01%)     0.5320 
_0811_                  INV_X1                           0.0000    0.0000 1.010e-08 1.010e-08 ( 0.01%)     0.5320 
_0812_                  INV_X1                           0.0000    0.0000 1.010e-08 1.010e-08 ( 0.01%)     0.5320 
_0813_                  INV_X1                           0.0000    0.0000 1.010e-08 1.010e-08 ( 0.01%)     0.5320 
_0814_                  INV_X1                           0.0000    0.0000 1.010e-08 1.010e-08 ( 0.01%)     0.5320 
_0815_                  INV_X1                           0.0000    0.0000 1.010e-08 1.010e-08 ( 0.01%)     0.5320 
_0816_                  INV_X1                           0.0000    0.0000 1.010e-08 1.010e-08 ( 0.01%)     0.5320 
_0817_                  INV_X1                           0.0000    0.0000 1.010e-08 1.010e-08 ( 0.01%)     0.5320 
_0818_                  INV_X1                           0.0000    0.0000 1.010e-08 1.010e-08 ( 0.01%)     0.5320 
_0819_                  INV_X1                           0.0000    0.0000 1.010e-08 1.010e-08 ( 0.01%)     0.5320 
_0820_                  INV_X1                           0.0000    0.0000 1.010e-08 1.010e-08 ( 0.01%)     0.5320 
_0821_                  INV_X1                           0.0000    0.0000 1.010e-08 1.010e-08 ( 0.01%)     0.5320 
_0822_                  INV_X1                           0.0000    0.0000 1.010e-08 1.010e-08 ( 0.01%)     0.5320 
_0823_                  INV_X1                           0.0000    0.0000 1.010e-08 1.010e-08 ( 0.01%)     0.5320 
_0824_                  INV_X1                           0.0000    0.0000 1.010e-08 1.010e-08 ( 0.01%)     0.5320 
_0825_                  INV_X1                           0.0000    0.0000 1.010e-08 1.010e-08 ( 0.01%)     0.5320 
_0832_                  AND2_X1                          0.0000    0.0000 2.047e-08 2.047e-08 ( 0.01%)     1.0640 
_0833_                  INV_X1                           0.0000    0.0000 1.010e-08 1.010e-08 ( 0.01%)     0.5320 
_0834_                  AND2_X1                          0.0000    0.0000 2.048e-08 2.048e-08 ( 0.01%)     1.0640 
_0835_                  INV_X1                           0.0000    0.0000 1.010e-08 1.010e-08 ( 0.01%)     0.5320 
_0836_                  AND2_X1                          0.0000    0.0000 2.047e-08 2.047e-08 ( 0.01%)     1.0640 
_0837_                  INV_X1                           0.0000    0.0000 1.010e-08 1.010e-08 ( 0.01%)     0.5320 
_0838_                  AND2_X1                          0.0000    0.0000 2.847e-08 2.847e-08 ( 0.02%)     1.0640 
_0845_                  AND2_X1                          0.0000    0.0000 2.047e-08 2.047e-08 ( 0.01%)     1.0640 
_0846_                  INV_X1                           0.0000    0.0000 1.010e-08 1.010e-08 ( 0.01%)     0.5320 
_0852_                  AND2_X1                          0.0000    0.0000 2.047e-08 2.047e-08 ( 0.01%)     1.0640 
_0853_                  INV_X1                           0.0000    0.0000 1.010e-08 1.010e-08 ( 0.01%)     0.5320 
_0854_                  AND2_X1                          0.0000    0.0000 2.048e-08 2.048e-08 ( 0.01%)     1.0640 
_0855_                  INV_X1                           0.0000    0.0000 1.010e-08 1.010e-08 ( 0.01%)     0.5320 
_0856_                  AND2_X1                          0.0000    0.0000 2.847e-08 2.847e-08 ( 0.02%)     1.0640 
_0864_                  AND2_X1                          0.0000    0.0000 2.047e-08 2.047e-08 ( 0.01%)     1.0640 
_0865_                  INV_X1                           0.0000    0.0000 1.010e-08 1.010e-08 ( 0.01%)     0.5320 
_0866_                  AND2_X1                          0.0000    0.0000 2.047e-08 2.047e-08 ( 0.01%)     1.0640 
_0867_                  INV_X1                           0.0000    0.0000 1.010e-08 1.010e-08 ( 0.01%)     0.5320 
_0868_                  AND2_X1                          0.0000    0.0000 2.847e-08 2.847e-08 ( 0.02%)     1.0640 
_0871_                  AND2_X1                          0.0000    0.0000 2.847e-08 2.847e-08 ( 0.02%)     1.0640 
_0878_                  AND2_X1                          0.0000    0.0000 2.048e-08 2.048e-08 ( 0.01%)     1.0640 
_0879_                  INV_X1                           0.0000    0.0000 1.010e-08 1.010e-08 ( 0.01%)     0.5320 
_0883_                  AND2_X1                          0.0000    0.0000 2.047e-08 2.047e-08 ( 0.01%)     1.0640 
_0884_                  INV_X1                           0.0000    0.0000 1.010e-08 1.010e-08 ( 0.01%)     0.5320 
_0887_                  AND2_X1                          0.0000    0.0000 2.048e-08 2.048e-08 ( 0.01%)     1.0640 
_0888_                  INV_X1                           0.0000    0.0000 1.010e-08 1.010e-08 ( 0.01%)     0.5320 
_0889_                  AND2_X1                          0.0000    0.0000 2.047e-08 2.047e-08 ( 0.01%)     1.0640 
_0890_                  INV_X1                           0.0000    0.0000 1.010e-08 1.010e-08 ( 0.01%)     0.5320 
_0891_                  AND2_X1                          0.0000    0.0000 2.847e-08 2.847e-08 ( 0.02%)     1.0640 
_0901_                  AND2_X1                          0.0000    0.0000 2.048e-08 2.048e-08 ( 0.01%)     1.0640 
_0902_                  INV_X1                           0.0000    0.0000 1.010e-08 1.010e-08 ( 0.01%)     0.5320 
_0904_                  AND2_X1                          0.0000    0.0000 2.048e-08 2.048e-08 ( 0.01%)     1.0640 
_0905_                  INV_X1                           0.0000    0.0000 1.010e-08 1.010e-08 ( 0.01%)     0.5320 
_0910_                  AND2_X1                          0.0000    0.0000 2.047e-08 2.047e-08 ( 0.01%)     1.0640 
_0911_                  INV_X1                           0.0000    0.0000 1.010e-08 1.010e-08 ( 0.01%)     0.5320 
_0917_                  AND2_X1                          0.0000    0.0000 2.048e-08 2.048e-08 ( 0.01%)     1.0640 
_0918_                  INV_X1                           0.0000    0.0000 1.010e-08 1.010e-08 ( 0.01%)     0.5320 
_0926_                  AND2_X1                          0.0000    0.0000 2.047e-08 2.047e-08 ( 0.01%)     1.0640 
_0927_                  INV_X1                           0.0000    0.0000 1.010e-08 1.010e-08 ( 0.01%)     0.5320 
_0931_                  AND2_X1                          0.0000    0.0000 2.047e-08 2.047e-08 ( 0.01%)     1.0640 
_0932_                  INV_X1                           0.0000    0.0000 1.010e-08 1.010e-08 ( 0.01%)     0.5320 
_0933_                  AND2_X1                          0.0000    0.0000 2.047e-08 2.047e-08 ( 0.01%)     1.0640 
_0934_                  INV_X1                           0.0000    0.0000 1.010e-08 1.010e-08 ( 0.01%)     0.5320 
_0938_                  AND2_X1                          0.0000    0.0000 2.047e-08 2.047e-08 ( 0.01%)     1.0640 
_0939_                  INV_X1                           0.0000    0.0000 1.010e-08 1.010e-08 ( 0.01%)     0.5320 
_0950_                  AND2_X1                          0.0000    0.0000 2.047e-08 2.047e-08 ( 0.01%)     1.0640 
_0951_                  INV_X1                           0.0000    0.0000 1.010e-08 1.010e-08 ( 0.01%)     0.5320 
_0952_                  AND2_X1                          0.0000    0.0000 2.047e-08 2.047e-08 ( 0.01%)     1.0640 
_0953_                  INV_X1                           0.0000    0.0000 1.010e-08 1.010e-08 ( 0.01%)     0.5320 
_0954_                  AND2_X1                          0.0000    0.0000 2.847e-08 2.847e-08 ( 0.02%)     1.0640 
_0957_                  AND2_X1                          0.0000    0.0000 2.047e-08 2.047e-08 ( 0.01%)     1.0640 
_0958_                  INV_X1                           0.0000    0.0000 1.010e-08 1.010e-08 ( 0.01%)     0.5320 
_0959_                  AND2_X1                          0.0000    0.0000 2.047e-08 2.047e-08 ( 0.01%)     1.0640 
_0960_                  INV_X1                           0.0000    0.0000 1.010e-08 1.010e-08 ( 0.01%)     0.5320 
_0963_                  AND2_X1                          0.0000    0.0000 2.522e-08 2.522e-08 ( 0.02%)     1.0640 
_0964_                  INV_X1                           0.0000    0.0000 1.010e-08 1.010e-08 ( 0.01%)     0.5320 
_0965_                  AND2_X1                          0.0000    0.0000 2.046e-08 2.046e-08 ( 0.01%)     1.0640 
_0966_                  INV_X1                           0.0000    0.0000 1.010e-08 1.010e-08 ( 0.01%)     0.5320 
_0967_                  AND2_X1                          0.0000    0.0000 2.047e-08 2.047e-08 ( 0.01%)     1.0640 
_0968_                  INV_X1                           0.0000    0.0000 1.010e-08 1.010e-08 ( 0.01%)     0.5320 
_0969_                  AND2_X1                          0.0000    0.0000 2.847e-08 2.847e-08 ( 0.02%)     1.0640 
_0970_                  AND2_X1                          0.0000    0.0000 2.847e-08 2.847e-08 ( 0.02%)     1.0640 
_0971_                  INV_X1                           0.0000    0.0000 1.860e-08 1.860e-08 ( 0.01%)     0.5320 
_0977_                  AND2_X1                          0.0000    0.0000 2.290e-08 2.290e-08 ( 0.01%)     1.0640 
_0978_                  INV_X1                           0.0000    0.0000 1.010e-08 1.010e-08 ( 0.01%)     0.5320 
_0979_                  AND2_X1                          0.0000    0.0000 2.847e-08 2.847e-08 ( 0.02%)     1.0640 
_0980_                  INV_X1                           0.0000    0.0000 1.860e-08 1.860e-08 ( 0.01%)     0.5320 
_0981_                  AND2_X1                          0.0000    0.0000 2.047e-08 2.047e-08 ( 0.01%)     1.0640 
_0982_                  INV_X1                           0.0000    0.0000 1.010e-08 1.010e-08 ( 0.01%)     0.5320 
_0983_                  AND2_X1                          0.0000    0.0000 2.048e-08 2.048e-08 ( 0.01%)     1.0640 
_0984_                  INV_X1                           0.0000    0.0000 1.010e-08 1.010e-08 ( 0.01%)     0.5320 
_0985_                  AND2_X1                          0.0000    0.0000 2.047e-08 2.047e-08 ( 0.01%)     1.0640 
_0986_                  INV_X1                           0.0000    0.0000 1.010e-08 1.010e-08 ( 0.01%)     0.5320 
_0987_                  AND2_X1                          0.0000    0.0000 2.847e-08 2.847e-08 ( 0.02%)     1.0640 
_0988_                  AND2_X1                          0.0000    0.0000 2.847e-08 2.847e-08 ( 0.02%)     1.0640 
_0989_                  INV_X1                           0.0000    0.0000 1.860e-08 1.860e-08 ( 0.01%)     0.5320 
_0995_                  AND2_X1                          0.0000    0.0000 2.295e-08 2.295e-08 ( 0.01%)     1.0640 
_0996_                  INV_X1                           0.0000    0.0000 1.010e-08 1.010e-08 ( 0.01%)     0.5320 
_0997_                  AND2_X1                          0.0000    0.0000 2.847e-08 2.847e-08 ( 0.02%)     1.0640 
_0998_                  INV_X1                           0.0000    0.0000 1.860e-08 1.860e-08 ( 0.01%)     0.5320 
_0999_                  AND2_X1                          0.0000    0.0000 2.047e-08 2.047e-08 ( 0.01%)     1.0640 
_1000_                  INV_X1                           0.0000    0.0000 1.010e-08 1.010e-08 ( 0.01%)     0.5320 
_1007_                  AND2_X1                          0.0000    0.0000 2.047e-08 2.047e-08 ( 0.01%)     1.0640 
_1008_                  INV_X1                           0.0000    0.0000 1.010e-08 1.010e-08 ( 0.01%)     0.5320 
_1009_                  AND2_X1                          0.0000    0.0000 2.047e-08 2.047e-08 ( 0.01%)     1.0640 
_1010_                  INV_X1                           0.0000    0.0000 1.010e-08 1.010e-08 ( 0.01%)     0.5320 
_1011_                  AND2_X1                          0.0000    0.0000 2.847e-08 2.847e-08 ( 0.02%)     1.0640 
_1013_                  AND2_X1                          0.0000    0.0000 2.048e-08 2.048e-08 ( 0.01%)     1.0640 
_1014_                  INV_X1                           0.0000    0.0000 1.010e-08 1.010e-08 ( 0.01%)     0.5320 
_1015_                  AND2_X1                          0.0000    0.0000 2.047e-08 2.047e-08 ( 0.01%)     1.0640 
_1016_                  INV_X1                           0.0000    0.0000 1.010e-08 1.010e-08 ( 0.01%)     0.5320 
_1017_                  AND2_X1                          0.0000    0.0000 2.847e-08 2.847e-08 ( 0.02%)     1.0640 
_1034_                  AND2_X1                          0.0000    0.0000 2.113e-08 2.113e-08 ( 0.01%)     1.0640 
_1035_                  INV_X1                           0.0000    0.0000 1.010e-08 1.010e-08 ( 0.01%)     0.5320 
_1044_                  AND2_X1                          0.0000    0.0000 2.111e-08 2.111e-08 ( 0.01%)     1.0640 
_1045_                  INV_X1                           0.0000    0.0000 1.010e-08 1.010e-08 ( 0.01%)     0.5320 
_1091_                  AND2_X1                          0.0000    0.0000 2.063e-08 2.063e-08 ( 0.01%)     1.0640 
_1092_                  INV_X1                           0.0000    0.0000 1.010e-08 1.010e-08 ( 0.01%)     0.5320 
_1093_                  AND2_X1                          0.0000    0.0000 3.085e-08 3.085e-08 ( 0.02%)     1.0640 
_1094_                  INV_X1                           0.0000    0.0000 1.010e-08 1.010e-08 ( 0.01%)     0.5320 
_1095_                  AND2_X1                          0.0000    0.0000 2.062e-08 2.062e-08 ( 0.01%)     1.0640 
_1096_                  INV_X1                           0.0000    0.0000 1.010e-08 1.010e-08 ( 0.01%)     0.5320 
_1097_                  AND2_X1                          0.0000    0.0000 3.085e-08 3.085e-08 ( 0.02%)     1.0640 
_1098_                  AND2_X1                          0.0000    0.0000 2.062e-08 2.062e-08 ( 0.01%)     1.0640 
_1099_                  INV_X1                           0.0000    0.0000 1.010e-08 1.010e-08 ( 0.01%)     0.5320 
_1100_                  AND2_X1                          0.0000    0.0000 2.032e-08 2.032e-08 ( 0.01%)     1.0640 
_1101_                  INV_X1                           0.0000    0.0000 1.010e-08 1.010e-08 ( 0.01%)     0.5320 
_1102_                  AND2_X1                          0.0000    0.0000 2.032e-08 2.032e-08 ( 0.01%)     1.0640 
_1103_                  INV_X1                           0.0000    0.0000 1.010e-08 1.010e-08 ( 0.01%)     0.5320 
_1104_                  AND2_X1                          0.0000    0.0000 2.032e-08 2.032e-08 ( 0.01%)     1.0640 
_1105_                  INV_X1                           0.0000    0.0000 1.010e-08 1.010e-08 ( 0.01%)     0.5320 
_1120_                  AND2_X1                          0.0000    0.0000 2.847e-08 2.847e-08 ( 0.02%)     1.0640 
_1139_                  AND2_X1                          0.0000    0.0000 2.059e-08 2.059e-08 ( 0.01%)     1.0640 
_1140_                  AND2_X1                          0.0000    0.0000 2.032e-08 2.032e-08 ( 0.01%)     1.0640 
_1141_                  AND2_X1                          0.0000    0.0000 2.062e-08 2.062e-08 ( 0.01%)     1.0640 
_1142_                  AND2_X1                          0.0000    0.0000 2.053e-08 2.053e-08 ( 0.01%)     1.0640 
_1143_                  INV_X1                           0.0000    0.0000 1.010e-08 1.010e-08 ( 0.01%)     0.5320 
_1149_                  AND2_X1                          0.0000    0.0000 2.052e-08 2.052e-08 ( 0.01%)     1.0640 
_1150_                  INV_X1                           0.0000    0.0000 1.010e-08 1.010e-08 ( 0.01%)     0.5320 
_1153_                  AND2_X1                          0.0000    0.0000 2.051e-08 2.051e-08 ( 0.01%)     1.0640 
_1154_                  INV_X1                           0.0000    0.0000 1.010e-08 1.010e-08 ( 0.01%)     0.5320 
_1155_                  AND2_X1                          0.0000    0.0000 2.052e-08 2.052e-08 ( 0.01%)     1.0640 
_1156_                  INV_X1                           0.0000    0.0000 1.010e-08 1.010e-08 ( 0.01%)     0.5320 
_1157_                  AND2_X1                          0.0000    0.0000 2.847e-08 2.847e-08 ( 0.02%)     1.0640 
_1167_                  AND2_X1                          0.0000    0.0000 2.052e-08 2.052e-08 ( 0.01%)     1.0640 
_1168_                  INV_X1                           0.0000    0.0000 1.010e-08 1.010e-08 ( 0.01%)     0.5320 
_1170_                  AND2_X1                          0.0000    0.0000 2.052e-08 2.052e-08 ( 0.01%)     1.0640 
_1171_                  INV_X1                           0.0000    0.0000 1.010e-08 1.010e-08 ( 0.01%)     0.5320 
_1176_                  AND2_X1                          0.0000    0.0000 2.052e-08 2.052e-08 ( 0.01%)     1.0640 
_1177_                  INV_X1                           0.0000    0.0000 1.010e-08 1.010e-08 ( 0.01%)     0.5320 
_1181_                  AND2_X1                          0.0000    0.0000 2.052e-08 2.052e-08 ( 0.01%)     1.0640 
_1182_                  INV_X1                           0.0000    0.0000 1.010e-08 1.010e-08 ( 0.01%)     0.5320 
_1194_                  AND2_X1                          0.0000    0.0000 2.052e-08 2.052e-08 ( 0.01%)     1.0640 
_1195_                  INV_X1                           0.0000    0.0000 1.010e-08 1.010e-08 ( 0.01%)     0.5320 
_1196_                  AND2_X1                          0.0000    0.0000 2.052e-08 2.052e-08 ( 0.01%)     1.0640 
_1197_                  INV_X1                           0.0000    0.0000 1.010e-08 1.010e-08 ( 0.01%)     0.5320 
_1198_                  AND2_X1                          0.0000    0.0000 2.847e-08 2.847e-08 ( 0.02%)     1.0640 
_1219_                  AND2_X1                          0.0000    0.0000 2.052e-08 2.052e-08 ( 0.01%)     1.0640 
_1220_                  INV_X1                           0.0000    0.0000 1.010e-08 1.010e-08 ( 0.01%)     0.5320 
_1221_                  AND2_X1                          0.0000    0.0000 2.052e-08 2.052e-08 ( 0.01%)     1.0640 
_1222_                  INV_X1                           0.0000    0.0000 1.010e-08 1.010e-08 ( 0.01%)     0.5320 
_1223_                  AND2_X1                          0.0000    0.0000 2.847e-08 2.847e-08 ( 0.02%)     1.0640 
_1225_                  AND2_X1                          0.0000    0.0000 2.052e-08 2.052e-08 ( 0.01%)     1.0640 
_1226_                  INV_X1                           0.0000    0.0000 1.010e-08 1.010e-08 ( 0.01%)     0.5320 
_1227_                  AND2_X1                          0.0000    0.0000 2.053e-08 2.053e-08 ( 0.01%)     1.0640 
_1228_                  INV_X1                           0.0000    0.0000 1.010e-08 1.010e-08 ( 0.01%)     0.5320 
_1229_                  AND2_X1                          0.0000    0.0000 2.847e-08 2.847e-08 ( 0.02%)     1.0640 
_1230_                  AND2_X1                          0.0000    0.0000 2.052e-08 2.052e-08 ( 0.01%)     1.0640 
_1231_                  INV_X1                           0.0000    0.0000 1.010e-08 1.010e-08 ( 0.01%)     0.5320 
_1232_                  AND2_X1                          0.0000    0.0000 2.051e-08 2.051e-08 ( 0.01%)     1.0640 
_1233_                  INV_X1                           0.0000    0.0000 1.010e-08 1.010e-08 ( 0.01%)     0.5320 
_1234_                  AND2_X1                          0.0000    0.0000 2.847e-08 2.847e-08 ( 0.02%)     1.0640 
_1235_                  AND2_X1                          0.0000    0.0000 2.847e-08 2.847e-08 ( 0.02%)     1.0640 
_1239_                  AND2_X1                          0.0000    0.0000 2.047e-08 2.047e-08 ( 0.01%)     1.0640 
_1240_                  INV_X1                           0.0000    0.0000 1.010e-08 1.010e-08 ( 0.01%)     0.5320 
_1241_                  AND2_X1                          0.0000    0.0000 2.049e-08 2.049e-08 ( 0.01%)     1.0640 
_1242_                  INV_X1                           0.0000    0.0000 1.010e-08 1.010e-08 ( 0.01%)     0.5320 
_1243_                  AND2_X1                          0.0000    0.0000 2.847e-08 2.847e-08 ( 0.02%)     1.0640 
_1244_                  AND2_X1                          0.0000    0.0000 2.049e-08 2.049e-08 ( 0.01%)     1.0640 
_1245_                  INV_X1                           0.0000    0.0000 1.010e-08 1.010e-08 ( 0.01%)     0.5320 
_1264_                  AND2_X1                          0.0000    0.0000 2.049e-08 2.049e-08 ( 0.01%)     1.0640 
_1265_                  INV_X1                           0.0000    0.0000 1.010e-08 1.010e-08 ( 0.01%)     0.5320 
_1267_                  AND2_X1                          0.0000    0.0000 2.049e-08 2.049e-08 ( 0.01%)     1.0640 
_1268_                  INV_X1                           0.0000    0.0000 1.010e-08 1.010e-08 ( 0.01%)     0.5320 
_1273_                  AND2_X1                          0.0000    0.0000 2.050e-08 2.050e-08 ( 0.01%)     1.0640 
_1274_                  INV_X1                           0.0000    0.0000 1.010e-08 1.010e-08 ( 0.01%)     0.5320 
_1275_                  AND2_X1                          0.0000    0.0000 2.049e-08 2.049e-08 ( 0.01%)     1.0640 
_1276_                  INV_X1                           0.0000    0.0000 1.010e-08 1.010e-08 ( 0.01%)     0.5320 
_1277_                  AND2_X1                          0.0000    0.0000 2.847e-08 2.847e-08 ( 0.02%)     1.0640 
_1278_                  AND2_X1                          0.0000    0.0000 2.049e-08 2.049e-08 ( 0.01%)     1.0640 
_1279_                  INV_X1                           0.0000    0.0000 1.010e-08 1.010e-08 ( 0.01%)     0.5320 
_1288_                  AND2_X1                          0.0000    0.0000 2.049e-08 2.049e-08 ( 0.01%)     1.0640 
_1289_                  INV_X1                           0.0000    0.0000 1.010e-08 1.010e-08 ( 0.01%)     0.5320 
_1290_                  AND2_X1                          0.0000    0.0000 2.049e-08 2.049e-08 ( 0.01%)     1.0640 
_1291_                  INV_X1                           0.0000    0.0000 1.010e-08 1.010e-08 ( 0.01%)     0.5320 
_1292_                  AND2_X1                          0.0000    0.0000 2.847e-08 2.847e-08 ( 0.02%)     1.0640 
_1300_                  AND2_X1                          0.0000    0.0000 2.048e-08 2.048e-08 ( 0.01%)     1.0640 
_1301_                  INV_X1                           0.0000    0.0000 1.010e-08 1.010e-08 ( 0.01%)     0.5320 
_1304_                  AND2_X1                          0.0000    0.0000 2.052e-08 2.052e-08 ( 0.01%)     1.0640 
_1305_                  INV_X1                           0.0000    0.0000 1.010e-08 1.010e-08 ( 0.01%)     0.5320 
_1306_                  AND2_X1                          0.0000    0.0000 2.047e-08 2.047e-08 ( 0.01%)     1.0640 
_1307_                  INV_X1                           0.0000    0.0000 1.010e-08 1.010e-08 ( 0.01%)     0.5320 
_1308_                  AND2_X1                          0.0000    0.0000 2.050e-08 2.050e-08 ( 0.01%)     1.0640 
_1309_                  INV_X1                           0.0000    0.0000 1.010e-08 1.010e-08 ( 0.01%)     0.5320 
_1310_                  AND2_X1                          0.0000    0.0000 2.047e-08 2.047e-08 ( 0.01%)     1.0640 
_1311_                  INV_X1                           0.0000    0.0000 1.010e-08 1.010e-08 ( 0.01%)     0.5320 
_1312_                  AND2_X1                          0.0000    0.0000 2.847e-08 2.847e-08 ( 0.02%)     1.0640 
_1313_                  AND2_X1                          0.0000    0.0000 2.847e-08 2.847e-08 ( 0.02%)     1.0640 
_1314_                  INV_X1                           0.0000    0.0000 1.860e-08 1.860e-08 ( 0.01%)     0.5320 
_1320_                  AND2_X1                          0.0000    0.0000 2.374e-08 2.374e-08 ( 0.01%)     1.0640 
_1321_                  INV_X1                           0.0000    0.0000 1.010e-08 1.010e-08 ( 0.01%)     0.5320 
_1322_                  AND2_X1                          0.0000    0.0000 2.847e-08 2.847e-08 ( 0.02%)     1.0640 
_1323_                  INV_X1                           0.0000    0.0000 1.860e-08 1.860e-08 ( 0.01%)     0.5320 
_1324_                  AND2_X1                          0.0000    0.0000 2.050e-08 2.050e-08 ( 0.01%)     1.0640 
_1325_                  INV_X1                           0.0000    0.0000 1.010e-08 1.010e-08 ( 0.01%)     0.5320 
_1326_                  AND2_X1                          0.0000    0.0000 2.048e-08 2.048e-08 ( 0.01%)     1.0640 
_1327_                  INV_X1                           0.0000    0.0000 1.010e-08 1.010e-08 ( 0.01%)     0.5320 
_1328_                  AND2_X1                          0.0000    0.0000 2.050e-08 2.050e-08 ( 0.01%)     1.0640 
_1329_                  INV_X1                           0.0000    0.0000 1.010e-08 1.010e-08 ( 0.01%)     0.5320 
_1330_                  AND2_X1                          0.0000    0.0000 2.847e-08 2.847e-08 ( 0.02%)     1.0640 
_1331_                  AND2_X1                          0.0000    0.0000 2.847e-08 2.847e-08 ( 0.02%)     1.0640 
_1332_                  INV_X1                           0.0000    0.0000 1.860e-08 1.860e-08 ( 0.01%)     0.5320 
_1333_                  AND2_X1                          0.0000    0.0000 2.042e-08 2.042e-08 ( 0.01%)     1.0640 
_1334_                  INV_X1                           0.0000    0.0000 1.010e-08 1.010e-08 ( 0.01%)     0.5320 
_1335_                  AND2_X1                          0.0000    0.0000 2.847e-08 2.847e-08 ( 0.02%)     1.0640 
_1336_                  INV_X1                           0.0000    0.0000 1.860e-08 1.860e-08 ( 0.01%)     0.5320 
_1337_                  AND2_X1                          0.0000    0.0000 2.049e-08 2.049e-08 ( 0.01%)     1.0640 
_1338_                  INV_X1                           0.0000    0.0000 1.010e-08 1.010e-08 ( 0.01%)     0.5320 
_1356_                  AND2_X1                          0.0000    0.0000 2.847e-08 2.847e-08 ( 0.02%)     1.0640 
_1363_                  AND2_X1                          0.0000    0.0000 2.172e-08 2.172e-08 ( 0.01%)     1.0640 
_1364_                  INV_X1                           0.0000    0.0000 1.010e-08 1.010e-08 ( 0.01%)     0.5320 
_1379_                  AND2_X1                          0.0000    0.0000 2.847e-08 2.847e-08 ( 0.02%)     1.0640 
_1395_                  AND2_X1                          0.0000    0.0000 2.052e-08 2.052e-08 ( 0.01%)     1.0640 
_1396_                  INV_X1                           0.0000    0.0000 1.010e-08 1.010e-08 ( 0.01%)     0.5320 
_1397_                  AND2_X1                          0.0000    0.0000 2.847e-08 2.847e-08 ( 0.02%)     1.0640 
_1407_                  AND2_X1                          0.0000    0.0000 2.345e-08 2.345e-08 ( 0.01%)     1.0640 
_1408_                  INV_X1                           0.0000    0.0000 1.010e-08 1.010e-08 ( 0.01%)     0.5320 
_1409_                  AND2_X1                          0.0000    0.0000 3.085e-08 3.085e-08 ( 0.02%)     1.0640 
_1410_                  INV_X1                           0.0000    0.0000 1.010e-08 1.010e-08 ( 0.01%)     0.5320 
_1411_                  AND2_X1                          0.0000    0.0000 2.062e-08 2.062e-08 ( 0.01%)     1.0640 
_1412_                  INV_X1                           0.0000    0.0000 1.010e-08 1.010e-08 ( 0.01%)     0.5320 
_1413_                  AND2_X1                          0.0000    0.0000 3.085e-08 3.085e-08 ( 0.02%)     1.0640 
_1414_                  AND2_X1                          0.0000    0.0000 2.062e-08 2.062e-08 ( 0.01%)     1.0640 
_1415_                  INV_X1                           0.0000    0.0000 1.010e-08 1.010e-08 ( 0.01%)     0.5320 
_1429_                  AND2_X1                          0.0000    0.0000 2.847e-08 2.847e-08 ( 0.02%)     1.0640 
_1430_                  AND2_X1                          0.0000    0.0000 2.847e-08 2.847e-08 ( 0.02%)     1.0640 
_1449_                  AND2_X1                          0.0000    0.0000 2.059e-08 2.059e-08 ( 0.01%)     1.0640 
_1450_                  AND2_X1                          0.0000    0.0000 2.035e-08 2.035e-08 ( 0.01%)     1.0640 
_1451_                  AND2_X1                          0.0000    0.0000 2.062e-08 2.062e-08 ( 0.01%)     1.0640 
_1452_                  AND2_X1                          0.0000    0.0000 2.059e-08 2.059e-08 ( 0.01%)     1.0640 
_1453_                  AND2_X1                          0.0000    0.0000 2.035e-08 2.035e-08 ( 0.01%)     1.0640 
_1454_                  AND2_X1                          0.0000    0.0000 2.062e-08 2.062e-08 ( 0.01%)     1.0640 
_1455_                  AND2_X1                          0.0000    0.0000 2.032e-08 2.032e-08 ( 0.01%)     1.0640 
_1456_                  AND2_X1                          0.0000    0.0000 2.032e-08 2.032e-08 ( 0.01%)     1.0640 
_1457_                  AND2_X1                          0.0000    0.0000 2.032e-08 2.032e-08 ( 0.01%)     1.0640 
------------------------------------------------------------------------------------------------------------------------
Totals (732 cells)                                    9.074e-05 5.337e-05 1.420e-05 1.583e-04 (100.0%)   597.9706
1
