****************************************
Report : Averaged Power
	-net_power
	-sort_by net_switching_power
	-nosplit
Design : Rocket/bpu (BreakpointUnit)
Version: T-2022.03-SP3
Date   : Tue May 20 11:35:13 2025
****************************************



  Attributes
  ----------
      a  -  Switching activity information / Switching power information annotated on net
      p  -  Propagated switching activity information on net
      d  -  Default switching activity used on net
      u  -  Net switching activity uninitialized
      m  -  Net is driven by multiple pins
      b  -  Net is a primary input (boundary net)

		Toggle rates reported with respect to time unit 1ns
--------------------------------------------------------------------------------
                                  Total      Static   Toggle   Switching
Net                         Vdd   Net Load   Prob.    Rate     Power      Attrs
--------------------------------------------------------------------------------
io_pc[1]                    1.10    0.008    0.535    0.2703   1.357e-06  p
io_pc[30]                   1.10    0.008    0.498    0.2029   1.018e-06  p
io_pc[12]                   1.10    0.008    0.504    0.2015   1.011e-06  p
io_pc[26]                   1.10    0.008    0.515    0.2014   1.011e-06  p
io_pc[15]                   1.10    0.008    0.501    0.2010   1.009e-06  p
io_pc[8]                    1.10    0.008    0.501    0.2004   1.006e-06  p
io_pc[7]                    1.10    0.008    0.498    0.2003   1.005e-06  p
io_pc[23]                   1.10    0.008    0.496    0.1998   1.003e-06  p
io_pc[6]                    1.10    0.008    0.502    0.1992   9.999e-07  p
io_pc[27]                   1.10    0.008    0.495    0.1991   9.993e-07  p
io_pc[25]                   1.10    0.008    0.497    0.1989   9.983e-07  p
io_pc[21]                   1.10    0.008    0.493    0.1987   9.975e-07  p
io_pc[9]                    1.10    0.008    0.493    0.1986   9.971e-07  p
io_pc[28]                   1.10    0.008    0.502    0.1985   9.963e-07  p
io_pc[18]                   1.10    0.008    0.495    0.1984   9.961e-07  p
io_pc[4]                    1.10    0.008    0.497    0.1984   9.959e-07  p
io_pc[13]                   1.10    0.008    0.500    0.1984   9.957e-07  p
io_pc[22]                   1.10    0.008    0.506    0.1980   9.940e-07  p
io_pc[5]                    1.10    0.008    0.495    0.1979   9.932e-07  p
io_pc[31]                   1.10    0.008    0.505    0.1978   9.928e-07  p
io_pc[16]                   1.10    0.008    0.487    0.1976   9.920e-07  p
io_pc[24]                   1.10    0.008    0.497    0.1976   9.920e-07  p
io_pc[17]                   1.10    0.008    0.507    0.1975   9.914e-07  p
io_pc[20]                   1.10    0.008    0.494    0.1973   9.905e-07  p
io_pc[19]                   1.10    0.008    0.495    0.1973   9.901e-07  p
io_pc[14]                   1.10    0.008    0.506    0.1972   9.897e-07  p
io_pc[2]                    1.10    0.008    0.498    0.1967   9.871e-07  p
io_pc[29]                   1.10    0.008    0.490    0.1965   9.865e-07  p
io_pc[3]                    1.10    0.008    0.508    0.1952   9.797e-07  p
io_pc[11]                   1.10    0.008    0.503    0.1942   9.746e-07  p
io_pc[10]                   1.10    0.008    0.498    0.1933   9.703e-07  p
io_pc[0]                    1.10    0.007    0.501    0.2033   8.489e-07  p
io_ea[1]                    1.10    0.011    0.513    0.0813   5.209e-07  p
io_ea[2]                    1.10    0.011    0.427    0.0732   4.693e-07  p
io_ea[8]                    1.10    0.011    0.439    0.0664   4.560e-07  p
io_ea[4]                    1.10    0.011    0.415    0.0696   4.461e-07  p
io_ea[3]                    1.10    0.011    0.471    0.0689   4.419e-07  p
io_status_debug             1.10    0.016    0.115    0.0446   4.271e-07  p
_0236_                      1.10    0.003    0.465    0.2703   4.239e-07  p
io_ea[30]                   1.10    0.011    0.339    0.0608   4.174e-07  p
io_ea[7]                    1.10    0.010    0.436    0.0709   4.174e-07  p
io_ea[6]                    1.10    0.010    0.444    0.0705   4.152e-07  p
io_ea[5]                    1.10    0.010    0.467    0.0701   4.128e-07  p
_0180_                      1.10    0.003    0.495    0.1984   4.050e-07  p
_0186_                      1.10    0.003    0.487    0.1976   4.034e-07  p
_0203_                      1.10    0.003    0.506    0.1972   4.025e-07  p
_0218_                      1.10    0.003    0.245    0.1954   3.988e-07  p
_0121_                      1.10    0.003    0.502    0.1985   3.983e-07  p
io_ea[12]                   1.10    0.010    0.455    0.0670   3.944e-07  p
_0117_                      1.10    0.003    0.250    0.1964   3.942e-07  p
io_ea[10]                   1.10    0.010    0.432    0.0667   3.930e-07  p
io_ea[14]                   1.10    0.010    0.443    0.0664   3.910e-07  p
_0136_                      1.10    0.003    0.253    0.1948   3.909e-07  p
io_ea[9]                    1.10    0.010    0.397    0.0663   3.903e-07  p
_0296_                      1.10    0.003    0.252    0.1908   3.893e-07  p
io_ea[11]                   1.10    0.010    0.429    0.0656   3.862e-07  p
_0279_                      1.10    0.003    0.248    0.1917   3.846e-07  p
io_ea[15]                   1.10    0.010    0.439    0.0652   3.841e-07  p
_0104_                      1.10    0.003    0.247    0.1913   3.839e-07  p
io_ea[13]                   1.10    0.010    0.502    0.0637   3.750e-07  p
io_ea[17]                   1.10    0.010    0.362    0.0630   3.712e-07  p
io_ea[19]                   1.10    0.010    0.345    0.0628   3.697e-07  p
io_ea[27]                   1.10    0.010    0.340    0.0624   3.673e-07  p
io_ea[18]                   1.10    0.010    0.334    0.0617   3.635e-07  p
io_ea[21]                   1.10    0.010    0.338    0.0617   3.632e-07  p
io_ea[22]                   1.10    0.010    0.333    0.0612   3.604e-07  p
io_ea[16]                   1.10    0.010    0.322    0.0609   3.587e-07  p
io_ea[23]                   1.10    0.010    0.347    0.0608   3.577e-07  p
io_ea[28]                   1.10    0.010    0.346    0.0603   3.551e-07  p
io_ea[24]                   1.10    0.010    0.327    0.0603   3.549e-07  p
io_ea[25]                   1.10    0.010    0.339    0.0601   3.541e-07  p
io_ea[31]                   1.10    0.010    0.365    0.0600   3.532e-07  p
io_ea[0]                    1.10    0.009    0.356    0.0647   3.515e-07  p
io_ea[20]                   1.10    0.010    0.338    0.0596   3.508e-07  p
io_ea[29]                   1.10    0.010    0.339    0.0592   3.486e-07  p
io_ea[26]                   1.10    0.010    0.343    0.0591   3.481e-07  p
_0235_                      1.10    0.002    0.535    0.2703   3.287e-07  p
_0380_                      1.10    0.002    0.465    0.2703   3.287e-07  p
_0382_                      1.10    0.002    0.535    0.2703   3.287e-07  p
_0223_                      1.10    0.003    0.502    0.2003   3.141e-07  p
_0249_                      1.10    0.003    0.492    0.1952   3.127e-07  p
_0174_                      1.10    0.003    0.505    0.1973   3.093e-07  p
_0247_                      1.10    0.003    0.502    0.1967   3.083e-07  p
_0199_                      1.10    0.003    0.499    0.2010   3.083e-07  p
_0124_                      1.10    0.003    0.510    0.1965   3.082e-07  p
_0143_                      1.10    0.003    0.250    0.1964   3.080e-07  p
_0151_                      1.10    0.003    0.507    0.1987   3.048e-07  p
_0268_                      1.10    0.003    0.249    0.1942   3.045e-07  p
_0230_                      1.10    0.003    0.503    0.1984   3.043e-07  p
_0190_                      1.10    0.003    0.493    0.1975   3.029e-07  p
_0170_                      1.10    0.003    0.247    0.1931   3.027e-07  p
_0156_                      1.10    0.003    0.506    0.1973   3.027e-07  p
_0146_                      1.10    0.003    0.247    0.1913   2.999e-07  p
_0183_                      1.10    0.003    0.255    0.1933   2.965e-07  p
_0131_                      1.10    0.003    0.257    0.1929   2.959e-07  p
_0286_                      1.10    0.003    0.248    0.1917   2.939e-07  p
_0211_                      1.10    0.003    0.248    0.1883   2.888e-07  p
_0385_                      1.10    0.002    0.234    0.2161   2.628e-07  p
_0387_                      1.10    0.002    0.766    0.2161   2.628e-07  p
_0396_                      1.10    0.002    0.501    0.2033   2.473e-07  p
_0398_                      1.10    0.002    0.499    0.2033   2.473e-07  p
_0400_                      1.10    0.002    0.501    0.2033   2.473e-07  p
_0329_                      1.10    0.002    0.241    0.2030   2.468e-07  p
_0115_                      1.10    0.002    0.498    0.2029   2.467e-07  p
_0216_                      1.10    0.002    0.504    0.2015   2.450e-07  p
_0102_                      1.10    0.002    0.515    0.2014   2.449e-07  p
_0198_                      1.10    0.002    0.501    0.2010   2.444e-07  p
_0294_                      1.10    0.002    0.501    0.2004   2.437e-07  p
_0222_                      1.10    0.002    0.498    0.2003   2.436e-07  p
_0166_                      1.10    0.002    0.496    0.1998   2.429e-07  p
_0338_                      1.10    0.002    0.246    0.1994   2.425e-07  p
_0264_                      1.10    0.002    0.502    0.1992   2.423e-07  p
_0100_                      1.10    0.002    0.495    0.1991   2.421e-07  p
_0132_                      1.10    0.002    0.497    0.1989   2.419e-07  p
_0150_                      1.10    0.002    0.493    0.1987   2.417e-07  p
_0292_                      1.10    0.002    0.493    0.1986   2.416e-07  p
_0331_                      1.10    0.002    0.502    0.1985   2.414e-07  p
_0347_                      1.10    0.002    0.495    0.1984   2.413e-07  p
_0229_                      1.10    0.002    0.497    0.1984   2.413e-07  p
_0214_                      1.10    0.002    0.500    0.1984   2.412e-07  p
_0168_                      1.10    0.002    0.506    0.1980   2.408e-07  p
_0266_                      1.10    0.002    0.495    0.1979   2.406e-07  p
_0113_                      1.10    0.002    0.505    0.1978   2.405e-07  p
_0134_                      1.10    0.002    0.497    0.1976   2.403e-07  p
_0341_                      1.10    0.002    0.487    0.1976   2.403e-07  p
_0189_                      1.10    0.002    0.507    0.1975   2.402e-07  p
_0155_                      1.10    0.002    0.494    0.1973   2.400e-07  p
_0173_                      1.10    0.002    0.495    0.1973   2.399e-07  p
_0314_                      1.10    0.002    0.506    0.1972   2.398e-07  p
_0246_                      1.10    0.002    0.498    0.1967   2.391e-07  p
_0123_                      1.10    0.002    0.490    0.1965   2.390e-07  p
_0336_                      1.10    0.002    0.750    0.1964   2.388e-07  p
_0248_                      1.10    0.002    0.508    0.1952   2.374e-07  p
_0389_                      1.10    0.002    0.492    0.1952   2.374e-07  p
_0391_                      1.10    0.002    0.508    0.1952   2.374e-07  p
_0275_                      1.10    0.002    0.503    0.1942   2.361e-07  p
_0343_                      1.10    0.002    0.259    0.1934   2.351e-07  p
_0277_                      1.10    0.002    0.498    0.1933   2.351e-07  p
_0302_                      1.10    0.002    0.752    0.1917   2.331e-07  p
_0322_                      1.10    0.002    0.753    0.1913   2.326e-07  p
_0345_                      1.10    0.002    0.187    0.1866   2.269e-07  p
_0312_                      1.10    0.002    0.185    0.1845   2.243e-07  p
_0325_                      1.10    0.002    0.185    0.1842   2.240e-07  p
_0305_                      1.10    0.002    0.183    0.1841   2.239e-07  p
_0381_                      1.10    0.001    0.535    0.2703   2.101e-07  p
_0035_                      1.10    0.001    0.465    0.2703   2.008e-07  p
_0383_                      1.10    0.001    0.465    0.2703   2.008e-07  p
_0386_                      1.10    0.001    0.766    0.2161   1.679e-07  p
_0388_                      1.10    0.001    0.234    0.2161   1.605e-07  p
_0397_                      1.10    0.001    0.499    0.2033   1.580e-07  p
_0399_                      1.10    0.001    0.501    0.2033   1.580e-07  p
_0116_                      1.10    0.001    0.502    0.2029   1.576e-07  p
_0217_                      1.10    0.001    0.496    0.2015   1.565e-07  p
_0103_                      1.10    0.001    0.485    0.2014   1.565e-07  p
_0295_                      1.10    0.001    0.499    0.2004   1.558e-07  p
_0402_                      1.10    0.001    0.502    0.2003   1.557e-07  p
_0339_                      1.10    0.001    0.754    0.1994   1.550e-07  p
_0332_                      1.10    0.001    0.498    0.1985   1.542e-07  p
_0181_                      1.10    0.001    0.505    0.1984   1.542e-07  p
_0182_                      1.10    0.001    0.505    0.1984   1.542e-07  p
_0169_                      1.10    0.001    0.494    0.1980   1.539e-07  p
_0267_                      1.10    0.001    0.505    0.1979   1.538e-07  p
_0135_                      1.10    0.001    0.503    0.1976   1.536e-07  p
_0187_                      1.10    0.001    0.513    0.1976   1.536e-07  p
_0342_                      1.10    0.001    0.513    0.1976   1.536e-07  p
_0193_                      1.10    0.001    0.493    0.1975   1.535e-07  p
_0159_                      1.10    0.001    0.506    0.1973   1.533e-07  p
_0209_                      1.10    0.001    0.494    0.1972   1.532e-07  p
_0315_                      1.10    0.001    0.494    0.1972   1.532e-07  p
_0384_                      1.10    0.001    0.502    0.1967   1.528e-07  p
_0219_                      1.10    0.001    0.755    0.1954   1.518e-07  p
_0220_                      1.10    0.001    0.245    0.1954   1.518e-07  p
_0390_                      1.10    0.001    0.508    0.1952   1.517e-07  p
_0392_                      1.10    0.001    0.492    0.1952   1.517e-07  p
_0137_                      1.10    0.001    0.747    0.1948   1.514e-07  p
_0324_                      1.10    0.001    0.747    0.1948   1.514e-07  p
_0034_                      1.10    0.001    0.499    0.2033   1.510e-07  p
_0401_                      1.10    0.001    0.499    0.2033   1.510e-07  p
_0330_                      1.10    0.001    0.759    0.2030   1.508e-07  p
_0064_                      1.10    0.001    0.502    0.2029   1.507e-07  p
_0349_                      1.10    0.001    0.258    0.1935   1.504e-07  p
_0403_                      1.10    0.001    0.254    0.1935   1.504e-07  p
_0194_                      1.10    0.001    0.259    0.1934   1.502e-07  p
_0344_                      1.10    0.001    0.741    0.1934   1.502e-07  p
_0278_                      1.10    0.001    0.502    0.1933   1.502e-07  p
_0171_                      1.10    0.001    0.247    0.1931   1.500e-07  p
_0333_                      1.10    0.001    0.257    0.1929   1.499e-07  p
_0046_                      1.10    0.001    0.496    0.2015   1.497e-07  p
_0060_                      1.10    0.001    0.485    0.2014   1.496e-07  p
_0049_                      1.10    0.001    0.499    0.2010   1.493e-07  p
_0202_                      1.10    0.001    0.499    0.2010   1.493e-07  p
_0042_                      1.10    0.001    0.499    0.2004   1.489e-07  p
_0041_                      1.10    0.001    0.502    0.2003   1.488e-07  p
_0147_                      1.10    0.001    0.247    0.1913   1.486e-07  p
_0057_                      1.10    0.001    0.504    0.1998   1.484e-07  p
_0167_                      1.10    0.001    0.504    0.1998   1.484e-07  p
_0297_                      1.10    0.001    0.748    0.1908   1.482e-07  p
_0298_                      1.10    0.001    0.252    0.1908   1.482e-07  p
_0040_                      1.10    0.001    0.498    0.1992   1.480e-07  p
_0265_                      1.10    0.001    0.498    0.1992   1.480e-07  p
_0061_                      1.10    0.001    0.505    0.1991   1.479e-07  p
_0101_                      1.10    0.001    0.505    0.1991   1.479e-07  p
_0059_                      1.10    0.001    0.503    0.1989   1.478e-07  p
_0133_                      1.10    0.001    0.503    0.1989   1.478e-07  p
_0055_                      1.10    0.001    0.507    0.1987   1.476e-07  p
_0154_                      1.10    0.001    0.507    0.1987   1.476e-07  p
_0043_                      1.10    0.001    0.507    0.1986   1.476e-07  p
_0293_                      1.10    0.001    0.507    0.1986   1.476e-07  p
_0062_                      1.10    0.001    0.498    0.1985   1.474e-07  p
_0122_                      1.10    0.001    0.498    0.1985   1.474e-07  p
_0052_                      1.10    0.001    0.505    0.1984   1.474e-07  p
_0348_                      1.10    0.001    0.505    0.1984   1.474e-07  p
_0038_                      1.10    0.001    0.503    0.1984   1.474e-07  p
_0047_                      1.10    0.001    0.500    0.1984   1.474e-07  p
_0215_                      1.10    0.001    0.500    0.1984   1.474e-07  p
_0056_                      1.10    0.001    0.494    0.1980   1.471e-07  p
_0039_                      1.10    0.001    0.505    0.1979   1.470e-07  p
_0250_                      1.10    0.001    0.245    0.1891   1.470e-07  p
_0065_                      1.10    0.001    0.495    0.1978   1.469e-07  p
_0114_                      1.10    0.001    0.495    0.1978   1.469e-07  p
_0050_                      1.10    0.001    0.513    0.1976   1.468e-07  p
_0058_                      1.10    0.001    0.503    0.1976   1.468e-07  p
_0188_                      1.10    0.001    0.513    0.1976   1.468e-07  p
_0051_                      1.10    0.001    0.493    0.1975   1.467e-07  p
_0054_                      1.10    0.001    0.506    0.1973   1.466e-07  p
_0053_                      1.10    0.001    0.505    0.1973   1.465e-07  p
_0177_                      1.10    0.001    0.505    0.1973   1.465e-07  p
_0048_                      1.10    0.001    0.494    0.1972   1.465e-07  p
_0204_                      1.10    0.001    0.494    0.1972   1.465e-07  p
_0210_                      1.10    0.001    0.248    0.1883   1.463e-07  p
_0316_                      1.10    0.001    0.248    0.1883   1.463e-07  p
_0036_                      1.10    0.001    0.502    0.1967   1.461e-07  p
_0063_                      1.10    0.001    0.510    0.1965   1.460e-07  p
_0118_                      1.10    0.001    0.750    0.1964   1.459e-07  p
_0337_                      1.10    0.001    0.250    0.1964   1.459e-07  p
_0160_                      1.10    0.001    0.258    0.1963   1.458e-07  p
_0037_                      1.10    0.001    0.492    0.1952   1.450e-07  p
_0395_                      1.10    0.001    0.249    0.1942   1.443e-07  p
_0045_                      1.10    0.001    0.497    0.1942   1.442e-07  p
_0276_                      1.10    0.001    0.497    0.1942   1.442e-07  p
_0299_                      1.10    0.003    0.065    0.0918   1.439e-07  p
_0044_                      1.10    0.001    0.502    0.1933   1.436e-07  p
_0125_                      1.10    0.001    0.257    0.1929   1.433e-07  p
_0326_                      1.10    0.001    0.815    0.1842   1.431e-07  p
_0304_                      1.10    0.001    0.183    0.1841   1.431e-07  p
_0306_                      1.10    0.001    0.817    0.1841   1.431e-07  p
_0221_                      1.10    0.003    0.063    0.0929   1.425e-07  p
_0280_                      1.10    0.001    0.752    0.1917   1.424e-07  p
_0303_                      1.10    0.001    0.248    0.1917   1.424e-07  p
_0105_                      1.10    0.001    0.753    0.1913   1.421e-07  p
_0323_                      1.10    0.001    0.247    0.1913   1.421e-07  p
_0346_                      1.10    0.001    0.813    0.1866   1.386e-07  p
_0313_                      1.10    0.001    0.815    0.1845   1.371e-07  p
_0542_                      1.10    0.003    0.432    0.0667   1.361e-07  p
_0553_                      1.10    0.003    0.439    0.0664   1.355e-07  p
_0482_                      1.10    0.003    0.488    0.0620   1.266e-07  p
_0490_                      1.10    0.003    0.496    0.0622   1.248e-07  p
_0576_                      1.10    0.003    0.487    0.0812   1.246e-07  p
_0451_                      1.10    0.003    0.327    0.0602   1.229e-07  p
_0445_                      1.10    0.003    0.342    0.0591   1.206e-07  p
_0591_                      1.10    0.003    0.573    0.0732   1.172e-07  p
_0310_                      1.10    0.002    0.063    0.0929   1.130e-07  p
_0300_                      1.10    0.002    0.065    0.0918   1.116e-07  p
_0404_                      1.10    0.001    0.126    0.1431   1.112e-07  p
_0327_                      1.10    0.002    0.062    0.0915   1.112e-07  p
_0350_                      1.10    0.001    0.129    0.1429   1.110e-07  p
_0393_                      1.10    0.001    0.116    0.1469   1.091e-07  p
_0572_                      1.10    0.003    0.585    0.0695   1.090e-07  p
_0560_                      1.10    0.003    0.564    0.0708   1.087e-07  p
_0589_                      1.10    0.003    0.529    0.0689   1.080e-07  p
_0001_                      1.10    0.004    0.885    0.0446   1.052e-07  p
_0520_                      1.10    0.003    0.603    0.0662   1.039e-07  p
_0536_                      1.10    0.003    0.571    0.0656   1.005e-07  p
_0575_                      1.10    0.002    0.513    0.0812   9.876e-08  p
_0707_                      1.10    0.002    0.487    0.0812   9.876e-08  p
_0709_                      1.10    0.002    0.513    0.0812   9.876e-08  p
_0570_                      1.10    0.003    0.323    0.0629   9.642e-08  p
_0439_                      1.10    0.003    0.660    0.0624   9.567e-08  p
_0545_                      1.10    0.003    0.361    0.0623   9.549e-08  p
_0497_                      1.10    0.003    0.496    0.0622   9.536e-08  p
_0457_                      1.10    0.003    0.661    0.0592   9.479e-08  p
_0434_                      1.10    0.003    0.654    0.0603   9.455e-08  p
_0474_                      1.10    0.003    0.663    0.0616   9.455e-08  p
_0527_                      1.10    0.003    0.346    0.0615   9.436e-08  p
_0418_                      1.10    0.003    0.662    0.0601   9.430e-08  p
_0421_                      1.10    0.003    0.662    0.0608   9.318e-08  p
_0477_                      1.10    0.003    0.507    0.0604   9.261e-08  p
_0432_                      1.10    0.003    0.635    0.0599   9.193e-08  p
_0448_                      1.10    0.003    0.494    0.0595   9.130e-08  p
_0466_                      1.10    0.003    0.487    0.0594   9.118e-08  p
_0590_                      1.10    0.002    0.427    0.0732   8.897e-08  p
_0532_                      1.10    0.003    0.319    0.0564   8.843e-08  p
_0559_                      1.10    0.002    0.436    0.0708   8.615e-08  p
_0566_                      1.10    0.002    0.444    0.0704   8.565e-08  p
_0568_                      1.10    0.002    0.467    0.0701   8.525e-08  p
_0571_                      1.10    0.002    0.415    0.0695   8.456e-08  p
_0588_                      1.10    0.002    0.471    0.0689   8.377e-08  p
_0689_                      1.10    0.002    0.529    0.0689   8.377e-08  p
_0691_                      1.10    0.002    0.471    0.0689   8.377e-08  p
_0530_                      1.10    0.002    0.455    0.0669   8.140e-08  p
_0620_                      1.10    0.002    0.432    0.0667   8.110e-08  p
_0525_                      1.10    0.002    0.443    0.0664   8.075e-08  p
_0614_                      1.10    0.002    0.439    0.0664   8.075e-08  p
_0519_                      1.10    0.002    0.397    0.0662   8.055e-08  p
_0712_                      1.10    0.002    0.312    0.0656   7.976e-08  p
_0714_                      1.10    0.002    0.688    0.0656   7.976e-08  p
_0535_                      1.10    0.002    0.429    0.0656   7.971e-08  p
_0523_                      1.10    0.002    0.438    0.0652   7.932e-08  p
_0693_                      1.10    0.002    0.356    0.0647   7.867e-08  p
_0695_                      1.10    0.002    0.644    0.0647   7.867e-08  p
_0697_                      1.10    0.002    0.356    0.0647   7.867e-08  p
_0528_                      1.10    0.002    0.502    0.0636   7.739e-08  p
_0478_                      1.10    0.002    0.362    0.0630   7.665e-08  p
_0486_                      1.10    0.002    0.345    0.0628   7.635e-08  p
_0438_                      1.10    0.002    0.340    0.0624   7.585e-08  p
_0663_                      1.10    0.002    0.504    0.0622   7.561e-08  p
_0488_                      1.10    0.002    0.334    0.0617   7.506e-08  p
_0473_                      1.10    0.002    0.337    0.0616   7.496e-08  p
_0195_                      1.10    0.001    0.069    0.0962   7.478e-08  p
_0464_                      1.10    0.002    0.333    0.0612   7.437e-08  p
_0480_                      1.10    0.002    0.322    0.0609   7.407e-08  p
_0420_                      1.10    0.002    0.338    0.0608   7.387e-08  p
_0462_                      1.10    0.002    0.347    0.0607   7.382e-08  p
_0433_                      1.10    0.002    0.346    0.0603   7.333e-08  p
_0616_                      1.10    0.002    0.366    0.0603   7.333e-08  p
_0640_                      1.10    0.002    0.327    0.0602   7.323e-08  p
_0148_                      1.10    0.001    0.066    0.0941   7.313e-08  p
_0417_                      1.10    0.002    0.338    0.0601   7.313e-08  p
_0642_                      1.10    0.002    0.502    0.0600   7.293e-08  p
_0431_                      1.10    0.002    0.365    0.0599   7.288e-08  p
_0475_                      1.10    0.002    0.337    0.0595   7.239e-08  p
_0317_                      1.10    0.001    0.063    0.0929   7.218e-08  p
_0351_                      1.10    0.002    0.035    0.0593   7.209e-08  p
_0353_                      1.10    0.002    0.965    0.0593   7.209e-08  p
_0456_                      1.10    0.002    0.339    0.0592   7.194e-08  p
_0646_                      1.10    0.002    0.342    0.0591   7.185e-08  p
_0144_                      1.10    0.001    0.065    0.0966   7.179e-08  p
_0307_                      1.10    0.001    0.065    0.0918   7.130e-08  p
_0328_                      1.10    0.001    0.938    0.0915   7.108e-08  p
_0311_                      1.10    0.001    0.937    0.0929   6.901e-08  p
_0172_                      1.10    0.001    0.062    0.0928   6.892e-08  p
_0301_                      1.10    0.001    0.935    0.0918   6.816e-08  p
_0708_                      1.10    0.001    0.513    0.0812   6.311e-08  p
_0003_                      1.10    0.001    0.487    0.0812   6.033e-08  p
_0710_                      1.10    0.001    0.487    0.0812   6.033e-08  p
_0711_                      1.10    0.001    0.573    0.0732   5.685e-08  p
_0569_                      1.10    0.001    0.533    0.0701   5.448e-08  p
_0004_                      1.10    0.001    0.573    0.0732   5.435e-08  p
_0690_                      1.10    0.001    0.471    0.0689   5.353e-08  p
_0009_                      1.10    0.001    0.564    0.0708   5.263e-08  p
_0008_                      1.10    0.001    0.556    0.0704   5.232e-08  p
_0567_                      1.10    0.001    0.556    0.0704   5.232e-08  p
_0007_                      1.10    0.001    0.533    0.0701   5.208e-08  p
_0531_                      1.10    0.001    0.545    0.0669   5.201e-08  p
_0543_                      1.10    0.001    0.568    0.0667   5.182e-08  p
_0544_                      1.10    0.001    0.568    0.0667   5.182e-08  p
_0621_                      1.10    0.001    0.568    0.0667   5.182e-08  p
_0006_                      1.10    0.001    0.585    0.0695   5.166e-08  p
_0526_                      1.10    0.001    0.557    0.0664   5.160e-08  p
_0554_                      1.10    0.001    0.561    0.0664   5.160e-08  p
_0555_                      1.10    0.001    0.561    0.0664   5.160e-08  p
_0556_                      1.10    0.001    0.561    0.0664   5.160e-08  p
_0615_                      1.10    0.001    0.561    0.0664   5.160e-08  p
_0521_                      1.10    0.001    0.603    0.0662   5.147e-08  p
_0005_                      1.10    0.001    0.529    0.0689   5.118e-08  p
_0692_                      1.10    0.001    0.529    0.0689   5.118e-08  p
_0713_                      1.10    0.001    0.688    0.0656   5.097e-08  p
_0715_                      1.10    0.001    0.312    0.0656   5.097e-08  p
_0618_                      1.10    0.002    0.155    0.0415   5.047e-08  p
_0694_                      1.10    0.001    0.644    0.0647   5.027e-08  p
_0696_                      1.10    0.001    0.356    0.0647   5.027e-08  p
_0704_                      1.10    0.001    0.346    0.0645   5.015e-08  p
_0014_                      1.10    0.001    0.545    0.0669   4.972e-08  p
_0461_                      1.10    0.003    0.340    0.0323   4.962e-08  p
_0012_                      1.10    0.001    0.568    0.0667   4.954e-08  p
_0010_                      1.10    0.001    0.561    0.0664   4.933e-08  p
_0016_                      1.10    0.001    0.557    0.0664   4.933e-08  p
_0011_                      1.10    0.001    0.603    0.0662   4.921e-08  p
_0522_                      1.10    0.001    0.603    0.0662   4.921e-08  p
_0699_                      1.10    0.001    0.323    0.0629   4.885e-08  p
_0013_                      1.10    0.001    0.571    0.0656   4.870e-08  p
_0539_                      1.10    0.001    0.571    0.0656   4.870e-08  p
_0017_                      1.10    0.001    0.562    0.0652   4.845e-08  p
_0524_                      1.10    0.001    0.562    0.0652   4.845e-08  p
_0622_                      1.10    0.001    0.361    0.0623   4.838e-08  p
_0509_                      1.10    0.001    0.496    0.0622   4.831e-08  p
_0664_                      1.10    0.001    0.496    0.0622   4.831e-08  p
_0660_                      1.10    0.001    0.512    0.0620   4.819e-08  p
_0002_                      1.10    0.001    0.644    0.0647   4.806e-08  p
_0698_                      1.10    0.001    0.644    0.0647   4.806e-08  p
_0489_                      1.10    0.001    0.666    0.0617   4.796e-08  p
_0701_                      1.10    0.001    0.346    0.0645   4.794e-08  p
_0623_                      1.10    0.002    0.205    0.0394   4.790e-08  p
_0625_                      1.10    0.002    0.795    0.0394   4.790e-08  p
_0465_                      1.10    0.001    0.667    0.0612   4.752e-08  p
_0481_                      1.10    0.001    0.678    0.0609   4.733e-08  p
_0015_                      1.10    0.001    0.498    0.0636   4.728e-08  p
_0529_                      1.10    0.001    0.498    0.0636   4.728e-08  p
_0424_                      1.10    0.001    0.662    0.0608   4.721e-08  p
_0650_                      1.10    0.002    0.355    0.0387   4.711e-08  p
_0653_                      1.10    0.002    0.645    0.0387   4.711e-08  p
_0678_                      1.10    0.001    0.631    0.0605   4.705e-08  p
_0511_                      1.10    0.003    0.335    0.0306   4.693e-08  p
_0459_                      1.10    0.001    0.506    0.0603   4.689e-08  p
_0617_                      1.10    0.001    0.634    0.0603   4.686e-08  p
_0019_                      1.10    0.001    0.638    0.0630   4.682e-08  p
_0479_                      1.10    0.001    0.638    0.0630   4.682e-08  p
_0452_                      1.10    0.001    0.673    0.0602   4.679e-08  p
_0641_                      1.10    0.001    0.673    0.0602   4.679e-08  p
_0021_                      1.10    0.001    0.655    0.0628   4.664e-08  p
_0487_                      1.10    0.001    0.655    0.0628   4.664e-08  p
_0643_                      1.10    0.001    0.498    0.0600   4.660e-08  p
_0655_                      1.10    0.001    0.510    0.0600   4.660e-08  p
_0592_                      1.10    0.001    0.325    0.0599   4.654e-08  p
_0029_                      1.10    0.001    0.660    0.0624   4.634e-08  p
_0442_                      1.10    0.001    0.660    0.0624   4.634e-08  p
_0648_                      1.10    0.001    0.499    0.0596   4.632e-08  p
_0476_                      1.10    0.001    0.663    0.0595   4.626e-08  p
_0491_                      1.10    0.001    0.504    0.0622   4.619e-08  p
_0352_                      1.10    0.001    0.965    0.0593   4.607e-08  p
_0354_                      1.10    0.001    0.035    0.0593   4.607e-08  p
_0483_                      1.10    0.001    0.512    0.0620   4.607e-08  p
_0458_                      1.10    0.001    0.661    0.0592   4.597e-08  p
_0446_                      1.10    0.001    0.658    0.0591   4.591e-08  p
_0447_                      1.10    0.001    0.658    0.0591   4.591e-08  p
_0647_                      1.10    0.001    0.658    0.0591   4.591e-08  p
_0020_                      1.10    0.001    0.666    0.0617   4.586e-08  p
_0023_                      1.10    0.001    0.663    0.0616   4.579e-08  p
_0435_                      1.10    0.001    0.486    0.0588   4.569e-08  p
_0436_                      1.10    0.001    0.486    0.0588   4.569e-08  p
_0024_                      1.10    0.001    0.667    0.0612   4.543e-08  p
_0018_                      1.10    0.001    0.678    0.0609   4.525e-08  p
_0425_                      1.10    0.001    0.506    0.0608   4.516e-08  p
_0032_                      1.10    0.001    0.662    0.0608   4.513e-08  p
_0025_                      1.10    0.001    0.653    0.0607   4.510e-08  p
_0463_                      1.10    0.001    0.653    0.0607   4.510e-08  p
_0030_                      1.10    0.001    0.654    0.0603   4.480e-08  p
_0026_                      1.10    0.001    0.673    0.0602   4.474e-08  p
_0453_                      1.10    0.001    0.673    0.0602   4.474e-08  p
_0027_                      1.10    0.001    0.662    0.0601   4.468e-08  p
_0419_                      1.10    0.001    0.662    0.0601   4.468e-08  p
_0033_                      1.10    0.001    0.635    0.0599   4.453e-08  p
_0661_                      1.10    0.002    0.122    0.0365   4.433e-08  p
_0022_                      1.10    0.001    0.663    0.0595   4.422e-08  p
_0472_                      1.10    0.001    0.487    0.0594   4.416e-08  p
_0031_                      1.10    0.001    0.661    0.0592   4.395e-08  p
_0028_                      1.10    0.001    0.658    0.0591   4.389e-08  p
_0666_                      1.10    0.002    0.346    0.0356   4.334e-08  p
_0671_                      1.10    0.002    0.654    0.0356   4.334e-08  p
_0405_                      1.10    0.001    0.031    0.0556   4.322e-08  p
_0644_                      1.10    0.002    0.121    0.0350   4.250e-08  p
_0355_                      1.10    0.002    0.017    0.0346   4.211e-08  p
_0357_                      1.10    0.002    0.983    0.0346   4.211e-08  p
_0656_                      1.10    0.002    0.341    0.0337   4.092e-08  p
_0658_                      1.10    0.002    0.659    0.0337   4.092e-08  p
_0649_                      1.10    0.001    0.416    0.0516   4.009e-08  p
_0334_                      1.10    0.002    0.016    0.0326   3.963e-08  p
_0673_                      1.10    0.002    0.337    0.0323   3.929e-08  p
_0558_                      1.10    0.003    0.138    0.0253   3.882e-08  p
_0557_                      1.10    0.001    0.262    0.0487   3.788e-08  p
_0638_                      1.10    0.002    0.335    0.0306   3.721e-08  p
_0484_                      1.10    0.001    0.387    0.0463   3.595e-08  p
_0627_                      1.10    0.002    0.146    0.0289   3.513e-08  p
_0630_                      1.10    0.002    0.854    0.0289   3.513e-08  p
_0705_                      1.10    0.001    0.217    0.0448   3.481e-08  p
_0665_                      1.10    0.001    0.378    0.0439   3.415e-08  p
_0460_                      1.10    0.001    0.375    0.0433   3.361e-08  p
_0700_                      1.10    0.001    0.230    0.0451   3.349e-08  p
_0437_                      1.10    0.001    0.381    0.0440   3.271e-08  p
_0619_                      1.10    0.001    0.845    0.0415   3.083e-08  p
_0612_                      1.10    0.002    0.138    0.0253   3.078e-08  p
_0632_                      1.10    0.002    0.138    0.0253   3.078e-08  p
_0634_                      1.10    0.002    0.862    0.0253   3.078e-08  p
_0624_                      1.10    0.001    0.795    0.0394   3.061e-08  p
_0626_                      1.10    0.001    0.205    0.0394   3.061e-08  p
_0651_                      1.10    0.001    0.645    0.0387   2.878e-08  p
_0654_                      1.10    0.001    0.355    0.0387   2.878e-08  p
_0672_                      1.10    0.001    0.346    0.0356   2.770e-08  p
_0533_                      1.10    0.001    0.181    0.0351   2.729e-08  p
_0662_                      1.10    0.001    0.878    0.0365   2.708e-08  p
_0356_                      1.10    0.001    0.983    0.0346   2.691e-08  p
_0358_                      1.10    0.001    0.017    0.0346   2.691e-08  p
_0667_                      1.10    0.001    0.654    0.0356   2.648e-08  p
_0657_                      1.10    0.001    0.659    0.0337   2.615e-08  p
_0485_                      1.10    0.001    0.346    0.0352   2.612e-08  p
_0645_                      1.10    0.001    0.879    0.0350   2.597e-08  p
_0335_                      1.10    0.001    0.984    0.0326   2.533e-08  p
_0675_                      1.10    0.001    0.340    0.0323   2.514e-08  p
_0510_                      1.10    0.001    0.337    0.0323   2.510e-08  p
_0659_                      1.10    0.001    0.341    0.0337   2.500e-08  p
_0674_                      1.10    0.001    0.663    0.0323   2.400e-08  p
_0679_                      1.10    0.001    0.335    0.0306   2.378e-08  p
_0534_                      1.10    0.001    0.160    0.0312   2.315e-08  p
_0639_                      1.10    0.001    0.665    0.0306   2.273e-08  p
_0631_                      1.10    0.001    0.146    0.0289   2.245e-08  p
_0628_                      1.10    0.001    0.854    0.0289   2.146e-08  p
_0633_                      1.10    0.001    0.862    0.0253   1.967e-08  p
_0635_                      1.10    0.001    0.138    0.0253   1.967e-08  p
_0717_                      1.10    0.001    0.169    0.0252   1.957e-08  p
_0613_                      1.10    0.001    0.862    0.0253   1.880e-08  p
_0149_                      1.10    0.003    0.004    0.0113   1.735e-08  p
_0359_                      1.10    0.002    0.004    0.0125   1.524e-08  p
_0721_                      1.10    0.003    0.083    0.0093   1.429e-08  p
_0706_                      1.10    0.001    0.118    0.0178   1.385e-08  p
_0362_                      1.10    0.002    0.004    0.0111   1.346e-08  p
_0718_                      1.10    0.002    0.083    0.0093   1.133e-08  p
_0720_                      1.10    0.002    0.917    0.0093   1.133e-08  p
_0196_                      1.10    0.001    0.004    0.0125   9.738e-09  p
_0360_                      1.10    0.001    0.996    0.0125   9.310e-09  p
_0716_                      1.10    0.001    0.088    0.0118   8.796e-09  p
_0361_                      1.10    0.001    0.004    0.0113   8.790e-09  p
_0363_                      1.10    0.001    0.996    0.0111   8.600e-09  p
_0340_                      1.10    0.001    0.004    0.0113   8.403e-09  p
_0719_                      1.10    0.001    0.917    0.0093   7.241e-09  p
_0406_                      1.10    0.001    0.002    0.0066   5.154e-09  p
_0676_                      1.10    0.002    0.004    0.0022   2.721e-09  p
_0677_                      1.10    0.001    0.996    0.0022   1.739e-09  p
_0197_                      1.10    0.003    0.000    0.0009   1.373e-09  p
_0320_                      1.10    0.002    0.000    0.0009   1.089e-09  p
_0407_                      1.10    0.001    0.000    0.0011   8.221e-10  p
_0409_                      1.10    0.002    0.000    0.0007   7.917e-10  p
_0411_                      1.10    0.002    1.000    0.0007   7.917e-10  p
_0364_                      1.10    0.001    0.000    0.0009   6.956e-10  p
_0321_                      1.10    0.001    1.000    0.0009   6.650e-10  p
_0408_                      1.10    0.001    0.000    0.0007   5.059e-10  p
_0410_                      1.10    0.001    1.000    0.0007   5.059e-10  p
_0412_                      1.10    0.001    0.000    0.0007   4.836e-10  p
_0000_                      1.10    0.003    1.000    0.0000      0.0000  p
_0066_                      1.10    0.004    1.000    0.0000      0.0000  p
_0067_                      1.10    0.003    1.000    0.0000      0.0000  p
_0068_                      1.10    0.003    1.000    0.0000      0.0000  p
_0069_                      1.10    0.003    1.000    0.0000      0.0000  p
_0070_                      1.10    0.003    1.000    0.0000      0.0000  p
_0071_                      1.10    0.003    1.000    0.0000      0.0000  p
_0072_                      1.10    0.003    1.000    0.0000      0.0000  p
_0073_                      1.10    0.003    1.000    0.0000      0.0000  p
_0074_                      1.10    0.003    1.000    0.0000      0.0000  p
_0075_                      1.10    0.003    1.000    0.0000      0.0000  p
_0076_                      1.10    0.003    1.000    0.0000      0.0000  p
_0077_                      1.10    0.003    1.000    0.0000      0.0000  p
_0078_                      1.10    0.003    1.000    0.0000      0.0000  p
_0079_                      1.10    0.003    1.000    0.0000      0.0000  p
_0080_                      1.10    0.003    1.000    0.0000      0.0000  p
_0081_                      1.10    0.003    1.000    0.0000      0.0000  p
_0082_                      1.10    0.003    1.000    0.0000      0.0000  p
_0083_                      1.10    0.003    1.000    0.0000      0.0000  p
_0084_                      1.10    0.003    1.000    0.0000      0.0000  p
_0085_                      1.10    0.003    1.000    0.0000      0.0000  p
_0086_                      1.10    0.003    1.000    0.0000      0.0000  p
_0087_                      1.10    0.003    1.000    0.0000      0.0000  p
_0088_                      1.10    0.003    1.000    0.0000      0.0000  p
_0089_                      1.10    0.003    1.000    0.0000      0.0000  p
_0090_                      1.10    0.003    1.000    0.0000      0.0000  p
_0091_                      1.10    0.003    1.000    0.0000      0.0000  p
_0092_                      1.10    0.003    1.000    0.0000      0.0000  p
_0093_                      1.10    0.003    1.000    0.0000      0.0000  p
_0094_                      1.10    0.003    1.000    0.0000      0.0000  p
_0095_                      1.10    0.003    1.000    0.0000      0.0000  p
_0096_                      1.10    0.003    1.000    0.0000      0.0000  p
_0097_                      1.10    0.003    1.000    0.0000      0.0000  p
_0098_                      1.10    0.003    1.000    0.0000      0.0000  p
_0099_                      1.10    0.005    1.000    0.0000      0.0000  p
_0106_                      1.10    0.002    0.000    0.0000      0.0000  p
_0107_                      1.10    0.003    1.000    0.0000      0.0000  p
_0108_                      1.10    0.002    0.000    0.0000      0.0000  p
_0109_                      1.10    0.003    1.000    0.0000      0.0000  p
_0110_                      1.10    0.002    0.000    0.0000      0.0000  p
_0111_                      1.10    0.001    1.000    0.0000      0.0000  p
_0112_                      1.10    0.001    1.000    0.0000      0.0000  p
_0119_                      1.10    0.002    0.000    0.0000      0.0000  p
_0120_                      1.10    0.001    1.000    0.0000      0.0000  p
_0126_                      1.10    0.002    0.000    0.0000      0.0000  p
_0127_                      1.10    0.001    1.000    0.0000      0.0000  p
_0128_                      1.10    0.002    0.000    0.0000      0.0000  p
_0129_                      1.10    0.003    1.000    0.0000      0.0000  p
_0130_                      1.10    0.001    1.000    0.0000      0.0000  p
_0138_                      1.10    0.002    0.000    0.0000      0.0000  p
_0139_                      1.10    0.001    1.000    0.0000      0.0000  p
_0140_                      1.10    0.002    0.000    0.0000      0.0000  p
_0141_                      1.10    0.003    1.000    0.0000      0.0000  p
_0142_                      1.10    0.001    1.000    0.0000      0.0000  p
_0145_                      1.10    0.001    1.000    0.0000      0.0000  p
_0152_                      1.10    0.002    0.000    0.0000      0.0000  p
_0153_                      1.10    0.001    1.000    0.0000      0.0000  p
_0157_                      1.10    0.002    0.000    0.0000      0.0000  p
_0158_                      1.10    0.003    1.000    0.0000      0.0000  p
_0161_                      1.10    0.002    0.000    0.0000      0.0000  p
_0162_                      1.10    0.001    1.000    0.0000      0.0000  p
_0163_                      1.10    0.002    0.000    0.0000      0.0000  p
_0164_                      1.10    0.001    1.000    0.0000      0.0000  p
_0165_                      1.10    0.003    1.000    0.0000      0.0000  p
_0175_                      1.10    0.002    0.000    0.0000      0.0000  p
_0176_                      1.10    0.003    1.000    0.0000      0.0000  p
_0178_                      1.10    0.002    0.000    0.0000      0.0000  p
_0179_                      1.10    0.001    1.000    0.0000      0.0000  p
_0184_                      1.10    0.002    0.000    0.0000      0.0000  p
_0185_                      1.10    0.003    1.000    0.0000      0.0000  p
_0191_                      1.10    0.002    0.000    0.0000      0.0000  p
_0192_                      1.10    0.003    1.000    0.0000      0.0000  p
_0200_                      1.10    0.002    0.000    0.0000      0.0000  p
_0201_                      1.10    0.003    1.000    0.0000      0.0000  p
_0205_                      1.10    0.002    0.000    0.0000      0.0000  p
_0206_                      1.10    0.001    1.000    0.0000      0.0000  p
_0207_                      1.10    0.002    0.000    0.0000      0.0000  p
_0208_                      1.10    0.001    1.000    0.0000      0.0000  p
_0212_                      1.10    0.002    0.000    0.0000      0.0000  p
_0213_                      1.10    0.001    1.000    0.0000      0.0000  p
_0224_                      1.10    0.002    0.000    0.0000      0.0000  p
_0225_                      1.10    0.001    1.000    0.0000      0.0000  p
_0226_                      1.10    0.002    0.000    0.0000      0.0000  p
_0227_                      1.10    0.001    1.000    0.0000      0.0000  p
_0228_                      1.10    0.003    1.000    0.0000      0.0000  p
_0231_                      1.10    0.002    0.000    0.0000      0.0000  p
_0232_                      1.10    0.003    1.000    0.0000      0.0000  p
_0233_                      1.10    0.003    0.000    0.0000      0.0000  p
_0234_                      1.10    0.001    1.000    0.0000      0.0000  p
_0237_                      1.10    0.002    0.000    0.0000      0.0000  p
_0238_                      1.10    0.001    1.000    0.0000      0.0000  p
_0239_                      1.10    0.002    0.000    0.0000      0.0000  p
_0240_                      1.10    0.003    1.000    0.0000      0.0000  p
_0241_                      1.10    0.002    0.000    0.0000      0.0000  p
_0242_                      1.10    0.003    1.000    0.0000      0.0000  p
_0243_                      1.10    0.001    1.000    0.0000      0.0000  p
_0244_                      1.10    0.002    1.000    0.0000      0.0000  p
_0245_                      1.10    0.001    0.000    0.0000      0.0000  p
_0251_                      1.10    0.002    0.000    0.0000      0.0000  p
_0252_                      1.10    0.001    1.000    0.0000      0.0000  p
_0253_                      1.10    0.002    1.000    0.0000      0.0000  p
_0254_                      1.10    0.001    0.000    0.0000      0.0000  p
_0255_                      1.10    0.002    0.000    0.0000      0.0000  p
_0256_                      1.10    0.001    1.000    0.0000      0.0000  p
_0257_                      1.10    0.002    0.000    0.0000      0.0000  p
_0258_                      1.10    0.001    1.000    0.0000      0.0000  p
_0259_                      1.10    0.002    0.000    0.0000      0.0000  p
_0260_                      1.10    0.001    1.000    0.0000      0.0000  p
_0261_                      1.10    0.003    1.000    0.0000      0.0000  p
_0262_                      1.10    0.002    1.000    0.0000      0.0000  p
_0263_                      1.10    0.001    0.000    0.0000      0.0000  p
_0269_                      1.10    0.002    0.000    0.0000      0.0000  p
_0270_                      1.10    0.001    1.000    0.0000      0.0000  p
_0271_                      1.10    0.002    1.000    0.0000      0.0000  p
_0272_                      1.10    0.001    0.000    0.0000      0.0000  p
_0273_                      1.10    0.002    0.000    0.0000      0.0000  p
_0274_                      1.10    0.001    1.000    0.0000      0.0000  p
_0281_                      1.10    0.002    0.000    0.0000      0.0000  p
_0282_                      1.10    0.003    1.000    0.0000      0.0000  p
_0283_                      1.10    0.002    0.000    0.0000      0.0000  p
_0284_                      1.10    0.001    1.000    0.0000      0.0000  p
_0285_                      1.10    0.001    1.000    0.0000      0.0000  p
_0287_                      1.10    0.002    0.000    0.0000      0.0000  p
_0288_                      1.10    0.003    1.000    0.0000      0.0000  p
_0289_                      1.10    0.002    0.000    0.0000      0.0000  p
_0290_                      1.10    0.001    1.000    0.0000      0.0000  p
_0291_                      1.10    0.001    1.000    0.0000      0.0000  p
_0308_                      1.10    0.002    0.000    0.0000      0.0000  p
_0309_                      1.10    0.001    1.000    0.0000      0.0000  p
_0318_                      1.10    0.002    0.000    0.0000      0.0000  p
_0319_                      1.10    0.001    1.000    0.0000      0.0000  p
_0365_                      1.10    0.003    0.000    0.0000      0.0000  p
_0366_                      1.10    0.001    1.000    0.0000      0.0000  p
_0367_                      1.10    0.002    0.000    0.0000      0.0000  p
_0368_                      1.10    0.001    1.000    0.0000      0.0000  p
_0369_                      1.10    0.002    0.000    0.0000      0.0000  p
_0370_                      1.10    0.001    1.000    0.0000      0.0000  p
_0371_                      1.10    0.001    0.000    0.0000      0.0000  p
_0372_                      1.10    0.002    0.000    0.0000      0.0000  p
_0373_                      1.10    0.001    1.000    0.0000      0.0000  p
_0374_                      1.10    0.003    0.000    0.0000      0.0000  p
_0375_                      1.10    0.003    1.000    0.0000      0.0000  p
_0376_                      1.10    0.003    0.000    0.0000      0.0000  p
_0377_                      1.10    0.003    1.000    0.0000      0.0000  p
_0378_                      1.10    0.002    0.000    0.0000      0.0000  p
_0379_                      1.10    0.003    1.000    0.0000      0.0000  p
_0394_                      1.10    0.001    1.000    0.0000      0.0000  p
_0413_                      1.10    0.001    0.000    0.0000      0.0000  p
_0414_                      1.10    0.003    0.000    0.0000      0.0000  p
_0415_                      1.10    0.002    0.000    0.0000      0.0000  p
_0416_                      1.10    0.001    1.000    0.0000      0.0000  p
_0422_                      1.10    0.002    0.000    0.0000      0.0000  p
_0423_                      1.10    0.003    1.000    0.0000      0.0000  p
_0426_                      1.10    0.002    0.000    0.0000      0.0000  p
_0427_                      1.10    0.001    1.000    0.0000      0.0000  p
_0428_                      1.10    0.002    0.000    0.0000      0.0000  p
_0429_                      1.10    0.001    1.000    0.0000      0.0000  p
_0430_                      1.10    0.003    1.000    0.0000      0.0000  p
_0440_                      1.10    0.002    0.000    0.0000      0.0000  p
_0441_                      1.10    0.003    1.000    0.0000      0.0000  p
_0443_                      1.10    0.002    0.000    0.0000      0.0000  p
_0444_                      1.10    0.001    1.000    0.0000      0.0000  p
_0449_                      1.10    0.002    0.000    0.0000      0.0000  p
_0450_                      1.10    0.003    1.000    0.0000      0.0000  p
_0454_                      1.10    0.002    0.000    0.0000      0.0000  p
_0455_                      1.10    0.003    1.000    0.0000      0.0000  p
_0467_                      1.10    0.002    0.000    0.0000      0.0000  p
_0468_                      1.10    0.001    1.000    0.0000      0.0000  p
_0469_                      1.10    0.002    0.000    0.0000      0.0000  p
_0470_                      1.10    0.001    1.000    0.0000      0.0000  p
_0471_                      1.10    0.003    1.000    0.0000      0.0000  p
_0492_                      1.10    0.002    0.000    0.0000      0.0000  p
_0493_                      1.10    0.003    1.000    0.0000      0.0000  p
_0494_                      1.10    0.002    0.000    0.0000      0.0000  p
_0495_                      1.10    0.001    1.000    0.0000      0.0000  p
_0496_                      1.10    0.001    1.000    0.0000      0.0000  p
_0498_                      1.10    0.002    0.000    0.0000      0.0000  p
_0499_                      1.10    0.003    1.000    0.0000      0.0000  p
_0500_                      1.10    0.002    0.000    0.0000      0.0000  p
_0501_                      1.10    0.001    1.000    0.0000      0.0000  p
_0502_                      1.10    0.001    1.000    0.0000      0.0000  p
_0503_                      1.10    0.003    0.000    0.0000      0.0000  p
_0504_                      1.10    0.001    1.000    0.0000      0.0000  p
_0505_                      1.10    0.002    0.000    0.0000      0.0000  p
_0506_                      1.10    0.003    1.000    0.0000      0.0000  p
_0507_                      1.10    0.001    1.000    0.0000      0.0000  p
_0508_                      1.10    0.001    1.000    0.0000      0.0000  p
_0512_                      1.10    0.002    0.000    0.0000      0.0000  p
_0513_                      1.10    0.003    1.000    0.0000      0.0000  p
_0514_                      1.10    0.002    0.000    0.0000      0.0000  p
_0515_                      1.10    0.001    1.000    0.0000      0.0000  p
_0516_                      1.10    0.001    1.000    0.0000      0.0000  p
_0517_                      1.10    0.002    0.000    0.0000      0.0000  p
_0518_                      1.10    0.003    1.000    0.0000      0.0000  p
_0537_                      1.10    0.002    0.000    0.0000      0.0000  p
_0538_                      1.10    0.003    1.000    0.0000      0.0000  p
_0540_                      1.10    0.002    0.000    0.0000      0.0000  p
_0541_                      1.10    0.001    1.000    0.0000      0.0000  p
_0546_                      1.10    0.002    0.000    0.0000      0.0000  p
_0547_                      1.10    0.003    1.000    0.0000      0.0000  p
_0548_                      1.10    0.002    0.000    0.0000      0.0000  p
_0549_                      1.10    0.003    1.000    0.0000      0.0000  p
_0550_                      1.10    0.001    1.000    0.0000      0.0000  p
_0551_                      1.10    0.002    0.000    0.0000      0.0000  p
_0552_                      1.10    0.003    1.000    0.0000      0.0000  p
_0561_                      1.10    0.002    0.000    0.0000      0.0000  p
_0562_                      1.10    0.001    1.000    0.0000      0.0000  p
_0563_                      1.10    0.002    0.000    0.0000      0.0000  p
_0564_                      1.10    0.001    1.000    0.0000      0.0000  p
_0565_                      1.10    0.003    1.000    0.0000      0.0000  p
_0573_                      1.10    0.002    0.000    0.0000      0.0000  p
_0574_                      1.10    0.003    1.000    0.0000      0.0000  p
_0577_                      1.10    0.003    0.000    0.0000      0.0000  p
_0578_                      1.10    0.001    1.000    0.0000      0.0000  p
_0579_                      1.10    0.002    0.000    0.0000      0.0000  p
_0580_                      1.10    0.001    1.000    0.0000      0.0000  p
_0581_                      1.10    0.002    0.000    0.0000      0.0000  p
_0582_                      1.10    0.003    1.000    0.0000      0.0000  p
_0583_                      1.10    0.002    0.000    0.0000      0.0000  p
_0584_                      1.10    0.003    1.000    0.0000      0.0000  p
_0585_                      1.10    0.001    1.000    0.0000      0.0000  p
_0586_                      1.10    0.002    1.000    0.0000      0.0000  p
_0587_                      1.10    0.001    0.000    0.0000      0.0000  p
_0593_                      1.10    0.002    0.000    0.0000      0.0000  p
_0594_                      1.10    0.001    1.000    0.0000      0.0000  p
_0595_                      1.10    0.002    1.000    0.0000      0.0000  p
_0596_                      1.10    0.001    0.000    0.0000      0.0000  p
_0597_                      1.10    0.002    0.000    0.0000      0.0000  p
_0598_                      1.10    0.001    1.000    0.0000      0.0000  p
_0599_                      1.10    0.002    0.000    0.0000      0.0000  p
_0600_                      1.10    0.003    1.000    0.0000      0.0000  p
_0601_                      1.10    0.002    0.000    0.0000      0.0000  p
_0602_                      1.10    0.003    1.000    0.0000      0.0000  p
_0603_                      1.10    0.001    1.000    0.0000      0.0000  p
_0604_                      1.10    0.002    1.000    0.0000      0.0000  p
_0605_                      1.10    0.001    0.000    0.0000      0.0000  p
_0606_                      1.10    0.002    0.000    0.0000      0.0000  p
_0607_                      1.10    0.001    1.000    0.0000      0.0000  p
_0608_                      1.10    0.002    1.000    0.0000      0.0000  p
_0609_                      1.10    0.001    0.000    0.0000      0.0000  p
_0610_                      1.10    0.002    0.000    0.0000      0.0000  p
_0611_                      1.10    0.001    1.000    0.0000      0.0000  p
_0629_                      1.10    0.001    1.000    0.0000      0.0000  p
_0636_                      1.10    0.002    0.000    0.0000      0.0000  p
_0637_                      1.10    0.001    1.000    0.0000      0.0000  p
_0652_                      1.10    0.001    1.000    0.0000      0.0000  p
_0668_                      1.10    0.002    0.000    0.0000      0.0000  p
_0669_                      1.10    0.001    1.000    0.0000      0.0000  p
_0670_                      1.10    0.001    1.000    0.0000      0.0000  p
_0680_                      1.10    0.003    0.000    0.0000      0.0000  p
_0681_                      1.10    0.001    1.000    0.0000      0.0000  p
_0682_                      1.10    0.002    0.000    0.0000      0.0000  p
_0683_                      1.10    0.001    1.000    0.0000      0.0000  p
_0684_                      1.10    0.002    0.000    0.0000      0.0000  p
_0685_                      1.10    0.001    1.000    0.0000      0.0000  p
_0686_                      1.10    0.001    0.000    0.0000      0.0000  p
_0687_                      1.10    0.002    0.000    0.0000      0.0000  p
_0688_                      1.10    0.001    1.000    0.0000      0.0000  p
_0702_                      1.10    0.001    1.000    0.0000      0.0000  p
_0703_                      1.10    0.001    1.000    0.0000      0.0000  p
_0722_                      1.10    0.001    0.000    0.0000      0.0000  p
_0723_                      1.10    0.003    0.000    0.0000      0.0000  p
_0724_                      1.10    0.001    0.000    0.0000      0.0000  p
_0725_                      1.10    0.003    0.000    0.0000      0.0000  p
io_bp_0_address[0]          1.10    0.009    0.000    0.0000      0.0000  p
io_bp_0_address[1]          1.10    0.009    0.000    0.0000      0.0000  p
io_bp_0_address[2]          1.10    0.009    0.000    0.0000      0.0000  p
io_bp_0_address[3]          1.10    0.008    0.000    0.0000      0.0000  p
io_bp_0_address[4]          1.10    0.008    0.000    0.0000      0.0000  p
io_bp_0_address[5]          1.10    0.008    0.000    0.0000      0.0000  p
io_bp_0_address[6]          1.10    0.008    0.000    0.0000      0.0000  p
io_bp_0_address[7]          1.10    0.008    0.000    0.0000      0.0000  p
io_bp_0_address[8]          1.10    0.008    0.000    0.0000      0.0000  p
io_bp_0_address[9]          1.10    0.008    0.000    0.0000      0.0000  p
io_bp_0_address[10]         1.10    0.008    0.000    0.0000      0.0000  p
io_bp_0_address[11]         1.10    0.008    0.000    0.0000      0.0000  p
io_bp_0_address[12]         1.10    0.008    0.000    0.0000      0.0000  p
io_bp_0_address[13]         1.10    0.008    0.000    0.0000      0.0000  p
io_bp_0_address[14]         1.10    0.008    0.000    0.0000      0.0000  p
io_bp_0_address[15]         1.10    0.008    0.000    0.0000      0.0000  p
io_bp_0_address[16]         1.10    0.008    0.000    0.0000      0.0000  p
io_bp_0_address[17]         1.10    0.008    0.000    0.0000      0.0000  p
io_bp_0_address[18]         1.10    0.008    0.000    0.0000      0.0000  p
io_bp_0_address[19]         1.10    0.008    0.000    0.0000      0.0000  p
io_bp_0_address[20]         1.10    0.008    0.000    0.0000      0.0000  p
io_bp_0_address[21]         1.10    0.008    0.000    0.0000      0.0000  p
io_bp_0_address[22]         1.10    0.008    0.000    0.0000      0.0000  p
io_bp_0_address[23]         1.10    0.008    0.000    0.0000      0.0000  p
io_bp_0_address[24]         1.10    0.008    0.000    0.0000      0.0000  p
io_bp_0_address[25]         1.10    0.008    0.000    0.0000      0.0000  p
io_bp_0_address[26]         1.10    0.008    0.000    0.0000      0.0000  p
io_bp_0_address[27]         1.10    0.008    0.000    0.0000      0.0000  p
io_bp_0_address[28]         1.10    0.008    0.000    0.0000      0.0000  p
io_bp_0_address[29]         1.10    0.008    0.000    0.0000      0.0000  p
io_bp_0_address[30]         1.10    0.008    0.000    0.0000      0.0000  p
io_bp_0_address[31]         1.10    0.008    0.000    0.0000      0.0000  p
io_bp_0_control_action      1.10    0.011    0.000    0.0000      0.0000  p
io_bp_0_control_r           1.10    0.005    0.000    0.0000      0.0000  p
io_bp_0_control_tmatch[0]   1.10    0.009    0.000    0.0000      0.0000  p
io_bp_0_control_tmatch[1]   1.10    0.008    0.000    0.0000      0.0000  p
io_bp_0_control_w           1.10    0.005    0.000    0.0000      0.0000  p
io_bp_0_control_x           1.10    0.005    0.000    0.0000      0.0000  p
io_debug_if                 1.10    0.002    0.000    0.0000      0.0000  p
io_debug_ld                 1.10    0.001    0.000    0.0000      0.0000  p
io_debug_st                 1.10    0.001    0.000    0.0000      0.0000  p
io_xcpt_if                  1.10    0.002    0.000    0.0000      0.0000  p
io_xcpt_ld                  1.10    0.001    0.000    0.0000      0.0000  p
io_xcpt_st                  1.10    0.001    0.000    0.0000      0.0000  p
--------------------------------------------------------------------------------
Total (835 nets)                                               9.830e-05 Watt

1
